Log file open, 06/21/20 00:59:37
LogWindows: Failed to load 'aqProf.dll' (GetLastError=126)
LogWindows: File 'aqProf.dll' does not exist
LogWindows: Failed to load 'VtuneApi.dll' (GetLastError=126)
LogWindows: File 'VtuneApi.dll' does not exist
LogWindows: Failed to load 'VtuneApi32e.dll' (GetLastError=126)
LogWindows: File 'VtuneApi32e.dll' does not exist
LogConsoleResponse: Display: Failed to find resolution value strings in scalability ini. Falling back to default.
LogInit: Display: Running engine for game: VFXSHOWROOM
LogPlatformFile: Not using cached read wrapper
LogTaskGraph: Started task graph with 5 named threads and 23 total threads with 3 sets of task threads.
LogStats: Stats thread started at 0.110156
LogD3D11RHI: Loaded GFSDK_Aftermath_Lib.x64.dll
LogICUInternationalization: ICU TimeZone Detection - Raw Offset: +2:00, Platform Override: ''
LogPluginManager: Mounting plugin Paper2D
LogPluginManager: Mounting plugin AISupport
LogPluginManager: Mounting plugin LightPropagationVolume
LogPluginManager: Mounting plugin ActorLayerUtilities
LogPluginManager: Mounting plugin AnimationSharing
LogPluginManager: Mounting plugin CLionSourceCodeAccess
LogPluginManager: Mounting plugin CodeLiteSourceCodeAccess
LogPluginManager: Mounting plugin GitSourceControl
LogPluginManager: Mounting plugin KDevelopSourceCodeAccess
LogPluginManager: Mounting plugin NullSourceCodeAccess
LogPluginManager: Mounting plugin PerforceSourceControl
LogPluginManager: Mounting plugin PlasticSourceControl
LogPluginManager: Mounting plugin SubversionSourceControl
LogPluginManager: Mounting plugin UObjectPlugin
LogPluginManager: Mounting plugin VisualStudioCodeSourceCodeAccess
LogPluginManager: Mounting plugin VisualStudioSourceCodeAccess
LogPluginManager: Mounting plugin XCodeSourceCodeAccess
LogPluginManager: Mounting plugin AssetManagerEditor
LogPluginManager: Mounting plugin CryptoKeys
LogPluginManager: Mounting plugin CurveEditorTools
LogPluginManager: Mounting plugin DataValidation
LogPluginManager: Mounting plugin FacialAnimation
LogPluginManager: Mounting plugin GameplayTagsEditor
LogPluginManager: Mounting plugin MacGraphicsSwitching
LogPluginManager: Mounting plugin MaterialAnalyzer
LogPluginManager: Mounting plugin MobileLauncherProfileWizard
LogPluginManager: Mounting plugin PluginBrowser
LogPluginManager: Mounting plugin SpeedTreeImporter
LogPluginManager: Mounting plugin DatasmithContent
LogPluginManager: Mounting plugin VariantManagerContent
LogPluginManager: Mounting plugin AlembicImporter
LogPluginManager: Mounting plugin AutomationUtils
LogPluginManager: Mounting plugin BackChannel
LogPluginManager: Mounting plugin CharacterAI
LogPluginManager: Mounting plugin GeometryCache
LogPluginManager: Mounting plugin PlatformCrypto
LogPluginManager: Mounting plugin ProxyLODPlugin
LogPluginManager: Mounting plugin SkeletalReduction
LogPluginManager: Mounting plugin MagicLeap
LogPluginManager: Mounting plugin MagicLeapMedia
LogPluginManager: Mounting plugin MLSDK
LogPluginManager: Mounting plugin BlueprintJson
LogPluginManager: Mounting plugin AndroidMedia
LogPluginManager: Mounting plugin AvfMedia
LogPluginManager: Mounting plugin ImgMedia
LogPluginManager: Mounting plugin MediaCompositing
LogPluginManager: Mounting plugin MediaPlayerEditor
LogPluginManager: Mounting plugin WebMMedia
LogPluginManager: Mounting plugin WmfMedia
LogPluginManager: Mounting plugin TcpMessaging
LogPluginManager: Mounting plugin UdpMessaging
LogPluginManager: Mounting plugin ActorSequence
LogPluginManager: Mounting plugin LevelSequenceEditor
LogPluginManager: Mounting plugin MatineeToLevelSequence
LogPluginManager: Mounting plugin NetcodeUnitTest
LogPluginManager: Mounting plugin NUTUnrealEngine4
LogPluginManager: Mounting plugin OnlineSubsystemGooglePlay
LogPluginManager: Mounting plugin OnlineSubsystemIOS
LogPluginManager: Mounting plugin OnlineSubsystem
LogPluginManager: Mounting plugin OnlineSubsystemNull
LogPluginManager: Mounting plugin OnlineSubsystemUtils
LogPluginManager: Mounting plugin LauncherChunkInstaller
LogPluginManager: Mounting plugin AndroidDeviceProfileSelector
LogPluginManager: Mounting plugin AndroidMoviePlayer
LogPluginManager: Mounting plugin AndroidPermission
LogPluginManager: Mounting plugin AppleImageUtils
LogPluginManager: Mounting plugin AppleMoviePlayer
LogPluginManager: Mounting plugin ArchVisCharacter
LogPluginManager: Mounting plugin AssetTags
LogPluginManager: Mounting plugin AudioCapture
LogPluginManager: Mounting plugin CableComponent
LogPluginManager: Mounting plugin CustomMeshComponent
LogPluginManager: Mounting plugin EditableMesh
LogPluginManager: Mounting plugin ExampleDeviceProfileSelector
LogPluginManager: Mounting plugin GoogleCloudMessaging
LogPluginManager: Mounting plugin IOSDeviceProfileSelector
LogPluginManager: Mounting plugin LinuxDeviceProfileSelector
LogPluginManager: Mounting plugin LocationServicesBPLibrary
LogPluginManager: Mounting plugin MobilePatchingUtils
LogPluginManager: Mounting plugin OculusVR
LogPluginManager: Mounting plugin PhysXVehicles
LogPluginManager: Mounting plugin PostSplashScreen
LogPluginManager: Mounting plugin ProceduralMeshComponent
LogPluginManager: Mounting plugin RuntimePhysXCooking
LogPluginManager: Mounting plugin SignificanceManager
LogPluginManager: Mounting plugin SteamVR
LogPluginManager: Mounting plugin WebMMoviePlayer
LogPluginManager: Mounting plugin WindowsMoviePlayer
LogPluginManager: Mounting plugin ScreenshotTools
LogInit: Using libcurl 7.55.1-DEV
LogInit:  - built for x86_64-pc-win32
LogInit:  - supports SSL with OpenSSL/1.1.1
LogInit:  - supports HTTP deflate (compression) using libz 1.2.8
LogInit:  - other features:
LogInit:      CURL_VERSION_SSL
LogInit:      CURL_VERSION_LIBZ
LogInit:      CURL_VERSION_IPV6
LogInit:      CURL_VERSION_ASYNCHDNS
LogInit:      CURL_VERSION_LARGEFILE
LogInit:      CURL_VERSION_IDN
LogInit:  CurlRequestOptions (configurable via config and command line):
LogInit:  - bVerifyPeer = true  - Libcurl will verify peer certificate
LogInit:  - bUseHttpProxy = false  - Libcurl will NOT use HTTP proxy
LogInit:  - bDontReuseConnections = false  - Libcurl will reuse connections
LogInit:  - MaxHostConnections = 16  - Libcurl will limit the number of connections to a host
LogInit:  - LocalHostAddr = Default
LogInit:  - BufferSize = 65536
LogOnline: OSS: Creating online subsystem instance for: NULL
LogInit: WinSock: version 1.1 (2.2), MaxSocks=32767, MaxUdp=65467
LogOnline: OSS: TryLoadSubsystemAndSetDefault: Loaded subsystem for module [NULL]
LogInit: Build: ++UE4+Release-4.24-CL-11590370
LogInit: Engine Version: 4.24.3-11590370+++UE4+Release-4.24
LogInit: Compatible Engine Version: 4.24.0-10570792+++UE4+Release-4.24
LogInit: Net CL: 10570792
LogInit: OS: Windows 10 (Release 1903) (), CPU: Intel(R) Core(TM) i7-6700HQ CPU @ 2.60GHz, GPU: Intel(R) HD Graphics 530
LogInit: Compiled (64-bit): Feb 24 2020 15:39:18
LogInit: Compiled with Visual C++: 19.16.27032.01
LogInit: Build Configuration: Development
LogInit: Branch Name: ++UE4+Release-4.24
LogInit: Command Line: 
LogInit: Base Directory: C:/Program Files/Epic Games/UE_4.24/Engine/Binaries/Win64/
LogInit: Installed Engine Build: 1
LogDevObjectVersion: Number of dev versions registered: 25
LogDevObjectVersion:   Dev-Blueprints (B0D832E4-1F89-4F0D-ACCF-7EB736FD4AA2): 10
LogDevObjectVersion:   Dev-Build (E1C64328-A22C-4D53-A36C-8E866417BD8C): 0
LogDevObjectVersion:   Dev-Core (375EC13C-06E4-48FB-B500-84F0262A717E): 3
LogDevObjectVersion:   Dev-Editor (E4B068ED-F494-42E9-A231-DA0B2E46BB41): 37
LogDevObjectVersion:   Dev-Framework (CFFC743F-43B0-4480-9391-14DF171D2073): 36
LogDevObjectVersion:   Dev-Mobile (B02B49B5-BB20-44E9-A304-32B752E40360): 2
LogDevObjectVersion:   Dev-Networking (A4E4105C-59A1-49B5-A7C5-40C4547EDFEE): 0
LogDevObjectVersion:   Dev-Online (39C831C9-5AE6-47DC-9A44-9C173E1C8E7C): 0
LogDevObjectVersion:   Dev-Physics (78F01B33-EBEA-4F98-B9B4-84EACCB95AA2): 2
LogDevObjectVersion:   Dev-Platform (6631380F-2D4D-43E0-8009-CF276956A95A): 0
LogDevObjectVersion:   Dev-Rendering (12F88B9F-8875-4AFC-A67C-D90C383ABD29): 36
LogDevObjectVersion:   Dev-Sequencer (7B5AE74C-D270-4C10-A958-57980B212A5A): 11
LogDevObjectVersion:   Dev-VR (D7296918-1DD6-4BDD-9DE2-64A83CC13884): 2
LogDevObjectVersion:   Dev-LoadTimes (C2A15278-BFE7-4AFE-6C17-90FF531DF755): 1
LogDevObjectVersion:   Private-Geometry (6EACA3D4-40EC-4CC1-B786-8BED09428FC5): 3
LogDevObjectVersion:   Dev-AnimPhys (29E575DD-E0A3-4627-9D10-D276232CDCEA): 17
LogDevObjectVersion:   Dev-Anim (AF43A65D-7FD3-4947-9873-3E8ED9C1BB05): 2
LogDevObjectVersion:   Dev-ReflectionCapture (6B266CEC-1EC7-4B8F-A30B-E4D90942FC07): 1
LogDevObjectVersion:   Dev-Automation (0DF73D61-A23F-47EA-B727-89E90C41499A): 1
LogDevObjectVersion:   FortniteMain (601D1886-AC64-4F84-AA16-D3DE0DEAC7D6): 31
LogDevObjectVersion:   Dev-Enterprise (9DFFBCD6-494F-0158-E221-12823C92A888): 8
LogDevObjectVersion:   Dev-Niagara (F2AED0AC-9AFE-416F-8664-AA7FFA26D6FC): 1
LogDevObjectVersion:   Dev-Destruction (174F1F0B-B4C6-45A5-B13F-2EE8D0FB917D): 9
LogDevObjectVersion:   Dev-Physics-Ext (35F94A83-E258-406C-A318-09F59610247C): 8
LogDevObjectVersion:   Dev-CineCamera (B2E18506-4273-CFC2-A54E-F4BB758BBA07): 1
LogInit: Presizing for max 25165824 objects, including 0 objects not considered by GC, pre-allocating 0 bytes for permanent pool.
LogInit: Object subsystem initialized
LogConfig: Setting CVar [[con.DebugEarlyDefault:1]]
LogConfig: Setting CVar [[r.setres:1280x720]]
[2020.06.20-21.59.38:016][  0]LogConfig: Setting CVar [[r.VSync:0]]
[2020.06.20-21.59.38:016][  0]LogConfig: Setting CVar [[r.RHICmdBypass:0]]
[2020.06.20-21.59.38:016][  0]LogConfig: Applying CVar settings from Section [/Script/Engine.RendererSettings] File [D:/_DATA/Unreal Projects/VFXShowRoom/Saved/Config/Windows/Engine.ini]
[2020.06.20-21.59.38:016][  0]LogConfig: Setting CVar [[r.GPUCrashDebugging:0]]
[2020.06.20-21.59.38:016][  0]LogConfig: Applying CVar settings from Section [/Script/Engine.RendererOverrideSettings] File [D:/_DATA/Unreal Projects/VFXShowRoom/Saved/Config/Windows/Engine.ini]
[2020.06.20-21.59.38:016][  0]LogConfig: Applying CVar settings from Section [/Script/Engine.StreamingSettings] File [D:/_DATA/Unreal Projects/VFXShowRoom/Saved/Config/Windows/Engine.ini]
[2020.06.20-21.59.38:016][  0]LogConfig: Setting CVar [[s.MinBulkDataSizeForAsyncLoading:131072]]
[2020.06.20-21.59.38:016][  0]LogConfig: Setting CVar [[s.AsyncLoadingThreadEnabled:0]]
[2020.06.20-21.59.38:016][  0]LogConfig: Setting CVar [[s.EventDrivenLoaderEnabled:1]]
[2020.06.20-21.59.38:016][  0]LogConfig: Setting CVar [[s.WarnIfTimeLimitExceeded:0]]
[2020.06.20-21.59.38:016][  0]LogConfig: Setting CVar [[s.TimeLimitExceededMultiplier:1.5]]
[2020.06.20-21.59.38:016][  0]LogConfig: Setting CVar [[s.TimeLimitExceededMinTime:0.005]]
[2020.06.20-21.59.38:016][  0]LogConfig: Setting CVar [[s.UseBackgroundLevelStreaming:1]]
[2020.06.20-21.59.38:016][  0]LogConfig: Setting CVar [[s.PriorityAsyncLoadingExtraTime:15.0]]
[2020.06.20-21.59.38:016][  0]LogConfig: Setting CVar [[s.LevelStreamingActorsUpdateTimeLimit:5.0]]
[2020.06.20-21.59.38:016][  0]LogConfig: Setting CVar [[s.PriorityLevelStreamingActorsUpdateExtraTime:5.0]]
[2020.06.20-21.59.38:016][  0]LogConfig: Setting CVar [[s.LevelStreamingComponentsRegistrationGranularity:10]]
[2020.06.20-21.59.38:016][  0]LogConfig: Setting CVar [[s.UnregisterComponentsTimeLimit:1.0]]
[2020.06.20-21.59.38:016][  0]LogConfig: Setting CVar [[s.LevelStreamingComponentsUnregistrationGranularity:5]]
[2020.06.20-21.59.38:017][  0]LogConfig: Setting CVar [[s.FlushStreamingOnExit:1]]
[2020.06.20-21.59.38:017][  0]LogConfig: Applying CVar settings from Section [/Script/Engine.GarbageCollectionSettings] File [D:/_DATA/Unreal Projects/VFXShowRoom/Saved/Config/Windows/Engine.ini]
[2020.06.20-21.59.38:017][  0]LogConfig: Setting CVar [[gc.MaxObjectsNotConsideredByGC:1]]
[2020.06.20-21.59.38:017][  0]LogConfig: Setting CVar [[gc.SizeOfPermanentObjectPool:0]]
[2020.06.20-21.59.38:017][  0]LogConfig: Setting CVar [[gc.FlushStreamingOnGC:0]]
[2020.06.20-21.59.38:017][  0]LogConfig: Setting CVar [[gc.NumRetriesBeforeForcingGC:10]]
[2020.06.20-21.59.38:017][  0]LogConfig: Setting CVar [[gc.AllowParallelGC:1]]
[2020.06.20-21.59.38:017][  0]LogConfig: Setting CVar [[gc.TimeBetweenPurgingPendingKillObjects:61.1]]
[2020.06.20-21.59.38:017][  0]LogConfig: Setting CVar [[gc.MaxObjectsInEditor:25165824]]
[2020.06.20-21.59.38:017][  0]LogConfig: Setting CVar [[gc.IncrementalBeginDestroyEnabled:1]]
[2020.06.20-21.59.38:017][  0]LogConfig: Setting CVar [[gc.CreateGCClusters:1]]
[2020.06.20-21.59.38:017][  0]LogConfig: Setting CVar [[gc.MinGCClusterSize:5]]
[2020.06.20-21.59.38:017][  0]LogConfig: Setting CVar [[gc.ActorClusteringEnabled:0]]
[2020.06.20-21.59.38:017][  0]LogConfig: Setting CVar [[gc.BlueprintClusteringEnabled:0]]
[2020.06.20-21.59.38:017][  0]LogConfig: Setting CVar [[gc.UseDisregardForGCOnDedicatedServers:0]]
[2020.06.20-21.59.38:017][  0]LogConfig: Applying CVar settings from Section [/Script/Engine.NetworkSettings] File [D:/_DATA/Unreal Projects/VFXShowRoom/Saved/Config/Windows/Engine.ini]
[2020.06.20-21.59.38:017][  0]LogConfig: Applying CVar settings from Section [/Script/UnrealEd.CookerSettings] File [D:/_DATA/Unreal Projects/VFXShowRoom/Saved/Config/Windows/Engine.ini]
[2020.06.20-21.59.38:020][  0]LogConfig: Applying CVar settings from Section [ViewDistanceQuality@3] File [D:/_DATA/Unreal Projects/VFXShowRoom/Saved/Config/Windows/Scalability.ini]
[2020.06.20-21.59.38:020][  0]LogConfig: Setting CVar [[r.SkeletalMeshLODBias:0]]
[2020.06.20-21.59.38:020][  0]LogConfig: Setting CVar [[r.ViewDistanceScale:1.0]]
[2020.06.20-21.59.38:020][  0]LogConfig: Applying CVar settings from Section [AntiAliasingQuality@3] File [D:/_DATA/Unreal Projects/VFXShowRoom/Saved/Config/Windows/Scalability.ini]
[2020.06.20-21.59.38:020][  0]LogConfig: Setting CVar [[r.PostProcessAAQuality:4]]
[2020.06.20-21.59.38:020][  0]LogConfig: Applying CVar settings from Section [ShadowQuality@3] File [D:/_DATA/Unreal Projects/VFXShowRoom/Saved/Config/Windows/Scalability.ini]
[2020.06.20-21.59.38:020][  0]LogConfig: Setting CVar [[r.LightFunctionQuality:1]]
[2020.06.20-21.59.38:020][  0]LogConfig: Setting CVar [[r.ShadowQuality:5]]
[2020.06.20-21.59.38:020][  0]LogConfig: Setting CVar [[r.Shadow.CSM.MaxCascades:10]]
[2020.06.20-21.59.38:020][  0]LogConfig: Setting CVar [[r.Shadow.MaxResolution:2048]]
[2020.06.20-21.59.38:020][  0]LogConfig: Setting CVar [[r.Shadow.MaxCSMResolution:2048]]
[2020.06.20-21.59.38:020][  0]LogConfig: Setting CVar [[r.Shadow.RadiusThreshold:0.01]]
[2020.06.20-21.59.38:020][  0]LogConfig: Setting CVar [[r.Shadow.DistanceScale:1.0]]
[2020.06.20-21.59.38:020][  0]LogConfig: Setting CVar [[r.Shadow.CSM.TransitionScale:1.0]]
[2020.06.20-21.59.38:020][  0]LogConfig: Setting CVar [[r.Shadow.PreShadowResolutionFactor:1.0]]
[2020.06.20-21.59.38:020][  0]LogConfig: Setting CVar [[r.DistanceFieldShadowing:1]]
[2020.06.20-21.59.38:020][  0]LogConfig: Setting CVar [[r.DistanceFieldAO:1]]
[2020.06.20-21.59.38:020][  0]LogConfig: Setting CVar [[r.AOQuality:2]]
[2020.06.20-21.59.38:020][  0]LogConfig: Setting CVar [[r.VolumetricFog:1]]
[2020.06.20-21.59.38:020][  0]LogConfig: Setting CVar [[r.VolumetricFog.GridPixelSize:8]]
[2020.06.20-21.59.38:021][  0]LogConfig: Setting CVar [[r.VolumetricFog.GridSizeZ:128]]
[2020.06.20-21.59.38:021][  0]LogConfig: Setting CVar [[r.VolumetricFog.HistoryMissSupersampleCount:4]]
[2020.06.20-21.59.38:021][  0]LogConfig: Setting CVar [[r.LightMaxDrawDistanceScale:1]]
[2020.06.20-21.59.38:021][  0]LogConfig: Setting CVar [[r.CapsuleShadows:1]]
[2020.06.20-21.59.38:021][  0]LogConfig: Applying CVar settings from Section [PostProcessQuality@3] File [D:/_DATA/Unreal Projects/VFXShowRoom/Saved/Config/Windows/Scalability.ini]
[2020.06.20-21.59.38:021][  0]LogConfig: Setting CVar [[r.MotionBlurQuality:4]]
[2020.06.20-21.59.38:021][  0]LogConfig: Setting CVar [[r.AmbientOcclusionMipLevelFactor:0.4]]
[2020.06.20-21.59.38:021][  0]LogConfig: Setting CVar [[r.AmbientOcclusionMaxQuality:100]]
[2020.06.20-21.59.38:021][  0]LogConfig: Setting CVar [[r.AmbientOcclusionLevels:-1]]
[2020.06.20-21.59.38:021][  0]LogConfig: Setting CVar [[r.AmbientOcclusionRadiusScale:1.0]]
[2020.06.20-21.59.38:021][  0]LogConfig: Setting CVar [[r.DepthOfFieldQuality:2]]
[2020.06.20-21.59.38:021][  0]LogConfig: Setting CVar [[r.RenderTargetPoolMin:400]]
[2020.06.20-21.59.38:021][  0]LogConfig: Setting CVar [[r.LensFlareQuality:2]]
[2020.06.20-21.59.38:021][  0]LogConfig: Setting CVar [[r.SceneColorFringeQuality:1]]
[2020.06.20-21.59.38:021][  0]LogConfig: Setting CVar [[r.EyeAdaptationQuality:2]]
[2020.06.20-21.59.38:021][  0]LogConfig: Setting CVar [[r.BloomQuality:5]]
[2020.06.20-21.59.38:021][  0]LogConfig: Setting CVar [[r.FastBlurThreshold:100]]
[2020.06.20-21.59.38:021][  0]LogConfig: Setting CVar [[r.Upscale.Quality:3]]
[2020.06.20-21.59.38:021][  0]LogConfig: Setting CVar [[r.Tonemapper.GrainQuantization:1]]
[2020.06.20-21.59.38:021][  0]LogConfig: Setting CVar [[r.LightShaftQuality:1]]
[2020.06.20-21.59.38:021][  0]LogConfig: Setting CVar [[r.Filter.SizeScale:1]]
[2020.06.20-21.59.38:021][  0]LogConfig: Setting CVar [[r.Tonemapper.Quality:5]]
[2020.06.20-21.59.38:021][  0]LogConfig: Setting CVar [[r.DOF.Gather.AccumulatorQuality:1        ; higher gathering accumulator quality]]
[2020.06.20-21.59.38:021][  0]LogConfig: Setting CVar [[r.DOF.Gather.PostfilterMethod:1          ; Median3x3 postfilering method]]
[2020.06.20-21.59.38:021][  0]LogConfig: Setting CVar [[r.DOF.Gather.EnableBokehSettings:0       ; no bokeh simulation when gathering]]
[2020.06.20-21.59.38:021][  0]LogConfig: Setting CVar [[r.DOF.Gather.RingCount:4                 ; medium number of samples when gathering]]
[2020.06.20-21.59.38:021][  0]LogConfig: Setting CVar [[r.DOF.Scatter.ForegroundCompositing:1    ; additive foreground scattering]]
[2020.06.20-21.59.38:022][  0]LogConfig: Setting CVar [[r.DOF.Scatter.BackgroundCompositing:2    ; additive background scattering]]
[2020.06.20-21.59.38:022][  0]LogConfig: Setting CVar [[r.DOF.Scatter.EnableBokehSettings:1      ; bokeh simulation when scattering]]
[2020.06.20-21.59.38:022][  0]LogConfig: Setting CVar [[r.DOF.Scatter.MaxSpriteRatio:0.1         ; only a maximum of 10% of scattered bokeh]]
[2020.06.20-21.59.38:022][  0]LogConfig: Setting CVar [[r.DOF.Recombine.Quality:1                ; cheap slight out of focus]]
[2020.06.20-21.59.38:022][  0]LogConfig: Setting CVar [[r.DOF.Recombine.EnableBokehSettings:0    ; no bokeh simulation on slight out of focus]]
[2020.06.20-21.59.38:022][  0]LogConfig: Setting CVar [[r.DOF.TemporalAAQuality:1                ; more stable temporal accumulation]]
[2020.06.20-21.59.38:022][  0]LogConfig: Setting CVar [[r.DOF.Kernel.MaxForegroundRadius:0.025]]
[2020.06.20-21.59.38:022][  0]LogConfig: Setting CVar [[r.DOF.Kernel.MaxBackgroundRadius:0.025]]
[2020.06.20-21.59.38:022][  0]LogConfig: Applying CVar settings from Section [TextureQuality@3] File [D:/_DATA/Unreal Projects/VFXShowRoom/Saved/Config/Windows/Scalability.ini]
[2020.06.20-21.59.38:022][  0]LogConfig: Setting CVar [[r.Streaming.MipBias:0]]
[2020.06.20-21.59.38:022][  0]LogConfig: Setting CVar [[r.Streaming.AmortizeCPUToGPUCopy:0]]
[2020.06.20-21.59.38:022][  0]LogConfig: Setting CVar [[r.Streaming.MaxNumTexturesToStreamPerFrame:0]]
[2020.06.20-21.59.38:022][  0]LogConfig: Setting CVar [[r.Streaming.Boost:1]]
[2020.06.20-21.59.38:022][  0]LogConfig: Setting CVar [[r.MaxAnisotropy:8]]
[2020.06.20-21.59.38:022][  0]LogConfig: Setting CVar [[r.VT.MaxAnisotropy:8]]
[2020.06.20-21.59.38:022][  0]LogConfig: Setting CVar [[r.Streaming.LimitPoolSizeToVRAM:0]]
[2020.06.20-21.59.38:022][  0]LogConfig: Setting CVar [[r.Streaming.PoolSize:1000]]
[2020.06.20-21.59.38:022][  0]LogConfig: Setting CVar [[r.Streaming.MaxEffectiveScreenSize:0]]
[2020.06.20-21.59.38:022][  0]LogConfig: Applying CVar settings from Section [EffectsQuality@3] File [D:/_DATA/Unreal Projects/VFXShowRoom/Saved/Config/Windows/Scalability.ini]
[2020.06.20-21.59.38:022][  0]LogConfig: Setting CVar [[r.TranslucencyLightingVolumeDim:64]]
[2020.06.20-21.59.38:022][  0]LogConfig: Setting CVar [[r.RefractionQuality:2]]
[2020.06.20-21.59.38:022][  0]LogConfig: Setting CVar [[r.SSR.Quality:3]]
[2020.06.20-21.59.38:022][  0]LogConfig: Setting CVar [[r.SSR.HalfResSceneColor:0]]
[2020.06.20-21.59.38:022][  0]LogConfig: Setting CVar [[r.SceneColorFormat:4]]
[2020.06.20-21.59.38:022][  0]LogConfig: Setting CVar [[r.DetailMode:2]]
[2020.06.20-21.59.38:022][  0]LogConfig: Setting CVar [[r.TranslucencyVolumeBlur:1]]
[2020.06.20-21.59.38:022][  0]LogConfig: Setting CVar [[r.MaterialQualityLevel:1 ; High quality]]
[2020.06.20-21.59.38:022][  0]LogConfig: Setting CVar [[r.SSS.Scale:1]]
[2020.06.20-21.59.38:022][  0]LogConfig: Setting CVar [[r.SSS.SampleSet:2]]
[2020.06.20-21.59.38:022][  0]LogConfig: Setting CVar [[r.SSS.Quality:1]]
[2020.06.20-21.59.38:022][  0]LogConfig: Setting CVar [[r.SSS.HalfRes:1]]
[2020.06.20-21.59.38:022][  0]LogConfig: Setting CVar [[r.SSGI.Quality:3]]
[2020.06.20-21.59.38:022][  0]LogConfig: Setting CVar [[r.EmitterSpawnRateScale:1.0]]
[2020.06.20-21.59.38:022][  0]LogConfig: Setting CVar [[r.ParticleLightQuality:2]]
[2020.06.20-21.59.38:022][  0]LogConfig: Setting CVar [[r.SkyAtmosphere.AerialPerspectiveLUT.FastApplyOnOpaque:1 ; Always have FastSkyLUT 1 in this case to avoid wrong sky]]
[2020.06.20-21.59.38:023][  0]LogConfig: Setting CVar [[r.SkyAtmosphere.AerialPerspectiveLUT.SampleCountPerSlice:1]]
[2020.06.20-21.59.38:023][  0]LogConfig: Setting CVar [[r.SkyAtmosphere.AerialPerspectiveLUT.DepthResolution:16.0]]
[2020.06.20-21.59.38:023][  0]LogConfig: Setting CVar [[r.SkyAtmosphere.FastSkyLUT:1]]
[2020.06.20-21.59.38:023][  0]LogConfig: Setting CVar [[r.SkyAtmosphere.FastSkyLUT.SampleCountMin:4.0]]
[2020.06.20-21.59.38:023][  0]LogConfig: Setting CVar [[r.SkyAtmosphere.FastSkyLUT.SampleCountMax:32.0]]
[2020.06.20-21.59.38:023][  0]LogConfig: Setting CVar [[r.SkyAtmosphere.SampleCountMin:4.0]]
[2020.06.20-21.59.38:023][  0]LogConfig: Setting CVar [[r.SkyAtmosphere.SampleCountMax:32.0]]
[2020.06.20-21.59.38:023][  0]LogConfig: Setting CVar [[r.SkyAtmosphere.TransmittanceLUT.UseSmallFormat:0]]
[2020.06.20-21.59.38:023][  0]LogConfig: Setting CVar [[r.SkyAtmosphere.TransmittanceLUT.SampleCount:10.0]]
[2020.06.20-21.59.38:023][  0]LogConfig: Setting CVar [[r.SkyAtmosphere.MultiScatteringLUT.SampleCount:15.0]]
[2020.06.20-21.59.38:023][  0]LogConfig: Applying CVar settings from Section [FoliageQuality@3] File [D:/_DATA/Unreal Projects/VFXShowRoom/Saved/Config/Windows/Scalability.ini]
[2020.06.20-21.59.38:023][  0]LogConfig: Setting CVar [[foliage.DensityScale:1.0]]
[2020.06.20-21.59.38:023][  0]LogConfig: Setting CVar [[grass.DensityScale:1.0]]
[2020.06.20-21.59.38:023][  0]LogConfig: Applying CVar settings from Section [ShadingQuality@3] File [D:/_DATA/Unreal Projects/VFXShowRoom/Saved/Config/Windows/Scalability.ini]
[2020.06.20-21.59.38:023][  0]LogConfig: Setting CVar [[r.HairStrands.SkyLighting.SampleCount:16]]
[2020.06.20-21.59.38:023][  0]LogConfig: Setting CVar [[r.HairStrands.SkyLighting.JitterIntegration:0]]
[2020.06.20-21.59.38:023][  0]LogConfig: Setting CVar [[r.HairStrands.SkyAO.SampleCount:16]]
[2020.06.20-21.59.38:023][  0]LogInit: Selected Device Profile: [Windows]
[2020.06.20-21.59.38:023][  0]LogInit: Applying CVar settings loaded from the selected device profile: [Windows]
[2020.06.20-21.59.38:026][  0]LogHAL: Display: Platform has ~ 16 GB [17039900672 / 17179869184 / 16], which maps to Larger [LargestMinGB=32, LargerMinGB=12, DefaultMinGB=8, SmallerMinGB=6, SmallestMinGB=0)
[2020.06.20-21.59.38:026][  0]LogInit: Going up to parent DeviceProfile []
[2020.06.20-21.59.38:026][  0]LogConfig: Applying CVar settings from Section [ViewDistanceQuality@2] File [D:/_DATA/Unreal Projects/VFXShowRoom/Saved/Config/Windows/Scalability.ini]
[2020.06.20-21.59.38:026][  0]LogConfig: Setting CVar [[r.SkeletalMeshLODBias:0]]
[2020.06.20-21.59.38:026][  0]LogConfig: Setting CVar [[r.ViewDistanceScale:0.8]]
[2020.06.20-21.59.38:026][  0]LogConfig: Applying CVar settings from Section [AntiAliasingQuality@2] File [D:/_DATA/Unreal Projects/VFXShowRoom/Saved/Config/Windows/Scalability.ini]
[2020.06.20-21.59.38:026][  0]LogConfig: Setting CVar [[r.PostProcessAAQuality:3]]
[2020.06.20-21.59.38:026][  0]LogConfig: Applying CVar settings from Section [ShadowQuality@2] File [D:/_DATA/Unreal Projects/VFXShowRoom/Saved/Config/Windows/Scalability.ini]
[2020.06.20-21.59.38:026][  0]LogConfig: Setting CVar [[r.LightFunctionQuality:1]]
[2020.06.20-21.59.38:026][  0]LogConfig: Setting CVar [[r.ShadowQuality:5]]
[2020.06.20-21.59.38:026][  0]LogConfig: Setting CVar [[r.Shadow.CSM.MaxCascades:4]]
[2020.06.20-21.59.38:026][  0]LogConfig: Setting CVar [[r.Shadow.MaxResolution:1024]]
[2020.06.20-21.59.38:026][  0]LogConfig: Setting CVar [[r.Shadow.MaxCSMResolution:2048]]
[2020.06.20-21.59.38:026][  0]LogConfig: Setting CVar [[r.Shadow.RadiusThreshold:0.04]]
[2020.06.20-21.59.38:027][  0]LogConfig: Setting CVar [[r.Shadow.DistanceScale:0.85]]
[2020.06.20-21.59.38:027][  0]LogConfig: Setting CVar [[r.Shadow.CSM.TransitionScale:0.8]]
[2020.06.20-21.59.38:027][  0]LogConfig: Setting CVar [[r.Shadow.PreShadowResolutionFactor:0.5]]
[2020.06.20-21.59.38:027][  0]LogConfig: Setting CVar [[r.DistanceFieldShadowing:1]]
[2020.06.20-21.59.38:027][  0]LogConfig: Setting CVar [[r.DistanceFieldAO:1]]
[2020.06.20-21.59.38:027][  0]LogConfig: Setting CVar [[r.AOQuality:1]]
[2020.06.20-21.59.38:027][  0]LogConfig: Setting CVar [[r.VolumetricFog:1]]
[2020.06.20-21.59.38:027][  0]LogConfig: Setting CVar [[r.VolumetricFog.GridPixelSize:16]]
[2020.06.20-21.59.38:027][  0]LogConfig: Setting CVar [[r.VolumetricFog.GridSizeZ:64]]
[2020.06.20-21.59.38:027][  0]LogConfig: Setting CVar [[r.VolumetricFog.HistoryMissSupersampleCount:4]]
[2020.06.20-21.59.38:027][  0]LogConfig: Setting CVar [[r.LightMaxDrawDistanceScale:1]]
[2020.06.20-21.59.38:027][  0]LogConfig: Setting CVar [[r.CapsuleShadows:1]]
[2020.06.20-21.59.38:027][  0]LogConfig: Applying CVar settings from Section [PostProcessQuality@2] File [D:/_DATA/Unreal Projects/VFXShowRoom/Saved/Config/Windows/Scalability.ini]
[2020.06.20-21.59.38:027][  0]LogConfig: Setting CVar [[r.MotionBlurQuality:3]]
[2020.06.20-21.59.38:027][  0]LogConfig: Setting CVar [[r.AmbientOcclusionMipLevelFactor:0.6]]
[2020.06.20-21.59.38:027][  0]LogConfig: Setting CVar [[r.AmbientOcclusionMaxQuality:100]]
[2020.06.20-21.59.38:027][  0]LogConfig: Setting CVar [[r.AmbientOcclusionLevels:-1]]
[2020.06.20-21.59.38:027][  0]LogConfig: Setting CVar [[r.AmbientOcclusionRadiusScale:1.5]]
[2020.06.20-21.59.38:027][  0]LogConfig: Setting CVar [[r.DepthOfFieldQuality:2]]
[2020.06.20-21.59.38:027][  0]LogConfig: Setting CVar [[r.RenderTargetPoolMin:400]]
[2020.06.20-21.59.38:027][  0]LogConfig: Setting CVar [[r.LensFlareQuality:2]]
[2020.06.20-21.59.38:027][  0]LogConfig: Setting CVar [[r.SceneColorFringeQuality:1]]
[2020.06.20-21.59.38:027][  0]LogConfig: Setting CVar [[r.EyeAdaptationQuality:2]]
[2020.06.20-21.59.38:027][  0]LogConfig: Setting CVar [[r.BloomQuality:5]]
[2020.06.20-21.59.38:027][  0]LogConfig: Setting CVar [[r.FastBlurThreshold:3]]
[2020.06.20-21.59.38:027][  0]LogConfig: Setting CVar [[r.Upscale.Quality:2]]
[2020.06.20-21.59.38:027][  0]LogConfig: Setting CVar [[r.Tonemapper.GrainQuantization:1]]
[2020.06.20-21.59.38:028][  0]LogConfig: Setting CVar [[r.LightShaftQuality:1]]
[2020.06.20-21.59.38:028][  0]LogConfig: Setting CVar [[r.Filter.SizeScale:0.8]]
[2020.06.20-21.59.38:028][  0]LogConfig: Setting CVar [[r.Tonemapper.Quality:5]]
[2020.06.20-21.59.38:028][  0]LogConfig: Setting CVar [[r.DOF.Gather.AccumulatorQuality:0        ; lower gathering accumulator quality]]
[2020.06.20-21.59.38:028][  0]LogConfig: Setting CVar [[r.DOF.Gather.PostfilterMethod:2          ; Max3x3 postfilering method]]
[2020.06.20-21.59.38:028][  0]LogConfig: Setting CVar [[r.DOF.Gather.EnableBokehSettings:0       ; no bokeh simulation when gathering]]
[2020.06.20-21.59.38:028][  0]LogConfig: Setting CVar [[r.DOF.Gather.RingCount:4                 ; medium number of samples when gathering]]
[2020.06.20-21.59.38:028][  0]LogConfig: Setting CVar [[r.DOF.Scatter.ForegroundCompositing:1    ; additive foreground scattering]]
[2020.06.20-21.59.38:028][  0]LogConfig: Setting CVar [[r.DOF.Scatter.BackgroundCompositing:1    ; no background occlusion]]
[2020.06.20-21.59.38:028][  0]LogConfig: Setting CVar [[r.DOF.Scatter.EnableBokehSettings:0      ; no bokeh simulation when scattering]]
[2020.06.20-21.59.38:028][  0]LogConfig: Setting CVar [[r.DOF.Scatter.MaxSpriteRatio:0.04        ; only a maximum of 4% of scattered bokeh]]
[2020.06.20-21.59.38:028][  0]LogConfig: Setting CVar [[r.DOF.Recombine.Quality:0                ; no slight out of focus]]
[2020.06.20-21.59.38:028][  0]LogConfig: Setting CVar [[r.DOF.TemporalAAQuality:0                ; faster temporal accumulation]]
[2020.06.20-21.59.38:028][  0]LogConfig: Setting CVar [[r.DOF.Kernel.MaxForegroundRadius:0.012   ; required because of AccumulatorQuality=0]]
[2020.06.20-21.59.38:028][  0]LogConfig: Setting CVar [[r.DOF.Kernel.MaxBackgroundRadius:0.012   ; required because of AccumulatorQuality=0]]
[2020.06.20-21.59.38:028][  0]LogConfig: Applying CVar settings from Section [TextureQuality@2] File [D:/_DATA/Unreal Projects/VFXShowRoom/Saved/Config/Windows/Scalability.ini]
[2020.06.20-21.59.38:028][  0]LogConfig: Setting CVar [[r.Streaming.MipBias:0]]
[2020.06.20-21.59.38:028][  0]LogConfig: Setting CVar [[r.Streaming.AmortizeCPUToGPUCopy:0]]
[2020.06.20-21.59.38:028][  0]LogConfig: Setting CVar [[r.Streaming.MaxNumTexturesToStreamPerFrame:0]]
[2020.06.20-21.59.38:028][  0]LogConfig: Setting CVar [[r.Streaming.Boost:1]]
[2020.06.20-21.59.38:028][  0]LogConfig: Setting CVar [[r.MaxAnisotropy:4]]
[2020.06.20-21.59.38:028][  0]LogConfig: Setting CVar [[r.VT.MaxAnisotropy:8]]
[2020.06.20-21.59.38:028][  0]LogConfig: Setting CVar [[r.Streaming.LimitPoolSizeToVRAM:1]]
[2020.06.20-21.59.38:028][  0]LogConfig: Setting CVar [[r.Streaming.PoolSize:800]]
[2020.06.20-21.59.38:029][  0]LogConfig: Setting CVar [[r.Streaming.MaxEffectiveScreenSize:0]]
[2020.06.20-21.59.38:029][  0]LogConfig: Applying CVar settings from Section [EffectsQuality@2] File [D:/_DATA/Unreal Projects/VFXShowRoom/Saved/Config/Windows/Scalability.ini]
[2020.06.20-21.59.38:029][  0]LogConfig: Setting CVar [[r.TranslucencyLightingVolumeDim:48]]
[2020.06.20-21.59.38:029][  0]LogConfig: Setting CVar [[r.RefractionQuality:2]]
[2020.06.20-21.59.38:029][  0]LogConfig: Setting CVar [[r.SSR.Quality:2]]
[2020.06.20-21.59.38:029][  0]LogConfig: Setting CVar [[r.SSR.HalfResSceneColor:1]]
[2020.06.20-21.59.38:029][  0]LogConfig: Setting CVar [[r.SceneColorFormat:3]]
[2020.06.20-21.59.38:029][  0]LogConfig: Setting CVar [[r.DetailMode:1]]
[2020.06.20-21.59.38:029][  0]LogConfig: Setting CVar [[r.TranslucencyVolumeBlur:1]]
[2020.06.20-21.59.38:029][  0]LogConfig: Setting CVar [[r.MaterialQualityLevel:1 ; High quality]]
[2020.06.20-21.59.38:029][  0]LogConfig: Setting CVar [[r.SSS.Scale:1]]
[2020.06.20-21.59.38:029][  0]LogConfig: Setting CVar [[r.SSS.SampleSet:1]]
[2020.06.20-21.59.38:029][  0]LogConfig: Setting CVar [[r.SSS.Quality:-1]]
[2020.06.20-21.59.38:029][  0]LogConfig: Setting CVar [[r.SSS.HalfRes:1]]
[2020.06.20-21.59.38:029][  0]LogConfig: Setting CVar [[r.SSGI.Quality:2]]
[2020.06.20-21.59.38:029][  0]LogConfig: Setting CVar [[r.EmitterSpawnRateScale:0.5]]
[2020.06.20-21.59.38:029][  0]LogConfig: Setting CVar [[r.ParticleLightQuality:1]]
[2020.06.20-21.59.38:029][  0]LogConfig: Setting CVar [[r.SkyAtmosphere.AerialPerspectiveLUT.FastApplyOnOpaque:1 ; Always have FastSkyLUT 1 in this case to avoid wrong sky]]
[2020.06.20-21.59.38:029][  0]LogConfig: Setting CVar [[r.SkyAtmosphere.AerialPerspectiveLUT.SampleCountPerSlice:1]]
[2020.06.20-21.59.38:029][  0]LogConfig: Setting CVar [[r.SkyAtmosphere.AerialPerspectiveLUT.DepthResolution:16.0]]
[2020.06.20-21.59.38:029][  0]LogConfig: Setting CVar [[r.SkyAtmosphere.FastSkyLUT:1]]
[2020.06.20-21.59.38:029][  0]LogConfig: Setting CVar [[r.SkyAtmosphere.FastSkyLUT.SampleCountMin:4.0]]
[2020.06.20-21.59.38:029][  0]LogConfig: Setting CVar [[r.SkyAtmosphere.FastSkyLUT.SampleCountMax:32.0]]
[2020.06.20-21.59.38:030][  0]LogConfig: Setting CVar [[r.SkyAtmosphere.SampleCountMin:4.0]]
[2020.06.20-21.59.38:030][  0]LogConfig: Setting CVar [[r.SkyAtmosphere.SampleCountMax:32.0]]
[2020.06.20-21.59.38:030][  0]LogConfig: Setting CVar [[r.SkyAtmosphere.TransmittanceLUT.UseSmallFormat:0]]
[2020.06.20-21.59.38:030][  0]LogConfig: Setting CVar [[r.SkyAtmosphere.TransmittanceLUT.SampleCount:10.0]]
[2020.06.20-21.59.38:030][  0]LogConfig: Setting CVar [[r.SkyAtmosphere.MultiScatteringLUT.SampleCount:15.0]]
[2020.06.20-21.59.38:030][  0]LogConfig: Applying CVar settings from Section [FoliageQuality@2] File [D:/_DATA/Unreal Projects/VFXShowRoom/Saved/Config/Windows/Scalability.ini]
[2020.06.20-21.59.38:030][  0]LogConfig: Setting CVar [[foliage.DensityScale:0.8]]
[2020.06.20-21.59.38:030][  0]LogConfig: Setting CVar [[grass.DensityScale:0.8]]
[2020.06.20-21.59.38:030][  0]LogConfig: Applying CVar settings from Section [ShadingQuality@2] File [D:/_DATA/Unreal Projects/VFXShowRoom/Saved/Config/Windows/Scalability.ini]
[2020.06.20-21.59.38:030][  0]LogConfig: Setting CVar [[r.HairStrands.SkyLighting.SampleCount:16]]
[2020.06.20-21.59.38:030][  0]LogConfig: Setting CVar [[r.HairStrands.SkyLighting.JitterIntegration:0]]
[2020.06.20-21.59.38:030][  0]LogConfig: Setting CVar [[r.HairStrands.SkyAO.SampleCount:16]]
[2020.06.20-21.59.38:030][  0]LogConfig: Applying CVar settings from Section [Startup] File [../../../Engine/Config/ConsoleVariables.ini]
[2020.06.20-21.59.38:030][  0]LogConfig: Setting CVar [[net.UseAdaptiveNetUpdateFrequency:0]]
[2020.06.20-21.59.38:030][  0]LogConfig: Setting CVar [[p.chaos.AllowCreatePhysxBodies:1]]
[2020.06.20-21.59.38:030][  0]LogConfig: Applying CVar settings from Section [ConsoleVariables] File [D:/_DATA/Unreal Projects/VFXShowRoom/Saved/Config/Windows/Engine.ini]
[2020.06.20-21.59.38:031][  0]LogInit: Computer: PYRATHGAMINGPC
[2020.06.20-21.59.38:031][  0]LogInit: User: Gameolic3
[2020.06.20-21.59.38:031][  0]LogInit: CPU Page size=4096, Cores=4
[2020.06.20-21.59.38:031][  0]LogInit: High frequency timer resolution =10.000000 MHz
[2020.06.20-21.59.38:031][  0]LogMemory: Memory total: Physical=15.9GB (16GB approx)
[2020.06.20-21.59.38:031][  0]LogMemory: Platform Memory Stats for Windows
[2020.06.20-21.59.38:031][  0]LogMemory: Process Physical Memory: 105.46 MB used, 105.46 MB peak
[2020.06.20-21.59.38:031][  0]LogMemory: Process Virtual Memory: 100.99 MB used, 101.00 MB peak
[2020.06.20-21.59.38:031][  0]LogMemory: Physical Memory: 5700.86 MB used,  10549.66 MB free, 16250.52 MB total
[2020.06.20-21.59.38:031][  0]LogMemory: Virtual Memory: 5103.26 MB used,  134212624.00 MB free, 134217728.00 MB total
[2020.06.20-21.59.38:037][  0]LogWindows: WindowsPlatformFeatures enabled
[2020.06.20-21.59.38:072][  0]LogInit: Using OS detected language (en-US).
[2020.06.20-21.59.38:072][  0]LogInit: Using OS detected locale (en-US).
[2020.06.20-21.59.38:073][  0]LogTextLocalizationManager: No specific localization for 'en-US' exists, so the 'en' localization will be used.
[2020.06.20-21.59.38:302][  0]LogInit: Setting process to per monitor DPI aware
[2020.06.20-21.59.38:372][  0]LogSlate: New Slate User Created.  User Index 0, Is Virtual User: 0
[2020.06.20-21.59.38:372][  0]LogSlate: Slate User Registered.  User Index 0, Is Virtual User: 0
[2020.06.20-21.59.38:770][  0]LogHMD: Failed to initialize OpenVR with code 110
[2020.06.20-21.59.38:770][  0]LogD3D11RHI: D3D11 min allowed feature level: 11_0
[2020.06.20-21.59.38:770][  0]LogD3D11RHI: D3D11 max allowed feature level: 11_0
[2020.06.20-21.59.38:770][  0]LogD3D11RHI: D3D11 adapters:
[2020.06.20-21.59.39:361][  0]LogD3D11RHI:    0. 'NVIDIA GeForce GTX 960M' (Feature Level 11_0)
[2020.06.20-21.59.39:361][  0]LogD3D11RHI:       2010/0/8125 MB DedicatedVideo/DedicatedSystem/SharedSystem, Outputs:1, VendorId:0x10de
[2020.06.20-21.59.39:371][  0]LogD3D11RHI:    1. 'Intel(R) HD Graphics 530' (Feature Level 11_0)
[2020.06.20-21.59.39:371][  0]LogD3D11RHI:       128/0/8125 MB DedicatedVideo/DedicatedSystem/SharedSystem, Outputs:0, VendorId:0x8086
[2020.06.20-21.59.39:376][  0]LogD3D11RHI:    2. 'Microsoft Basic Render Driver' (Feature Level 11_0)
[2020.06.20-21.59.39:376][  0]LogD3D11RHI:       0/0/8125 MB DedicatedVideo/DedicatedSystem/SharedSystem, Outputs:0, VendorId:0x1414
[2020.06.20-21.59.39:376][  0]LogD3D11RHI: Chosen D3D11 Adapter: 0
[2020.06.20-21.59.39:452][  0]LogD3D11RHI: Creating new Direct3DDevice
[2020.06.20-21.59.39:452][  0]LogD3D11RHI:     GPU DeviceId: 0x139b (for the marketing name, search the web for "GPU Device Id")
[2020.06.20-21.59.39:452][  0]LogWindows: EnumDisplayDevices:
[2020.06.20-21.59.39:452][  0]LogWindows:    0. 'Intel(R) HD Graphics 530' (P:1 D:1)
[2020.06.20-21.59.39:453][  0]LogWindows:    1. 'Intel(R) HD Graphics 530' (P:0 D:0)
[2020.06.20-21.59.39:453][  0]LogWindows:    2. 'Intel(R) HD Graphics 530' (P:0 D:0)
[2020.06.20-21.59.39:453][  0]LogWindows: DebugString: PrimaryIsNotTheChoosenAdapter PrimaryIsNotTheChoosenAdapter PrimaryIsNotTheChoosenAdapter FoundDriverCount:0 
[2020.06.20-21.59.39:453][  0]LogD3D11RHI:     Adapter Name: NVIDIA GeForce GTX 960M
[2020.06.20-21.59.39:453][  0]LogD3D11RHI:   Driver Version: Unknown (internal:Unknown, unified:Unknown)
[2020.06.20-21.59.39:453][  0]LogD3D11RHI:      Driver Date: Unknown
[2020.06.20-21.59.39:453][  0]LogRHI: Texture pool is 1407 MB (70% of 2010 MB)
[2020.06.20-21.59.39:508][  0]LogD3D11RHI: RHI has support for 64 bit atomics
[2020.06.20-21.59.39:508][  0]LogD3D11RHI: Async texture creation enabled
[2020.06.20-21.59.39:523][  0]LogD3D11RHI: GPU Timing Frequency: 1000.000000 (Debug: 2 1)
[2020.06.20-21.59.40:010][  0]LogTargetPlatformManager: Display: Loaded TargetPlatform 'AllDesktop'
[2020.06.20-21.59.40:061][  0]LogTargetPlatformManager: Display: Loaded TargetPlatform 'Android'
[2020.06.20-21.59.40:061][  0]LogTargetPlatformManager: Display: Loaded TargetPlatform 'Android_ASTC'
[2020.06.20-21.59.40:061][  0]LogTargetPlatformManager: Display: Loaded TargetPlatform 'Android_ATC'
[2020.06.20-21.59.40:062][  0]LogTargetPlatformManager: Display: Loaded TargetPlatform 'Android_DXT'
[2020.06.20-21.59.40:062][  0]LogTargetPlatformManager: Display: Loaded TargetPlatform 'Android_ETC1'
[2020.06.20-21.59.40:062][  0]LogTargetPlatformManager: Display: Loaded TargetPlatform 'Android_ETC1a'
[2020.06.20-21.59.40:062][  0]LogTargetPlatformManager: Display: Loaded TargetPlatform 'Android_ETC2'
[2020.06.20-21.59.40:062][  0]LogTargetPlatformManager: Display: Loaded TargetPlatform 'Android_PVRTC'
[2020.06.20-21.59.40:062][  0]LogTargetPlatformManager: Display: Loaded TargetPlatform 'AndroidClient'
[2020.06.20-21.59.40:062][  0]LogTargetPlatformManager: Display: Loaded TargetPlatform 'Android_ASTCClient'
[2020.06.20-21.59.40:062][  0]LogTargetPlatformManager: Display: Loaded TargetPlatform 'Android_ATCClient'
[2020.06.20-21.59.40:062][  0]LogTargetPlatformManager: Display: Loaded TargetPlatform 'Android_DXTClient'
[2020.06.20-21.59.40:062][  0]LogTargetPlatformManager: Display: Loaded TargetPlatform 'Android_ETC1Client'
[2020.06.20-21.59.40:062][  0]LogTargetPlatformManager: Display: Loaded TargetPlatform 'Android_ETC1aClient'
[2020.06.20-21.59.40:062][  0]LogTargetPlatformManager: Display: Loaded TargetPlatform 'Android_ETC2Client'
[2020.06.20-21.59.40:062][  0]LogTargetPlatformManager: Display: Loaded TargetPlatform 'Android_PVRTCClient'
[2020.06.20-21.59.40:062][  0]LogTargetPlatformManager: Display: Loaded TargetPlatform 'Android_Multi'
[2020.06.20-21.59.40:062][  0]LogTargetPlatformManager: Display: Loaded TargetPlatform 'Android_MultiClient'
[2020.06.20-21.59.40:091][  0]LogTargetPlatformManager: Display: Loaded TargetPlatform 'IOSClient'
[2020.06.20-21.59.40:091][  0]LogTargetPlatformManager: Display: Loaded TargetPlatform 'IOS'
[2020.06.20-21.59.40:103][  0]LogTargetPlatformManager: Display: Loaded TargetPlatform 'LinuxNoEditor'
[2020.06.20-21.59.40:113][  0]LogTargetPlatformManager: Display: Loaded TargetPlatform 'LinuxClient'
[2020.06.20-21.59.40:123][  0]LogTargetPlatformManager: Display: Loaded TargetPlatform 'LinuxServer'
[2020.06.20-21.59.40:133][  0]LogTargetPlatformManager: Display: Loaded TargetPlatform 'LinuxAArch64NoEditor'
[2020.06.20-21.59.40:142][  0]LogTargetPlatformManager: Display: Loaded TargetPlatform 'LinuxAArch64Client'
[2020.06.20-21.59.40:152][  0]LogTargetPlatformManager: Display: Loaded TargetPlatform 'LinuxAArch64Server'
[2020.06.20-21.59.40:182][  0]LogTargetPlatformManager: Display: Loaded TargetPlatform 'Lumin'
[2020.06.20-21.59.40:183][  0]LogTargetPlatformManager: Display: Loaded TargetPlatform 'LuminClient'
[2020.06.20-21.59.40:201][  0]LogTargetPlatformManager: Display: Loaded TargetPlatform 'TVOSClient'
[2020.06.20-21.59.40:201][  0]LogTargetPlatformManager: Display: Loaded TargetPlatform 'TVOS'
[2020.06.20-21.59.40:211][  0]LogTargetPlatformManager: Display: Loaded TargetPlatform 'WindowsNoEditor'
[2020.06.20-21.59.40:223][  0]LogTargetPlatformManager: Display: Loaded TargetPlatform 'Windows'
[2020.06.20-21.59.40:233][  0]LogTargetPlatformManager: Display: Loaded TargetPlatform 'WindowsClient'
[2020.06.20-21.59.40:243][  0]LogTargetPlatformManager: Display: Loaded TargetPlatform 'WindowsServer'
[2020.06.20-21.59.40:243][  0]LogTargetPlatformManager: Display: Building Assets For Windows
[2020.06.20-21.59.40:248][  0]LogAudioDebug: Display: Lib vorbis DLL was dynamically loaded.
[2020.06.20-21.59.40:283][  0]LogShaderCompilers: Guid format shader working directory is 13 characters bigger than the processId version (D:/_DATA/Unreal Projects/VFXShowRoom/Intermediate/Shaders/WorkingDirectory/14764/).
[2020.06.20-21.59.40:284][  0]LogShaderCompilers: Cleaned the shader compiler working directory 'C:/Users/Gameolic3/AppData/Local/Temp/UnrealShaderWorkingDir/5BF95D4C4EE4BC1A1A73C7AD1BEA29E8/'.
[2020.06.20-21.59.40:284][  0]LogXGEController: Cleaning working directory: C:/Users/Gameolic3/AppData/Local/Temp/UnrealXGEWorkingDir/
[2020.06.20-21.59.40:284][  0]LogXGEController: Cannot use XGE Controller as Incredibuild is not installed on this machine.
[2020.06.20-21.59.40:285][  0]LogShaderCompilers: Cannot use XGE Shader Compiler as Incredibuild is not installed on this machine.
[2020.06.20-21.59.40:285][  0]LogShaderCompilers: Display: Using Local Shader Compiler.
[2020.06.20-21.59.41:334][  0]LogDerivedDataCache: Display: Max Cache Size: 512 MB
[2020.06.20-21.59.41:401][  0]LogDerivedDataCache: Loaded boot cache 0.07s 78MB C:/Users/Gameolic3/AppData/Local/UnrealEngine/4.24/DerivedDataCache/Boot.ddc.
[2020.06.20-21.59.41:401][  0]LogDerivedDataCache: Display: Loaded Boot cache: C:/Users/Gameolic3/AppData/Local/UnrealEngine/4.24/DerivedDataCache/Boot.ddc
[2020.06.20-21.59.41:401][  0]LogDerivedDataCache: FDerivedDataBackendGraph:  Pak pak cache file D:/_DATA/Unreal Projects/VFXShowRoom/DerivedDataCache/DDC.ddp not found, will not use a pak cache.
[2020.06.20-21.59.41:401][  0]LogDerivedDataCache: Unable to find inner node Pak for hierarchical cache Hierarchy.
[2020.06.20-21.59.41:402][  0]LogDerivedDataCache: FDerivedDataBackendGraph:  CompressedPak pak cache file D:/_DATA/Unreal Projects/VFXShowRoom/DerivedDataCache/Compressed.ddp not found, will not use a pak cache.
[2020.06.20-21.59.41:402][  0]LogDerivedDataCache: Unable to find inner node CompressedPak for hierarchical cache Hierarchy.
[2020.06.20-21.59.41:415][  0]LogDerivedDataCache: Display: Pak cache opened for reading ../../../Engine/DerivedDataCache/Compressed.ddp.
[2020.06.20-21.59.41:415][  0]LogDerivedDataCache: FDerivedDataBackendGraph:  EnterprisePak pak cache file ../../../Enterprise/DerivedDataCache/Compressed.ddp not found, will not use a pak cache.
[2020.06.20-21.59.41:415][  0]LogDerivedDataCache: Unable to find inner node EnterprisePak for hierarchical cache Hierarchy.
[2020.06.20-21.59.41:416][  0]LogDerivedDataCache: Using Local data cache path C:/Users/Gameolic3/AppData/Local/UnrealEngine/Common/DerivedDataCache: Writable
[2020.06.20-21.59.41:416][  0]LogDerivedDataCache: Shared data cache path not found in *engine.ini, will not use an Shared cache.
[2020.06.20-21.59.41:416][  0]LogDerivedDataCache: Unable to find inner node Shared for hierarchical cache Hierarchy.
[2020.06.20-21.59.41:451][  0]LogMaterial: Verifying Global Shaders for PCD3D_SM5
[2020.06.20-21.59.41:453][  0]LogSlate: Using FreeType 2.10.0
[2020.06.20-21.59.41:454][  0]LogSlate: SlateFontServices - WITH_FREETYPE: 1, WITH_HARFBUZZ: 1
[2020.06.20-21.59.41:538][  0]LogAssetRegistry: FAssetRegistry took 0.0026 seconds to start up
[2020.06.20-21.59.41:934][  0]LogInit: Selected Device Profile: [Windows]
[2020.06.20-21.59.42:138][  0]LogMeshReduction: Using QuadricMeshReduction for automatic static mesh reduction
[2020.06.20-21.59.42:138][  0]LogMeshReduction: Using SimplygonMeshReduction for automatic skeletal mesh reduction
[2020.06.20-21.59.42:138][  0]LogMeshReduction: Using ProxyLODMeshReduction for automatic mesh merging
[2020.06.20-21.59.42:138][  0]LogMeshReduction: No distributed automatic mesh merging module available
[2020.06.20-21.59.42:138][  0]LogMeshMerging: No distributed automatic mesh merging module available
[2020.06.20-21.59.42:155][  0]LogNetVersion: VFXSHOWROOM 1.0.0, NetCL: 10570792, EngineNetVer: 13, GameNetVer: 0 (Checksum: 3410049785)
[2020.06.20-21.59.43:873][  0]LogPackageLocalizationCache: Processed 10 localized package path(s) for 1 prioritized culture(s) in 0.041401 seconds
[2020.06.20-21.59.43:883][  0]LogUObjectArray: 46750 objects as part of root set at end of initial load.
[2020.06.20-21.59.43:883][  0]LogUObjectAllocator: 8137160 out of 0 bytes used by permanent object pool.
[2020.06.20-21.59.43:883][  0]LogUObjectArray: CloseDisregardForGC: 0/0 objects in disregard for GC pool
[2020.06.20-21.59.44:452][  0]LogTcpMessaging: Initializing TcpMessaging bridge
[2020.06.20-21.59.44:456][  0]LogUdpMessaging: Initializing bridge on interface 0.0.0.0:0 to multicast group 230.0.0.1:6666.
[2020.06.20-21.59.44:525][  0]SourceControl: Source control is disabled
[2020.06.20-21.59.45:437][  0]LogAndroidPermission: UAndroidPermissionCallbackProxy::GetInstance
[2020.06.20-21.59.45:450][  0]LogAudioCaptureCore: Display: No Audio Capture implementations found. Audio input will be silent.
[2020.06.20-21.59.45:450][  0]LogAudioCaptureCore: Display: No Audio Capture implementations found. Audio input will be silent.
[2020.06.20-21.59.45:560][  0]LogOcInput: OculusInput pre-init called
[2020.06.20-21.59.45:570][  0]LogWindows: Failed to load 'OVRPlugin.dll' (GetLastError=126)
[2020.06.20-21.59.45:570][  0]LogWindows: File 'OVRPlugin.dll' does not exist
[2020.06.20-21.59.45:654][  0]LogEngine: Initializing Engine...
[2020.06.20-21.59.45:656][  0]LogHMD: Failed to initialize OpenVR with code 110
[2020.06.20-21.59.45:657][  0]LogStats: UGameplayTagsManager::InitializeManager -  0.000 s
[2020.06.20-21.59.46:175][  0]LogInit: Initializing FReadOnlyCVARCache
[2020.06.20-21.59.46:184][  0]LogAIModule: Creating AISystem for world Untitled
[2020.06.20-21.59.46:213][  0]LogAudioMixer: Display: Audio Mixer Platform Settings:
[2020.06.20-21.59.46:214][  0]LogAudioMixer: Display: 	Sample Rate:						  48000
[2020.06.20-21.59.46:214][  0]LogAudioMixer: Display: 	Callback Buffer Frame Size Requested: 1024
[2020.06.20-21.59.46:214][  0]LogAudioMixer: Display: 	Callback Buffer Frame Size To Use:	  1024
[2020.06.20-21.59.46:214][  0]LogAudioMixer: Display: 	Number of buffers to queue:			  2
[2020.06.20-21.59.46:214][  0]LogAudioMixer: Display: 	Max Channels (voices):				  32
[2020.06.20-21.59.46:214][  0]LogAudioMixer: Display: 	Number of Async Source Workers:		  0
[2020.06.20-21.59.46:214][  0]LogAudio: Display: AudioDevice MaxSources: 32
[2020.06.20-21.59.46:215][  0]LogAudio: Display: Using built-in audio occlusion.
[2020.06.20-21.59.46:215][  0]LogAudioMixer: Display: Initializing audio mixer.
[2020.06.20-21.59.46:248][  0]LogAudioMixer: Display: Audio Device Output Speaker Info:
[2020.06.20-21.59.46:248][  0]LogAudioMixer: Display: Name: Speakers (Conexant SmartAudio HD)
[2020.06.20-21.59.46:248][  0]LogAudioMixer: Display: Is Default: Yes
[2020.06.20-21.59.46:248][  0]LogAudioMixer: Display: Sample Rate: 48000
[2020.06.20-21.59.46:248][  0]LogAudioMixer: Display: Channel Count Used: 2
[2020.06.20-21.59.46:248][  0]LogAudioMixer: Display: Device Channel Count: 2
[2020.06.20-21.59.46:248][  0]LogAudioMixer: Display: Channel Order:
[2020.06.20-21.59.46:248][  0]LogAudioMixer: Display: 0: FrontLeft
[2020.06.20-21.59.46:248][  0]LogAudioMixer: Display: 1: FrontRight
[2020.06.20-21.59.46:382][  0]LogAudioMixer: Display: Using Audio Device Speakers (Conexant SmartAudio HD)
[2020.06.20-21.59.46:386][  0]LogInit: FAudioDevice initialized.
[2020.06.20-21.59.46:386][  0]LogNetVersion: Set ProjectVersion to 1.0.0.0. Version Checksum will be recalculated on next use.
[2020.06.20-21.59.46:614][  0]LogDerivedDataCache: Saved boot cache 0.23s 78MB C:/Users/Gameolic3/AppData/Local/UnrealEngine/4.24/DerivedDataCache/Boot.ddc.
[2020.06.20-21.59.46:615][  0]LogInit: Texture streaming: Enabled
[2020.06.20-21.59.46:631][  0]LogEngineSessionManager: EngineSessionManager initialized
[2020.06.20-21.59.46:631][  0]LogEditorSessionSummary: Verbose: Initializing EditorSessionSummaryWriter for editor session tracking
[2020.06.20-21.59.46:643][  0]LogEditorSessionSummary: EditorSessionSummaryWriter initialized
[2020.06.20-21.59.46:689][  0]LogInit: Transaction tracking system initialized
[2020.06.20-21.59.46:702][  0]BlueprintLog: New page: Editor Load
[2020.06.20-21.59.46:740][  0]LocalizationService: Localization service is disabled
[2020.06.20-21.59.47:125][  0]LogFileCache: Scanning file cache for directory 'D:/_DATA/Unreal Projects/VFXShowRoom/Content/' took 0.01s
[2020.06.20-21.59.47:125][  0]LogCook: Display: Max memory allowance for cook 16384mb min free memory 0mb
[2020.06.20-21.59.47:126][  0]LogCook: Display: Mobile HDR setting 1
[2020.06.20-21.59.48:151][  0]Cmd: MAP LOAD FILE="D:/_DATA/Unreal Projects/VFXShowRoom/Content/ShowRoom/Level/ShowRoom.umap" TEMPLATE=0 SHOWPROGRESS=1 FEATURELEVEL=3
[2020.06.20-21.59.48:151][  0]LightingResults: New page: Lighting Build
[2020.06.20-21.59.48:152][  0]LogWorld: UWorld::CleanupWorld for Untitled, bSessionEnded=true, bCleanupResources=true
[2020.06.20-21.59.48:152][  0]LogSlate: InvalidateAllWidgets triggered.  All widgets were invalidated
[2020.06.20-21.59.48:152][  0]MapCheck: New page: Map Check
[2020.06.20-21.59.48:152][  0]LightingResults: New page: Lighting Build
[2020.06.20-21.59.48:183][  0]LogUObjectHash: Compacting FUObjectHashTables data took   2.24ms
[2020.06.20-21.59.48:520][  0]LogAIModule: Creating AISystem for world ShowRoom
[2020.06.20-21.59.48:532][  0]LogEditorServer: Finished looking for orphan Actors (0.000 secs)
[2020.06.20-21.59.48:566][  0]LogUObjectHash: Compacting FUObjectHashTables data took   5.14ms
[2020.06.20-21.59.48:569][  0]Cmd: MAP CHECKDEP NOCLEARLOG
[2020.06.20-21.59.48:569][  0]MapCheck: Map check complete: 0 Error(s), 0 Warning(s), took 0.083ms to complete.
[2020.06.20-21.59.48:569][  0]LogFileHelpers: Loading map 'ShowRoom' took 0.419
[2020.06.20-21.59.48:753][  0]LogSlate: Updating window title bar state: overlay mode, drag disabled, window buttons hidden, title bar hidden
[2020.06.20-21.59.48:764][  0]LogSlate: Updating window title bar state: overlay mode, drag disabled, window buttons hidden, title bar hidden
[2020.06.20-21.59.48:777][  0]LogSlate: Updating window title bar state: overlay mode, drag disabled, window buttons hidden, title bar hidden
[2020.06.20-21.59.48:792][  0]LogSlate: Updating window title bar state: overlay mode, drag disabled, window buttons hidden, title bar hidden
[2020.06.20-21.59.48:808][  0]LogCollectionManager: Loaded 0 collections in 0.004960 seconds
[2020.06.20-21.59.48:824][  0]LogFileCache: Scanning file cache for directory 'D:/_DATA/Unreal Projects/VFXShowRoom/Saved/Collections/' took 0.00s
[2020.06.20-21.59.48:824][  0]LogFileCache: Scanning file cache for directory 'D:/_DATA/Unreal Projects/VFXShowRoom/Content/Developers/Gameolic3/Collections/' took 0.00s
[2020.06.20-21.59.48:824][  0]LogFileCache: Scanning file cache for directory 'D:/_DATA/Unreal Projects/VFXShowRoom/Content/Collections/' took 0.00s
[2020.06.20-21.59.48:824][  0]LogContentBrowser: Native class hierarchy populated in 0.0105 seconds. Added 3016 classes and 720 folders.
[2020.06.20-21.59.48:828][  0]LogContentBrowser: Native class hierarchy updated for 'WidgetCarousel' in 0.0003 seconds. Added 0 classes and 0 folders.
[2020.06.20-21.59.48:974][  0]LogContentBrowser: Native class hierarchy updated for 'AddContentDialog' in 0.0006 seconds. Added 0 classes and 0 folders.
[2020.06.20-21.59.48:981][  0]LogContentBrowser: Native class hierarchy updated for 'SceneOutliner' in 0.0003 seconds. Added 2 classes and 3 folders.
[2020.06.20-21.59.49:139][  0]LogSlate: Took 0.000318 seconds to synchronously load lazily loaded font '../../../Engine/Content/Slate/Fonts/Roboto-Regular.ttf' (155K)
[2020.06.20-21.59.49:142][  0]LogSlate: Took 0.000339 seconds to synchronously load lazily loaded font '../../../Engine/Content/Slate/Fonts/Roboto-Bold.ttf' (160K)
[2020.06.20-21.59.49:150][  0]LogSlate: Took 0.000233 seconds to synchronously load lazily loaded font '../../../Engine/Content/Editor/Slate/Fonts/FontAwesome.ttf' (139K)
[2020.06.20-21.59.49:270][  0]LogRenderer: Reallocating scene render targets to support 1148x388 Format 9 NumSamples 1 (Frame:1).
[2020.06.20-21.59.49:436][  0]LogContentBrowser: Native class hierarchy updated for 'HierarchicalLODOutliner' in 0.0002 seconds. Added 0 classes and 0 folders.
[2020.06.20-21.59.49:436][  0]LogLoad: (Engine Initialization) Total time: 14.99 seconds
[2020.06.20-21.59.49:436][  0]LogLoad: (Engine Initialization) Total Blueprint compile time: 0.00 seconds
[2020.06.20-21.59.49:510][  0]LogContentStreaming: Texture pool size now 800 MB
[2020.06.20-21.59.49:537][  0]LogSlate: Took 0.000253 seconds to synchronously load lazily loaded font '../../../Engine/Content/Slate/Fonts/Roboto-Light.ttf' (167K)
[2020.06.20-21.59.49:554][  1]LogFileCache: Retrieving MD5 hashes for directory 'D:/_DATA/Unreal Projects/VFXShowRoom/Content/' took 0.09s
[2020.06.20-21.59.49:577][  1]LogAssetRegistry: Asset discovery search completed in 8.0403 seconds
[2020.06.20-21.59.49:582][  1]LogCollectionManager: Fixed up redirectors for 0 collections in 0.000010 seconds (updated 0 objects)
[2020.06.20-21.59.50:896][  5]LogSlate: Took 0.000372 seconds to synchronously load lazily loaded font '../../../Engine/Content/Slate/Fonts/Roboto-Light.ttf' (167K)
[2020.06.20-22.00.55:917][321]LogAssetEditorSubsystem: Opening Asset editor for ParticleSystem /Game/ShowRoom/Particles/PF_Slashes.PF_Slashes
[2020.06.20-22.00.55:924][321]LogContentBrowser: Native class hierarchy updated for 'Cascade' in 0.0003 seconds. Added 2 classes and 2 folders.
[2020.06.20-22.00.56:091][321]LogStaticMesh: Building static mesh MDL_FX_Slash_03...
[2020.06.20-22.00.56:185][321]LogStaticMesh: Built static mesh [0.09s] /Game/ShowRoom/Particles/FXMeshes/MDL_FX_Slash_03.MDL_FX_Slash_03
[2020.06.20-22.00.56:244][321]LogAssetEditorSubsystem: Opening Asset editor for ParticleSystem /Game/ShowRoom/rangeca/VFX_Showroom/Common/Meshes/PF_Slashes.PF_Slashes
[2020.06.20-22.00.56:486][321]LogLinker: Warning: Failed to load '/Game/ShowRoom/rangeca/VFX_Showroom/Common/Meshes/MIC_Slashes_Fire.MIC_Slashes_Fire': Can't find file.
[2020.06.20-22.00.56:530][321]LogRenderer: Reallocating scene render targets to support 1148x424 Format 9 NumSamples 1 (Frame:1).
[2020.06.20-22.00.58:571][406]LogSlate: Window 'PF_Slashes' being destroyed
[2020.06.20-22.01.21:157][727]LogUObjectHash: Compacting FUObjectHashTables data took   1.69ms
[2020.06.20-22.01.26:417][ 37]LogUObjectHash: Compacting FUObjectHashTables data took   0.65ms
[2020.06.20-22.01.27:592][ 37]LogSlate: Window 'Delete Assets' being destroyed
[2020.06.20-22.01.27:941][ 37]LogUObjectHash: Compacting FUObjectHashTables data took   0.85ms
[2020.06.20-22.01.27:985][ 37]LogUObjectHash: Compacting FUObjectHashTables data took   0.81ms
[2020.06.20-22.01.28:012][ 37]LogUObjectHash: Compacting FUObjectHashTables data took   0.74ms
[2020.06.20-22.01.32:953][317]LogUObjectHash: Compacting FUObjectHashTables data took   1.20ms
[2020.06.20-22.01.34:057][317]LogSlate: Window 'Delete Assets' being destroyed
[2020.06.20-22.01.34:375][317]LogUObjectHash: Compacting FUObjectHashTables data took   0.89ms
[2020.06.20-22.01.34:424][317]LogUObjectHash: Compacting FUObjectHashTables data took   0.69ms
[2020.06.20-22.01.34:451][317]LogUObjectHash: Compacting FUObjectHashTables data took   0.82ms
[2020.06.20-22.01.35:538][375]LogUObjectHash: Compacting FUObjectHashTables data took   1.13ms
[2020.06.20-22.01.36:451][375]LogSlate: Window 'Delete Assets' being destroyed
[2020.06.20-22.01.36:787][375]LogUObjectHash: Compacting FUObjectHashTables data took   0.69ms
[2020.06.20-22.01.36:834][375]LogUObjectHash: Compacting FUObjectHashTables data took   0.62ms
[2020.06.20-22.01.36:862][375]LogUObjectHash: Compacting FUObjectHashTables data took   0.66ms
[2020.06.20-22.02.01:868][705]Cmd: OBJ SAVEPACKAGE PACKAGE="/Game/ShowRoom/Particles/FXTextures/T_EarthColor" FILE="D:/_DATA/Unreal Projects/VFXShowRoom/Content/ShowRoom/Particles/FXTextures/T_EarthColor.uasset" SILENT=true
[2020.06.20-22.02.01:878][705]LogSavePackage: Moving 'D:/_DATA/Unreal Projects/VFXShowRoom/Saved/T_EarthColor3316166A4E6306B05CC563994328AC66.tmp' to 'D:/_DATA/Unreal Projects/VFXShowRoom/Content/ShowRoom/Particles/FXTextures/T_EarthColor.uasset'
[2020.06.20-22.02.02:236][705]Cmd: OBJ SAVEPACKAGE PACKAGE="/Game/ShowRoom/Particles/FXTextures/T_FireColor" FILE="D:/_DATA/Unreal Projects/VFXShowRoom/Content/ShowRoom/Particles/FXTextures/T_FireColor.uasset" SILENT=true
[2020.06.20-22.02.02:253][705]LogSavePackage: Moving 'D:/_DATA/Unreal Projects/VFXShowRoom/Saved/T_FireColor67BD79484CE69F67FCA23BBED889022F.tmp' to 'D:/_DATA/Unreal Projects/VFXShowRoom/Content/ShowRoom/Particles/FXTextures/T_FireColor.uasset'
[2020.06.20-22.02.02:654][705]Cmd: OBJ SAVEPACKAGE PACKAGE="/Game/ShowRoom/Particles/FXTextures/T_FireErosion" FILE="D:/_DATA/Unreal Projects/VFXShowRoom/Content/ShowRoom/Particles/FXTextures/T_FireErosion.uasset" SILENT=true
[2020.06.20-22.02.02:673][705]LogSavePackage: Moving 'D:/_DATA/Unreal Projects/VFXShowRoom/Saved/T_FireErosionD87BB9774830FA863610B684F41CA6DC.tmp' to 'D:/_DATA/Unreal Projects/VFXShowRoom/Content/ShowRoom/Particles/FXTextures/T_FireErosion.uasset'
[2020.06.20-22.02.03:077][705]Cmd: OBJ SAVEPACKAGE PACKAGE="/Game/ShowRoom/Particles/FXTextures/T_FireMask" FILE="D:/_DATA/Unreal Projects/VFXShowRoom/Content/ShowRoom/Particles/FXTextures/T_FireMask.uasset" SILENT=true
[2020.06.20-22.02.03:094][705]LogSavePackage: Moving 'D:/_DATA/Unreal Projects/VFXShowRoom/Saved/T_FireMaskDE96A51C49B655FF629C1CA0922B4245.tmp' to 'D:/_DATA/Unreal Projects/VFXShowRoom/Content/ShowRoom/Particles/FXTextures/T_FireMask.uasset'
[2020.06.20-22.02.03:476][705]Cmd: OBJ SAVEPACKAGE PACKAGE="/Game/ShowRoom/Particles/FXTextures/T_Mask03" FILE="D:/_DATA/Unreal Projects/VFXShowRoom/Content/ShowRoom/Particles/FXTextures/T_Mask03.uasset" SILENT=true
[2020.06.20-22.02.03:487][705]LogSavePackage: Moving 'D:/_DATA/Unreal Projects/VFXShowRoom/Saved/T_Mask03B394582C49B2E4567C96F99F75E0D1FA.tmp' to 'D:/_DATA/Unreal Projects/VFXShowRoom/Content/ShowRoom/Particles/FXTextures/T_Mask03.uasset'
[2020.06.20-22.02.03:846][705]Cmd: OBJ SAVEPACKAGE PACKAGE="/Game/ShowRoom/Particles/FXTextures/T_Rim_Mask" FILE="D:/_DATA/Unreal Projects/VFXShowRoom/Content/ShowRoom/Particles/FXTextures/T_Rim_Mask.uasset" SILENT=true
[2020.06.20-22.02.03:858][705]LogSavePackage: Moving 'D:/_DATA/Unreal Projects/VFXShowRoom/Saved/T_Rim_MaskAEF4BE84457339036F504FBACB1A9AC2.tmp' to 'D:/_DATA/Unreal Projects/VFXShowRoom/Content/ShowRoom/Particles/FXTextures/T_Rim_Mask.uasset'
[2020.06.20-22.02.04:199][705]Cmd: OBJ SAVEPACKAGE PACKAGE="/Game/ShowRoom/Particles/FXTextures/T_VoronoiNoise" FILE="D:/_DATA/Unreal Projects/VFXShowRoom/Content/ShowRoom/Particles/FXTextures/T_VoronoiNoise.uasset" SILENT=true
[2020.06.20-22.02.04:215][705]LogSavePackage: Moving 'D:/_DATA/Unreal Projects/VFXShowRoom/Saved/T_VoronoiNoiseF0D7B50E4670B2763AB0768DC5126C4A.tmp' to 'D:/_DATA/Unreal Projects/VFXShowRoom/Content/ShowRoom/Particles/FXTextures/T_VoronoiNoise.uasset'
[2020.06.20-22.02.04:565][705]Cmd: OBJ SAVEPACKAGE PACKAGE="/Game/ShowRoom/Particles/FXTextures/T_Watercolor" FILE="D:/_DATA/Unreal Projects/VFXShowRoom/Content/ShowRoom/Particles/FXTextures/T_Watercolor.uasset" SILENT=true
[2020.06.20-22.02.04:570][705]LogSavePackage: Moving 'D:/_DATA/Unreal Projects/VFXShowRoom/Saved/T_WatercolorB5442CD840A1BA17DB0DD5976BBE8816.tmp' to 'D:/_DATA/Unreal Projects/VFXShowRoom/Content/ShowRoom/Particles/FXTextures/T_Watercolor.uasset'
[2020.06.20-22.02.04:894][705]Cmd: OBJ SAVEPACKAGE PACKAGE="/Game/ShowRoom/Particles/FXTextures/T_WaterSlashMask" FILE="D:/_DATA/Unreal Projects/VFXShowRoom/Content/ShowRoom/Particles/FXTextures/T_WaterSlashMask.uasset" SILENT=true
[2020.06.20-22.02.04:901][705]LogSavePackage: Moving 'D:/_DATA/Unreal Projects/VFXShowRoom/Saved/T_WaterSlashMask73CFF4DA4E3A3ECFD41D34892EC86055.tmp' to 'D:/_DATA/Unreal Projects/VFXShowRoom/Content/ShowRoom/Particles/FXTextures/T_WaterSlashMask.uasset'
[2020.06.20-22.02.07:258][705]LogUObjectHash: Compacting FUObjectHashTables data took   2.58ms
[2020.06.20-22.02.07:286][705]LogUObjectHash: Compacting FUObjectHashTables data took   0.87ms
[2020.06.20-22.02.07:312][705]LogUObjectHash: Compacting FUObjectHashTables data took   0.62ms
[2020.06.20-22.02.07:337][705]LogUObjectHash: Compacting FUObjectHashTables data took   0.68ms
[2020.06.20-22.02.07:360][705]LogUObjectHash: Compacting FUObjectHashTables data took   1.04ms
[2020.06.20-22.02.07:385][705]LogUObjectHash: Compacting FUObjectHashTables data took   0.69ms
[2020.06.20-22.02.07:408][705]LogUObjectHash: Compacting FUObjectHashTables data took   0.68ms
[2020.06.20-22.02.07:432][705]LogUObjectHash: Compacting FUObjectHashTables data took   0.66ms
[2020.06.20-22.02.07:464][705]LogUObjectHash: Compacting FUObjectHashTables data took   0.69ms
[2020.06.20-22.02.07:499][705]LogUObjectHash: Compacting FUObjectHashTables data took   1.93ms
[2020.06.20-22.02.07:527][705]LogUObjectHash: Compacting FUObjectHashTables data took   0.72ms
[2020.06.20-22.02.07:577][705]AssetCheck: New page: Asset Save: multiple assets
[2020.06.20-22.02.07:577][705]LogContentValidation: Display: Validating Texture2D /Game/ShowRoom/Particles/FXTextures/T_EarthColor.T_EarthColor
[2020.06.20-22.02.07:577][705]LogContentValidation: Display: Validating Texture2D /Game/ShowRoom/Particles/FXTextures/T_FireColor.T_FireColor
[2020.06.20-22.02.07:577][705]LogContentValidation: Display: Validating Texture2D /Game/ShowRoom/Particles/FXTextures/T_FireErosion.T_FireErosion
[2020.06.20-22.02.07:577][705]LogContentValidation: Display: Validating Texture2D /Game/ShowRoom/Particles/FXTextures/T_FireMask.T_FireMask
[2020.06.20-22.02.07:578][705]LogContentValidation: Display: Validating Texture2D /Game/ShowRoom/Particles/FXTextures/T_Mask03.T_Mask03
[2020.06.20-22.02.07:578][705]LogContentValidation: Display: Validating Texture2D /Game/ShowRoom/Particles/FXTextures/T_Rim_Mask.T_Rim_Mask
[2020.06.20-22.02.07:578][705]LogContentValidation: Display: Validating Texture2D /Game/ShowRoom/Particles/FXTextures/T_VoronoiNoise.T_VoronoiNoise
[2020.06.20-22.02.07:578][705]LogContentValidation: Display: Validating Texture2D /Game/ShowRoom/Particles/FXTextures/T_Watercolor.T_Watercolor
[2020.06.20-22.02.07:578][705]LogContentValidation: Display: Validating Texture2D /Game/ShowRoom/Particles/FXTextures/T_WaterSlashMask.T_WaterSlashMask
[2020.06.20-22.02.21:653][531]LogUObjectHash: Compacting FUObjectHashTables data took   0.68ms
[2020.06.20-22.02.22:703][531]LogSlate: Window 'Delete Assets' being destroyed
[2020.06.20-22.02.23:021][531]LogUObjectHash: Compacting FUObjectHashTables data took   0.85ms
[2020.06.20-22.02.23:069][531]LogUObjectHash: Compacting FUObjectHashTables data took   0.89ms
[2020.06.20-22.02.23:096][531]LogUObjectHash: Compacting FUObjectHashTables data took   0.87ms
[2020.06.20-22.02.23:463][531]SourceControl: Error: Updated 0 paths from the index
[2020.06.20-22.02.23:740][531]SourceControl: rm 'Content/ShowRoom/Particles/PF_SlashesBreakdown.uasset'
[2020.06.20-22.02.45:575][760]LogSavePackage: Moving 'D:/_DATA/Unreal Projects/VFXShowRoom/Saved/PF_SlahsCartoon2128E10E46FCFC0DA76FBABD3EEA3ED1.tmp' to 'D:/_DATA/Unreal Projects/VFXShowRoom/Content/ShowRoom/rangeca/VFX_Showroom/Common/Meshes/PF_SlahsCartoon.uasset'
[2020.06.20-22.02.46:352][760]LogUObjectHash: Compacting FUObjectHashTables data took   0.71ms
[2020.06.20-22.02.46:392][760]LogUObjectHash: Compacting FUObjectHashTables data took   1.71ms
[2020.06.20-22.02.46:418][760]LogUObjectHash: Compacting FUObjectHashTables data took   0.74ms
[2020.06.20-22.02.46:446][760]AssetCheck: New page: Asset Save: PF_SlahsCartoon
[2020.06.20-22.02.46:446][760]LogContentValidation: Display: Validating ParticleSystem /Game/ShowRoom/rangeca/VFX_Showroom/Common/Meshes/PF_SlahsCartoon.PF_SlahsCartoon
[2020.06.20-22.03.09:860][ 87]LogSavePackage: Moving 'D:/_DATA/Unreal Projects/VFXShowRoom/Saved/PF_SlashCartoon5F1BE1DF4565F2CE113B38994E48EBD5.tmp' to 'D:/_DATA/Unreal Projects/VFXShowRoom/Content/ShowRoom/rangeca/VFX_Showroom/Common/Meshes/PF_SlashCartoon.uasset'
[2020.06.20-22.03.10:785][ 87]LogUObjectHash: Compacting FUObjectHashTables data took   1.08ms
[2020.06.20-22.03.10:824][ 87]LogUObjectHash: Compacting FUObjectHashTables data took   1.90ms
[2020.06.20-22.03.10:852][ 87]LogUObjectHash: Compacting FUObjectHashTables data took   0.66ms
[2020.06.20-22.03.11:103][ 87]SourceControl: rm 'Content/ShowRoom/rangeca/VFX_Showroom/Common/Meshes/PF_SlahsCartoon.uasset'
[2020.06.20-22.03.11:138][ 87]AssetCheck: New page: Asset Save: PF_SlashCartoon
[2020.06.20-22.03.11:138][ 87]LogContentValidation: Display: Validating ParticleSystem /Game/ShowRoom/rangeca/VFX_Showroom/Common/Meshes/PF_SlashCartoon.PF_SlashCartoon
[2020.06.20-22.03.15:961][301]Cmd: OBJ SAVEPACKAGE PACKAGE="/Game/ShowRoom/Particles/PF_SlashCartoon" FILE="D:/_DATA/Unreal Projects/VFXShowRoom/Content/ShowRoom/Particles/PF_SlashCartoon.uasset" SILENT=true
[2020.06.20-22.03.15:989][301]LogSavePackage: Moving 'D:/_DATA/Unreal Projects/VFXShowRoom/Saved/PF_SlashCartoonEF27FF384E4C69E59E6DA5BC8CA180ED.tmp' to 'D:/_DATA/Unreal Projects/VFXShowRoom/Content/ShowRoom/Particles/PF_SlashCartoon.uasset'
[2020.06.20-22.03.16:918][301]LogUObjectHash: Compacting FUObjectHashTables data took   0.79ms
[2020.06.20-22.03.16:956][301]LogUObjectHash: Compacting FUObjectHashTables data took   1.92ms
[2020.06.20-22.03.16:985][301]LogUObjectHash: Compacting FUObjectHashTables data took   1.04ms
[2020.06.20-22.03.17:237][301]SourceControl: rm 'Content/ShowRoom/rangeca/VFX_Showroom/Common/Meshes/PF_SlashCartoon.uasset'
[2020.06.20-22.03.17:270][301]AssetCheck: New page: Asset Save: PF_SlashCartoon
[2020.06.20-22.03.17:271][301]LogContentValidation: Display: Validating ParticleSystem /Game/ShowRoom/Particles/PF_SlashCartoon.PF_SlashCartoon
[2020.06.20-22.03.24:387][697]LogLinker: Warning: While loading 'D:/_DATA/Unreal Projects/VFXShowRoom/Content/ShowRoom/rangeca/VFX_Showroom/MF_TexController.uasset' failed to load '/Game/FXVarietyPack/Textures/T_ky_noise5': Can't find file.
[2020.06.20-22.03.24:387][697]LogLinker: Warning: While loading 'D:/_DATA/Unreal Projects/VFXShowRoom/Content/ShowRoom/rangeca/VFX_Showroom/MF_TexController.uasset' failed to load '/Game/FXVarietyPack/Textures/T_ky_noise5': Can't find file.
[2020.06.20-22.03.24:388][697]LogLinker: Warning: While loading 'D:/_DATA/Unreal Projects/VFXShowRoom/Content/ShowRoom/rangeca/VFX_Showroom/MF_TexController.uasset' failed to load '/Game/FXVarietyPack/Textures/T_ky_noise5': Can't find file.
[2020.06.20-22.03.24:388][697]LogLinker: Warning: While loading 'D:/_DATA/Unreal Projects/VFXShowRoom/Content/ShowRoom/rangeca/VFX_Showroom/MF_TexController.uasset' failed to load '/Game/FXVarietyPack/Textures/T_ky_noise5': Can't find file.
[2020.06.20-22.03.24:390][697]LogLinker: Warning: While loading 'D:/_DATA/Unreal Projects/VFXShowRoom/Content/ShowRoom/rangeca/VFX_Showroom/MF_TexController.uasset' failed to load '/Game/FXVarietyPack/Textures/T_ky_noise5': Can't find file.
[2020.06.20-22.03.24:390][697]LoadErrors: Failed to load /Game/FXVarietyPack/Textures/T_ky_noise5.T_ky_noise5 Referenced by MaterialExpressionTextureObject_0
[2020.06.20-22.03.24:390][697]LogLinker: Warning: While loading 'D:/_DATA/Unreal Projects/VFXShowRoom/Content/ShowRoom/rangeca/VFX_Showroom/MF_TexController.uasset' failed to load '/Game/FXVarietyPack/Textures/T_ky_noise5': Can't find file.
[2020.06.20-22.03.24:391][697]LogLinker: Warning: While loading 'D:/_DATA/Unreal Projects/VFXShowRoom/Content/ShowRoom/rangeca/VFX_Showroom/Common/Meshes/PF_SlashWater_01.uasset' failed to load '/Game/VFX_Showroom/Common/Meshes/PF_SlashWater': Can't find file.
[2020.06.20-22.03.24:391][697]LogLinker: Warning: While loading 'D:/_DATA/Unreal Projects/VFXShowRoom/Content/ShowRoom/rangeca/VFX_Showroom/Common/Meshes/PF_SlashWater_01.uasset' failed to load '/Game/VFX_Showroom/Common/Meshes/PF_SlashWater': Can't find file.
[2020.06.20-22.03.24:391][697]LogLinker: Warning: While loading 'D:/_DATA/Unreal Projects/VFXShowRoom/Content/ShowRoom/rangeca/VFX_Showroom/Common/Meshes/PF_SlashWater_01.uasset' failed to load '/Game/VFX_Showroom/Common/Meshes/PF_SlashWater': Can't find file.
[2020.06.20-22.03.24:391][697]LogLinker: Warning: While loading 'D:/_DATA/Unreal Projects/VFXShowRoom/Content/ShowRoom/rangeca/VFX_Showroom/Common/Meshes/PF_SlashWater_01.uasset' failed to load '/Game/VFX_Showroom/Common/Meshes/PF_SlashWater': Can't find file.
[2020.06.20-22.03.24:392][697]LogLinker: Warning: While loading 'D:/_DATA/Unreal Projects/VFXShowRoom/Content/ShowRoom/rangeca/VFX_Showroom/Common/Meshes/PF_SlashWater_01.uasset' failed to load '/Game/VFX_Showroom/Common/Meshes/PF_SlashWater': Can't find file.
[2020.06.20-22.03.24:392][697]LoadErrors: Failed to load /Game/VFX_Showroom/Common/Meshes/PF_SlashWater.PF_SlashWater Referenced by PF_SlashWater_01
[2020.06.20-22.03.24:392][697]LogLinker: Warning: While loading 'D:/_DATA/Unreal Projects/VFXShowRoom/Content/ShowRoom/rangeca/VFX_Showroom/Common/Meshes/PF_SlashWater_01.uasset' failed to load '/Game/VFX_Showroom/Common/Meshes/PF_SlashWater': Can't find file.
[2020.06.20-22.03.24:416][697]LogUObjectHash: Compacting FUObjectHashTables data took   1.05ms
[2020.06.20-22.03.25:687][697]LogSlate: Window 'Delete Assets' being destroyed
[2020.06.20-22.03.26:133][697]LogUObjectHash: Compacting FUObjectHashTables data took   1.70ms
[2020.06.20-22.03.26:159][697]LogUObjectHash: Compacting FUObjectHashTables data took   0.77ms
[2020.06.20-22.03.26:195][697]LogUObjectHash: Compacting FUObjectHashTables data took   0.73ms
[2020.06.20-22.03.26:223][697]LogUObjectHash: Compacting FUObjectHashTables data took   0.70ms
[2020.06.20-22.03.31:321][984]SourceControl: fatal: C:/Program Files/Epic Games/UE_4.24/Engine/Content: 'C:/Program Files/Epic Games/UE_4.24/Engine/Content' is outside repository at 'D:/_DATA/Unreal Projects/VFXShowRoom'
[2020.06.20-22.03.34:580][984]LogSlate: Window 'Submit Files' being destroyed
[2020.06.20-22.03.37:970][172]LogUObjectHash: Compacting FUObjectHashTables data took   1.82ms
[2020.06.20-22.03.40:803][323]SourceControl: fatal: C:/Program Files/Epic Games/UE_4.24/Engine/Content: 'C:/Program Files/Epic Games/UE_4.24/Engine/Content' is outside repository at 'D:/_DATA/Unreal Projects/VFXShowRoom'
[2020.06.20-22.04.00:923][323]LogSlate: Window 'Submit Files' being destroyed
[2020.06.20-22.04.06:691][323]LogSourceControl: commit successful: [master 1f6f6e6] added Cartoon Slash
[2020.06.20-22.04.07:984][323]SourceControl: [master 1f6f6e6] added Cartoon Slash
[2020.06.20-22.04.07:984][323]SourceControl:  49 files changed, 0 insertions(+), 0 deletions(-)
[2020.06.20-22.04.07:984][323]SourceControl:  rewrite Content/ShowRoom/Level/ShowRoom_BuiltData.uasset (61%)
[2020.06.20-22.04.07:984][323]SourceControl:  create mode 100644 Content/ShowRoom/Materials/MAT_Concrete_Tiles.uasset
[2020.06.20-22.04.07:984][323]SourceControl:  delete mode 100644 Content/ShowRoom/Materials/M_Basic_Floor.uasset
[2020.06.20-22.04.07:984][323]SourceControl:  rewrite Content/ShowRoom/Materials/M_Concrete_Tiles.uasset (99%)
[2020.06.20-22.04.07:984][323]SourceControl:  rewrite Content/ShowRoom/Meshes/Floor_400x400.uasset (95%)
[2020.06.20-22.04.07:984][323]SourceControl:  delete mode 100644 Content/ShowRoom/Meshes/MaterialSphere.uasset
[2020.06.20-22.04.07:984][323]SourceControl:  rewrite Content/ShowRoom/Meshes/Shapes/Shape_Cone.uasset (95%)
[2020.06.20-22.04.07:984][323]SourceControl:  rewrite Content/ShowRoom/Meshes/Shapes/Shape_Cube.uasset (96%)
[2020.06.20-22.04.07:984][323]SourceControl:  rewrite Content/ShowRoom/Meshes/Shapes/Shape_Cylinder.uasset (96%)
[2020.06.20-22.04.07:984][323]SourceControl:  rewrite Content/ShowRoom/Meshes/Shapes/Shape_NarrowCapsule.uasset (63%)
[2020.06.20-22.04.07:984][323]SourceControl:  rewrite Content/ShowRoom/Meshes/Shapes/Shape_Pipe.uasset (95%)
[2020.06.20-22.04.07:984][323]SourceControl:  rewrite Content/ShowRoom/Meshes/Shapes/Shape_Pipe_180.uasset (86%)
[2020.06.20-22.04.07:984][323]SourceControl:  rewrite Content/ShowRoom/Meshes/Shapes/Shape_Pipe_90.uasset (88%)
[2020.06.20-22.04.07:984][323]SourceControl:  rewrite Content/ShowRoom/Meshes/Shapes/Shape_Plane.uasset (95%)
[2020.06.20-22.04.07:985][323]SourceControl:  rewrite Content/ShowRoom/Meshes/Shapes/Shape_Wedge_B.uasset (96%)
[2020.06.20-22.04.07:985][323]SourceControl:  rewrite Content/ShowRoom/Meshes/Shapes/Shape_WideCapsule.uasset (96%)
[2020.06.20-22.04.07:985][323]SourceControl:  create mode 100644 Content/ShowRoom/Particles/FXMaterials/MAT_RimSlashes.uasset
[2020.06.20-22.04.07:985][323]SourceControl:  create mode 100644 Content/ShowRoom/Particles/FXMaterials/MAT_Slashes.uasset
[2020.06.20-22.04.07:985][323]SourceControl:  create mode 100644 Content/ShowRoom/Particles/FXMaterials/MIC_Slashes_Earth.uasset
[2020.06.20-22.04.07:985][323]SourceControl:  create mode 100644 Content/ShowRoom/Particles/FXMaterials/MIC_Slashes_Fire.uasset
[2020.06.20-22.04.07:985][323]SourceControl:  create mode 100644 Content/ShowRoom/Particles/FXMaterials/MIC_Slashes_Rim.uasset
[2020.06.20-22.04.07:985][323]SourceControl:  create mode 100644 Content/ShowRoom/Particles/FXMaterials/MIC_Slashes_Water.uasset
[2020.06.20-22.04.07:985][323]SourceControl:  rename Content/ShowRoom/{Meshes/FX => Particles/FXMeshes}/MDL_FX_CylinderNoise.uasset (100%)
[2020.06.20-22.04.07:985][323]SourceControl:  create mode 100644 Content/ShowRoom/Particles/FXMeshes/MDL_FX_Slash_03.uasset
[2020.06.20-22.04.07:985][323]SourceControl:  create mode 100644 Content/ShowRoom/Particles/FXTextures/T_EarthColor.uasset
[2020.06.20-22.04.07:985][323]SourceControl:  create mode 100644 Content/ShowRoom/Particles/FXTextures/T_FireColor.uasset
[2020.06.20-22.04.07:985][323]SourceControl:  create mode 100644 Content/ShowRoom/Particles/FXTextures/T_FireErosion.uasset
[2020.06.20-22.04.07:985][323]SourceControl:  create mode 100644 Content/ShowRoom/Particles/FXTextures/T_FireMask.uasset
[2020.06.20-22.04.07:985][323]SourceControl:  create mode 100644 Content/ShowRoom/Particles/FXTextures/T_Mask03.uasset
[2020.06.20-22.04.07:985][323]SourceControl:  create mode 100644 Content/ShowRoom/Particles/FXTextures/T_Rim_Mask.uasset
[2020.06.20-22.04.07:985][323]SourceControl:  create mode 100644 Content/ShowRoom/Particles/FXTextures/T_VoronoiNoise.uasset
[2020.06.20-22.04.07:985][323]SourceControl:  create mode 100644 Content/ShowRoom/Particles/FXTextures/T_WaterSlashMask.uasset
[2020.06.20-22.04.07:985][323]SourceControl:  create mode 100644 Content/ShowRoom/Particles/FXTextures/T_Watercolor.uasset
[2020.06.20-22.04.07:985][323]SourceControl:  create mode 100644 Content/ShowRoom/Particles/PF_SlashCartoon.uasset
[2020.06.20-22.04.07:985][323]SourceControl:  delete mode 100644 Content/ShowRoom/Particles/PF_SlashesBreakdown.uasset
[2020.06.20-22.04.07:985][323]SourceControl:  delete mode 100644 Content/ShowRoom/Particles/PS_FlammeThrower.uasset
[2020.06.20-22.04.07:985][323]SourceControl:  create mode 100644 Content/ShowRoom/Textures/GenericTextures/T_Gen_FlowMap.uasset
[2020.06.20-22.04.07:985][323]SourceControl:  create mode 100644 Content/ShowRoom/Textures/GenericTextures/T_Gen_Gradient_V.uasset
[2020.06.20-22.04.07:985][323]SourceControl:  create mode 100644 Content/ShowRoom/Textures/Noises/AnisoMap.uasset
[2020.06.20-22.04.07:985][323]SourceControl:  create mode 100644 Content/ShowRoom/Textures/Noises/BlueNoise.uasset
[2020.06.20-22.04.07:985][323]SourceControl:  create mode 100644 Content/ShowRoom/Textures/Noises/ForceShieldWaves.uasset
[2020.06.20-22.04.07:985][323]SourceControl:  create mode 100644 Content/ShowRoom/Textures/Noises/HoloNormal.uasset
[2020.06.20-22.04.07:985][323]SourceControl:  create mode 100644 Content/ShowRoom/Textures/Noises/Noise_0.uasset
[2020.06.20-22.04.07:986][323]SourceControl:  create mode 100644 Content/ShowRoom/Textures/Noises/Noise_1.uasset
[2020.06.20-22.04.07:986][323]SourceControl:  create mode 100644 Content/ShowRoom/Textures/Noises/dissolve-guide.uasset
[2020.06.20-22.04.07:986][323]SourceControl:  create mode 100644 Content/ShowRoom/Textures/Noises/foam-001.uasset
[2020.06.20-22.04.07:986][323]SourceControl:  create mode 100644 Content/ShowRoom/Textures/Noises/foam-distortion-001.uasset
[2020.06.20-22.04.07:986][323]SourceControl: [master a73c778] added Cartoon Slash
[2020.06.20-22.04.07:986][323]SourceControl:  Date: Sun Jun 21 01:04:04 2020 +0300
[2020.06.20-22.04.07:986][323]SourceControl:  98 files changed, 0 insertions(+), 0 deletions(-)
[2020.06.20-22.04.07:986][323]SourceControl:  rewrite Content/ShowRoom/Level/ShowRoom_BuiltData.uasset (61%)
[2020.06.20-22.04.07:986][323]SourceControl:  create mode 100644 Content/ShowRoom/Materials/MAT_Concrete_Tiles.uasset
[2020.06.20-22.04.07:986][323]SourceControl:  delete mode 100644 Content/ShowRoom/Materials/M_Basic_Floor.uasset
[2020.06.20-22.04.07:986][323]SourceControl:  rewrite Content/ShowRoom/Materials/M_Concrete_Tiles.uasset (99%)
[2020.06.20-22.04.07:986][323]SourceControl:  rewrite Content/ShowRoom/Meshes/Floor_400x400.uasset (95%)
[2020.06.20-22.04.07:986][323]SourceControl:  delete mode 100644 Content/ShowRoom/Meshes/MaterialSphere.uasset
[2020.06.20-22.04.07:986][323]SourceControl:  rewrite Content/ShowRoom/Meshes/Shapes/Shape_Cone.uasset (95%)
[2020.06.20-22.04.07:986][323]SourceControl:  rewrite Content/ShowRoom/Meshes/Shapes/Shape_Cube.uasset (96%)
[2020.06.20-22.04.07:986][323]SourceControl:  rewrite Content/ShowRoom/Meshes/Shapes/Shape_Cylinder.uasset (96%)
[2020.06.20-22.04.07:986][323]SourceControl:  rewrite Content/ShowRoom/Meshes/Shapes/Shape_NarrowCapsule.uasset (63%)
[2020.06.20-22.04.07:986][323]SourceControl:  rewrite Content/ShowRoom/Meshes/Shapes/Shape_Pipe.uasset (95%)
[2020.06.20-22.04.07:986][323]SourceControl:  rewrite Content/ShowRoom/Meshes/Shapes/Shape_Pipe_180.uasset (86%)
[2020.06.20-22.04.07:986][323]SourceControl:  rewrite Content/ShowRoom/Meshes/Shapes/Shape_Pipe_90.uasset (88%)
[2020.06.20-22.04.07:986][323]SourceControl:  rewrite Content/ShowRoom/Meshes/Shapes/Shape_Plane.uasset (95%)
[2020.06.20-22.04.07:986][323]SourceControl:  rewrite Content/ShowRoom/Meshes/Shapes/Shape_Wedge_B.uasset (96%)
[2020.06.20-22.04.07:986][323]SourceControl:  rewrite Content/ShowRoom/Meshes/Shapes/Shape_WideCapsule.uasset (96%)
[2020.06.20-22.04.07:986][323]SourceControl:  create mode 100644 Content/ShowRoom/Particles/FXMaterials/MAT_RimSlashes.uasset
[2020.06.20-22.04.07:986][323]SourceControl:  create mode 100644 Content/ShowRoom/Particles/FXMaterials/MAT_Slashes.uasset
[2020.06.20-22.04.07:986][323]SourceControl:  create mode 100644 Content/ShowRoom/Particles/FXMaterials/MIC_Slashes_Earth.uasset
[2020.06.20-22.04.07:986][323]SourceControl:  create mode 100644 Content/ShowRoom/Particles/FXMaterials/MIC_Slashes_Fire.uasset
[2020.06.20-22.04.07:986][323]SourceControl:  create mode 100644 Content/ShowRoom/Particles/FXMaterials/MIC_Slashes_Rim.uasset
[2020.06.20-22.04.07:986][323]SourceControl:  create mode 100644 Content/ShowRoom/Particles/FXMaterials/MIC_Slashes_Water.uasset
[2020.06.20-22.04.07:986][323]SourceControl:  rename Content/ShowRoom/{Meshes/FX => Particles/FXMeshes}/MDL_FX_CylinderNoise.uasset (100%)
[2020.06.20-22.04.07:986][323]SourceControl:  create mode 100644 Content/ShowRoom/Particles/FXMeshes/MDL_FX_Slash_03.uasset
[2020.06.20-22.04.07:987][323]SourceControl:  create mode 100644 Content/ShowRoom/Particles/FXTextures/T_EarthColor.uasset
[2020.06.20-22.04.07:987][323]SourceControl:  create mode 100644 Content/ShowRoom/Particles/FXTextures/T_FireColor.uasset
[2020.06.20-22.04.07:987][323]SourceControl:  create mode 100644 Content/ShowRoom/Particles/FXTextures/T_FireErosion.uasset
[2020.06.20-22.04.07:987][323]SourceControl:  create mode 100644 Content/ShowRoom/Particles/FXTextures/T_FireMask.uasset
[2020.06.20-22.04.07:987][323]SourceControl:  create mode 100644 Content/ShowRoom/Particles/FXTextures/T_Mask03.uasset
[2020.06.20-22.04.07:987][323]SourceControl:  create mode 100644 Content/ShowRoom/Particles/FXTextures/T_Rim_Mask.uasset
[2020.06.20-22.04.07:987][323]SourceControl:  create mode 100644 Content/ShowRoom/Particles/FXTextures/T_VoronoiNoise.uasset
[2020.06.20-22.04.07:987][323]SourceControl:  create mode 100644 Content/ShowRoom/Particles/FXTextures/T_WaterSlashMask.uasset
[2020.06.20-22.04.07:987][323]SourceControl:  create mode 100644 Content/ShowRoom/Particles/FXTextures/T_Watercolor.uasset
[2020.06.20-22.04.07:987][323]SourceControl:  create mode 100644 Content/ShowRoom/Particles/PF_SlashCartoon.uasset
[2020.06.20-22.04.07:987][323]SourceControl:  delete mode 100644 Content/ShowRoom/Particles/PF_SlashesBreakdown.uasset
[2020.06.20-22.04.07:987][323]SourceControl:  delete mode 100644 Content/ShowRoom/Particles/PS_FlammeThrower.uasset
[2020.06.20-22.04.07:987][323]SourceControl:  create mode 100644 Content/ShowRoom/Textures/GenericTextures/T_Gen_FlowMap.uasset
[2020.06.20-22.04.07:987][323]SourceControl:  create mode 100644 Content/ShowRoom/Textures/GenericTextures/T_Gen_Gradient_V.uasset
[2020.06.20-22.04.07:987][323]SourceControl:  create mode 100644 Content/ShowRoom/Textures/Noises/AnisoMap.uasset
[2020.06.20-22.04.07:987][323]SourceControl:  create mode 100644 Content/ShowRoom/Textures/Noises/BlueNoise.uasset
[2020.06.20-22.04.07:987][323]SourceControl:  create mode 100644 Content/ShowRoom/Textures/Noises/ForceShieldWaves.uasset
[2020.06.20-22.04.07:987][323]SourceControl:  create mode 100644 Content/ShowRoom/Textures/Noises/HoloNormal.uasset
[2020.06.20-22.04.07:987][323]SourceControl:  create mode 100644 Content/ShowRoom/Textures/Noises/Noise_0.uasset
[2020.06.20-22.04.07:987][323]SourceControl:  create mode 100644 Content/ShowRoom/Textures/Noises/Noise_1.uasset
[2020.06.20-22.04.07:987][323]SourceControl:  create mode 100644 Content/ShowRoom/Textures/Noises/Noise_10.uasset
[2020.06.20-22.04.07:987][323]SourceControl:  create mode 100644 Content/ShowRoom/Textures/Noises/Noise_11.uasset
[2020.06.20-22.04.07:987][323]SourceControl:  create mode 100644 Content/ShowRoom/Textures/Noises/Noise_12.uasset
[2020.06.20-22.04.07:987][323]SourceControl:  create mode 100644 Content/ShowRoom/Textures/Noises/Noise_13.uasset
[2020.06.20-22.04.07:987][323]SourceControl:  create mode 100644 Content/ShowRoom/Textures/Noises/Noise_14.uasset
[2020.06.20-22.04.07:987][323]SourceControl:  create mode 100644 Content/ShowRoom/Textures/Noises/Noise_2.uasset
[2020.06.20-22.04.07:987][323]SourceControl:  create mode 100644 Content/ShowRoom/Textures/Noises/Noise_3.uasset
[2020.06.20-22.04.07:988][323]SourceControl:  create mode 100644 Content/ShowRoom/Textures/Noises/Noise_4.uasset
[2020.06.20-22.04.07:988][323]SourceControl:  create mode 100644 Content/ShowRoom/Textures/Noises/Noise_5.uasset
[2020.06.20-22.04.07:988][323]SourceControl:  create mode 100644 Content/ShowRoom/Textures/Noises/Noise_6.uasset
[2020.06.20-22.04.07:988][323]SourceControl:  create mode 100644 Content/ShowRoom/Textures/Noises/Noise_7.uasset
[2020.06.20-22.04.07:988][323]SourceControl:  create mode 100644 Content/ShowRoom/Textures/Noises/Noise_8.uasset
[2020.06.20-22.04.07:988][323]SourceControl:  create mode 100644 Content/ShowRoom/Textures/Noises/Noise_9.uasset
[2020.06.20-22.04.07:988][323]SourceControl:  create mode 100644 Content/ShowRoom/Textures/Noises/Noise_Cartoon_RGB.uasset
[2020.06.20-22.04.07:988][323]SourceControl:  create mode 100644 Content/ShowRoom/Textures/Noises/Noise_Caustics.uasset
[2020.06.20-22.04.07:988][323]SourceControl:  create mode 100644 Content/ShowRoom/Textures/Noises/Noise_Caustics_tile.uasset
[2020.06.20-22.04.07:988][323]SourceControl:  create mode 100644 Content/ShowRoom/Textures/Noises/Noise_Cells.uasset
[2020.06.20-22.04.07:988][323]SourceControl:  create mode 100644 Content/ShowRoom/Textures/Noises/Noise_Cells_02.uasset
[2020.06.20-22.04.07:988][323]SourceControl:  create mode 100644 Content/ShowRoom/Textures/Noises/Noise_Circular.uasset
[2020.06.20-22.04.07:988][323]SourceControl:  create mode 100644 Content/ShowRoom/Textures/Noises/Noise_FBM_01.uasset
[2020.06.20-22.04.07:988][323]SourceControl:  create mode 100644 Content/ShowRoom/Textures/Noises/Noise_FBM_02.uasset
[2020.06.20-22.04.07:988][323]SourceControl:  create mode 100644 Content/ShowRoom/Textures/Noises/Noise_FBM_03.uasset
[2020.06.20-22.04.07:988][323]SourceControl:  create mode 100644 Content/ShowRoom/Textures/Noises/Noise_FBM_04.uasset
[2020.06.20-22.04.07:988][323]SourceControl:  create mode 100644 Content/ShowRoom/Textures/Noises/Noise_Gadient.uasset
[2020.06.20-22.04.07:988][323]SourceControl:  create mode 100644 Content/ShowRoom/Textures/Noises/Noise_Marble.uasset
[2020.06.20-22.04.07:988][323]SourceControl:  create mode 100644 Content/ShowRoom/Textures/Noises/Noise_Marble_02.uasset
[2020.06.20-22.04.07:988][323]SourceControl:  create mode 100644 Content/ShowRoom/Textures/Noises/Noise_Perlin.uasset
[2020.06.20-22.04.07:988][323]SourceControl:  create mode 100644 Content/ShowRoom/Textures/Noises/Noise_Picasso.uasset
[2020.06.20-22.04.07:988][323]SourceControl:  create mode 100644 Content/ShowRoom/Textures/Noises/Noise_RGB.uasset
[2020.06.20-22.04.07:989][323]SourceControl:  create mode 100644 Content/ShowRoom/Textures/Noises/Noise_Spark.uasset
[2020.06.20-22.04.07:989][323]SourceControl:  create mode 100644 Content/ShowRoom/Textures/Noises/Noise_Spark_02.uasset
[2020.06.20-22.04.07:989][323]SourceControl:  create mode 100644 Content/ShowRoom/Textures/Noises/Noise_Square.uasset
[2020.06.20-22.04.07:989][323]SourceControl:  create mode 100644 Content/ShowRoom/Textures/Noises/Noise_Square_02.uasset
[2020.06.20-22.04.07:989][323]SourceControl:  create mode 100644 Content/ShowRoom/Textures/Noises/Noise_Square_03.uasset
[2020.06.20-22.04.07:989][323]SourceControl:  create mode 100644 Content/ShowRoom/Textures/Noises/Noise_Tessalate.uasset
[2020.06.20-22.04.07:989][323]SourceControl:  create mode 100644 Content/ShowRoom/Textures/Noises/Noise_Tessalate_02.uasset
[2020.06.20-22.04.07:989][323]SourceControl:  create mode 100644 Content/ShowRoom/Textures/Noises/Noise_Tile.uasset
[2020.06.20-22.04.07:989][323]SourceControl:  create mode 100644 Content/ShowRoom/Textures/Noises/Noise_Veins.uasset
[2020.06.20-22.04.07:989][323]SourceControl:  create mode 100644 Content/ShowRoom/Textures/Noises/Noise_Vitrail.uasset
[2020.06.20-22.04.07:989][323]SourceControl:  create mode 100644 Content/ShowRoom/Textures/Noises/Noise_Vitrail_02.uasset
[2020.06.20-22.04.07:989][323]SourceControl:  create mode 100644 Content/ShowRoom/Textures/Noises/Noise_Voronoi.uasset
[2020.06.20-22.04.07:989][323]SourceControl:  create mode 100644 Content/ShowRoom/Textures/Noises/Noise_Voronoi_02.uasset
[2020.06.20-22.04.07:989][323]SourceControl:  create mode 100644 Content/ShowRoom/Textures/Noises/PortalNormal.uasset
[2020.06.20-22.04.07:989][323]SourceControl:  create mode 100644 Content/ShowRoom/Textures/Noises/SimpleFoam.uasset
[2020.06.20-22.04.07:989][323]SourceControl:  create mode 100644 Content/ShowRoom/Textures/Noises/SmallWaves.uasset
[2020.06.20-22.04.07:989][323]SourceControl:  create mode 100644 Content/ShowRoom/Textures/Noises/SmoothNoise.uasset
[2020.06.20-22.04.07:989][323]SourceControl:  create mode 100644 Content/ShowRoom/Textures/Noises/TarpHeight.uasset
[2020.06.20-22.04.07:989][323]SourceControl:  create mode 100644 Content/ShowRoom/Textures/Noises/TarpNormal.uasset
[2020.06.20-22.04.07:989][323]SourceControl:  create mode 100644 Content/ShowRoom/Textures/Noises/dissolve-guide.uasset
[2020.06.20-22.04.07:989][323]SourceControl:  create mode 100644 Content/ShowRoom/Textures/Noises/foam-001.uasset
[2020.06.20-22.04.07:989][323]SourceControl:  create mode 100644 Content/ShowRoom/Textures/Noises/foam-distortion-001.uasset
[2020.06.20-22.04.07:989][323]SourceControl:  create mode 100644 Content/ShowRoom/Textures/Noises/rock_n.uasset
[2020.06.20-22.04.08:005][323]SourceControl: Commited [master 1f6f6e6] added Cartoon Slash.
