Log file open, 09/26/20 12:44:47
LogWindows: Failed to load 'aqProf.dll' (GetLastError=126)
LogWindows: File 'aqProf.dll' does not exist
LogWindows: Failed to load 'VtuneApi.dll' (GetLastError=126)
LogWindows: File 'VtuneApi.dll' does not exist
LogWindows: Failed to load 'VtuneApi32e.dll' (GetLastError=126)
LogWindows: File 'VtuneApi32e.dll' does not exist
LogConsoleResponse: Display: Failed to find resolution value strings in scalability ini. Falling back to default.
LogInit: Display: Running engine for game: VFXSHOWROOM
LogPlatformFile: Not using cached read wrapper
LogTaskGraph: Started task graph with 5 named threads and 23 total threads with 3 sets of task threads.
LogStats: Stats thread started at 0.116401
LogD3D11RHI: Loaded GFSDK_Aftermath_Lib.x64.dll
LogICUInternationalization: ICU TimeZone Detection - Raw Offset: +2:00, Platform Override: ''
LogPluginManager: Mounting plugin Paper2D
LogPluginManager: Mounting plugin AISupport
LogPluginManager: Mounting plugin LightPropagationVolume
LogPluginManager: Mounting plugin ActorLayerUtilities
LogPluginManager: Mounting plugin AnimationSharing
LogPluginManager: Mounting plugin CLionSourceCodeAccess
LogPluginManager: Mounting plugin CodeLiteSourceCodeAccess
LogPluginManager: Mounting plugin GitSourceControl
LogPluginManager: Mounting plugin KDevelopSourceCodeAccess
LogPluginManager: Mounting plugin NullSourceCodeAccess
LogPluginManager: Mounting plugin PerforceSourceControl
LogPluginManager: Mounting plugin PlasticSourceControl
LogPluginManager: Mounting plugin SubversionSourceControl
LogPluginManager: Mounting plugin UObjectPlugin
LogPluginManager: Mounting plugin VisualStudioCodeSourceCodeAccess
LogPluginManager: Mounting plugin VisualStudioSourceCodeAccess
LogPluginManager: Mounting plugin XCodeSourceCodeAccess
LogPluginManager: Mounting plugin AssetManagerEditor
LogPluginManager: Mounting plugin CryptoKeys
LogPluginManager: Mounting plugin CurveEditorTools
LogPluginManager: Mounting plugin DataValidation
LogPluginManager: Mounting plugin FacialAnimation
LogPluginManager: Mounting plugin GameplayTagsEditor
LogPluginManager: Mounting plugin MacGraphicsSwitching
LogPluginManager: Mounting plugin MaterialAnalyzer
LogPluginManager: Mounting plugin MobileLauncherProfileWizard
LogPluginManager: Mounting plugin PluginBrowser
LogPluginManager: Mounting plugin SpeedTreeImporter
LogPluginManager: Mounting plugin DatasmithContent
LogPluginManager: Mounting plugin VariantManagerContent
LogPluginManager: Mounting plugin AlembicImporter
LogPluginManager: Mounting plugin AutomationUtils
LogPluginManager: Mounting plugin BackChannel
LogPluginManager: Mounting plugin CharacterAI
LogPluginManager: Mounting plugin GeometryCache
LogPluginManager: Mounting plugin PlatformCrypto
LogPluginManager: Mounting plugin ProxyLODPlugin
LogPluginManager: Mounting plugin SkeletalReduction
LogPluginManager: Mounting plugin MagicLeap
LogPluginManager: Mounting plugin MagicLeapMedia
LogPluginManager: Mounting plugin MLSDK
LogPluginManager: Mounting plugin BlueprintJson
LogPluginManager: Mounting plugin AndroidMedia
LogPluginManager: Mounting plugin AvfMedia
LogPluginManager: Mounting plugin ImgMedia
LogPluginManager: Mounting plugin MediaCompositing
LogPluginManager: Mounting plugin MediaPlayerEditor
LogPluginManager: Mounting plugin WebMMedia
LogPluginManager: Mounting plugin WmfMedia
LogPluginManager: Mounting plugin TcpMessaging
LogPluginManager: Mounting plugin UdpMessaging
LogPluginManager: Mounting plugin ActorSequence
LogPluginManager: Mounting plugin LevelSequenceEditor
LogPluginManager: Mounting plugin MatineeToLevelSequence
LogPluginManager: Mounting plugin NetcodeUnitTest
LogPluginManager: Mounting plugin NUTUnrealEngine4
LogPluginManager: Mounting plugin OnlineSubsystemGooglePlay
LogPluginManager: Mounting plugin OnlineSubsystemIOS
LogPluginManager: Mounting plugin OnlineSubsystem
LogPluginManager: Mounting plugin OnlineSubsystemNull
LogPluginManager: Mounting plugin OnlineSubsystemUtils
LogPluginManager: Mounting plugin LauncherChunkInstaller
LogPluginManager: Mounting plugin AndroidDeviceProfileSelector
LogPluginManager: Mounting plugin AndroidMoviePlayer
LogPluginManager: Mounting plugin AndroidPermission
LogPluginManager: Mounting plugin AppleImageUtils
LogPluginManager: Mounting plugin AppleMoviePlayer
LogPluginManager: Mounting plugin ArchVisCharacter
LogPluginManager: Mounting plugin AssetTags
LogPluginManager: Mounting plugin AudioCapture
LogPluginManager: Mounting plugin CableComponent
LogPluginManager: Mounting plugin CustomMeshComponent
LogPluginManager: Mounting plugin EditableMesh
LogPluginManager: Mounting plugin ExampleDeviceProfileSelector
LogPluginManager: Mounting plugin GoogleCloudMessaging
LogPluginManager: Mounting plugin IOSDeviceProfileSelector
LogPluginManager: Mounting plugin LinuxDeviceProfileSelector
LogPluginManager: Mounting plugin LocationServicesBPLibrary
LogPluginManager: Mounting plugin MobilePatchingUtils
LogPluginManager: Mounting plugin OculusVR
LogPluginManager: Mounting plugin PhysXVehicles
LogPluginManager: Mounting plugin PostSplashScreen
LogPluginManager: Mounting plugin ProceduralMeshComponent
LogPluginManager: Mounting plugin RuntimePhysXCooking
LogPluginManager: Mounting plugin SignificanceManager
LogPluginManager: Mounting plugin SteamVR
LogPluginManager: Mounting plugin WebMMoviePlayer
LogPluginManager: Mounting plugin WindowsMoviePlayer
LogPluginManager: Mounting plugin ScreenshotTools
LogInit: Using libcurl 7.55.1-DEV
LogInit:  - built for x86_64-pc-win32
LogInit:  - supports SSL with OpenSSL/1.1.1
LogInit:  - supports HTTP deflate (compression) using libz 1.2.8
LogInit:  - other features:
LogInit:      CURL_VERSION_SSL
LogInit:      CURL_VERSION_LIBZ
LogInit:      CURL_VERSION_IPV6
LogInit:      CURL_VERSION_ASYNCHDNS
LogInit:      CURL_VERSION_LARGEFILE
LogInit:      CURL_VERSION_IDN
LogInit:  CurlRequestOptions (configurable via config and command line):
LogInit:  - bVerifyPeer = true  - Libcurl will verify peer certificate
LogInit:  - bUseHttpProxy = false  - Libcurl will NOT use HTTP proxy
LogInit:  - bDontReuseConnections = false  - Libcurl will reuse connections
LogInit:  - MaxHostConnections = 16  - Libcurl will limit the number of connections to a host
LogInit:  - LocalHostAddr = Default
LogInit:  - BufferSize = 65536
LogOnline: OSS: Creating online subsystem instance for: NULL
LogInit: WinSock: version 1.1 (2.2), MaxSocks=32767, MaxUdp=65467
LogOnline: OSS: TryLoadSubsystemAndSetDefault: Loaded subsystem for module [NULL]
LogInit: Build: ++UE4+Release-4.24-CL-11590370
LogInit: Engine Version: 4.24.3-11590370+++UE4+Release-4.24
LogInit: Compatible Engine Version: 4.24.0-10570792+++UE4+Release-4.24
LogInit: Net CL: 10570792
LogInit: OS: Windows 10 (Release 1903) (), CPU: Intel(R) Core(TM) i7-6700HQ CPU @ 2.60GHz, GPU: Intel(R) HD Graphics 530
LogInit: Compiled (64-bit): Feb 24 2020 15:39:18
LogInit: Compiled with Visual C++: 19.16.27032.01
LogInit: Build Configuration: Development
LogInit: Branch Name: ++UE4+Release-4.24
LogInit: Command Line: 
LogInit: Base Directory: C:/Program Files/Epic Games/UE_4.24/Engine/Binaries/Win64/
LogInit: Installed Engine Build: 1
LogDevObjectVersion: Number of dev versions registered: 25
LogDevObjectVersion:   Dev-Blueprints (B0D832E4-1F89-4F0D-ACCF-7EB736FD4AA2): 10
LogDevObjectVersion:   Dev-Build (E1C64328-A22C-4D53-A36C-8E866417BD8C): 0
LogDevObjectVersion:   Dev-Core (375EC13C-06E4-48FB-B500-84F0262A717E): 3
LogDevObjectVersion:   Dev-Editor (E4B068ED-F494-42E9-A231-DA0B2E46BB41): 37
LogDevObjectVersion:   Dev-Framework (CFFC743F-43B0-4480-9391-14DF171D2073): 36
LogDevObjectVersion:   Dev-Mobile (B02B49B5-BB20-44E9-A304-32B752E40360): 2
LogDevObjectVersion:   Dev-Networking (A4E4105C-59A1-49B5-A7C5-40C4547EDFEE): 0
LogDevObjectVersion:   Dev-Online (39C831C9-5AE6-47DC-9A44-9C173E1C8E7C): 0
LogDevObjectVersion:   Dev-Physics (78F01B33-EBEA-4F98-B9B4-84EACCB95AA2): 2
LogDevObjectVersion:   Dev-Platform (6631380F-2D4D-43E0-8009-CF276956A95A): 0
LogDevObjectVersion:   Dev-Rendering (12F88B9F-8875-4AFC-A67C-D90C383ABD29): 36
LogDevObjectVersion:   Dev-Sequencer (7B5AE74C-D270-4C10-A958-57980B212A5A): 11
LogDevObjectVersion:   Dev-VR (D7296918-1DD6-4BDD-9DE2-64A83CC13884): 2
LogDevObjectVersion:   Dev-LoadTimes (C2A15278-BFE7-4AFE-6C17-90FF531DF755): 1
LogDevObjectVersion:   Private-Geometry (6EACA3D4-40EC-4CC1-B786-8BED09428FC5): 3
LogDevObjectVersion:   Dev-AnimPhys (29E575DD-E0A3-4627-9D10-D276232CDCEA): 17
LogDevObjectVersion:   Dev-Anim (AF43A65D-7FD3-4947-9873-3E8ED9C1BB05): 2
LogDevObjectVersion:   Dev-ReflectionCapture (6B266CEC-1EC7-4B8F-A30B-E4D90942FC07): 1
LogDevObjectVersion:   Dev-Automation (0DF73D61-A23F-47EA-B727-89E90C41499A): 1
LogDevObjectVersion:   FortniteMain (601D1886-AC64-4F84-AA16-D3DE0DEAC7D6): 31
LogDevObjectVersion:   Dev-Enterprise (9DFFBCD6-494F-0158-E221-12823C92A888): 8
LogDevObjectVersion:   Dev-Niagara (F2AED0AC-9AFE-416F-8664-AA7FFA26D6FC): 1
LogDevObjectVersion:   Dev-Destruction (174F1F0B-B4C6-45A5-B13F-2EE8D0FB917D): 9
LogDevObjectVersion:   Dev-Physics-Ext (35F94A83-E258-406C-A318-09F59610247C): 8
LogDevObjectVersion:   Dev-CineCamera (B2E18506-4273-CFC2-A54E-F4BB758BBA07): 1
LogInit: Presizing for max 25165824 objects, including 0 objects not considered by GC, pre-allocating 0 bytes for permanent pool.
LogInit: Object subsystem initialized
LogConfig: Setting CVar [[con.DebugEarlyDefault:1]]
LogConfig: Setting CVar [[r.setres:1280x720]]
[2020.09.26-09.44.48:037][  0]LogConfig: Setting CVar [[r.VSync:0]]
[2020.09.26-09.44.48:037][  0]LogConfig: Setting CVar [[r.RHICmdBypass:0]]
[2020.09.26-09.44.48:037][  0]LogConfig: Applying CVar settings from Section [/Script/Engine.RendererSettings] File [D:/_DATA/Unreal Projects/VFXShowRoom/Saved/Config/Windows/Engine.ini]
[2020.09.26-09.44.48:038][  0]LogConfig: Setting CVar [[r.GPUCrashDebugging:0]]
[2020.09.26-09.44.48:038][  0]LogConfig: Applying CVar settings from Section [/Script/Engine.RendererOverrideSettings] File [D:/_DATA/Unreal Projects/VFXShowRoom/Saved/Config/Windows/Engine.ini]
[2020.09.26-09.44.48:038][  0]LogConfig: Applying CVar settings from Section [/Script/Engine.StreamingSettings] File [D:/_DATA/Unreal Projects/VFXShowRoom/Saved/Config/Windows/Engine.ini]
[2020.09.26-09.44.48:038][  0]LogConfig: Setting CVar [[s.MinBulkDataSizeForAsyncLoading:131072]]
[2020.09.26-09.44.48:038][  0]LogConfig: Setting CVar [[s.AsyncLoadingThreadEnabled:0]]
[2020.09.26-09.44.48:038][  0]LogConfig: Setting CVar [[s.EventDrivenLoaderEnabled:1]]
[2020.09.26-09.44.48:038][  0]LogConfig: Setting CVar [[s.WarnIfTimeLimitExceeded:0]]
[2020.09.26-09.44.48:038][  0]LogConfig: Setting CVar [[s.TimeLimitExceededMultiplier:1.5]]
[2020.09.26-09.44.48:038][  0]LogConfig: Setting CVar [[s.TimeLimitExceededMinTime:0.005]]
[2020.09.26-09.44.48:038][  0]LogConfig: Setting CVar [[s.UseBackgroundLevelStreaming:1]]
[2020.09.26-09.44.48:038][  0]LogConfig: Setting CVar [[s.PriorityAsyncLoadingExtraTime:15.0]]
[2020.09.26-09.44.48:038][  0]LogConfig: Setting CVar [[s.LevelStreamingActorsUpdateTimeLimit:5.0]]
[2020.09.26-09.44.48:038][  0]LogConfig: Setting CVar [[s.PriorityLevelStreamingActorsUpdateExtraTime:5.0]]
[2020.09.26-09.44.48:038][  0]LogConfig: Setting CVar [[s.LevelStreamingComponentsRegistrationGranularity:10]]
[2020.09.26-09.44.48:038][  0]LogConfig: Setting CVar [[s.UnregisterComponentsTimeLimit:1.0]]
[2020.09.26-09.44.48:038][  0]LogConfig: Setting CVar [[s.LevelStreamingComponentsUnregistrationGranularity:5]]
[2020.09.26-09.44.48:038][  0]LogConfig: Setting CVar [[s.FlushStreamingOnExit:1]]
[2020.09.26-09.44.48:038][  0]LogConfig: Applying CVar settings from Section [/Script/Engine.GarbageCollectionSettings] File [D:/_DATA/Unreal Projects/VFXShowRoom/Saved/Config/Windows/Engine.ini]
[2020.09.26-09.44.48:038][  0]LogConfig: Setting CVar [[gc.MaxObjectsNotConsideredByGC:1]]
[2020.09.26-09.44.48:038][  0]LogConfig: Setting CVar [[gc.SizeOfPermanentObjectPool:0]]
[2020.09.26-09.44.48:038][  0]LogConfig: Setting CVar [[gc.FlushStreamingOnGC:0]]
[2020.09.26-09.44.48:038][  0]LogConfig: Setting CVar [[gc.NumRetriesBeforeForcingGC:10]]
[2020.09.26-09.44.48:038][  0]LogConfig: Setting CVar [[gc.AllowParallelGC:1]]
[2020.09.26-09.44.48:038][  0]LogConfig: Setting CVar [[gc.TimeBetweenPurgingPendingKillObjects:61.1]]
[2020.09.26-09.44.48:038][  0]LogConfig: Setting CVar [[gc.MaxObjectsInEditor:25165824]]
[2020.09.26-09.44.48:038][  0]LogConfig: Setting CVar [[gc.IncrementalBeginDestroyEnabled:1]]
[2020.09.26-09.44.48:038][  0]LogConfig: Setting CVar [[gc.CreateGCClusters:1]]
[2020.09.26-09.44.48:038][  0]LogConfig: Setting CVar [[gc.MinGCClusterSize:5]]
[2020.09.26-09.44.48:038][  0]LogConfig: Setting CVar [[gc.ActorClusteringEnabled:0]]
[2020.09.26-09.44.48:038][  0]LogConfig: Setting CVar [[gc.BlueprintClusteringEnabled:0]]
[2020.09.26-09.44.48:038][  0]LogConfig: Setting CVar [[gc.UseDisregardForGCOnDedicatedServers:0]]
[2020.09.26-09.44.48:038][  0]LogConfig: Applying CVar settings from Section [/Script/Engine.NetworkSettings] File [D:/_DATA/Unreal Projects/VFXShowRoom/Saved/Config/Windows/Engine.ini]
[2020.09.26-09.44.48:039][  0]LogConfig: Applying CVar settings from Section [/Script/UnrealEd.CookerSettings] File [D:/_DATA/Unreal Projects/VFXShowRoom/Saved/Config/Windows/Engine.ini]
[2020.09.26-09.44.48:042][  0]LogConfig: Applying CVar settings from Section [ViewDistanceQuality@3] File [D:/_DATA/Unreal Projects/VFXShowRoom/Saved/Config/Windows/Scalability.ini]
[2020.09.26-09.44.48:042][  0]LogConfig: Setting CVar [[r.SkeletalMeshLODBias:0]]
[2020.09.26-09.44.48:042][  0]LogConfig: Setting CVar [[r.ViewDistanceScale:1.0]]
[2020.09.26-09.44.48:042][  0]LogConfig: Applying CVar settings from Section [AntiAliasingQuality@3] File [D:/_DATA/Unreal Projects/VFXShowRoom/Saved/Config/Windows/Scalability.ini]
[2020.09.26-09.44.48:042][  0]LogConfig: Setting CVar [[r.PostProcessAAQuality:4]]
[2020.09.26-09.44.48:042][  0]LogConfig: Applying CVar settings from Section [ShadowQuality@3] File [D:/_DATA/Unreal Projects/VFXShowRoom/Saved/Config/Windows/Scalability.ini]
[2020.09.26-09.44.48:042][  0]LogConfig: Setting CVar [[r.LightFunctionQuality:1]]
[2020.09.26-09.44.48:042][  0]LogConfig: Setting CVar [[r.ShadowQuality:5]]
[2020.09.26-09.44.48:042][  0]LogConfig: Setting CVar [[r.Shadow.CSM.MaxCascades:10]]
[2020.09.26-09.44.48:042][  0]LogConfig: Setting CVar [[r.Shadow.MaxResolution:2048]]
[2020.09.26-09.44.48:043][  0]LogConfig: Setting CVar [[r.Shadow.MaxCSMResolution:2048]]
[2020.09.26-09.44.48:043][  0]LogConfig: Setting CVar [[r.Shadow.RadiusThreshold:0.01]]
[2020.09.26-09.44.48:043][  0]LogConfig: Setting CVar [[r.Shadow.DistanceScale:1.0]]
[2020.09.26-09.44.48:043][  0]LogConfig: Setting CVar [[r.Shadow.CSM.TransitionScale:1.0]]
[2020.09.26-09.44.48:043][  0]LogConfig: Setting CVar [[r.Shadow.PreShadowResolutionFactor:1.0]]
[2020.09.26-09.44.48:043][  0]LogConfig: Setting CVar [[r.DistanceFieldShadowing:1]]
[2020.09.26-09.44.48:043][  0]LogConfig: Setting CVar [[r.DistanceFieldAO:1]]
[2020.09.26-09.44.48:043][  0]LogConfig: Setting CVar [[r.AOQuality:2]]
[2020.09.26-09.44.48:043][  0]LogConfig: Setting CVar [[r.VolumetricFog:1]]
[2020.09.26-09.44.48:043][  0]LogConfig: Setting CVar [[r.VolumetricFog.GridPixelSize:8]]
[2020.09.26-09.44.48:043][  0]LogConfig: Setting CVar [[r.VolumetricFog.GridSizeZ:128]]
[2020.09.26-09.44.48:043][  0]LogConfig: Setting CVar [[r.VolumetricFog.HistoryMissSupersampleCount:4]]
[2020.09.26-09.44.48:043][  0]LogConfig: Setting CVar [[r.LightMaxDrawDistanceScale:1]]
[2020.09.26-09.44.48:043][  0]LogConfig: Setting CVar [[r.CapsuleShadows:1]]
[2020.09.26-09.44.48:043][  0]LogConfig: Applying CVar settings from Section [PostProcessQuality@3] File [D:/_DATA/Unreal Projects/VFXShowRoom/Saved/Config/Windows/Scalability.ini]
[2020.09.26-09.44.48:043][  0]LogConfig: Setting CVar [[r.MotionBlurQuality:4]]
[2020.09.26-09.44.48:043][  0]LogConfig: Setting CVar [[r.AmbientOcclusionMipLevelFactor:0.4]]
[2020.09.26-09.44.48:043][  0]LogConfig: Setting CVar [[r.AmbientOcclusionMaxQuality:100]]
[2020.09.26-09.44.48:043][  0]LogConfig: Setting CVar [[r.AmbientOcclusionLevels:-1]]
[2020.09.26-09.44.48:043][  0]LogConfig: Setting CVar [[r.AmbientOcclusionRadiusScale:1.0]]
[2020.09.26-09.44.48:043][  0]LogConfig: Setting CVar [[r.DepthOfFieldQuality:2]]
[2020.09.26-09.44.48:043][  0]LogConfig: Setting CVar [[r.RenderTargetPoolMin:400]]
[2020.09.26-09.44.48:044][  0]LogConfig: Setting CVar [[r.LensFlareQuality:2]]
[2020.09.26-09.44.48:044][  0]LogConfig: Setting CVar [[r.SceneColorFringeQuality:1]]
[2020.09.26-09.44.48:044][  0]LogConfig: Setting CVar [[r.EyeAdaptationQuality:2]]
[2020.09.26-09.44.48:044][  0]LogConfig: Setting CVar [[r.BloomQuality:5]]
[2020.09.26-09.44.48:044][  0]LogConfig: Setting CVar [[r.FastBlurThreshold:100]]
[2020.09.26-09.44.48:044][  0]LogConfig: Setting CVar [[r.Upscale.Quality:3]]
[2020.09.26-09.44.48:044][  0]LogConfig: Setting CVar [[r.Tonemapper.GrainQuantization:1]]
[2020.09.26-09.44.48:044][  0]LogConfig: Setting CVar [[r.LightShaftQuality:1]]
[2020.09.26-09.44.48:044][  0]LogConfig: Setting CVar [[r.Filter.SizeScale:1]]
[2020.09.26-09.44.48:044][  0]LogConfig: Setting CVar [[r.Tonemapper.Quality:5]]
[2020.09.26-09.44.48:044][  0]LogConfig: Setting CVar [[r.DOF.Gather.AccumulatorQuality:1        ; higher gathering accumulator quality]]
[2020.09.26-09.44.48:044][  0]LogConfig: Setting CVar [[r.DOF.Gather.PostfilterMethod:1          ; Median3x3 postfilering method]]
[2020.09.26-09.44.48:044][  0]LogConfig: Setting CVar [[r.DOF.Gather.EnableBokehSettings:0       ; no bokeh simulation when gathering]]
[2020.09.26-09.44.48:044][  0]LogConfig: Setting CVar [[r.DOF.Gather.RingCount:4                 ; medium number of samples when gathering]]
[2020.09.26-09.44.48:044][  0]LogConfig: Setting CVar [[r.DOF.Scatter.ForegroundCompositing:1    ; additive foreground scattering]]
[2020.09.26-09.44.48:044][  0]LogConfig: Setting CVar [[r.DOF.Scatter.BackgroundCompositing:2    ; additive background scattering]]
[2020.09.26-09.44.48:044][  0]LogConfig: Setting CVar [[r.DOF.Scatter.EnableBokehSettings:1      ; bokeh simulation when scattering]]
[2020.09.26-09.44.48:044][  0]LogConfig: Setting CVar [[r.DOF.Scatter.MaxSpriteRatio:0.1         ; only a maximum of 10% of scattered bokeh]]
[2020.09.26-09.44.48:044][  0]LogConfig: Setting CVar [[r.DOF.Recombine.Quality:1                ; cheap slight out of focus]]
[2020.09.26-09.44.48:044][  0]LogConfig: Setting CVar [[r.DOF.Recombine.EnableBokehSettings:0    ; no bokeh simulation on slight out of focus]]
[2020.09.26-09.44.48:044][  0]LogConfig: Setting CVar [[r.DOF.TemporalAAQuality:1                ; more stable temporal accumulation]]
[2020.09.26-09.44.48:044][  0]LogConfig: Setting CVar [[r.DOF.Kernel.MaxForegroundRadius:0.025]]
[2020.09.26-09.44.48:044][  0]LogConfig: Setting CVar [[r.DOF.Kernel.MaxBackgroundRadius:0.025]]
[2020.09.26-09.44.48:044][  0]LogConfig: Applying CVar settings from Section [TextureQuality@3] File [D:/_DATA/Unreal Projects/VFXShowRoom/Saved/Config/Windows/Scalability.ini]
[2020.09.26-09.44.48:044][  0]LogConfig: Setting CVar [[r.Streaming.MipBias:0]]
[2020.09.26-09.44.48:044][  0]LogConfig: Setting CVar [[r.Streaming.AmortizeCPUToGPUCopy:0]]
[2020.09.26-09.44.48:044][  0]LogConfig: Setting CVar [[r.Streaming.MaxNumTexturesToStreamPerFrame:0]]
[2020.09.26-09.44.48:045][  0]LogConfig: Setting CVar [[r.Streaming.Boost:1]]
[2020.09.26-09.44.48:045][  0]LogConfig: Setting CVar [[r.MaxAnisotropy:8]]
[2020.09.26-09.44.48:045][  0]LogConfig: Setting CVar [[r.VT.MaxAnisotropy:8]]
[2020.09.26-09.44.48:045][  0]LogConfig: Setting CVar [[r.Streaming.LimitPoolSizeToVRAM:0]]
[2020.09.26-09.44.48:045][  0]LogConfig: Setting CVar [[r.Streaming.PoolSize:1000]]
[2020.09.26-09.44.48:045][  0]LogConfig: Setting CVar [[r.Streaming.MaxEffectiveScreenSize:0]]
[2020.09.26-09.44.48:045][  0]LogConfig: Applying CVar settings from Section [EffectsQuality@3] File [D:/_DATA/Unreal Projects/VFXShowRoom/Saved/Config/Windows/Scalability.ini]
[2020.09.26-09.44.48:045][  0]LogConfig: Setting CVar [[r.TranslucencyLightingVolumeDim:64]]
[2020.09.26-09.44.48:045][  0]LogConfig: Setting CVar [[r.RefractionQuality:2]]
[2020.09.26-09.44.48:045][  0]LogConfig: Setting CVar [[r.SSR.Quality:3]]
[2020.09.26-09.44.48:045][  0]LogConfig: Setting CVar [[r.SSR.HalfResSceneColor:0]]
[2020.09.26-09.44.48:045][  0]LogConfig: Setting CVar [[r.SceneColorFormat:4]]
[2020.09.26-09.44.48:045][  0]LogConfig: Setting CVar [[r.DetailMode:2]]
[2020.09.26-09.44.48:045][  0]LogConfig: Setting CVar [[r.TranslucencyVolumeBlur:1]]
[2020.09.26-09.44.48:045][  0]LogConfig: Setting CVar [[r.MaterialQualityLevel:1 ; High quality]]
[2020.09.26-09.44.48:045][  0]LogConfig: Setting CVar [[r.SSS.Scale:1]]
[2020.09.26-09.44.48:045][  0]LogConfig: Setting CVar [[r.SSS.SampleSet:2]]
[2020.09.26-09.44.48:045][  0]LogConfig: Setting CVar [[r.SSS.Quality:1]]
[2020.09.26-09.44.48:045][  0]LogConfig: Setting CVar [[r.SSS.HalfRes:1]]
[2020.09.26-09.44.48:045][  0]LogConfig: Setting CVar [[r.SSGI.Quality:3]]
[2020.09.26-09.44.48:045][  0]LogConfig: Setting CVar [[r.EmitterSpawnRateScale:1.0]]
[2020.09.26-09.44.48:045][  0]LogConfig: Setting CVar [[r.ParticleLightQuality:2]]
[2020.09.26-09.44.48:045][  0]LogConfig: Setting CVar [[r.SkyAtmosphere.AerialPerspectiveLUT.FastApplyOnOpaque:1 ; Always have FastSkyLUT 1 in this case to avoid wrong sky]]
[2020.09.26-09.44.48:045][  0]LogConfig: Setting CVar [[r.SkyAtmosphere.AerialPerspectiveLUT.SampleCountPerSlice:1]]
[2020.09.26-09.44.48:045][  0]LogConfig: Setting CVar [[r.SkyAtmosphere.AerialPerspectiveLUT.DepthResolution:16.0]]
[2020.09.26-09.44.48:045][  0]LogConfig: Setting CVar [[r.SkyAtmosphere.FastSkyLUT:1]]
[2020.09.26-09.44.48:045][  0]LogConfig: Setting CVar [[r.SkyAtmosphere.FastSkyLUT.SampleCountMin:4.0]]
[2020.09.26-09.44.48:045][  0]LogConfig: Setting CVar [[r.SkyAtmosphere.FastSkyLUT.SampleCountMax:32.0]]
[2020.09.26-09.44.48:045][  0]LogConfig: Setting CVar [[r.SkyAtmosphere.SampleCountMin:4.0]]
[2020.09.26-09.44.48:045][  0]LogConfig: Setting CVar [[r.SkyAtmosphere.SampleCountMax:32.0]]
[2020.09.26-09.44.48:045][  0]LogConfig: Setting CVar [[r.SkyAtmosphere.TransmittanceLUT.UseSmallFormat:0]]
[2020.09.26-09.44.48:045][  0]LogConfig: Setting CVar [[r.SkyAtmosphere.TransmittanceLUT.SampleCount:10.0]]
[2020.09.26-09.44.48:045][  0]LogConfig: Setting CVar [[r.SkyAtmosphere.MultiScatteringLUT.SampleCount:15.0]]
[2020.09.26-09.44.48:046][  0]LogConfig: Applying CVar settings from Section [FoliageQuality@3] File [D:/_DATA/Unreal Projects/VFXShowRoom/Saved/Config/Windows/Scalability.ini]
[2020.09.26-09.44.48:046][  0]LogConfig: Setting CVar [[foliage.DensityScale:1.0]]
[2020.09.26-09.44.48:046][  0]LogConfig: Setting CVar [[grass.DensityScale:1.0]]
[2020.09.26-09.44.48:046][  0]LogConfig: Applying CVar settings from Section [ShadingQuality@3] File [D:/_DATA/Unreal Projects/VFXShowRoom/Saved/Config/Windows/Scalability.ini]
[2020.09.26-09.44.48:046][  0]LogConfig: Setting CVar [[r.HairStrands.SkyLighting.SampleCount:16]]
[2020.09.26-09.44.48:046][  0]LogConfig: Setting CVar [[r.HairStrands.SkyLighting.JitterIntegration:0]]
[2020.09.26-09.44.48:046][  0]LogConfig: Setting CVar [[r.HairStrands.SkyAO.SampleCount:16]]
[2020.09.26-09.44.48:046][  0]LogInit: Selected Device Profile: [Windows]
[2020.09.26-09.44.48:046][  0]LogInit: Applying CVar settings loaded from the selected device profile: [Windows]
[2020.09.26-09.44.48:049][  0]LogHAL: Display: Platform has ~ 16 GB [17039900672 / 17179869184 / 16], which maps to Larger [LargestMinGB=32, LargerMinGB=12, DefaultMinGB=8, SmallerMinGB=6, SmallestMinGB=0)
[2020.09.26-09.44.48:049][  0]LogInit: Going up to parent DeviceProfile []
[2020.09.26-09.44.48:049][  0]LogConfig: Applying CVar settings from Section [ViewDistanceQuality@2] File [D:/_DATA/Unreal Projects/VFXShowRoom/Saved/Config/Windows/Scalability.ini]
[2020.09.26-09.44.48:049][  0]LogConfig: Setting CVar [[r.SkeletalMeshLODBias:0]]
[2020.09.26-09.44.48:049][  0]LogConfig: Setting CVar [[r.ViewDistanceScale:0.8]]
[2020.09.26-09.44.48:049][  0]LogConfig: Applying CVar settings from Section [AntiAliasingQuality@2] File [D:/_DATA/Unreal Projects/VFXShowRoom/Saved/Config/Windows/Scalability.ini]
[2020.09.26-09.44.48:049][  0]LogConfig: Setting CVar [[r.PostProcessAAQuality:3]]
[2020.09.26-09.44.48:049][  0]LogConfig: Applying CVar settings from Section [ShadowQuality@2] File [D:/_DATA/Unreal Projects/VFXShowRoom/Saved/Config/Windows/Scalability.ini]
[2020.09.26-09.44.48:049][  0]LogConfig: Setting CVar [[r.LightFunctionQuality:1]]
[2020.09.26-09.44.48:049][  0]LogConfig: Setting CVar [[r.ShadowQuality:5]]
[2020.09.26-09.44.48:049][  0]LogConfig: Setting CVar [[r.Shadow.CSM.MaxCascades:4]]
[2020.09.26-09.44.48:049][  0]LogConfig: Setting CVar [[r.Shadow.MaxResolution:1024]]
[2020.09.26-09.44.48:049][  0]LogConfig: Setting CVar [[r.Shadow.MaxCSMResolution:2048]]
[2020.09.26-09.44.48:049][  0]LogConfig: Setting CVar [[r.Shadow.RadiusThreshold:0.04]]
[2020.09.26-09.44.48:049][  0]LogConfig: Setting CVar [[r.Shadow.DistanceScale:0.85]]
[2020.09.26-09.44.48:049][  0]LogConfig: Setting CVar [[r.Shadow.CSM.TransitionScale:0.8]]
[2020.09.26-09.44.48:049][  0]LogConfig: Setting CVar [[r.Shadow.PreShadowResolutionFactor:0.5]]
[2020.09.26-09.44.48:049][  0]LogConfig: Setting CVar [[r.DistanceFieldShadowing:1]]
[2020.09.26-09.44.48:049][  0]LogConfig: Setting CVar [[r.DistanceFieldAO:1]]
[2020.09.26-09.44.48:049][  0]LogConfig: Setting CVar [[r.AOQuality:1]]
[2020.09.26-09.44.48:049][  0]LogConfig: Setting CVar [[r.VolumetricFog:1]]
[2020.09.26-09.44.48:050][  0]LogConfig: Setting CVar [[r.VolumetricFog.GridPixelSize:16]]
[2020.09.26-09.44.48:050][  0]LogConfig: Setting CVar [[r.VolumetricFog.GridSizeZ:64]]
[2020.09.26-09.44.48:050][  0]LogConfig: Setting CVar [[r.VolumetricFog.HistoryMissSupersampleCount:4]]
[2020.09.26-09.44.48:050][  0]LogConfig: Setting CVar [[r.LightMaxDrawDistanceScale:1]]
[2020.09.26-09.44.48:050][  0]LogConfig: Setting CVar [[r.CapsuleShadows:1]]
[2020.09.26-09.44.48:050][  0]LogConfig: Applying CVar settings from Section [PostProcessQuality@2] File [D:/_DATA/Unreal Projects/VFXShowRoom/Saved/Config/Windows/Scalability.ini]
[2020.09.26-09.44.48:050][  0]LogConfig: Setting CVar [[r.MotionBlurQuality:3]]
[2020.09.26-09.44.48:050][  0]LogConfig: Setting CVar [[r.AmbientOcclusionMipLevelFactor:0.6]]
[2020.09.26-09.44.48:050][  0]LogConfig: Setting CVar [[r.AmbientOcclusionMaxQuality:100]]
[2020.09.26-09.44.48:050][  0]LogConfig: Setting CVar [[r.AmbientOcclusionLevels:-1]]
[2020.09.26-09.44.48:050][  0]LogConfig: Setting CVar [[r.AmbientOcclusionRadiusScale:1.5]]
[2020.09.26-09.44.48:050][  0]LogConfig: Setting CVar [[r.DepthOfFieldQuality:2]]
[2020.09.26-09.44.48:050][  0]LogConfig: Setting CVar [[r.RenderTargetPoolMin:400]]
[2020.09.26-09.44.48:050][  0]LogConfig: Setting CVar [[r.LensFlareQuality:2]]
[2020.09.26-09.44.48:050][  0]LogConfig: Setting CVar [[r.SceneColorFringeQuality:1]]
[2020.09.26-09.44.48:050][  0]LogConfig: Setting CVar [[r.EyeAdaptationQuality:2]]
[2020.09.26-09.44.48:050][  0]LogConfig: Setting CVar [[r.BloomQuality:5]]
[2020.09.26-09.44.48:050][  0]LogConfig: Setting CVar [[r.FastBlurThreshold:3]]
[2020.09.26-09.44.48:050][  0]LogConfig: Setting CVar [[r.Upscale.Quality:2]]
[2020.09.26-09.44.48:050][  0]LogConfig: Setting CVar [[r.Tonemapper.GrainQuantization:1]]
[2020.09.26-09.44.48:050][  0]LogConfig: Setting CVar [[r.LightShaftQuality:1]]
[2020.09.26-09.44.48:050][  0]LogConfig: Setting CVar [[r.Filter.SizeScale:0.8]]
[2020.09.26-09.44.48:050][  0]LogConfig: Setting CVar [[r.Tonemapper.Quality:5]]
[2020.09.26-09.44.48:050][  0]LogConfig: Setting CVar [[r.DOF.Gather.AccumulatorQuality:0        ; lower gathering accumulator quality]]
[2020.09.26-09.44.48:050][  0]LogConfig: Setting CVar [[r.DOF.Gather.PostfilterMethod:2          ; Max3x3 postfilering method]]
[2020.09.26-09.44.48:050][  0]LogConfig: Setting CVar [[r.DOF.Gather.EnableBokehSettings:0       ; no bokeh simulation when gathering]]
[2020.09.26-09.44.48:050][  0]LogConfig: Setting CVar [[r.DOF.Gather.RingCount:4                 ; medium number of samples when gathering]]
[2020.09.26-09.44.48:050][  0]LogConfig: Setting CVar [[r.DOF.Scatter.ForegroundCompositing:1    ; additive foreground scattering]]
[2020.09.26-09.44.48:050][  0]LogConfig: Setting CVar [[r.DOF.Scatter.BackgroundCompositing:1    ; no background occlusion]]
[2020.09.26-09.44.48:051][  0]LogConfig: Setting CVar [[r.DOF.Scatter.EnableBokehSettings:0      ; no bokeh simulation when scattering]]
[2020.09.26-09.44.48:051][  0]LogConfig: Setting CVar [[r.DOF.Scatter.MaxSpriteRatio:0.04        ; only a maximum of 4% of scattered bokeh]]
[2020.09.26-09.44.48:051][  0]LogConfig: Setting CVar [[r.DOF.Recombine.Quality:0                ; no slight out of focus]]
[2020.09.26-09.44.48:051][  0]LogConfig: Setting CVar [[r.DOF.TemporalAAQuality:0                ; faster temporal accumulation]]
[2020.09.26-09.44.48:051][  0]LogConfig: Setting CVar [[r.DOF.Kernel.MaxForegroundRadius:0.012   ; required because of AccumulatorQuality=0]]
[2020.09.26-09.44.48:051][  0]LogConfig: Setting CVar [[r.DOF.Kernel.MaxBackgroundRadius:0.012   ; required because of AccumulatorQuality=0]]
[2020.09.26-09.44.48:051][  0]LogConfig: Applying CVar settings from Section [TextureQuality@2] File [D:/_DATA/Unreal Projects/VFXShowRoom/Saved/Config/Windows/Scalability.ini]
[2020.09.26-09.44.48:051][  0]LogConfig: Setting CVar [[r.Streaming.MipBias:0]]
[2020.09.26-09.44.48:051][  0]LogConfig: Setting CVar [[r.Streaming.AmortizeCPUToGPUCopy:0]]
[2020.09.26-09.44.48:051][  0]LogConfig: Setting CVar [[r.Streaming.MaxNumTexturesToStreamPerFrame:0]]
[2020.09.26-09.44.48:051][  0]LogConfig: Setting CVar [[r.Streaming.Boost:1]]
[2020.09.26-09.44.48:051][  0]LogConfig: Setting CVar [[r.MaxAnisotropy:4]]
[2020.09.26-09.44.48:051][  0]LogConfig: Setting CVar [[r.VT.MaxAnisotropy:8]]
[2020.09.26-09.44.48:051][  0]LogConfig: Setting CVar [[r.Streaming.LimitPoolSizeToVRAM:1]]
[2020.09.26-09.44.48:051][  0]LogConfig: Setting CVar [[r.Streaming.PoolSize:800]]
[2020.09.26-09.44.48:051][  0]LogConfig: Setting CVar [[r.Streaming.MaxEffectiveScreenSize:0]]
[2020.09.26-09.44.48:051][  0]LogConfig: Applying CVar settings from Section [EffectsQuality@2] File [D:/_DATA/Unreal Projects/VFXShowRoom/Saved/Config/Windows/Scalability.ini]
[2020.09.26-09.44.48:051][  0]LogConfig: Setting CVar [[r.TranslucencyLightingVolumeDim:48]]
[2020.09.26-09.44.48:051][  0]LogConfig: Setting CVar [[r.RefractionQuality:2]]
[2020.09.26-09.44.48:051][  0]LogConfig: Setting CVar [[r.SSR.Quality:2]]
[2020.09.26-09.44.48:051][  0]LogConfig: Setting CVar [[r.SSR.HalfResSceneColor:1]]
[2020.09.26-09.44.48:051][  0]LogConfig: Setting CVar [[r.SceneColorFormat:3]]
[2020.09.26-09.44.48:051][  0]LogConfig: Setting CVar [[r.DetailMode:1]]
[2020.09.26-09.44.48:051][  0]LogConfig: Setting CVar [[r.TranslucencyVolumeBlur:1]]
[2020.09.26-09.44.48:051][  0]LogConfig: Setting CVar [[r.MaterialQualityLevel:1 ; High quality]]
[2020.09.26-09.44.48:051][  0]LogConfig: Setting CVar [[r.SSS.Scale:1]]
[2020.09.26-09.44.48:051][  0]LogConfig: Setting CVar [[r.SSS.SampleSet:1]]
[2020.09.26-09.44.48:051][  0]LogConfig: Setting CVar [[r.SSS.Quality:-1]]
[2020.09.26-09.44.48:051][  0]LogConfig: Setting CVar [[r.SSS.HalfRes:1]]
[2020.09.26-09.44.48:051][  0]LogConfig: Setting CVar [[r.SSGI.Quality:2]]
[2020.09.26-09.44.48:052][  0]LogConfig: Setting CVar [[r.EmitterSpawnRateScale:0.5]]
[2020.09.26-09.44.48:052][  0]LogConfig: Setting CVar [[r.ParticleLightQuality:1]]
[2020.09.26-09.44.48:052][  0]LogConfig: Setting CVar [[r.SkyAtmosphere.AerialPerspectiveLUT.FastApplyOnOpaque:1 ; Always have FastSkyLUT 1 in this case to avoid wrong sky]]
[2020.09.26-09.44.48:052][  0]LogConfig: Setting CVar [[r.SkyAtmosphere.AerialPerspectiveLUT.SampleCountPerSlice:1]]
[2020.09.26-09.44.48:052][  0]LogConfig: Setting CVar [[r.SkyAtmosphere.AerialPerspectiveLUT.DepthResolution:16.0]]
[2020.09.26-09.44.48:052][  0]LogConfig: Setting CVar [[r.SkyAtmosphere.FastSkyLUT:1]]
[2020.09.26-09.44.48:052][  0]LogConfig: Setting CVar [[r.SkyAtmosphere.FastSkyLUT.SampleCountMin:4.0]]
[2020.09.26-09.44.48:052][  0]LogConfig: Setting CVar [[r.SkyAtmosphere.FastSkyLUT.SampleCountMax:32.0]]
[2020.09.26-09.44.48:052][  0]LogConfig: Setting CVar [[r.SkyAtmosphere.SampleCountMin:4.0]]
[2020.09.26-09.44.48:052][  0]LogConfig: Setting CVar [[r.SkyAtmosphere.SampleCountMax:32.0]]
[2020.09.26-09.44.48:052][  0]LogConfig: Setting CVar [[r.SkyAtmosphere.TransmittanceLUT.UseSmallFormat:0]]
[2020.09.26-09.44.48:052][  0]LogConfig: Setting CVar [[r.SkyAtmosphere.TransmittanceLUT.SampleCount:10.0]]
[2020.09.26-09.44.48:052][  0]LogConfig: Setting CVar [[r.SkyAtmosphere.MultiScatteringLUT.SampleCount:15.0]]
[2020.09.26-09.44.48:052][  0]LogConfig: Applying CVar settings from Section [FoliageQuality@2] File [D:/_DATA/Unreal Projects/VFXShowRoom/Saved/Config/Windows/Scalability.ini]
[2020.09.26-09.44.48:052][  0]LogConfig: Setting CVar [[foliage.DensityScale:0.8]]
[2020.09.26-09.44.48:052][  0]LogConfig: Setting CVar [[grass.DensityScale:0.8]]
[2020.09.26-09.44.48:052][  0]LogConfig: Applying CVar settings from Section [ShadingQuality@2] File [D:/_DATA/Unreal Projects/VFXShowRoom/Saved/Config/Windows/Scalability.ini]
[2020.09.26-09.44.48:052][  0]LogConfig: Setting CVar [[r.HairStrands.SkyLighting.SampleCount:16]]
[2020.09.26-09.44.48:052][  0]LogConfig: Setting CVar [[r.HairStrands.SkyLighting.JitterIntegration:0]]
[2020.09.26-09.44.48:052][  0]LogConfig: Setting CVar [[r.HairStrands.SkyAO.SampleCount:16]]
[2020.09.26-09.44.48:052][  0]LogConfig: Applying CVar settings from Section [Startup] File [../../../Engine/Config/ConsoleVariables.ini]
[2020.09.26-09.44.48:052][  0]LogConfig: Setting CVar [[net.UseAdaptiveNetUpdateFrequency:0]]
[2020.09.26-09.44.48:052][  0]LogConfig: Setting CVar [[p.chaos.AllowCreatePhysxBodies:1]]
[2020.09.26-09.44.48:053][  0]LogConfig: Applying CVar settings from Section [ConsoleVariables] File [D:/_DATA/Unreal Projects/VFXShowRoom/Saved/Config/Windows/Engine.ini]
[2020.09.26-09.44.48:053][  0]LogInit: Computer: PYRATHGAMINGPC
[2020.09.26-09.44.48:053][  0]LogInit: User: Gameolic3
[2020.09.26-09.44.48:053][  0]LogInit: CPU Page size=4096, Cores=4
[2020.09.26-09.44.48:053][  0]LogInit: High frequency timer resolution =10.000000 MHz
[2020.09.26-09.44.48:053][  0]LogMemory: Memory total: Physical=15.9GB (16GB approx)
[2020.09.26-09.44.48:053][  0]LogMemory: Platform Memory Stats for Windows
[2020.09.26-09.44.48:053][  0]LogMemory: Process Physical Memory: 105.48 MB used, 105.49 MB peak
[2020.09.26-09.44.48:053][  0]LogMemory: Process Virtual Memory: 100.86 MB used, 100.87 MB peak
[2020.09.26-09.44.48:053][  0]LogMemory: Physical Memory: 6066.43 MB used,  10184.09 MB free, 16250.52 MB total
[2020.09.26-09.44.48:053][  0]LogMemory: Virtual Memory: 5103.30 MB used,  134212624.00 MB free, 134217728.00 MB total
[2020.09.26-09.44.48:059][  0]LogWindows: WindowsPlatformFeatures enabled
[2020.09.26-09.44.48:121][  0]LogInit: Using OS detected language (en-US).
[2020.09.26-09.44.48:121][  0]LogInit: Using OS detected locale (en-US).
[2020.09.26-09.44.48:123][  0]LogTextLocalizationManager: No specific localization for 'en-US' exists, so the 'en' localization will be used.
[2020.09.26-09.44.48:295][  0]LogInit: Setting process to per monitor DPI aware
[2020.09.26-09.44.48:346][  0]LogSlate: New Slate User Created.  User Index 0, Is Virtual User: 0
[2020.09.26-09.44.48:346][  0]LogSlate: Slate User Registered.  User Index 0, Is Virtual User: 0
[2020.09.26-09.44.48:637][  0]LogHMD: Failed to initialize OpenVR with code 110
[2020.09.26-09.44.48:637][  0]LogD3D11RHI: D3D11 min allowed feature level: 11_0
[2020.09.26-09.44.48:637][  0]LogD3D11RHI: D3D11 max allowed feature level: 11_0
[2020.09.26-09.44.48:637][  0]LogD3D11RHI: D3D11 adapters:
[2020.09.26-09.44.48:718][  0]LogD3D11RHI:    0. 'NVIDIA GeForce GTX 960M' (Feature Level 11_0)
[2020.09.26-09.44.48:718][  0]LogD3D11RHI:       2010/0/8125 MB DedicatedVideo/DedicatedSystem/SharedSystem, Outputs:1, VendorId:0x10de
[2020.09.26-09.44.48:727][  0]LogD3D11RHI:    1. 'Intel(R) HD Graphics 530' (Feature Level 11_0)
[2020.09.26-09.44.48:727][  0]LogD3D11RHI:       128/0/8125 MB DedicatedVideo/DedicatedSystem/SharedSystem, Outputs:0, VendorId:0x8086
[2020.09.26-09.44.48:730][  0]LogD3D11RHI:    2. 'Microsoft Basic Render Driver' (Feature Level 11_0)
[2020.09.26-09.44.48:730][  0]LogD3D11RHI:       0/0/8125 MB DedicatedVideo/DedicatedSystem/SharedSystem, Outputs:0, VendorId:0x1414
[2020.09.26-09.44.48:730][  0]LogD3D11RHI: Chosen D3D11 Adapter: 0
[2020.09.26-09.44.48:737][  0]LogD3D11RHI: Creating new Direct3DDevice
[2020.09.26-09.44.48:737][  0]LogD3D11RHI:     GPU DeviceId: 0x139b (for the marketing name, search the web for "GPU Device Id")
[2020.09.26-09.44.48:737][  0]LogWindows: EnumDisplayDevices:
[2020.09.26-09.44.48:737][  0]LogWindows:    0. 'Intel(R) HD Graphics 530' (P:1 D:1)
[2020.09.26-09.44.48:738][  0]LogWindows:    1. 'Intel(R) HD Graphics 530' (P:0 D:0)
[2020.09.26-09.44.48:738][  0]LogWindows:    2. 'Intel(R) HD Graphics 530' (P:0 D:0)
[2020.09.26-09.44.48:739][  0]LogWindows: DebugString: PrimaryIsNotTheChoosenAdapter PrimaryIsNotTheChoosenAdapter PrimaryIsNotTheChoosenAdapter FoundDriverCount:0 
[2020.09.26-09.44.48:739][  0]LogD3D11RHI:     Adapter Name: NVIDIA GeForce GTX 960M
[2020.09.26-09.44.48:739][  0]LogD3D11RHI:   Driver Version: Unknown (internal:Unknown, unified:Unknown)
[2020.09.26-09.44.48:739][  0]LogD3D11RHI:      Driver Date: Unknown
[2020.09.26-09.44.48:739][  0]LogRHI: Texture pool is 1407 MB (70% of 2010 MB)
[2020.09.26-09.44.48:787][  0]LogD3D11RHI: RHI has support for 64 bit atomics
[2020.09.26-09.44.48:787][  0]LogD3D11RHI: Async texture creation enabled
[2020.09.26-09.44.48:801][  0]LogD3D11RHI: GPU Timing Frequency: 1000.000000 (Debug: 2 1)
[2020.09.26-09.44.49:192][  0]LogTargetPlatformManager: Display: Loaded TargetPlatform 'AllDesktop'
[2020.09.26-09.44.49:226][  0]LogTargetPlatformManager: Display: Loaded TargetPlatform 'Android'
[2020.09.26-09.44.49:226][  0]LogTargetPlatformManager: Display: Loaded TargetPlatform 'Android_ASTC'
[2020.09.26-09.44.49:226][  0]LogTargetPlatformManager: Display: Loaded TargetPlatform 'Android_ATC'
[2020.09.26-09.44.49:226][  0]LogTargetPlatformManager: Display: Loaded TargetPlatform 'Android_DXT'
[2020.09.26-09.44.49:226][  0]LogTargetPlatformManager: Display: Loaded TargetPlatform 'Android_ETC1'
[2020.09.26-09.44.49:226][  0]LogTargetPlatformManager: Display: Loaded TargetPlatform 'Android_ETC1a'
[2020.09.26-09.44.49:226][  0]LogTargetPlatformManager: Display: Loaded TargetPlatform 'Android_ETC2'
[2020.09.26-09.44.49:226][  0]LogTargetPlatformManager: Display: Loaded TargetPlatform 'Android_PVRTC'
[2020.09.26-09.44.49:227][  0]LogTargetPlatformManager: Display: Loaded TargetPlatform 'AndroidClient'
[2020.09.26-09.44.49:227][  0]LogTargetPlatformManager: Display: Loaded TargetPlatform 'Android_ASTCClient'
[2020.09.26-09.44.49:227][  0]LogTargetPlatformManager: Display: Loaded TargetPlatform 'Android_ATCClient'
[2020.09.26-09.44.49:227][  0]LogTargetPlatformManager: Display: Loaded TargetPlatform 'Android_DXTClient'
[2020.09.26-09.44.49:227][  0]LogTargetPlatformManager: Display: Loaded TargetPlatform 'Android_ETC1Client'
[2020.09.26-09.44.49:227][  0]LogTargetPlatformManager: Display: Loaded TargetPlatform 'Android_ETC1aClient'
[2020.09.26-09.44.49:227][  0]LogTargetPlatformManager: Display: Loaded TargetPlatform 'Android_ETC2Client'
[2020.09.26-09.44.49:227][  0]LogTargetPlatformManager: Display: Loaded TargetPlatform 'Android_PVRTCClient'
[2020.09.26-09.44.49:227][  0]LogTargetPlatformManager: Display: Loaded TargetPlatform 'Android_Multi'
[2020.09.26-09.44.49:227][  0]LogTargetPlatformManager: Display: Loaded TargetPlatform 'Android_MultiClient'
[2020.09.26-09.44.49:247][  0]LogTargetPlatformManager: Display: Loaded TargetPlatform 'IOSClient'
[2020.09.26-09.44.49:247][  0]LogTargetPlatformManager: Display: Loaded TargetPlatform 'IOS'
[2020.09.26-09.44.49:255][  0]LogTargetPlatformManager: Display: Loaded TargetPlatform 'LinuxNoEditor'
[2020.09.26-09.44.49:264][  0]LogTargetPlatformManager: Display: Loaded TargetPlatform 'LinuxClient'
[2020.09.26-09.44.49:272][  0]LogTargetPlatformManager: Display: Loaded TargetPlatform 'LinuxServer'
[2020.09.26-09.44.49:280][  0]LogTargetPlatformManager: Display: Loaded TargetPlatform 'LinuxAArch64NoEditor'
[2020.09.26-09.44.49:288][  0]LogTargetPlatformManager: Display: Loaded TargetPlatform 'LinuxAArch64Client'
[2020.09.26-09.44.49:297][  0]LogTargetPlatformManager: Display: Loaded TargetPlatform 'LinuxAArch64Server'
[2020.09.26-09.44.49:323][  0]LogTargetPlatformManager: Display: Loaded TargetPlatform 'Lumin'
[2020.09.26-09.44.49:323][  0]LogTargetPlatformManager: Display: Loaded TargetPlatform 'LuminClient'
[2020.09.26-09.44.49:338][  0]LogTargetPlatformManager: Display: Loaded TargetPlatform 'TVOSClient'
[2020.09.26-09.44.49:338][  0]LogTargetPlatformManager: Display: Loaded TargetPlatform 'TVOS'
[2020.09.26-09.44.49:345][  0]LogTargetPlatformManager: Display: Loaded TargetPlatform 'WindowsNoEditor'
[2020.09.26-09.44.49:354][  0]LogTargetPlatformManager: Display: Loaded TargetPlatform 'Windows'
[2020.09.26-09.44.49:361][  0]LogTargetPlatformManager: Display: Loaded TargetPlatform 'WindowsClient'
[2020.09.26-09.44.49:370][  0]LogTargetPlatformManager: Display: Loaded TargetPlatform 'WindowsServer'
[2020.09.26-09.44.49:370][  0]LogTargetPlatformManager: Display: Building Assets For Windows
[2020.09.26-09.44.49:374][  0]LogAudioDebug: Display: Lib vorbis DLL was dynamically loaded.
[2020.09.26-09.44.49:408][  0]LogShaderCompilers: Guid format shader working directory is 14 characters bigger than the processId version (D:/_DATA/Unreal Projects/VFXShowRoom/Intermediate/Shaders/WorkingDirectory/5208/).
[2020.09.26-09.44.49:409][  0]LogShaderCompilers: Cleaned the shader compiler working directory 'C:/Users/Gameolic3/AppData/Local/Temp/UnrealShaderWorkingDir/3F3DBEC448A95F242C2C0699C8787639/'.
[2020.09.26-09.44.49:409][  0]LogXGEController: Cannot use XGE Controller as Incredibuild is not installed on this machine.
[2020.09.26-09.44.49:409][  0]LogShaderCompilers: Cannot use XGE Shader Compiler as Incredibuild is not installed on this machine.
[2020.09.26-09.44.49:410][  0]LogShaderCompilers: Display: Using Local Shader Compiler.
[2020.09.26-09.44.50:191][  0]LogDerivedDataCache: Display: Max Cache Size: 512 MB
[2020.09.26-09.44.50:244][  0]LogDerivedDataCache: Loaded boot cache 0.05s 78MB C:/Users/Gameolic3/AppData/Local/UnrealEngine/4.24/DerivedDataCache/Boot.ddc.
[2020.09.26-09.44.50:244][  0]LogDerivedDataCache: Display: Loaded Boot cache: C:/Users/Gameolic3/AppData/Local/UnrealEngine/4.24/DerivedDataCache/Boot.ddc
[2020.09.26-09.44.50:245][  0]LogDerivedDataCache: FDerivedDataBackendGraph:  Pak pak cache file D:/_DATA/Unreal Projects/VFXShowRoom/DerivedDataCache/DDC.ddp not found, will not use a pak cache.
[2020.09.26-09.44.50:245][  0]LogDerivedDataCache: Unable to find inner node Pak for hierarchical cache Hierarchy.
[2020.09.26-09.44.50:245][  0]LogDerivedDataCache: FDerivedDataBackendGraph:  CompressedPak pak cache file D:/_DATA/Unreal Projects/VFXShowRoom/DerivedDataCache/Compressed.ddp not found, will not use a pak cache.
[2020.09.26-09.44.50:245][  0]LogDerivedDataCache: Unable to find inner node CompressedPak for hierarchical cache Hierarchy.
[2020.09.26-09.44.50:255][  0]LogDerivedDataCache: Display: Pak cache opened for reading ../../../Engine/DerivedDataCache/Compressed.ddp.
[2020.09.26-09.44.50:256][  0]LogDerivedDataCache: FDerivedDataBackendGraph:  EnterprisePak pak cache file ../../../Enterprise/DerivedDataCache/Compressed.ddp not found, will not use a pak cache.
[2020.09.26-09.44.50:256][  0]LogDerivedDataCache: Unable to find inner node EnterprisePak for hierarchical cache Hierarchy.
[2020.09.26-09.44.50:257][  0]LogDerivedDataCache: Using Local data cache path C:/Users/Gameolic3/AppData/Local/UnrealEngine/Common/DerivedDataCache: Writable
[2020.09.26-09.44.50:257][  0]LogDerivedDataCache: Shared data cache path not found in *engine.ini, will not use an Shared cache.
[2020.09.26-09.44.50:257][  0]LogDerivedDataCache: Unable to find inner node Shared for hierarchical cache Hierarchy.
[2020.09.26-09.44.50:288][  0]LogMaterial: Verifying Global Shaders for PCD3D_SM5
[2020.09.26-09.44.50:291][  0]LogSlate: Using FreeType 2.10.0
[2020.09.26-09.44.50:291][  0]LogSlate: SlateFontServices - WITH_FREETYPE: 1, WITH_HARFBUZZ: 1
[2020.09.26-09.44.50:358][  0]LogAssetRegistry: FAssetRegistry took 0.0028 seconds to start up
[2020.09.26-09.44.50:701][  0]LogInit: Selected Device Profile: [Windows]
[2020.09.26-09.44.50:867][  0]LogMeshReduction: Using QuadricMeshReduction for automatic static mesh reduction
[2020.09.26-09.44.50:867][  0]LogMeshReduction: Using SimplygonMeshReduction for automatic skeletal mesh reduction
[2020.09.26-09.44.50:867][  0]LogMeshReduction: Using ProxyLODMeshReduction for automatic mesh merging
[2020.09.26-09.44.50:867][  0]LogMeshReduction: No distributed automatic mesh merging module available
[2020.09.26-09.44.50:867][  0]LogMeshMerging: No distributed automatic mesh merging module available
[2020.09.26-09.44.50:881][  0]LogNetVersion: VFXSHOWROOM 1.0.0, NetCL: 10570792, EngineNetVer: 13, GameNetVer: 0 (Checksum: 3410049785)
[2020.09.26-09.44.52:146][  0]LogPackageLocalizationCache: Processed 10 localized package path(s) for 1 prioritized culture(s) in 0.029046 seconds
[2020.09.26-09.44.52:156][  0]LogUObjectArray: 46750 objects as part of root set at end of initial load.
[2020.09.26-09.44.52:156][  0]LogUObjectAllocator: 8137160 out of 0 bytes used by permanent object pool.
[2020.09.26-09.44.52:156][  0]LogUObjectArray: CloseDisregardForGC: 0/0 objects in disregard for GC pool
[2020.09.26-09.44.52:608][  0]LogTcpMessaging: Initializing TcpMessaging bridge
[2020.09.26-09.44.52:611][  0]LogUdpMessaging: Initializing bridge on interface 0.0.0.0:0 to multicast group 230.0.0.1:6666.
[2020.09.26-09.44.52:664][  0]SourceControl: Source control is disabled
[2020.09.26-09.44.53:304][  0]LogAndroidPermission: UAndroidPermissionCallbackProxy::GetInstance
[2020.09.26-09.44.53:315][  0]LogAudioCaptureCore: Display: No Audio Capture implementations found. Audio input will be silent.
[2020.09.26-09.44.53:315][  0]LogAudioCaptureCore: Display: No Audio Capture implementations found. Audio input will be silent.
[2020.09.26-09.44.53:405][  0]LogOcInput: OculusInput pre-init called
[2020.09.26-09.44.53:414][  0]LogWindows: Failed to load 'OVRPlugin.dll' (GetLastError=126)
[2020.09.26-09.44.53:414][  0]LogWindows: File 'OVRPlugin.dll' does not exist
[2020.09.26-09.44.53:486][  0]LogEngine: Initializing Engine...
[2020.09.26-09.44.53:487][  0]LogHMD: Failed to initialize OpenVR with code 110
[2020.09.26-09.44.53:488][  0]LogStats: UGameplayTagsManager::InitializeManager -  0.000 s
[2020.09.26-09.44.53:838][  0]LogInit: Initializing FReadOnlyCVARCache
[2020.09.26-09.44.53:845][  0]LogAIModule: Creating AISystem for world Untitled
[2020.09.26-09.44.53:871][  0]LogAudioMixer: Display: Audio Mixer Platform Settings:
[2020.09.26-09.44.53:871][  0]LogAudioMixer: Display: 	Sample Rate:						  48000
[2020.09.26-09.44.53:871][  0]LogAudioMixer: Display: 	Callback Buffer Frame Size Requested: 1024
[2020.09.26-09.44.53:871][  0]LogAudioMixer: Display: 	Callback Buffer Frame Size To Use:	  1024
[2020.09.26-09.44.53:871][  0]LogAudioMixer: Display: 	Number of buffers to queue:			  2
[2020.09.26-09.44.53:871][  0]LogAudioMixer: Display: 	Max Channels (voices):				  32
[2020.09.26-09.44.53:871][  0]LogAudioMixer: Display: 	Number of Async Source Workers:		  0
[2020.09.26-09.44.53:871][  0]LogAudio: Display: AudioDevice MaxSources: 32
[2020.09.26-09.44.53:872][  0]LogAudio: Display: Using built-in audio occlusion.
[2020.09.26-09.44.53:872][  0]LogAudioMixer: Display: Initializing audio mixer.
[2020.09.26-09.44.53:896][  0]LogAudioMixer: Display: Audio Device Output Speaker Info:
[2020.09.26-09.44.53:896][  0]LogAudioMixer: Display: Name: Speakers (Conexant SmartAudio HD)
[2020.09.26-09.44.53:896][  0]LogAudioMixer: Display: Is Default: Yes
[2020.09.26-09.44.53:896][  0]LogAudioMixer: Display: Sample Rate: 48000
[2020.09.26-09.44.53:896][  0]LogAudioMixer: Display: Channel Count Used: 2
[2020.09.26-09.44.53:896][  0]LogAudioMixer: Display: Device Channel Count: 2
[2020.09.26-09.44.53:896][  0]LogAudioMixer: Display: Channel Order:
[2020.09.26-09.44.53:896][  0]LogAudioMixer: Display: 0: FrontLeft
[2020.09.26-09.44.53:896][  0]LogAudioMixer: Display: 1: FrontRight
[2020.09.26-09.44.54:016][  0]LogAudioMixer: Display: Using Audio Device Speakers (Conexant SmartAudio HD)
[2020.09.26-09.44.54:020][  0]LogInit: FAudioDevice initialized.
[2020.09.26-09.44.54:021][  0]LogNetVersion: Set ProjectVersion to 1.0.0.0. Version Checksum will be recalculated on next use.
[2020.09.26-09.44.54:154][  0]LogDerivedDataCache: Saved boot cache 0.13s 78MB C:/Users/Gameolic3/AppData/Local/UnrealEngine/4.24/DerivedDataCache/Boot.ddc.
[2020.09.26-09.44.54:154][  0]LogInit: Texture streaming: Enabled
[2020.09.26-09.44.54:168][  0]LogEngineSessionManager: EngineSessionManager initialized
[2020.09.26-09.44.54:168][  0]LogEditorSessionSummary: Verbose: Initializing EditorSessionSummaryWriter for editor session tracking
[2020.09.26-09.44.54:180][  0]LogEditorSessionSummary: EditorSessionSummaryWriter initialized
[2020.09.26-09.44.54:217][  0]LogInit: Transaction tracking system initialized
[2020.09.26-09.44.54:227][  0]BlueprintLog: New page: Editor Load
[2020.09.26-09.44.54:258][  0]LocalizationService: Localization service is disabled
[2020.09.26-09.44.54:637][  0]LogFileCache: Scanning file cache for directory 'D:/_DATA/Unreal Projects/VFXShowRoom/Content/' took 0.00s
[2020.09.26-09.44.54:637][  0]LogCook: Display: Max memory allowance for cook 16384mb min free memory 0mb
[2020.09.26-09.44.54:637][  0]LogCook: Display: Mobile HDR setting 1
[2020.09.26-09.44.55:487][  0]Cmd: MAP LOAD FILE="D:/_DATA/Unreal Projects/VFXShowRoom/Content/ShowRoom/DurendalUltimate/Map02_DurendalUltimate.umap" TEMPLATE=0 SHOWPROGRESS=1 FEATURELEVEL=3
[2020.09.26-09.44.55:487][  0]LightingResults: New page: Lighting Build
[2020.09.26-09.44.55:488][  0]LogWorld: UWorld::CleanupWorld for Untitled, bSessionEnded=true, bCleanupResources=true
[2020.09.26-09.44.55:488][  0]LogSlate: InvalidateAllWidgets triggered.  All widgets were invalidated
[2020.09.26-09.44.55:488][  0]MapCheck: New page: Map Check
[2020.09.26-09.44.55:488][  0]LightingResults: New page: Lighting Build
[2020.09.26-09.44.55:521][  0]LogUObjectHash: Compacting FUObjectHashTables data took   2.12ms
[2020.09.26-09.44.55:745][  0]LogMaterial: Display: Missing cached shader map for material MAT_DurendalFX_Tex_Unlit, compiling. 
[2020.09.26-09.44.55:893][  0]LogMaterial: Display: Missing cached shader map for material MAT_DurendalFX_Lit, compiling. 
[2020.09.26-09.44.56:115][  0]LogShaderCompilers: Display: Worker (1/5): shaders left to compile 115
[2020.09.26-09.44.56:115][  0]LogShaderCompilers: Display: Worker (2/5): shaders left to compile 105
[2020.09.26-09.44.56:115][  0]LogShaderCompilers: Display: Worker (3/5): shaders left to compile 95
[2020.09.26-09.44.56:115][  0]LogShaderCompilers: Display: Worker (4/5): shaders left to compile 85
[2020.09.26-09.44.56:115][  0]LogShaderCompilers: Display: Worker (5/5): shaders left to compile 75
[2020.09.26-09.44.56:115][  0]LogAIModule: Creating AISystem for world Map02_DurendalUltimate
[2020.09.26-09.44.56:132][  0]LogEditorServer: Finished looking for orphan Actors (0.000 secs)
[2020.09.26-09.44.56:172][  0]LogUObjectHash: Compacting FUObjectHashTables data took   6.16ms
[2020.09.26-09.44.56:175][  0]Cmd: MAP CHECKDEP NOCLEARLOG
[2020.09.26-09.44.56:175][  0]MapCheck: Map check complete: 0 Error(s), 0 Warning(s), took 0.111ms to complete.
[2020.09.26-09.44.56:175][  0]LogFileHelpers: Loading map 'Map02_DurendalUltimate' took 0.688
[2020.09.26-09.44.56:383][  0]LogSlate: Updating window title bar state: overlay mode, drag disabled, window buttons hidden, title bar hidden
[2020.09.26-09.44.56:396][  0]LogSlate: Updating window title bar state: overlay mode, drag disabled, window buttons hidden, title bar hidden
[2020.09.26-09.44.56:410][  0]LogSlate: Updating window title bar state: overlay mode, drag disabled, window buttons hidden, title bar hidden
[2020.09.26-09.44.56:422][  0]LogSlate: Updating window title bar state: overlay mode, drag disabled, window buttons hidden, title bar hidden
[2020.09.26-09.44.56:439][  0]LogCollectionManager: Loaded 0 collections in 0.005300 seconds
[2020.09.26-09.44.56:460][  0]LogFileCache: Scanning file cache for directory 'D:/_DATA/Unreal Projects/VFXShowRoom/Saved/Collections/' took 0.00s
[2020.09.26-09.44.56:461][  0]LogFileCache: Scanning file cache for directory 'D:/_DATA/Unreal Projects/VFXShowRoom/Content/Developers/Gameolic3/Collections/' took 0.00s
[2020.09.26-09.44.56:461][  0]LogFileCache: Scanning file cache for directory 'D:/_DATA/Unreal Projects/VFXShowRoom/Content/Collections/' took 0.00s
[2020.09.26-09.44.56:461][  0]LogContentBrowser: Native class hierarchy populated in 0.0156 seconds. Added 3016 classes and 720 folders.
[2020.09.26-09.44.56:465][  0]LogContentBrowser: Native class hierarchy updated for 'WidgetCarousel' in 0.0004 seconds. Added 0 classes and 0 folders.
[2020.09.26-09.44.56:655][  0]LogContentBrowser: Native class hierarchy updated for 'AddContentDialog' in 0.0004 seconds. Added 0 classes and 0 folders.
[2020.09.26-09.44.56:661][  0]LogContentBrowser: Native class hierarchy updated for 'SceneOutliner' in 0.0004 seconds. Added 2 classes and 3 folders.
[2020.09.26-09.44.56:823][  0]LogContentBrowser: Native class hierarchy updated for 'WorldBrowser' in 0.0005 seconds. Added 2 classes and 3 folders.
[2020.09.26-09.44.56:900][  0]LogSlate: Took 0.000304 seconds to synchronously load lazily loaded font '../../../Engine/Content/Slate/Fonts/Roboto-Regular.ttf' (155K)
[2020.09.26-09.44.56:903][  0]LogSlate: Took 0.000300 seconds to synchronously load lazily loaded font '../../../Engine/Content/Slate/Fonts/Roboto-Bold.ttf' (160K)
[2020.09.26-09.44.56:910][  0]LogSlate: Took 0.000379 seconds to synchronously load lazily loaded font '../../../Engine/Content/Editor/Slate/Fonts/FontAwesome.ttf' (139K)
[2020.09.26-09.44.57:039][  0]LogRenderer: Reallocating scene render targets to support 1192x520 Format 9 NumSamples 1 (Frame:1).
[2020.09.26-09.44.57:296][  0]LogContentBrowser: Native class hierarchy updated for 'HierarchicalLODOutliner' in 0.0004 seconds. Added 0 classes and 0 folders.
[2020.09.26-09.44.57:296][  0]LogLoad: (Engine Initialization) Total time: 12.37 seconds
[2020.09.26-09.44.57:296][  0]LogLoad: (Engine Initialization) Total Blueprint compile time: 0.00 seconds
[2020.09.26-09.44.57:369][  0]LogContentStreaming: Texture pool size now 800 MB
[2020.09.26-09.44.57:416][  0]LogSlate: Took 0.000339 seconds to synchronously load lazily loaded font '../../../Engine/Content/Slate/Fonts/Roboto-Light.ttf' (167K)
[2020.09.26-09.44.57:460][  1]LogFileCache: Retrieving MD5 hashes for directory 'D:/_DATA/Unreal Projects/VFXShowRoom/Content/' took 0.14s
[2020.09.26-09.44.57:507][  1]LogAssetRegistry: Asset discovery search completed in 7.1509 seconds
[2020.09.26-09.44.57:514][  1]LogCollectionManager: Fixed up redirectors for 0 collections in 0.000017 seconds (updated 0 objects)
[2020.09.26-09.44.58:359][ 42]LogSlate: Took 0.000268 seconds to synchronously load lazily loaded font '../../../Engine/Content/Slate/Fonts/Roboto-Light.ttf' (167K)
[2020.09.26-09.45.01:362][197]LogShaderCompilers: Display: Worker (3/5): shaders left to compile 180
[2020.09.26-09.45.01:545][208]LogShaderCompilers: Display: Worker (1/5): shaders left to compile 170
[2020.09.26-09.45.01:762][221]LogShaderCompilers: Display: Worker (4/5): shaders left to compile 160
[2020.09.26-09.45.01:945][232]LogShaderCompilers: Display: Worker (2/5): shaders left to compile 150
[2020.09.26-09.45.05:556][432]LogShaderCompilers: Display: Worker (3/5): shaders left to compile 140
[2020.09.26-09.45.05:738][443]LogShaderCompilers: Display: Worker (2/5): shaders left to compile 130
[2020.09.26-09.45.06:635][496]LogShaderCompilers: Display: Worker (4/5): shaders left to compile 120
[2020.09.26-09.45.06:653][497]LogShaderCompilers: Display: Worker (1/5): shaders left to compile 110
[2020.09.26-09.45.10:636][736]LogShaderCompilers: Display: Worker (4/5): shaders left to compile 100
[2020.09.26-09.45.11:052][761]LogShaderCompilers: Display: Worker (3/5): shaders left to compile 90
[2020.09.26-09.45.11:068][762]LogShaderCompilers: Display: Worker (2/5): shaders left to compile 80
[2020.09.26-09.45.13:707][919]LogShaderCompilers: Display: Worker (1/5): shaders left to compile 70
[2020.09.26-09.45.16:060][ 57]LogAssetEditorSubsystem: Opening Asset editor for MaterialInstanceConstant /Game/ShowRoom/DurendalUltimate/MIC_ExplosionSphere.MIC_ExplosionSphere
[2020.09.26-09.45.16:591][ 57]LogShaderCompilers: Display: Worker (3/5): shaders left to compile 60
[2020.09.26-09.45.16:593][ 57]LogRenderer: Reallocating scene render targets to support 1192x920 Format 9 NumSamples 1 (Frame:1).
[2020.09.26-09.45.17:381][ 95]LogShaderCompilers: Display: Worker (4/5): shaders left to compile 50
[2020.09.26-09.45.17:799][120]LogShaderCompilers: Display: Worker (2/5): shaders left to compile 40
[2020.09.26-09.45.21:062][314]LogShaderCompilers: Display: Worker (3/5): shaders left to compile 30
[2020.09.26-09.45.21:262][326]LogShaderCompilers: Display: Worker (1/5): shaders left to compile 22
[2020.09.26-09.45.23:517][447]LogShaderCompilers: Display: Worker (2/5): shaders left to compile 16
[2020.09.26-09.45.23:863][466]LogShaderCompilers: Display: Worker (4/5): shaders left to compile 11
[2020.09.26-09.45.24:969][521]LogShaderCompilers: Display: Worker (3/5): shaders left to compile 8
[2020.09.26-09.45.25:523][553]LogShaderCompilers: Display: Worker (1/5): shaders left to compile 5
[2020.09.26-09.45.26:533][611]LogShaderCompilers: Display: Worker (4/5): shaders left to compile 3
[2020.09.26-09.45.27:209][651]LogShaderCompilers: Display: Worker (1/5): shaders left to compile 2
[2020.09.26-09.45.27:683][679]LogShaderCompilers: Display: Worker (2/5): shaders left to compile 1
[2020.09.26-09.45.37:378][249]LogUObjectHash: Compacting FUObjectHashTables data took   1.53ms
[2020.09.26-09.45.54:067][227]LogAssetEditorSubsystem: Opening Asset editor for MaterialInstanceConstant /Game/ShowRoom/DurendalUltimate/MIC_CrackGlow.MIC_CrackGlow
[2020.09.26-09.45.57:791][436]LogWorld: UWorld::CleanupWorld for World_3, bSessionEnded=true, bCleanupResources=true
[2020.09.26-09.45.57:791][436]LogSlate: InvalidateAllWidgets triggered.  All widgets were invalidated
[2020.09.26-09.46.10:866][150]Cmd: OBJ SAVEPACKAGE PACKAGE="/Game/ShowRoom/DurendalUltimate/T_FX_Noise_Stretch" FILE="D:/_DATA/Unreal Projects/VFXShowRoom/Content/ShowRoom/DurendalUltimate/T_FX_Noise_Stretch.uasset" SILENT=true
[2020.09.26-09.46.10:880][150]LogSavePackage: Moving 'D:/_DATA/Unreal Projects/VFXShowRoom/Saved/T_FX_Noise_Stretch0433705649B28A490773AE8B3F329CDC.tmp' to 'D:/_DATA/Unreal Projects/VFXShowRoom/Content/ShowRoom/DurendalUltimate/T_FX_Noise_Stretch.uasset'
[2020.09.26-09.46.11:699][150]LogUObjectHash: Compacting FUObjectHashTables data took   1.81ms
[2020.09.26-09.46.11:743][150]LogUObjectHash: Compacting FUObjectHashTables data took   0.83ms
[2020.09.26-09.46.11:768][150]LogUObjectHash: Compacting FUObjectHashTables data took   0.63ms
[2020.09.26-09.46.11:999][150]SourceControl: rm 'Content/ShowRoom/Textures/Noises/T_FX_Noise_Stretch.uasset'
[2020.09.26-09.46.12:036][150]AssetCheck: New page: Asset Save: T_FX_Noise_Stretch
[2020.09.26-09.46.12:036][150]LogContentValidation: Display: Validating Texture2D /Game/ShowRoom/DurendalUltimate/T_FX_Noise_Stretch.T_FX_Noise_Stretch
[2020.09.26-09.46.27:216][966]Cmd: OBJ SAVEPACKAGE PACKAGE="/Game/ShowRoom/DurendalUltimate/T_FX_Noise_Cell" FILE="D:/_DATA/Unreal Projects/VFXShowRoom/Content/ShowRoom/DurendalUltimate/T_FX_Noise_Cell.uasset" SILENT=true
[2020.09.26-09.46.27:231][966]LogSavePackage: Moving 'D:/_DATA/Unreal Projects/VFXShowRoom/Saved/T_FX_Noise_CellC1B7D44F4E03DC465EBBF89C1A3162FD.tmp' to 'D:/_DATA/Unreal Projects/VFXShowRoom/Content/ShowRoom/DurendalUltimate/T_FX_Noise_Cell.uasset'
[2020.09.26-09.46.28:199][966]LogUObjectHash: Compacting FUObjectHashTables data took   0.74ms
[2020.09.26-09.46.28:239][966]LogUObjectHash: Compacting FUObjectHashTables data took   1.78ms
[2020.09.26-09.46.28:265][966]LogUObjectHash: Compacting FUObjectHashTables data took   0.70ms
[2020.09.26-09.46.28:515][966]SourceControl: rm 'Content/ShowRoom/DurendalUltimate/T_FX_NoiseCell.uasset'
[2020.09.26-09.46.28:721][966]Cmd: OBJ SAVEPACKAGE PACKAGE="/Game/ShowRoom/DurendalUltimate/MIC_CircleErosion" FILE="D:/_DATA/Unreal Projects/VFXShowRoom/Content/ShowRoom/DurendalUltimate/MIC_CircleErosion.uasset" SILENT=true
[2020.09.26-09.46.28:740][966]LogSavePackage: Moving 'D:/_DATA/Unreal Projects/VFXShowRoom/Saved/MIC_CircleErosionA3FC5A0E408CAF523886DD8B19F5F865.tmp' to 'D:/_DATA/Unreal Projects/VFXShowRoom/Content/ShowRoom/DurendalUltimate/MIC_CircleErosion.uasset'
[2020.09.26-09.46.28:795][966]AssetCheck: New page: Asset Save: multiple assets
[2020.09.26-09.46.28:795][966]LogContentValidation: Display: Validating Texture2D /Game/ShowRoom/DurendalUltimate/T_FX_Noise_Cell.T_FX_Noise_Cell
[2020.09.26-09.46.28:795][966]LogContentValidation: Display: Validating MaterialInstanceConstant /Game/ShowRoom/DurendalUltimate/MIC_CircleErosion.MIC_CircleErosion
[2020.09.26-09.46.40:468][601]Cmd: OBJ SAVEPACKAGE PACKAGE="/Game/ShowRoom/DurendalUltimate/T_Rock_C" FILE="D:/_DATA/Unreal Projects/VFXShowRoom/Content/ShowRoom/DurendalUltimate/T_Rock_C.uasset" SILENT=true
[2020.09.26-09.46.40:483][601]LogSavePackage: Moving 'D:/_DATA/Unreal Projects/VFXShowRoom/Saved/T_Rock_C76542E564EFB3D0D533A5EBD64BC12EB.tmp' to 'D:/_DATA/Unreal Projects/VFXShowRoom/Content/ShowRoom/DurendalUltimate/T_Rock_C.uasset'
[2020.09.26-09.46.40:818][601]Cmd: OBJ SAVEPACKAGE PACKAGE="/Game/ShowRoom/DurendalUltimate/T_RockTexture" FILE="D:/_DATA/Unreal Projects/VFXShowRoom/Content/ShowRoom/DurendalUltimate/T_RockTexture.uasset" SILENT=true
[2020.09.26-09.46.40:833][601]LogSavePackage: Moving 'D:/_DATA/Unreal Projects/VFXShowRoom/Saved/T_RockTexture698886F344AACEFCE470838D77BEFFA8.tmp' to 'D:/_DATA/Unreal Projects/VFXShowRoom/Content/ShowRoom/DurendalUltimate/T_RockTexture.uasset'
[2020.09.26-09.46.41:242][601]AssetCheck: New page: Asset Save: multiple assets
[2020.09.26-09.46.41:242][601]LogContentValidation: Display: Validating Texture2D /Game/ShowRoom/DurendalUltimate/T_Rock_C.T_Rock_C
[2020.09.26-09.46.41:242][601]LogContentValidation: Display: Validating ObjectRedirector /Game/ShowRoom/DurendalUltimate/T_RockTexture.T_RockTexture
[2020.09.26-09.47.25:240][153]Cmd: OBJ SAVEPACKAGE PACKAGE="/Game/ShowRoom/DurendalUltimate/T_FX_GroundCracks_C" FILE="D:/_DATA/Unreal Projects/VFXShowRoom/Content/ShowRoom/DurendalUltimate/T_FX_GroundCracks_C.uasset" SILENT=true
[2020.09.26-09.47.25:248][153]LogSavePackage: Moving 'D:/_DATA/Unreal Projects/VFXShowRoom/Saved/T_FX_GroundCracks_C33CCE7704E994A66CF063E9AC917082D.tmp' to 'D:/_DATA/Unreal Projects/VFXShowRoom/Content/ShowRoom/DurendalUltimate/T_FX_GroundCracks_C.uasset'
[2020.09.26-09.47.25:558][153]Cmd: OBJ SAVEPACKAGE PACKAGE="/Game/ShowRoom/DurendalUltimate/T_FX_GroundCracks" FILE="D:/_DATA/Unreal Projects/VFXShowRoom/Content/ShowRoom/DurendalUltimate/T_FX_GroundCracks.uasset" SILENT=true
[2020.09.26-09.47.25:569][153]LogSavePackage: Moving 'D:/_DATA/Unreal Projects/VFXShowRoom/Saved/T_FX_GroundCracks4E68F1104EAF6333D7B3E8B4B357231C.tmp' to 'D:/_DATA/Unreal Projects/VFXShowRoom/Content/ShowRoom/DurendalUltimate/T_FX_GroundCracks.uasset'
[2020.09.26-09.47.25:983][153]AssetCheck: New page: Asset Save: multiple assets
[2020.09.26-09.47.25:983][153]LogContentValidation: Display: Validating Texture2D /Game/ShowRoom/DurendalUltimate/T_FX_GroundCracks_C.T_FX_GroundCracks_C
[2020.09.26-09.47.25:983][153]LogContentValidation: Display: Validating ObjectRedirector /Game/ShowRoom/DurendalUltimate/T_FX_GroundCracks.T_FX_GroundCracks
[2020.09.26-09.55.02:646][321]LogRHI: Error: SyncInterval 0
[2020.09.26-09.55.02:646][321]LogRHI: Error: SwapChainDesc.BufferDesc.Width 238
[2020.09.26-09.55.02:646][321]LogRHI: Error: SwapChainDesc.BufferDesc.Height 57
[2020.09.26-09.55.02:646][321]LogRHI: Error: SwapChainDesc.BufferDesc.RefreshRate.Numerator 0
[2020.09.26-09.55.02:646][321]LogRHI: Error: SwapChainDesc.BufferDesc.RefreshRate.Denominator 0
[2020.09.26-09.55.02:647][321]LogRHI: Error: SwapChainDesc.BufferDesc.Format 24
[2020.09.26-09.55.02:647][321]LogRHI: Error: SwapChainDesc.BufferDesc.ScanlineOrdering 0
[2020.09.26-09.55.02:647][321]LogRHI: Error: SwapChainDesc.BufferDesc.Scaling 0
[2020.09.26-09.55.02:647][321]LogRHI: Error: SwapChainDesc.SampleDesc.Count 1
[2020.09.26-09.55.02:647][321]LogRHI: Error: SwapChainDesc.SampleDesc.Quality 0
[2020.09.26-09.55.02:647][321]LogRHI: Error: SwapChainDesc.BufferUsage 48
[2020.09.26-09.55.02:647][321]LogRHI: Error: SwapChainDesc.BufferCount 2
[2020.09.26-09.55.02:647][321]LogRHI: Error: SwapChainDesc.OutputWindow 00000000001203C4
[2020.09.26-09.55.02:647][321]LogRHI: Error: SwapChainDesc.Windowed true
[2020.09.26-09.55.02:647][321]LogRHI: Error: SwapChainDesc.SwapEffect 4
[2020.09.26-09.55.02:647][321]LogRHI: Error: SwapChainDesc.Flags 2050
[2020.09.26-09.55.02:647][321]LogD3D11RHI: Error: Result failed 
 at D:/Build/++UE4/Sync/Engine/Source/Runtime/Windows/D3D11RHI/Private/D3D11Viewport.cpp:389 
 with error DXGI_ERROR_DEVICE_REMOVED 00000000
[2020.09.26-09.55.02:647][321]LogD3D11RHI: [Aftermath] GDynamicRHI=000001CB745640C0, GDX11NVAfterMathEnabled=0, Result=0xFFFFFFFF, bDeviceActive=0
[2020.09.26-09.55.02:647][321]LogWindows: Windows GetLastError: The operation completed successfully. (0)
[2020.09.26-09.55.06:709][321]LogThreadingWindows: Error: Runnable thread RenderThread 4 crashed.
[2020.09.26-09.55.06:709][321]LogOutputDevice: Warning: 

Script Stack (0 frames):

[2020.09.26-09.55.06:709][321]LogWindows: Windows GetLastError: The operation completed successfully. (0)
[2020.09.26-09.55.06:709][321]LogWindows: Error: HandleError re-entered.
[2020.09.26-09.55.06:709][321]LogWindows: FPlatformMisc::RequestExit(1)
[2020.09.26-09.55.06:709][321]LogCore: Engine exit requested (reason: Win RequestExit)
[2020.09.26-09.55.06:709][321]LogOutputDevice: Warning: 

Script Stack (0 frames):

[2020.09.26-09.55.06:709][321]LogWindows: Error: === Critical error: ===
[2020.09.26-09.55.06:709][321]LogWindows: Error: 
[2020.09.26-09.55.06:709][321]LogWindows: Error: Ensure condition failed: !IsLocked() [File:D:/Build/++UE4/Sync/Engine/Source/Developer/EditorAnalyticsSession/Private/EditorAnalyticsSession.cpp] [Line: 259] 
[2020.09.26-09.55.06:709][321]LogWindows: Error: 
[2020.09.26-09.55.06:709][321]LogWindows: Error: 
[2020.09.26-09.55.06:709][321]LogWindows: Error: 
[2020.09.26-09.55.06:709][321]LogWindows: Error: 
[2020.09.26-09.55.06:790][321]LogExit: Executing StaticShutdownAfterError
[2020.09.26-09.55.06:790][321]LogWindows: FPlatformMisc::RequestExit(1)
[2020.09.26-09.55.06:790][321]LogCore: Engine exit requested (reason: Win RequestExit; note: exit was already requested)
[2020.09.26-09.55.06:847][321]Log file closed, 09/26/20 12:55:06
