Log file open, 09/23/20 22:52:27
LogWindows: Failed to load 'aqProf.dll' (GetLastError=126)
LogWindows: File 'aqProf.dll' does not exist
LogWindows: Failed to load 'VtuneApi.dll' (GetLastError=126)
LogWindows: File 'VtuneApi.dll' does not exist
LogWindows: Failed to load 'VtuneApi32e.dll' (GetLastError=126)
LogWindows: File 'VtuneApi32e.dll' does not exist
LogConsoleResponse: Display: Failed to find resolution value strings in scalability ini. Falling back to default.
LogInit: Display: Running engine for game: VFXSHOWROOM
LogPlatformFile: Not using cached read wrapper
LogTaskGraph: Started task graph with 5 named threads and 23 total threads with 3 sets of task threads.
LogStats: Stats thread started at 0.116324
LogD3D11RHI: Loaded GFSDK_Aftermath_Lib.x64.dll
LogICUInternationalization: ICU TimeZone Detection - Raw Offset: +2:00, Platform Override: ''
LogPluginManager: Mounting plugin Paper2D
LogPluginManager: Mounting plugin AISupport
LogPluginManager: Mounting plugin LightPropagationVolume
LogPluginManager: Mounting plugin ActorLayerUtilities
LogPluginManager: Mounting plugin AnimationSharing
LogPluginManager: Mounting plugin CLionSourceCodeAccess
LogPluginManager: Mounting plugin CodeLiteSourceCodeAccess
LogPluginManager: Mounting plugin GitSourceControl
LogPluginManager: Mounting plugin KDevelopSourceCodeAccess
LogPluginManager: Mounting plugin NullSourceCodeAccess
LogPluginManager: Mounting plugin PerforceSourceControl
LogPluginManager: Mounting plugin PlasticSourceControl
LogPluginManager: Mounting plugin SubversionSourceControl
LogPluginManager: Mounting plugin UObjectPlugin
LogPluginManager: Mounting plugin VisualStudioCodeSourceCodeAccess
LogPluginManager: Mounting plugin VisualStudioSourceCodeAccess
LogPluginManager: Mounting plugin XCodeSourceCodeAccess
LogPluginManager: Mounting plugin AssetManagerEditor
LogPluginManager: Mounting plugin CryptoKeys
LogPluginManager: Mounting plugin CurveEditorTools
LogPluginManager: Mounting plugin DataValidation
LogPluginManager: Mounting plugin FacialAnimation
LogPluginManager: Mounting plugin GameplayTagsEditor
LogPluginManager: Mounting plugin MacGraphicsSwitching
LogPluginManager: Mounting plugin MaterialAnalyzer
LogPluginManager: Mounting plugin MobileLauncherProfileWizard
LogPluginManager: Mounting plugin PluginBrowser
LogPluginManager: Mounting plugin SpeedTreeImporter
LogPluginManager: Mounting plugin DatasmithContent
LogPluginManager: Mounting plugin VariantManagerContent
LogPluginManager: Mounting plugin AlembicImporter
LogPluginManager: Mounting plugin AutomationUtils
LogPluginManager: Mounting plugin BackChannel
LogPluginManager: Mounting plugin CharacterAI
LogPluginManager: Mounting plugin GeometryCache
LogPluginManager: Mounting plugin PlatformCrypto
LogPluginManager: Mounting plugin ProxyLODPlugin
LogPluginManager: Mounting plugin SkeletalReduction
LogPluginManager: Mounting plugin MagicLeap
LogPluginManager: Mounting plugin MagicLeapMedia
LogPluginManager: Mounting plugin MLSDK
LogPluginManager: Mounting plugin BlueprintJson
LogPluginManager: Mounting plugin AndroidMedia
LogPluginManager: Mounting plugin AvfMedia
LogPluginManager: Mounting plugin ImgMedia
LogPluginManager: Mounting plugin MediaCompositing
LogPluginManager: Mounting plugin MediaPlayerEditor
LogPluginManager: Mounting plugin WebMMedia
LogPluginManager: Mounting plugin WmfMedia
LogPluginManager: Mounting plugin TcpMessaging
LogPluginManager: Mounting plugin UdpMessaging
LogPluginManager: Mounting plugin ActorSequence
LogPluginManager: Mounting plugin LevelSequenceEditor
LogPluginManager: Mounting plugin MatineeToLevelSequence
LogPluginManager: Mounting plugin NetcodeUnitTest
LogPluginManager: Mounting plugin NUTUnrealEngine4
LogPluginManager: Mounting plugin OnlineSubsystemGooglePlay
LogPluginManager: Mounting plugin OnlineSubsystemIOS
LogPluginManager: Mounting plugin OnlineSubsystem
LogPluginManager: Mounting plugin OnlineSubsystemNull
LogPluginManager: Mounting plugin OnlineSubsystemUtils
LogPluginManager: Mounting plugin LauncherChunkInstaller
LogPluginManager: Mounting plugin AndroidDeviceProfileSelector
LogPluginManager: Mounting plugin AndroidMoviePlayer
LogPluginManager: Mounting plugin AndroidPermission
LogPluginManager: Mounting plugin AppleImageUtils
LogPluginManager: Mounting plugin AppleMoviePlayer
LogPluginManager: Mounting plugin ArchVisCharacter
LogPluginManager: Mounting plugin AssetTags
LogPluginManager: Mounting plugin AudioCapture
LogPluginManager: Mounting plugin CableComponent
LogPluginManager: Mounting plugin CustomMeshComponent
LogPluginManager: Mounting plugin EditableMesh
LogPluginManager: Mounting plugin ExampleDeviceProfileSelector
LogPluginManager: Mounting plugin GoogleCloudMessaging
LogPluginManager: Mounting plugin IOSDeviceProfileSelector
LogPluginManager: Mounting plugin LinuxDeviceProfileSelector
LogPluginManager: Mounting plugin LocationServicesBPLibrary
LogPluginManager: Mounting plugin MobilePatchingUtils
LogPluginManager: Mounting plugin OculusVR
LogPluginManager: Mounting plugin PhysXVehicles
LogPluginManager: Mounting plugin PostSplashScreen
LogPluginManager: Mounting plugin ProceduralMeshComponent
LogPluginManager: Mounting plugin RuntimePhysXCooking
LogPluginManager: Mounting plugin SignificanceManager
LogPluginManager: Mounting plugin SteamVR
LogPluginManager: Mounting plugin WebMMoviePlayer
LogPluginManager: Mounting plugin WindowsMoviePlayer
LogPluginManager: Mounting plugin ScreenshotTools
LogInit: Using libcurl 7.55.1-DEV
LogInit:  - built for x86_64-pc-win32
LogInit:  - supports SSL with OpenSSL/1.1.1
LogInit:  - supports HTTP deflate (compression) using libz 1.2.8
LogInit:  - other features:
LogInit:      CURL_VERSION_SSL
LogInit:      CURL_VERSION_LIBZ
LogInit:      CURL_VERSION_IPV6
LogInit:      CURL_VERSION_ASYNCHDNS
LogInit:      CURL_VERSION_LARGEFILE
LogInit:      CURL_VERSION_IDN
LogInit:  CurlRequestOptions (configurable via config and command line):
LogInit:  - bVerifyPeer = true  - Libcurl will verify peer certificate
LogInit:  - bUseHttpProxy = false  - Libcurl will NOT use HTTP proxy
LogInit:  - bDontReuseConnections = false  - Libcurl will reuse connections
LogInit:  - MaxHostConnections = 16  - Libcurl will limit the number of connections to a host
LogInit:  - LocalHostAddr = Default
LogInit:  - BufferSize = 65536
LogOnline: OSS: Creating online subsystem instance for: NULL
LogInit: WinSock: version 1.1 (2.2), MaxSocks=32767, MaxUdp=65467
LogOnline: OSS: TryLoadSubsystemAndSetDefault: Loaded subsystem for module [NULL]
LogInit: Build: ++UE4+Release-4.24-CL-11590370
LogInit: Engine Version: 4.24.3-11590370+++UE4+Release-4.24
LogInit: Compatible Engine Version: 4.24.0-10570792+++UE4+Release-4.24
LogInit: Net CL: 10570792
LogInit: OS: Windows 10 (Release 1903) (), CPU: Intel(R) Core(TM) i7-6700HQ CPU @ 2.60GHz, GPU: Intel(R) HD Graphics 530
LogInit: Compiled (64-bit): Feb 24 2020 15:39:18
LogInit: Compiled with Visual C++: 19.16.27032.01
LogInit: Build Configuration: Development
LogInit: Branch Name: ++UE4+Release-4.24
LogInit: Command Line: 
LogInit: Base Directory: C:/Program Files/Epic Games/UE_4.24/Engine/Binaries/Win64/
LogInit: Installed Engine Build: 1
LogDevObjectVersion: Number of dev versions registered: 25
LogDevObjectVersion:   Dev-Blueprints (B0D832E4-1F89-4F0D-ACCF-7EB736FD4AA2): 10
LogDevObjectVersion:   Dev-Build (E1C64328-A22C-4D53-A36C-8E866417BD8C): 0
LogDevObjectVersion:   Dev-Core (375EC13C-06E4-48FB-B500-84F0262A717E): 3
LogDevObjectVersion:   Dev-Editor (E4B068ED-F494-42E9-A231-DA0B2E46BB41): 37
LogDevObjectVersion:   Dev-Framework (CFFC743F-43B0-4480-9391-14DF171D2073): 36
LogDevObjectVersion:   Dev-Mobile (B02B49B5-BB20-44E9-A304-32B752E40360): 2
LogDevObjectVersion:   Dev-Networking (A4E4105C-59A1-49B5-A7C5-40C4547EDFEE): 0
LogDevObjectVersion:   Dev-Online (39C831C9-5AE6-47DC-9A44-9C173E1C8E7C): 0
LogDevObjectVersion:   Dev-Physics (78F01B33-EBEA-4F98-B9B4-84EACCB95AA2): 2
LogDevObjectVersion:   Dev-Platform (6631380F-2D4D-43E0-8009-CF276956A95A): 0
LogDevObjectVersion:   Dev-Rendering (12F88B9F-8875-4AFC-A67C-D90C383ABD29): 36
LogDevObjectVersion:   Dev-Sequencer (7B5AE74C-D270-4C10-A958-57980B212A5A): 11
LogDevObjectVersion:   Dev-VR (D7296918-1DD6-4BDD-9DE2-64A83CC13884): 2
LogDevObjectVersion:   Dev-LoadTimes (C2A15278-BFE7-4AFE-6C17-90FF531DF755): 1
LogDevObjectVersion:   Private-Geometry (6EACA3D4-40EC-4CC1-B786-8BED09428FC5): 3
LogDevObjectVersion:   Dev-AnimPhys (29E575DD-E0A3-4627-9D10-D276232CDCEA): 17
LogDevObjectVersion:   Dev-Anim (AF43A65D-7FD3-4947-9873-3E8ED9C1BB05): 2
LogDevObjectVersion:   Dev-ReflectionCapture (6B266CEC-1EC7-4B8F-A30B-E4D90942FC07): 1
LogDevObjectVersion:   Dev-Automation (0DF73D61-A23F-47EA-B727-89E90C41499A): 1
LogDevObjectVersion:   FortniteMain (601D1886-AC64-4F84-AA16-D3DE0DEAC7D6): 31
LogDevObjectVersion:   Dev-Enterprise (9DFFBCD6-494F-0158-E221-12823C92A888): 8
LogDevObjectVersion:   Dev-Niagara (F2AED0AC-9AFE-416F-8664-AA7FFA26D6FC): 1
LogDevObjectVersion:   Dev-Destruction (174F1F0B-B4C6-45A5-B13F-2EE8D0FB917D): 9
LogDevObjectVersion:   Dev-Physics-Ext (35F94A83-E258-406C-A318-09F59610247C): 8
LogDevObjectVersion:   Dev-CineCamera (B2E18506-4273-CFC2-A54E-F4BB758BBA07): 1
LogInit: Presizing for max 25165824 objects, including 0 objects not considered by GC, pre-allocating 0 bytes for permanent pool.
LogInit: Object subsystem initialized
LogConfig: Setting CVar [[con.DebugEarlyDefault:1]]
LogConfig: Setting CVar [[r.setres:1280x720]]
[2020.09.23-19.52.27:617][  0]LogConfig: Setting CVar [[r.VSync:0]]
[2020.09.23-19.52.27:617][  0]LogConfig: Setting CVar [[r.RHICmdBypass:0]]
[2020.09.23-19.52.27:617][  0]LogConfig: Applying CVar settings from Section [/Script/Engine.RendererSettings] File [D:/_DATA/Unreal Projects/VFXShowRoom/Saved/Config/Windows/Engine.ini]
[2020.09.23-19.52.27:617][  0]LogConfig: Setting CVar [[r.GPUCrashDebugging:0]]
[2020.09.23-19.52.27:617][  0]LogConfig: Applying CVar settings from Section [/Script/Engine.RendererOverrideSettings] File [D:/_DATA/Unreal Projects/VFXShowRoom/Saved/Config/Windows/Engine.ini]
[2020.09.23-19.52.27:617][  0]LogConfig: Applying CVar settings from Section [/Script/Engine.StreamingSettings] File [D:/_DATA/Unreal Projects/VFXShowRoom/Saved/Config/Windows/Engine.ini]
[2020.09.23-19.52.27:617][  0]LogConfig: Setting CVar [[s.MinBulkDataSizeForAsyncLoading:131072]]
[2020.09.23-19.52.27:617][  0]LogConfig: Setting CVar [[s.AsyncLoadingThreadEnabled:0]]
[2020.09.23-19.52.27:617][  0]LogConfig: Setting CVar [[s.EventDrivenLoaderEnabled:1]]
[2020.09.23-19.52.27:617][  0]LogConfig: Setting CVar [[s.WarnIfTimeLimitExceeded:0]]
[2020.09.23-19.52.27:617][  0]LogConfig: Setting CVar [[s.TimeLimitExceededMultiplier:1.5]]
[2020.09.23-19.52.27:617][  0]LogConfig: Setting CVar [[s.TimeLimitExceededMinTime:0.005]]
[2020.09.23-19.52.27:617][  0]LogConfig: Setting CVar [[s.UseBackgroundLevelStreaming:1]]
[2020.09.23-19.52.27:617][  0]LogConfig: Setting CVar [[s.PriorityAsyncLoadingExtraTime:15.0]]
[2020.09.23-19.52.27:617][  0]LogConfig: Setting CVar [[s.LevelStreamingActorsUpdateTimeLimit:5.0]]
[2020.09.23-19.52.27:617][  0]LogConfig: Setting CVar [[s.PriorityLevelStreamingActorsUpdateExtraTime:5.0]]
[2020.09.23-19.52.27:617][  0]LogConfig: Setting CVar [[s.LevelStreamingComponentsRegistrationGranularity:10]]
[2020.09.23-19.52.27:617][  0]LogConfig: Setting CVar [[s.UnregisterComponentsTimeLimit:1.0]]
[2020.09.23-19.52.27:617][  0]LogConfig: Setting CVar [[s.LevelStreamingComponentsUnregistrationGranularity:5]]
[2020.09.23-19.52.27:617][  0]LogConfig: Setting CVar [[s.FlushStreamingOnExit:1]]
[2020.09.23-19.52.27:617][  0]LogConfig: Applying CVar settings from Section [/Script/Engine.GarbageCollectionSettings] File [D:/_DATA/Unreal Projects/VFXShowRoom/Saved/Config/Windows/Engine.ini]
[2020.09.23-19.52.27:617][  0]LogConfig: Setting CVar [[gc.MaxObjectsNotConsideredByGC:1]]
[2020.09.23-19.52.27:617][  0]LogConfig: Setting CVar [[gc.SizeOfPermanentObjectPool:0]]
[2020.09.23-19.52.27:617][  0]LogConfig: Setting CVar [[gc.FlushStreamingOnGC:0]]
[2020.09.23-19.52.27:617][  0]LogConfig: Setting CVar [[gc.NumRetriesBeforeForcingGC:10]]
[2020.09.23-19.52.27:617][  0]LogConfig: Setting CVar [[gc.AllowParallelGC:1]]
[2020.09.23-19.52.27:617][  0]LogConfig: Setting CVar [[gc.TimeBetweenPurgingPendingKillObjects:61.1]]
[2020.09.23-19.52.27:617][  0]LogConfig: Setting CVar [[gc.MaxObjectsInEditor:25165824]]
[2020.09.23-19.52.27:617][  0]LogConfig: Setting CVar [[gc.IncrementalBeginDestroyEnabled:1]]
[2020.09.23-19.52.27:617][  0]LogConfig: Setting CVar [[gc.CreateGCClusters:1]]
[2020.09.23-19.52.27:617][  0]LogConfig: Setting CVar [[gc.MinGCClusterSize:5]]
[2020.09.23-19.52.27:617][  0]LogConfig: Setting CVar [[gc.ActorClusteringEnabled:0]]
[2020.09.23-19.52.27:618][  0]LogConfig: Setting CVar [[gc.BlueprintClusteringEnabled:0]]
[2020.09.23-19.52.27:618][  0]LogConfig: Setting CVar [[gc.UseDisregardForGCOnDedicatedServers:0]]
[2020.09.23-19.52.27:618][  0]LogConfig: Applying CVar settings from Section [/Script/Engine.NetworkSettings] File [D:/_DATA/Unreal Projects/VFXShowRoom/Saved/Config/Windows/Engine.ini]
[2020.09.23-19.52.27:618][  0]LogConfig: Applying CVar settings from Section [/Script/UnrealEd.CookerSettings] File [D:/_DATA/Unreal Projects/VFXShowRoom/Saved/Config/Windows/Engine.ini]
[2020.09.23-19.52.27:622][  0]LogConfig: Applying CVar settings from Section [ViewDistanceQuality@3] File [D:/_DATA/Unreal Projects/VFXShowRoom/Saved/Config/Windows/Scalability.ini]
[2020.09.23-19.52.27:622][  0]LogConfig: Setting CVar [[r.SkeletalMeshLODBias:0]]
[2020.09.23-19.52.27:622][  0]LogConfig: Setting CVar [[r.ViewDistanceScale:1.0]]
[2020.09.23-19.52.27:622][  0]LogConfig: Applying CVar settings from Section [AntiAliasingQuality@3] File [D:/_DATA/Unreal Projects/VFXShowRoom/Saved/Config/Windows/Scalability.ini]
[2020.09.23-19.52.27:622][  0]LogConfig: Setting CVar [[r.PostProcessAAQuality:4]]
[2020.09.23-19.52.27:622][  0]LogConfig: Applying CVar settings from Section [ShadowQuality@3] File [D:/_DATA/Unreal Projects/VFXShowRoom/Saved/Config/Windows/Scalability.ini]
[2020.09.23-19.52.27:622][  0]LogConfig: Setting CVar [[r.LightFunctionQuality:1]]
[2020.09.23-19.52.27:622][  0]LogConfig: Setting CVar [[r.ShadowQuality:5]]
[2020.09.23-19.52.27:622][  0]LogConfig: Setting CVar [[r.Shadow.CSM.MaxCascades:10]]
[2020.09.23-19.52.27:622][  0]LogConfig: Setting CVar [[r.Shadow.MaxResolution:2048]]
[2020.09.23-19.52.27:622][  0]LogConfig: Setting CVar [[r.Shadow.MaxCSMResolution:2048]]
[2020.09.23-19.52.27:622][  0]LogConfig: Setting CVar [[r.Shadow.RadiusThreshold:0.01]]
[2020.09.23-19.52.27:622][  0]LogConfig: Setting CVar [[r.Shadow.DistanceScale:1.0]]
[2020.09.23-19.52.27:622][  0]LogConfig: Setting CVar [[r.Shadow.CSM.TransitionScale:1.0]]
[2020.09.23-19.52.27:622][  0]LogConfig: Setting CVar [[r.Shadow.PreShadowResolutionFactor:1.0]]
[2020.09.23-19.52.27:622][  0]LogConfig: Setting CVar [[r.DistanceFieldShadowing:1]]
[2020.09.23-19.52.27:622][  0]LogConfig: Setting CVar [[r.DistanceFieldAO:1]]
[2020.09.23-19.52.27:622][  0]LogConfig: Setting CVar [[r.AOQuality:2]]
[2020.09.23-19.52.27:622][  0]LogConfig: Setting CVar [[r.VolumetricFog:1]]
[2020.09.23-19.52.27:622][  0]LogConfig: Setting CVar [[r.VolumetricFog.GridPixelSize:8]]
[2020.09.23-19.52.27:622][  0]LogConfig: Setting CVar [[r.VolumetricFog.GridSizeZ:128]]
[2020.09.23-19.52.27:622][  0]LogConfig: Setting CVar [[r.VolumetricFog.HistoryMissSupersampleCount:4]]
[2020.09.23-19.52.27:622][  0]LogConfig: Setting CVar [[r.LightMaxDrawDistanceScale:1]]
[2020.09.23-19.52.27:622][  0]LogConfig: Setting CVar [[r.CapsuleShadows:1]]
[2020.09.23-19.52.27:622][  0]LogConfig: Applying CVar settings from Section [PostProcessQuality@3] File [D:/_DATA/Unreal Projects/VFXShowRoom/Saved/Config/Windows/Scalability.ini]
[2020.09.23-19.52.27:622][  0]LogConfig: Setting CVar [[r.MotionBlurQuality:4]]
[2020.09.23-19.52.27:622][  0]LogConfig: Setting CVar [[r.AmbientOcclusionMipLevelFactor:0.4]]
[2020.09.23-19.52.27:622][  0]LogConfig: Setting CVar [[r.AmbientOcclusionMaxQuality:100]]
[2020.09.23-19.52.27:622][  0]LogConfig: Setting CVar [[r.AmbientOcclusionLevels:-1]]
[2020.09.23-19.52.27:622][  0]LogConfig: Setting CVar [[r.AmbientOcclusionRadiusScale:1.0]]
[2020.09.23-19.52.27:622][  0]LogConfig: Setting CVar [[r.DepthOfFieldQuality:2]]
[2020.09.23-19.52.27:623][  0]LogConfig: Setting CVar [[r.RenderTargetPoolMin:400]]
[2020.09.23-19.52.27:623][  0]LogConfig: Setting CVar [[r.LensFlareQuality:2]]
[2020.09.23-19.52.27:623][  0]LogConfig: Setting CVar [[r.SceneColorFringeQuality:1]]
[2020.09.23-19.52.27:623][  0]LogConfig: Setting CVar [[r.EyeAdaptationQuality:2]]
[2020.09.23-19.52.27:623][  0]LogConfig: Setting CVar [[r.BloomQuality:5]]
[2020.09.23-19.52.27:623][  0]LogConfig: Setting CVar [[r.FastBlurThreshold:100]]
[2020.09.23-19.52.27:623][  0]LogConfig: Setting CVar [[r.Upscale.Quality:3]]
[2020.09.23-19.52.27:623][  0]LogConfig: Setting CVar [[r.Tonemapper.GrainQuantization:1]]
[2020.09.23-19.52.27:623][  0]LogConfig: Setting CVar [[r.LightShaftQuality:1]]
[2020.09.23-19.52.27:623][  0]LogConfig: Setting CVar [[r.Filter.SizeScale:1]]
[2020.09.23-19.52.27:623][  0]LogConfig: Setting CVar [[r.Tonemapper.Quality:5]]
[2020.09.23-19.52.27:623][  0]LogConfig: Setting CVar [[r.DOF.Gather.AccumulatorQuality:1        ; higher gathering accumulator quality]]
[2020.09.23-19.52.27:623][  0]LogConfig: Setting CVar [[r.DOF.Gather.PostfilterMethod:1          ; Median3x3 postfilering method]]
[2020.09.23-19.52.27:623][  0]LogConfig: Setting CVar [[r.DOF.Gather.EnableBokehSettings:0       ; no bokeh simulation when gathering]]
[2020.09.23-19.52.27:623][  0]LogConfig: Setting CVar [[r.DOF.Gather.RingCount:4                 ; medium number of samples when gathering]]
[2020.09.23-19.52.27:623][  0]LogConfig: Setting CVar [[r.DOF.Scatter.ForegroundCompositing:1    ; additive foreground scattering]]
[2020.09.23-19.52.27:623][  0]LogConfig: Setting CVar [[r.DOF.Scatter.BackgroundCompositing:2    ; additive background scattering]]
[2020.09.23-19.52.27:623][  0]LogConfig: Setting CVar [[r.DOF.Scatter.EnableBokehSettings:1      ; bokeh simulation when scattering]]
[2020.09.23-19.52.27:623][  0]LogConfig: Setting CVar [[r.DOF.Scatter.MaxSpriteRatio:0.1         ; only a maximum of 10% of scattered bokeh]]
[2020.09.23-19.52.27:623][  0]LogConfig: Setting CVar [[r.DOF.Recombine.Quality:1                ; cheap slight out of focus]]
[2020.09.23-19.52.27:623][  0]LogConfig: Setting CVar [[r.DOF.Recombine.EnableBokehSettings:0    ; no bokeh simulation on slight out of focus]]
[2020.09.23-19.52.27:623][  0]LogConfig: Setting CVar [[r.DOF.TemporalAAQuality:1                ; more stable temporal accumulation]]
[2020.09.23-19.52.27:623][  0]LogConfig: Setting CVar [[r.DOF.Kernel.MaxForegroundRadius:0.025]]
[2020.09.23-19.52.27:623][  0]LogConfig: Setting CVar [[r.DOF.Kernel.MaxBackgroundRadius:0.025]]
[2020.09.23-19.52.27:623][  0]LogConfig: Applying CVar settings from Section [TextureQuality@3] File [D:/_DATA/Unreal Projects/VFXShowRoom/Saved/Config/Windows/Scalability.ini]
[2020.09.23-19.52.27:623][  0]LogConfig: Setting CVar [[r.Streaming.MipBias:0]]
[2020.09.23-19.52.27:623][  0]LogConfig: Setting CVar [[r.Streaming.AmortizeCPUToGPUCopy:0]]
[2020.09.23-19.52.27:623][  0]LogConfig: Setting CVar [[r.Streaming.MaxNumTexturesToStreamPerFrame:0]]
[2020.09.23-19.52.27:623][  0]LogConfig: Setting CVar [[r.Streaming.Boost:1]]
[2020.09.23-19.52.27:623][  0]LogConfig: Setting CVar [[r.MaxAnisotropy:8]]
[2020.09.23-19.52.27:623][  0]LogConfig: Setting CVar [[r.VT.MaxAnisotropy:8]]
[2020.09.23-19.52.27:623][  0]LogConfig: Setting CVar [[r.Streaming.LimitPoolSizeToVRAM:0]]
[2020.09.23-19.52.27:623][  0]LogConfig: Setting CVar [[r.Streaming.PoolSize:1000]]
[2020.09.23-19.52.27:623][  0]LogConfig: Setting CVar [[r.Streaming.MaxEffectiveScreenSize:0]]
[2020.09.23-19.52.27:624][  0]LogConfig: Applying CVar settings from Section [EffectsQuality@3] File [D:/_DATA/Unreal Projects/VFXShowRoom/Saved/Config/Windows/Scalability.ini]
[2020.09.23-19.52.27:624][  0]LogConfig: Setting CVar [[r.TranslucencyLightingVolumeDim:64]]
[2020.09.23-19.52.27:624][  0]LogConfig: Setting CVar [[r.RefractionQuality:2]]
[2020.09.23-19.52.27:624][  0]LogConfig: Setting CVar [[r.SSR.Quality:3]]
[2020.09.23-19.52.27:624][  0]LogConfig: Setting CVar [[r.SSR.HalfResSceneColor:0]]
[2020.09.23-19.52.27:624][  0]LogConfig: Setting CVar [[r.SceneColorFormat:4]]
[2020.09.23-19.52.27:624][  0]LogConfig: Setting CVar [[r.DetailMode:2]]
[2020.09.23-19.52.27:624][  0]LogConfig: Setting CVar [[r.TranslucencyVolumeBlur:1]]
[2020.09.23-19.52.27:624][  0]LogConfig: Setting CVar [[r.MaterialQualityLevel:1 ; High quality]]
[2020.09.23-19.52.27:624][  0]LogConfig: Setting CVar [[r.SSS.Scale:1]]
[2020.09.23-19.52.27:624][  0]LogConfig: Setting CVar [[r.SSS.SampleSet:2]]
[2020.09.23-19.52.27:624][  0]LogConfig: Setting CVar [[r.SSS.Quality:1]]
[2020.09.23-19.52.27:624][  0]LogConfig: Setting CVar [[r.SSS.HalfRes:1]]
[2020.09.23-19.52.27:624][  0]LogConfig: Setting CVar [[r.SSGI.Quality:3]]
[2020.09.23-19.52.27:624][  0]LogConfig: Setting CVar [[r.EmitterSpawnRateScale:1.0]]
[2020.09.23-19.52.27:624][  0]LogConfig: Setting CVar [[r.ParticleLightQuality:2]]
[2020.09.23-19.52.27:624][  0]LogConfig: Setting CVar [[r.SkyAtmosphere.AerialPerspectiveLUT.FastApplyOnOpaque:1 ; Always have FastSkyLUT 1 in this case to avoid wrong sky]]
[2020.09.23-19.52.27:624][  0]LogConfig: Setting CVar [[r.SkyAtmosphere.AerialPerspectiveLUT.SampleCountPerSlice:1]]
[2020.09.23-19.52.27:624][  0]LogConfig: Setting CVar [[r.SkyAtmosphere.AerialPerspectiveLUT.DepthResolution:16.0]]
[2020.09.23-19.52.27:624][  0]LogConfig: Setting CVar [[r.SkyAtmosphere.FastSkyLUT:1]]
[2020.09.23-19.52.27:624][  0]LogConfig: Setting CVar [[r.SkyAtmosphere.FastSkyLUT.SampleCountMin:4.0]]
[2020.09.23-19.52.27:624][  0]LogConfig: Setting CVar [[r.SkyAtmosphere.FastSkyLUT.SampleCountMax:32.0]]
[2020.09.23-19.52.27:624][  0]LogConfig: Setting CVar [[r.SkyAtmosphere.SampleCountMin:4.0]]
[2020.09.23-19.52.27:624][  0]LogConfig: Setting CVar [[r.SkyAtmosphere.SampleCountMax:32.0]]
[2020.09.23-19.52.27:624][  0]LogConfig: Setting CVar [[r.SkyAtmosphere.TransmittanceLUT.UseSmallFormat:0]]
[2020.09.23-19.52.27:624][  0]LogConfig: Setting CVar [[r.SkyAtmosphere.TransmittanceLUT.SampleCount:10.0]]
[2020.09.23-19.52.27:624][  0]LogConfig: Setting CVar [[r.SkyAtmosphere.MultiScatteringLUT.SampleCount:15.0]]
[2020.09.23-19.52.27:624][  0]LogConfig: Applying CVar settings from Section [FoliageQuality@3] File [D:/_DATA/Unreal Projects/VFXShowRoom/Saved/Config/Windows/Scalability.ini]
[2020.09.23-19.52.27:624][  0]LogConfig: Setting CVar [[foliage.DensityScale:1.0]]
[2020.09.23-19.52.27:624][  0]LogConfig: Setting CVar [[grass.DensityScale:1.0]]
[2020.09.23-19.52.27:624][  0]LogConfig: Applying CVar settings from Section [ShadingQuality@3] File [D:/_DATA/Unreal Projects/VFXShowRoom/Saved/Config/Windows/Scalability.ini]
[2020.09.23-19.52.27:624][  0]LogConfig: Setting CVar [[r.HairStrands.SkyLighting.SampleCount:16]]
[2020.09.23-19.52.27:624][  0]LogConfig: Setting CVar [[r.HairStrands.SkyLighting.JitterIntegration:0]]
[2020.09.23-19.52.27:624][  0]LogConfig: Setting CVar [[r.HairStrands.SkyAO.SampleCount:16]]
[2020.09.23-19.52.27:625][  0]LogInit: Selected Device Profile: [Windows]
[2020.09.23-19.52.27:625][  0]LogInit: Applying CVar settings loaded from the selected device profile: [Windows]
[2020.09.23-19.52.27:628][  0]LogHAL: Display: Platform has ~ 16 GB [17039900672 / 17179869184 / 16], which maps to Larger [LargestMinGB=32, LargerMinGB=12, DefaultMinGB=8, SmallerMinGB=6, SmallestMinGB=0)
[2020.09.23-19.52.27:628][  0]LogInit: Going up to parent DeviceProfile []
[2020.09.23-19.52.27:628][  0]LogConfig: Applying CVar settings from Section [ViewDistanceQuality@2] File [D:/_DATA/Unreal Projects/VFXShowRoom/Saved/Config/Windows/Scalability.ini]
[2020.09.23-19.52.27:628][  0]LogConfig: Setting CVar [[r.SkeletalMeshLODBias:0]]
[2020.09.23-19.52.27:628][  0]LogConfig: Setting CVar [[r.ViewDistanceScale:0.8]]
[2020.09.23-19.52.27:628][  0]LogConfig: Applying CVar settings from Section [AntiAliasingQuality@2] File [D:/_DATA/Unreal Projects/VFXShowRoom/Saved/Config/Windows/Scalability.ini]
[2020.09.23-19.52.27:628][  0]LogConfig: Setting CVar [[r.PostProcessAAQuality:3]]
[2020.09.23-19.52.27:628][  0]LogConfig: Applying CVar settings from Section [ShadowQuality@2] File [D:/_DATA/Unreal Projects/VFXShowRoom/Saved/Config/Windows/Scalability.ini]
[2020.09.23-19.52.27:628][  0]LogConfig: Setting CVar [[r.LightFunctionQuality:1]]
[2020.09.23-19.52.27:628][  0]LogConfig: Setting CVar [[r.ShadowQuality:5]]
[2020.09.23-19.52.27:628][  0]LogConfig: Setting CVar [[r.Shadow.CSM.MaxCascades:4]]
[2020.09.23-19.52.27:628][  0]LogConfig: Setting CVar [[r.Shadow.MaxResolution:1024]]
[2020.09.23-19.52.27:628][  0]LogConfig: Setting CVar [[r.Shadow.MaxCSMResolution:2048]]
[2020.09.23-19.52.27:628][  0]LogConfig: Setting CVar [[r.Shadow.RadiusThreshold:0.04]]
[2020.09.23-19.52.27:628][  0]LogConfig: Setting CVar [[r.Shadow.DistanceScale:0.85]]
[2020.09.23-19.52.27:628][  0]LogConfig: Setting CVar [[r.Shadow.CSM.TransitionScale:0.8]]
[2020.09.23-19.52.27:628][  0]LogConfig: Setting CVar [[r.Shadow.PreShadowResolutionFactor:0.5]]
[2020.09.23-19.52.27:628][  0]LogConfig: Setting CVar [[r.DistanceFieldShadowing:1]]
[2020.09.23-19.52.27:628][  0]LogConfig: Setting CVar [[r.DistanceFieldAO:1]]
[2020.09.23-19.52.27:628][  0]LogConfig: Setting CVar [[r.AOQuality:1]]
[2020.09.23-19.52.27:628][  0]LogConfig: Setting CVar [[r.VolumetricFog:1]]
[2020.09.23-19.52.27:628][  0]LogConfig: Setting CVar [[r.VolumetricFog.GridPixelSize:16]]
[2020.09.23-19.52.27:628][  0]LogConfig: Setting CVar [[r.VolumetricFog.GridSizeZ:64]]
[2020.09.23-19.52.27:628][  0]LogConfig: Setting CVar [[r.VolumetricFog.HistoryMissSupersampleCount:4]]
[2020.09.23-19.52.27:628][  0]LogConfig: Setting CVar [[r.LightMaxDrawDistanceScale:1]]
[2020.09.23-19.52.27:628][  0]LogConfig: Setting CVar [[r.CapsuleShadows:1]]
[2020.09.23-19.52.27:628][  0]LogConfig: Applying CVar settings from Section [PostProcessQuality@2] File [D:/_DATA/Unreal Projects/VFXShowRoom/Saved/Config/Windows/Scalability.ini]
[2020.09.23-19.52.27:628][  0]LogConfig: Setting CVar [[r.MotionBlurQuality:3]]
[2020.09.23-19.52.27:628][  0]LogConfig: Setting CVar [[r.AmbientOcclusionMipLevelFactor:0.6]]
[2020.09.23-19.52.27:628][  0]LogConfig: Setting CVar [[r.AmbientOcclusionMaxQuality:100]]
[2020.09.23-19.52.27:628][  0]LogConfig: Setting CVar [[r.AmbientOcclusionLevels:-1]]
[2020.09.23-19.52.27:628][  0]LogConfig: Setting CVar [[r.AmbientOcclusionRadiusScale:1.5]]
[2020.09.23-19.52.27:628][  0]LogConfig: Setting CVar [[r.DepthOfFieldQuality:2]]
[2020.09.23-19.52.27:628][  0]LogConfig: Setting CVar [[r.RenderTargetPoolMin:400]]
[2020.09.23-19.52.27:628][  0]LogConfig: Setting CVar [[r.LensFlareQuality:2]]
[2020.09.23-19.52.27:629][  0]LogConfig: Setting CVar [[r.SceneColorFringeQuality:1]]
[2020.09.23-19.52.27:629][  0]LogConfig: Setting CVar [[r.EyeAdaptationQuality:2]]
[2020.09.23-19.52.27:629][  0]LogConfig: Setting CVar [[r.BloomQuality:5]]
[2020.09.23-19.52.27:629][  0]LogConfig: Setting CVar [[r.FastBlurThreshold:3]]
[2020.09.23-19.52.27:629][  0]LogConfig: Setting CVar [[r.Upscale.Quality:2]]
[2020.09.23-19.52.27:629][  0]LogConfig: Setting CVar [[r.Tonemapper.GrainQuantization:1]]
[2020.09.23-19.52.27:629][  0]LogConfig: Setting CVar [[r.LightShaftQuality:1]]
[2020.09.23-19.52.27:629][  0]LogConfig: Setting CVar [[r.Filter.SizeScale:0.8]]
[2020.09.23-19.52.27:629][  0]LogConfig: Setting CVar [[r.Tonemapper.Quality:5]]
[2020.09.23-19.52.27:629][  0]LogConfig: Setting CVar [[r.DOF.Gather.AccumulatorQuality:0        ; lower gathering accumulator quality]]
[2020.09.23-19.52.27:629][  0]LogConfig: Setting CVar [[r.DOF.Gather.PostfilterMethod:2          ; Max3x3 postfilering method]]
[2020.09.23-19.52.27:629][  0]LogConfig: Setting CVar [[r.DOF.Gather.EnableBokehSettings:0       ; no bokeh simulation when gathering]]
[2020.09.23-19.52.27:629][  0]LogConfig: Setting CVar [[r.DOF.Gather.RingCount:4                 ; medium number of samples when gathering]]
[2020.09.23-19.52.27:629][  0]LogConfig: Setting CVar [[r.DOF.Scatter.ForegroundCompositing:1    ; additive foreground scattering]]
[2020.09.23-19.52.27:629][  0]LogConfig: Setting CVar [[r.DOF.Scatter.BackgroundCompositing:1    ; no background occlusion]]
[2020.09.23-19.52.27:629][  0]LogConfig: Setting CVar [[r.DOF.Scatter.EnableBokehSettings:0      ; no bokeh simulation when scattering]]
[2020.09.23-19.52.27:629][  0]LogConfig: Setting CVar [[r.DOF.Scatter.MaxSpriteRatio:0.04        ; only a maximum of 4% of scattered bokeh]]
[2020.09.23-19.52.27:629][  0]LogConfig: Setting CVar [[r.DOF.Recombine.Quality:0                ; no slight out of focus]]
[2020.09.23-19.52.27:629][  0]LogConfig: Setting CVar [[r.DOF.TemporalAAQuality:0                ; faster temporal accumulation]]
[2020.09.23-19.52.27:629][  0]LogConfig: Setting CVar [[r.DOF.Kernel.MaxForegroundRadius:0.012   ; required because of AccumulatorQuality=0]]
[2020.09.23-19.52.27:629][  0]LogConfig: Setting CVar [[r.DOF.Kernel.MaxBackgroundRadius:0.012   ; required because of AccumulatorQuality=0]]
[2020.09.23-19.52.27:629][  0]LogConfig: Applying CVar settings from Section [TextureQuality@2] File [D:/_DATA/Unreal Projects/VFXShowRoom/Saved/Config/Windows/Scalability.ini]
[2020.09.23-19.52.27:629][  0]LogConfig: Setting CVar [[r.Streaming.MipBias:0]]
[2020.09.23-19.52.27:629][  0]LogConfig: Setting CVar [[r.Streaming.AmortizeCPUToGPUCopy:0]]
[2020.09.23-19.52.27:629][  0]LogConfig: Setting CVar [[r.Streaming.MaxNumTexturesToStreamPerFrame:0]]
[2020.09.23-19.52.27:629][  0]LogConfig: Setting CVar [[r.Streaming.Boost:1]]
[2020.09.23-19.52.27:629][  0]LogConfig: Setting CVar [[r.MaxAnisotropy:4]]
[2020.09.23-19.52.27:629][  0]LogConfig: Setting CVar [[r.VT.MaxAnisotropy:8]]
[2020.09.23-19.52.27:629][  0]LogConfig: Setting CVar [[r.Streaming.LimitPoolSizeToVRAM:1]]
[2020.09.23-19.52.27:629][  0]LogConfig: Setting CVar [[r.Streaming.PoolSize:800]]
[2020.09.23-19.52.27:629][  0]LogConfig: Setting CVar [[r.Streaming.MaxEffectiveScreenSize:0]]
[2020.09.23-19.52.27:629][  0]LogConfig: Applying CVar settings from Section [EffectsQuality@2] File [D:/_DATA/Unreal Projects/VFXShowRoom/Saved/Config/Windows/Scalability.ini]
[2020.09.23-19.52.27:629][  0]LogConfig: Setting CVar [[r.TranslucencyLightingVolumeDim:48]]
[2020.09.23-19.52.27:629][  0]LogConfig: Setting CVar [[r.RefractionQuality:2]]
[2020.09.23-19.52.27:629][  0]LogConfig: Setting CVar [[r.SSR.Quality:2]]
[2020.09.23-19.52.27:630][  0]LogConfig: Setting CVar [[r.SSR.HalfResSceneColor:1]]
[2020.09.23-19.52.27:630][  0]LogConfig: Setting CVar [[r.SceneColorFormat:3]]
[2020.09.23-19.52.27:630][  0]LogConfig: Setting CVar [[r.DetailMode:1]]
[2020.09.23-19.52.27:630][  0]LogConfig: Setting CVar [[r.TranslucencyVolumeBlur:1]]
[2020.09.23-19.52.27:630][  0]LogConfig: Setting CVar [[r.MaterialQualityLevel:1 ; High quality]]
[2020.09.23-19.52.27:630][  0]LogConfig: Setting CVar [[r.SSS.Scale:1]]
[2020.09.23-19.52.27:630][  0]LogConfig: Setting CVar [[r.SSS.SampleSet:1]]
[2020.09.23-19.52.27:630][  0]LogConfig: Setting CVar [[r.SSS.Quality:-1]]
[2020.09.23-19.52.27:630][  0]LogConfig: Setting CVar [[r.SSS.HalfRes:1]]
[2020.09.23-19.52.27:630][  0]LogConfig: Setting CVar [[r.SSGI.Quality:2]]
[2020.09.23-19.52.27:630][  0]LogConfig: Setting CVar [[r.EmitterSpawnRateScale:0.5]]
[2020.09.23-19.52.27:630][  0]LogConfig: Setting CVar [[r.ParticleLightQuality:1]]
[2020.09.23-19.52.27:630][  0]LogConfig: Setting CVar [[r.SkyAtmosphere.AerialPerspectiveLUT.FastApplyOnOpaque:1 ; Always have FastSkyLUT 1 in this case to avoid wrong sky]]
[2020.09.23-19.52.27:630][  0]LogConfig: Setting CVar [[r.SkyAtmosphere.AerialPerspectiveLUT.SampleCountPerSlice:1]]
[2020.09.23-19.52.27:630][  0]LogConfig: Setting CVar [[r.SkyAtmosphere.AerialPerspectiveLUT.DepthResolution:16.0]]
[2020.09.23-19.52.27:630][  0]LogConfig: Setting CVar [[r.SkyAtmosphere.FastSkyLUT:1]]
[2020.09.23-19.52.27:630][  0]LogConfig: Setting CVar [[r.SkyAtmosphere.FastSkyLUT.SampleCountMin:4.0]]
[2020.09.23-19.52.27:630][  0]LogConfig: Setting CVar [[r.SkyAtmosphere.FastSkyLUT.SampleCountMax:32.0]]
[2020.09.23-19.52.27:630][  0]LogConfig: Setting CVar [[r.SkyAtmosphere.SampleCountMin:4.0]]
[2020.09.23-19.52.27:630][  0]LogConfig: Setting CVar [[r.SkyAtmosphere.SampleCountMax:32.0]]
[2020.09.23-19.52.27:630][  0]LogConfig: Setting CVar [[r.SkyAtmosphere.TransmittanceLUT.UseSmallFormat:0]]
[2020.09.23-19.52.27:630][  0]LogConfig: Setting CVar [[r.SkyAtmosphere.TransmittanceLUT.SampleCount:10.0]]
[2020.09.23-19.52.27:630][  0]LogConfig: Setting CVar [[r.SkyAtmosphere.MultiScatteringLUT.SampleCount:15.0]]
[2020.09.23-19.52.27:630][  0]LogConfig: Applying CVar settings from Section [FoliageQuality@2] File [D:/_DATA/Unreal Projects/VFXShowRoom/Saved/Config/Windows/Scalability.ini]
[2020.09.23-19.52.27:630][  0]LogConfig: Setting CVar [[foliage.DensityScale:0.8]]
[2020.09.23-19.52.27:630][  0]LogConfig: Setting CVar [[grass.DensityScale:0.8]]
[2020.09.23-19.52.27:630][  0]LogConfig: Applying CVar settings from Section [ShadingQuality@2] File [D:/_DATA/Unreal Projects/VFXShowRoom/Saved/Config/Windows/Scalability.ini]
[2020.09.23-19.52.27:630][  0]LogConfig: Setting CVar [[r.HairStrands.SkyLighting.SampleCount:16]]
[2020.09.23-19.52.27:630][  0]LogConfig: Setting CVar [[r.HairStrands.SkyLighting.JitterIntegration:0]]
[2020.09.23-19.52.27:630][  0]LogConfig: Setting CVar [[r.HairStrands.SkyAO.SampleCount:16]]
[2020.09.23-19.52.27:630][  0]LogConfig: Applying CVar settings from Section [Startup] File [../../../Engine/Config/ConsoleVariables.ini]
[2020.09.23-19.52.27:631][  0]LogConfig: Setting CVar [[net.UseAdaptiveNetUpdateFrequency:0]]
[2020.09.23-19.52.27:631][  0]LogConfig: Setting CVar [[p.chaos.AllowCreatePhysxBodies:1]]
[2020.09.23-19.52.27:631][  0]LogConfig: Applying CVar settings from Section [ConsoleVariables] File [D:/_DATA/Unreal Projects/VFXShowRoom/Saved/Config/Windows/Engine.ini]
[2020.09.23-19.52.27:631][  0]LogInit: Computer: PYRATHGAMINGPC
[2020.09.23-19.52.27:631][  0]LogInit: User: Gameolic3
[2020.09.23-19.52.27:631][  0]LogInit: CPU Page size=4096, Cores=4
[2020.09.23-19.52.27:631][  0]LogInit: High frequency timer resolution =10.000000 MHz
[2020.09.23-19.52.27:631][  0]LogMemory: Memory total: Physical=15.9GB (16GB approx)
[2020.09.23-19.52.27:631][  0]LogMemory: Platform Memory Stats for Windows
[2020.09.23-19.52.27:631][  0]LogMemory: Process Physical Memory: 105.51 MB used, 105.52 MB peak
[2020.09.23-19.52.27:631][  0]LogMemory: Process Virtual Memory: 100.86 MB used, 100.87 MB peak
[2020.09.23-19.52.27:631][  0]LogMemory: Physical Memory: 7129.71 MB used,  9120.81 MB free, 16250.52 MB total
[2020.09.23-19.52.27:631][  0]LogMemory: Virtual Memory: 5103.30 MB used,  134212624.00 MB free, 134217728.00 MB total
[2020.09.23-19.52.27:637][  0]LogWindows: WindowsPlatformFeatures enabled
[2020.09.23-19.52.27:697][  0]LogInit: Using OS detected language (en-US).
[2020.09.23-19.52.27:697][  0]LogInit: Using OS detected locale (en-US).
[2020.09.23-19.52.27:699][  0]LogTextLocalizationManager: No specific localization for 'en-US' exists, so the 'en' localization will be used.
[2020.09.23-19.52.27:880][  0]LogInit: Setting process to per monitor DPI aware
[2020.09.23-19.52.27:941][  0]LogSlate: New Slate User Created.  User Index 0, Is Virtual User: 0
[2020.09.23-19.52.27:941][  0]LogSlate: Slate User Registered.  User Index 0, Is Virtual User: 0
[2020.09.23-19.52.28:246][  0]LogHMD: Failed to initialize OpenVR with code 110
[2020.09.23-19.52.28:246][  0]LogD3D11RHI: D3D11 min allowed feature level: 11_0
[2020.09.23-19.52.28:246][  0]LogD3D11RHI: D3D11 max allowed feature level: 11_0
[2020.09.23-19.52.28:246][  0]LogD3D11RHI: D3D11 adapters:
[2020.09.23-19.52.28:331][  0]LogD3D11RHI:    0. 'NVIDIA GeForce GTX 960M' (Feature Level 11_0)
[2020.09.23-19.52.28:331][  0]LogD3D11RHI:       2010/0/8125 MB DedicatedVideo/DedicatedSystem/SharedSystem, Outputs:1, VendorId:0x10de
[2020.09.23-19.52.28:340][  0]LogD3D11RHI:    1. 'Intel(R) HD Graphics 530' (Feature Level 11_0)
[2020.09.23-19.52.28:340][  0]LogD3D11RHI:       128/0/8125 MB DedicatedVideo/DedicatedSystem/SharedSystem, Outputs:0, VendorId:0x8086
[2020.09.23-19.52.28:343][  0]LogD3D11RHI:    2. 'Microsoft Basic Render Driver' (Feature Level 11_0)
[2020.09.23-19.52.28:343][  0]LogD3D11RHI:       0/0/8125 MB DedicatedVideo/DedicatedSystem/SharedSystem, Outputs:0, VendorId:0x1414
[2020.09.23-19.52.28:343][  0]LogD3D11RHI: Chosen D3D11 Adapter: 0
[2020.09.23-19.52.28:351][  0]LogD3D11RHI: Creating new Direct3DDevice
[2020.09.23-19.52.28:351][  0]LogD3D11RHI:     GPU DeviceId: 0x139b (for the marketing name, search the web for "GPU Device Id")
[2020.09.23-19.52.28:351][  0]LogWindows: EnumDisplayDevices:
[2020.09.23-19.52.28:351][  0]LogWindows:    0. 'Intel(R) HD Graphics 530' (P:1 D:1)
[2020.09.23-19.52.28:352][  0]LogWindows:    1. 'Intel(R) HD Graphics 530' (P:0 D:0)
[2020.09.23-19.52.28:352][  0]LogWindows:    2. 'Intel(R) HD Graphics 530' (P:0 D:0)
[2020.09.23-19.52.28:353][  0]LogWindows: DebugString: PrimaryIsNotTheChoosenAdapter PrimaryIsNotTheChoosenAdapter PrimaryIsNotTheChoosenAdapter FoundDriverCount:0 
[2020.09.23-19.52.28:353][  0]LogD3D11RHI:     Adapter Name: NVIDIA GeForce GTX 960M
[2020.09.23-19.52.28:353][  0]LogD3D11RHI:   Driver Version: Unknown (internal:Unknown, unified:Unknown)
[2020.09.23-19.52.28:353][  0]LogD3D11RHI:      Driver Date: Unknown
[2020.09.23-19.52.28:353][  0]LogRHI: Texture pool is 1407 MB (70% of 2010 MB)
[2020.09.23-19.52.28:405][  0]LogD3D11RHI: RHI has support for 64 bit atomics
[2020.09.23-19.52.28:405][  0]LogD3D11RHI: Async texture creation enabled
[2020.09.23-19.52.28:421][  0]LogD3D11RHI: GPU Timing Frequency: 1000.000000 (Debug: 2 1)
[2020.09.23-19.52.28:869][  0]LogTargetPlatformManager: Display: Loaded TargetPlatform 'AllDesktop'
[2020.09.23-19.52.28:902][  0]LogTargetPlatformManager: Display: Loaded TargetPlatform 'Android'
[2020.09.23-19.52.28:902][  0]LogTargetPlatformManager: Display: Loaded TargetPlatform 'Android_ASTC'
[2020.09.23-19.52.28:902][  0]LogTargetPlatformManager: Display: Loaded TargetPlatform 'Android_ATC'
[2020.09.23-19.52.28:903][  0]LogTargetPlatformManager: Display: Loaded TargetPlatform 'Android_DXT'
[2020.09.23-19.52.28:903][  0]LogTargetPlatformManager: Display: Loaded TargetPlatform 'Android_ETC1'
[2020.09.23-19.52.28:903][  0]LogTargetPlatformManager: Display: Loaded TargetPlatform 'Android_ETC1a'
[2020.09.23-19.52.28:903][  0]LogTargetPlatformManager: Display: Loaded TargetPlatform 'Android_ETC2'
[2020.09.23-19.52.28:903][  0]LogTargetPlatformManager: Display: Loaded TargetPlatform 'Android_PVRTC'
[2020.09.23-19.52.28:903][  0]LogTargetPlatformManager: Display: Loaded TargetPlatform 'AndroidClient'
[2020.09.23-19.52.28:903][  0]LogTargetPlatformManager: Display: Loaded TargetPlatform 'Android_ASTCClient'
[2020.09.23-19.52.28:903][  0]LogTargetPlatformManager: Display: Loaded TargetPlatform 'Android_ATCClient'
[2020.09.23-19.52.28:903][  0]LogTargetPlatformManager: Display: Loaded TargetPlatform 'Android_DXTClient'
[2020.09.23-19.52.28:903][  0]LogTargetPlatformManager: Display: Loaded TargetPlatform 'Android_ETC1Client'
[2020.09.23-19.52.28:903][  0]LogTargetPlatformManager: Display: Loaded TargetPlatform 'Android_ETC1aClient'
[2020.09.23-19.52.28:903][  0]LogTargetPlatformManager: Display: Loaded TargetPlatform 'Android_ETC2Client'
[2020.09.23-19.52.28:903][  0]LogTargetPlatformManager: Display: Loaded TargetPlatform 'Android_PVRTCClient'
[2020.09.23-19.52.28:903][  0]LogTargetPlatformManager: Display: Loaded TargetPlatform 'Android_Multi'
[2020.09.23-19.52.28:903][  0]LogTargetPlatformManager: Display: Loaded TargetPlatform 'Android_MultiClient'
[2020.09.23-19.52.28:924][  0]LogTargetPlatformManager: Display: Loaded TargetPlatform 'IOSClient'
[2020.09.23-19.52.28:924][  0]LogTargetPlatformManager: Display: Loaded TargetPlatform 'IOS'
[2020.09.23-19.52.28:933][  0]LogTargetPlatformManager: Display: Loaded TargetPlatform 'LinuxNoEditor'
[2020.09.23-19.52.28:940][  0]LogTargetPlatformManager: Display: Loaded TargetPlatform 'LinuxClient'
[2020.09.23-19.52.28:949][  0]LogTargetPlatformManager: Display: Loaded TargetPlatform 'LinuxServer'
[2020.09.23-19.52.28:958][  0]LogTargetPlatformManager: Display: Loaded TargetPlatform 'LinuxAArch64NoEditor'
[2020.09.23-19.52.28:968][  0]LogTargetPlatformManager: Display: Loaded TargetPlatform 'LinuxAArch64Client'
[2020.09.23-19.52.28:977][  0]LogTargetPlatformManager: Display: Loaded TargetPlatform 'LinuxAArch64Server'
[2020.09.23-19.52.29:006][  0]LogTargetPlatformManager: Display: Loaded TargetPlatform 'Lumin'
[2020.09.23-19.52.29:006][  0]LogTargetPlatformManager: Display: Loaded TargetPlatform 'LuminClient'
[2020.09.23-19.52.29:022][  0]LogTargetPlatformManager: Display: Loaded TargetPlatform 'TVOSClient'
[2020.09.23-19.52.29:022][  0]LogTargetPlatformManager: Display: Loaded TargetPlatform 'TVOS'
[2020.09.23-19.52.29:030][  0]LogTargetPlatformManager: Display: Loaded TargetPlatform 'WindowsNoEditor'
[2020.09.23-19.52.29:038][  0]LogTargetPlatformManager: Display: Loaded TargetPlatform 'Windows'
[2020.09.23-19.52.29:046][  0]LogTargetPlatformManager: Display: Loaded TargetPlatform 'WindowsClient'
[2020.09.23-19.52.29:054][  0]LogTargetPlatformManager: Display: Loaded TargetPlatform 'WindowsServer'
[2020.09.23-19.52.29:054][  0]LogTargetPlatformManager: Display: Building Assets For Windows
[2020.09.23-19.52.29:059][  0]LogAudioDebug: Display: Lib vorbis DLL was dynamically loaded.
[2020.09.23-19.52.29:090][  0]LogShaderCompilers: Guid format shader working directory is 14 characters bigger than the processId version (D:/_DATA/Unreal Projects/VFXShowRoom/Intermediate/Shaders/WorkingDirectory/9224/).
[2020.09.23-19.52.29:091][  0]LogShaderCompilers: Cleaned the shader compiler working directory 'C:/Users/Gameolic3/AppData/Local/Temp/UnrealShaderWorkingDir/E7442D0E4BE0A714818554AF9B640D2A/'.
[2020.09.23-19.52.29:091][  0]LogXGEController: Cannot use XGE Controller as Incredibuild is not installed on this machine.
[2020.09.23-19.52.29:091][  0]LogShaderCompilers: Cannot use XGE Shader Compiler as Incredibuild is not installed on this machine.
[2020.09.23-19.52.29:091][  0]LogShaderCompilers: Display: Using Local Shader Compiler.
[2020.09.23-19.52.29:999][  0]LogDerivedDataCache: Display: Max Cache Size: 512 MB
[2020.09.23-19.52.30:062][  0]LogDerivedDataCache: Loaded boot cache 0.06s 78MB C:/Users/Gameolic3/AppData/Local/UnrealEngine/4.24/DerivedDataCache/Boot.ddc.
[2020.09.23-19.52.30:062][  0]LogDerivedDataCache: Display: Loaded Boot cache: C:/Users/Gameolic3/AppData/Local/UnrealEngine/4.24/DerivedDataCache/Boot.ddc
[2020.09.23-19.52.30:063][  0]LogDerivedDataCache: FDerivedDataBackendGraph:  Pak pak cache file D:/_DATA/Unreal Projects/VFXShowRoom/DerivedDataCache/DDC.ddp not found, will not use a pak cache.
[2020.09.23-19.52.30:063][  0]LogDerivedDataCache: Unable to find inner node Pak for hierarchical cache Hierarchy.
[2020.09.23-19.52.30:063][  0]LogDerivedDataCache: FDerivedDataBackendGraph:  CompressedPak pak cache file D:/_DATA/Unreal Projects/VFXShowRoom/DerivedDataCache/Compressed.ddp not found, will not use a pak cache.
[2020.09.23-19.52.30:063][  0]LogDerivedDataCache: Unable to find inner node CompressedPak for hierarchical cache Hierarchy.
[2020.09.23-19.52.30:075][  0]LogDerivedDataCache: Display: Pak cache opened for reading ../../../Engine/DerivedDataCache/Compressed.ddp.
[2020.09.23-19.52.30:075][  0]LogDerivedDataCache: FDerivedDataBackendGraph:  EnterprisePak pak cache file ../../../Enterprise/DerivedDataCache/Compressed.ddp not found, will not use a pak cache.
[2020.09.23-19.52.30:075][  0]LogDerivedDataCache: Unable to find inner node EnterprisePak for hierarchical cache Hierarchy.
[2020.09.23-19.52.30:076][  0]LogDerivedDataCache: Using Local data cache path C:/Users/Gameolic3/AppData/Local/UnrealEngine/Common/DerivedDataCache: Writable
[2020.09.23-19.52.30:076][  0]LogDerivedDataCache: Shared data cache path not found in *engine.ini, will not use an Shared cache.
[2020.09.23-19.52.30:076][  0]LogDerivedDataCache: Unable to find inner node Shared for hierarchical cache Hierarchy.
[2020.09.23-19.52.30:107][  0]LogMaterial: Verifying Global Shaders for PCD3D_SM5
[2020.09.23-19.52.30:111][  0]LogSlate: Using FreeType 2.10.0
[2020.09.23-19.52.30:111][  0]LogSlate: SlateFontServices - WITH_FREETYPE: 1, WITH_HARFBUZZ: 1
[2020.09.23-19.52.30:185][  0]LogAssetRegistry: FAssetRegistry took 0.0028 seconds to start up
[2020.09.23-19.52.30:544][  0]LogInit: Selected Device Profile: [Windows]
[2020.09.23-19.52.30:729][  0]LogMeshReduction: Using QuadricMeshReduction for automatic static mesh reduction
[2020.09.23-19.52.30:729][  0]LogMeshReduction: Using SimplygonMeshReduction for automatic skeletal mesh reduction
[2020.09.23-19.52.30:729][  0]LogMeshReduction: Using ProxyLODMeshReduction for automatic mesh merging
[2020.09.23-19.52.30:729][  0]LogMeshReduction: No distributed automatic mesh merging module available
[2020.09.23-19.52.30:729][  0]LogMeshMerging: No distributed automatic mesh merging module available
[2020.09.23-19.52.30:745][  0]LogNetVersion: VFXSHOWROOM 1.0.0, NetCL: 10570792, EngineNetVer: 13, GameNetVer: 0 (Checksum: 3410049785)
[2020.09.23-19.52.32:056][  0]LogPackageLocalizationCache: Processed 10 localized package path(s) for 1 prioritized culture(s) in 0.032812 seconds
[2020.09.23-19.52.32:063][  0]LogUObjectArray: 46750 objects as part of root set at end of initial load.
[2020.09.23-19.52.32:063][  0]LogUObjectAllocator: 8137160 out of 0 bytes used by permanent object pool.
[2020.09.23-19.52.32:063][  0]LogUObjectArray: CloseDisregardForGC: 0/0 objects in disregard for GC pool
[2020.09.23-19.52.32:510][  0]LogTcpMessaging: Initializing TcpMessaging bridge
[2020.09.23-19.52.32:513][  0]LogUdpMessaging: Initializing bridge on interface 0.0.0.0:0 to multicast group 230.0.0.1:6666.
[2020.09.23-19.52.32:570][  0]SourceControl: Source control is disabled
[2020.09.23-19.52.33:242][  0]LogAndroidPermission: UAndroidPermissionCallbackProxy::GetInstance
[2020.09.23-19.52.33:254][  0]LogAudioCaptureCore: Display: No Audio Capture implementations found. Audio input will be silent.
[2020.09.23-19.52.33:254][  0]LogAudioCaptureCore: Display: No Audio Capture implementations found. Audio input will be silent.
[2020.09.23-19.52.33:353][  0]LogOcInput: OculusInput pre-init called
[2020.09.23-19.52.33:362][  0]LogWindows: Failed to load 'OVRPlugin.dll' (GetLastError=126)
[2020.09.23-19.52.33:362][  0]LogWindows: File 'OVRPlugin.dll' does not exist
[2020.09.23-19.52.33:438][  0]LogEngine: Initializing Engine...
[2020.09.23-19.52.33:439][  0]LogHMD: Failed to initialize OpenVR with code 110
[2020.09.23-19.52.33:440][  0]LogStats: UGameplayTagsManager::InitializeManager -  0.000 s
[2020.09.23-19.52.33:820][  0]LogInit: Initializing FReadOnlyCVARCache
[2020.09.23-19.52.33:828][  0]LogAIModule: Creating AISystem for world Untitled
[2020.09.23-19.52.33:854][  0]LogAudioMixer: Display: Audio Mixer Platform Settings:
[2020.09.23-19.52.33:854][  0]LogAudioMixer: Display: 	Sample Rate:						  48000
[2020.09.23-19.52.33:854][  0]LogAudioMixer: Display: 	Callback Buffer Frame Size Requested: 1024
[2020.09.23-19.52.33:854][  0]LogAudioMixer: Display: 	Callback Buffer Frame Size To Use:	  1024
[2020.09.23-19.52.33:854][  0]LogAudioMixer: Display: 	Number of buffers to queue:			  2
[2020.09.23-19.52.33:855][  0]LogAudioMixer: Display: 	Max Channels (voices):				  32
[2020.09.23-19.52.33:855][  0]LogAudioMixer: Display: 	Number of Async Source Workers:		  0
[2020.09.23-19.52.33:855][  0]LogAudio: Display: AudioDevice MaxSources: 32
[2020.09.23-19.52.33:855][  0]LogAudio: Display: Using built-in audio occlusion.
[2020.09.23-19.52.33:855][  0]LogAudioMixer: Display: Initializing audio mixer.
[2020.09.23-19.52.33:880][  0]LogAudioMixer: Display: Audio Device Output Speaker Info:
[2020.09.23-19.52.33:881][  0]LogAudioMixer: Display: Name: Speakers (Conexant SmartAudio HD)
[2020.09.23-19.52.33:881][  0]LogAudioMixer: Display: Is Default: Yes
[2020.09.23-19.52.33:881][  0]LogAudioMixer: Display: Sample Rate: 48000
[2020.09.23-19.52.33:881][  0]LogAudioMixer: Display: Channel Count Used: 2
[2020.09.23-19.52.33:881][  0]LogAudioMixer: Display: Device Channel Count: 2
[2020.09.23-19.52.33:881][  0]LogAudioMixer: Display: Channel Order:
[2020.09.23-19.52.33:881][  0]LogAudioMixer: Display: 0: FrontLeft
[2020.09.23-19.52.33:881][  0]LogAudioMixer: Display: 1: FrontRight
[2020.09.23-19.52.34:008][  0]LogAudioMixer: Display: Using Audio Device Speakers (Conexant SmartAudio HD)
[2020.09.23-19.52.34:013][  0]LogInit: FAudioDevice initialized.
[2020.09.23-19.52.34:013][  0]LogNetVersion: Set ProjectVersion to 1.0.0.0. Version Checksum will be recalculated on next use.
[2020.09.23-19.52.34:180][  0]LogDerivedDataCache: Saved boot cache 0.17s 78MB C:/Users/Gameolic3/AppData/Local/UnrealEngine/4.24/DerivedDataCache/Boot.ddc.
[2020.09.23-19.52.34:180][  0]LogInit: Texture streaming: Enabled
[2020.09.23-19.52.34:194][  0]LogEngineSessionManager: EngineSessionManager initialized
[2020.09.23-19.52.34:194][  0]LogEditorSessionSummary: Verbose: Initializing EditorSessionSummaryWriter for editor session tracking
[2020.09.23-19.52.34:206][  0]LogEditorSessionSummary: EditorSessionSummaryWriter initialized
[2020.09.23-19.52.34:245][  0]LogInit: Transaction tracking system initialized
[2020.09.23-19.52.34:256][  0]BlueprintLog: New page: Editor Load
[2020.09.23-19.52.34:290][  0]LocalizationService: Localization service is disabled
[2020.09.23-19.52.34:697][  0]LogFileCache: Scanning file cache for directory 'D:/_DATA/Unreal Projects/VFXShowRoom/Content/' took 0.01s
[2020.09.23-19.52.34:697][  0]LogCook: Display: Max memory allowance for cook 16384mb min free memory 0mb
[2020.09.23-19.52.34:698][  0]LogCook: Display: Mobile HDR setting 1
[2020.09.23-19.52.35:770][  0]LogSlate: Took 0.000306 seconds to synchronously load lazily loaded font '../../../Engine/Content/Slate/Fonts/Roboto-Regular.ttf' (155K)
[2020.09.23-19.52.38:967][  0]LogSlate: Window 'Restore Packages' being destroyed
[2020.09.23-19.52.38:968][  0]LogWindowsTextInputMethodSystem: Display: IME system now deactivated.
[2020.09.23-19.52.38:979][  0]LogWindowsTextInputMethodSystem: Display: IME system now deactivated.
[2020.09.23-19.52.38:996][  0]Cmd: MAP LOAD FILE="D:/_DATA/Unreal Projects/VFXShowRoom/Content/ShowRoom/DurendalUltimate/Map02_DurendalUltimate.umap" TEMPLATE=0 SHOWPROGRESS=1 FEATURELEVEL=3
[2020.09.23-19.52.38:996][  0]LightingResults: New page: Lighting Build
[2020.09.23-19.52.38:998][  0]LogWorld: UWorld::CleanupWorld for Untitled, bSessionEnded=true, bCleanupResources=true
[2020.09.23-19.52.38:998][  0]LogSlate: InvalidateAllWidgets triggered.  All widgets were invalidated
[2020.09.23-19.52.38:998][  0]MapCheck: New page: Map Check
[2020.09.23-19.52.38:998][  0]LightingResults: New page: Lighting Build
[2020.09.23-19.52.39:033][  0]LogUObjectHash: Compacting FUObjectHashTables data took   3.14ms
[2020.09.23-19.52.40:316][  0]LogAIModule: Creating AISystem for world Map02_DurendalUltimate
[2020.09.23-19.52.40:332][  0]LogEditorServer: Finished looking for orphan Actors (0.000 secs)
[2020.09.23-19.52.40:363][  0]LogUObjectHash: Compacting FUObjectHashTables data took   2.45ms
[2020.09.23-19.52.40:366][  0]Cmd: MAP CHECKDEP NOCLEARLOG
[2020.09.23-19.52.40:366][  0]MapCheck: Map check complete: 0 Error(s), 0 Warning(s), took 0.249ms to complete.
[2020.09.23-19.52.40:366][  0]LogFileHelpers: Loading map 'Map02_DurendalUltimate' took 1.370
[2020.09.23-19.52.40:528][  0]LogSlate: Updating window title bar state: overlay mode, drag disabled, window buttons hidden, title bar hidden
[2020.09.23-19.52.40:539][  0]LogSlate: Updating window title bar state: overlay mode, drag disabled, window buttons hidden, title bar hidden
[2020.09.23-19.52.40:550][  0]LogSlate: Updating window title bar state: overlay mode, drag disabled, window buttons hidden, title bar hidden
[2020.09.23-19.52.40:559][  0]LogSlate: Updating window title bar state: overlay mode, drag disabled, window buttons hidden, title bar hidden
[2020.09.23-19.52.40:572][  0]LogCollectionManager: Loaded 0 collections in 0.003854 seconds
[2020.09.23-19.52.40:585][  0]LogFileCache: Scanning file cache for directory 'D:/_DATA/Unreal Projects/VFXShowRoom/Saved/Collections/' took 0.00s
[2020.09.23-19.52.40:585][  0]LogFileCache: Scanning file cache for directory 'D:/_DATA/Unreal Projects/VFXShowRoom/Content/Developers/Gameolic3/Collections/' took 0.00s
[2020.09.23-19.52.40:585][  0]LogFileCache: Scanning file cache for directory 'D:/_DATA/Unreal Projects/VFXShowRoom/Content/Collections/' took 0.00s
[2020.09.23-19.52.40:585][  0]LogContentBrowser: Native class hierarchy populated in 0.0088 seconds. Added 3016 classes and 720 folders.
[2020.09.23-19.52.40:589][  0]LogContentBrowser: Native class hierarchy updated for 'WidgetCarousel' in 0.0009 seconds. Added 0 classes and 0 folders.
[2020.09.23-19.52.41:397][  0]LogContentBrowser: Native class hierarchy updated for 'AddContentDialog' in 0.0002 seconds. Added 0 classes and 0 folders.
[2020.09.23-19.52.41:402][  0]LogContentBrowser: Native class hierarchy updated for 'SceneOutliner' in 0.0002 seconds. Added 2 classes and 3 folders.
[2020.09.23-19.52.41:488][  0]LogContentBrowser: Native class hierarchy updated for 'WorldBrowser' in 0.0002 seconds. Added 2 classes and 3 folders.
[2020.09.23-19.52.41:542][  0]LogSlate: Took 0.000344 seconds to synchronously load lazily loaded font '../../../Engine/Content/Slate/Fonts/Roboto-Bold.ttf' (160K)
[2020.09.23-19.52.41:573][  0]LogSlate: Took 0.025277 seconds to synchronously load lazily loaded font '../../../Engine/Content/Editor/Slate/Fonts/FontAwesome.ttf' (139K)
[2020.09.23-19.52.41:630][  0]LogRenderer: Reallocating scene render targets to support 1192x520 Format 9 NumSamples 1 (Frame:1).
[2020.09.23-19.52.41:782][  0]LogContentBrowser: Native class hierarchy updated for 'HierarchicalLODOutliner' in 0.0002 seconds. Added 0 classes and 0 folders.
[2020.09.23-19.52.41:782][  0]LogLoad: (Engine Initialization) Total time: 17.10 seconds
[2020.09.23-19.52.41:782][  0]LogLoad: (Engine Initialization) Total Blueprint compile time: 0.00 seconds
[2020.09.23-19.52.41:885][  0]LogContentStreaming: Texture pool size now 800 MB
[2020.09.23-19.52.41:932][  0]LogSlate: Took 0.019995 seconds to synchronously load lazily loaded font '../../../Engine/Content/Slate/Fonts/Roboto-Light.ttf' (167K)
[2020.09.23-19.52.41:960][  1]LogFileCache: Retrieving MD5 hashes for directory 'D:/_DATA/Unreal Projects/VFXShowRoom/Content/' took 0.15s
[2020.09.23-19.52.41:991][  1]LogAssetRegistry: Asset discovery search completed in 11.8074 seconds
[2020.09.23-19.52.41:998][  1]LogCollectionManager: Fixed up redirectors for 0 collections in 0.000011 seconds (updated 0 objects)
[2020.09.23-19.52.43:299][  5]LogSlate: Took 0.000203 seconds to synchronously load lazily loaded font '../../../Engine/Content/Slate/Fonts/Roboto-Light.ttf' (167K)
[2020.09.23-19.52.59:208][ 59]LogAssetEditorSubsystem: Opening Asset editor for AnimSequence /Game/ShowRoom/DurendalUltimate/Animation/Ultimate_Anim.Ultimate_Anim
[2020.09.23-19.52.59:215][ 59]LogContentBrowser: Native class hierarchy updated for 'SkeletonEditor' in 0.0003 seconds. Added 1 classes and 2 folders.
[2020.09.23-19.52.59:446][ 59]LogActorComponent: RegisterComponentWithWorld: (/Engine/Transient.World_2:PersistentLevel.AnimationEditorPreviewActor_0.DebugSkelMeshComponent_0) Already registered. Aborting.
[2020.09.23-19.52.59:447][ 59]LogContentBrowser: Native class hierarchy updated for 'PinnedCommandList' in 0.0003 seconds. Added 1 classes and 0 folders.
[2020.09.23-19.52.59:512][ 59]LogSkeletalMesh: USkeletalMeshComponent::InitArticulated : Bodies already created (/Engine/Transient.World_2:PersistentLevel.AnimationEditorPreviewActor_0.DebugSkelMeshComponent_0) - call TermArticulated first.
[2020.09.23-19.52.59:882][ 59]LogAssetEditorSubsystem: Opening Asset editor for MaterialInstanceConstant /Game/ShowRoom/DurendalUltimate/MIC_Splash.MIC_Splash
[2020.09.23-19.53.00:167][ 59]LogAssetEditorSubsystem: Opening Asset editor for ParticleSystem /Game/ShowRoom/DurendalUltimate/PS_Spear_Explosion.PS_Spear_Explosion
[2020.09.23-19.53.00:174][ 59]LogContentBrowser: Native class hierarchy updated for 'Cascade' in 0.0005 seconds. Added 2 classes and 2 folders.
[2020.09.23-19.53.00:630][ 59]LogRenderer: Reallocating scene render targets to support 1192x920 Format 9 NumSamples 1 (Frame:1).
[2020.09.23-19.53.05:884][347]LogSlate: Window 'MIC_Splash' being destroyed
[2020.09.23-19.53.10:368][582]LogEditorFactories: Performing atomic reimport of [C:/Users/Gameolic3/Desktop/Blender/DurendalUltimate/T_FX_Splash_M.png]
[2020.09.23-19.53.10:369][582]LogFactory: FactoryCreateFile: Texture2D with ReimportTextureFactory (0 0 C:/Users/Gameolic3/Desktop/Blender/DurendalUltimate/T_FX_Splash_M.png)
[2020.09.23-19.53.10:375][582]LogTexture: Display: Building textures: T_FX_Splash_M (AutoDXT, 512X512)
[2020.09.23-19.53.10:403][582]LogEditorFactories: -- imported successfully
[2020.09.23-19.53.10:417][582]LogEditorFactories: Performing atomic reimport of [C:/Users/Gameolic3/Desktop/Blender/DurendalUltimate/T_FX_Splash_A.png]
[2020.09.23-19.53.10:418][582]LogFactory: FactoryCreateFile: Texture2D with ReimportTextureFactory (0 0 C:/Users/Gameolic3/Desktop/Blender/DurendalUltimate/T_FX_Splash_A.png)
[2020.09.23-19.53.10:423][582]LogTexture: Display: Building textures: T_FX_Splash_A (AutoDXT, 512X512)
[2020.09.23-19.53.10:436][582]LogEditorFactories: -- imported successfully
[2020.09.23-19.53.13:287][705]Cmd: OBJ SAVEPACKAGE PACKAGE="/Game/ShowRoom/DurendalUltimate/T_FX_Splash_M" FILE="D:/_DATA/Unreal Projects/VFXShowRoom/Content/ShowRoom/DurendalUltimate/T_FX_Splash_M.uasset" SILENT=true
[2020.09.23-19.53.13:320][705]LogSavePackage: Moving 'D:/_DATA/Unreal Projects/VFXShowRoom/Saved/T_FX_Splash_M98D63C7D49F2E23A59E6FF8FCECAA4B2.tmp' to 'D:/_DATA/Unreal Projects/VFXShowRoom/Content/ShowRoom/DurendalUltimate/T_FX_Splash_M.uasset'
[2020.09.23-19.53.13:326][705]Cmd: OBJ SAVEPACKAGE PACKAGE="/Game/ShowRoom/DurendalUltimate/T_FX_Splash_A" FILE="D:/_DATA/Unreal Projects/VFXShowRoom/Content/ShowRoom/DurendalUltimate/T_FX_Splash_A.uasset" SILENT=true
[2020.09.23-19.53.13:350][705]LogSavePackage: Moving 'D:/_DATA/Unreal Projects/VFXShowRoom/Saved/T_FX_Splash_A7705C61D4FEF4B8E25B6A9B4B58B51B0.tmp' to 'D:/_DATA/Unreal Projects/VFXShowRoom/Content/ShowRoom/DurendalUltimate/T_FX_Splash_A.uasset'
[2020.09.23-19.53.13:377][705]AssetCheck: New page: Asset Save: multiple assets
[2020.09.23-19.53.13:377][705]LogContentValidation: Display: Validating Texture2D /Game/ShowRoom/DurendalUltimate/T_FX_Splash_M.T_FX_Splash_M
[2020.09.23-19.53.13:377][705]LogContentValidation: Display: Validating Texture2D /Game/ShowRoom/DurendalUltimate/T_FX_Splash_A.T_FX_Splash_A
[2020.09.23-19.53.18:153][973]Cmd: OBJ SAVEPACKAGE PACKAGE="/Game/ShowRoom/DurendalUltimate/MIC_Splash" FILE="D:/_DATA/Unreal Projects/VFXShowRoom/Content/ShowRoom/DurendalUltimate/MIC_Splash.uasset" SILENT=true
[2020.09.23-19.53.18:176][973]LogSavePackage: Moving 'D:/_DATA/Unreal Projects/VFXShowRoom/Saved/MIC_Splash399706664F3E8CE81F91BFB29AB715E8.tmp' to 'D:/_DATA/Unreal Projects/VFXShowRoom/Content/ShowRoom/DurendalUltimate/MIC_Splash.uasset'
[2020.09.23-19.53.18:199][973]AssetCheck: New page: Asset Save: MIC_Splash
[2020.09.23-19.53.18:199][973]LogContentValidation: Display: Validating MaterialInstanceConstant /Game/ShowRoom/DurendalUltimate/MIC_Splash.MIC_Splash
[2020.09.23-19.53.36:055][581]Cmd: OBJ SAVEPACKAGE PACKAGE="/Game/ShowRoom/DurendalUltimate/MIC_Splash" FILE="D:/_DATA/Unreal Projects/VFXShowRoom/Content/ShowRoom/DurendalUltimate/MIC_Splash.uasset" SILENT=true
[2020.09.23-19.53.36:088][581]LogUObjectHash: Compacting FUObjectHashTables data took   2.75ms
[2020.09.23-19.53.36:106][581]LogMaterial: Display: Missing cached shader map for material DebugViewMode MaterialTexCoordScale, compiling. 
[2020.09.23-19.53.36:551][581]LogShaderCompilers: Display: Worker (1/5): shaders left to compile 2
[2020.09.23-19.53.36:551][581]LogShaderCompilers: Display: Worker (2/5): shaders left to compile 1
[2020.09.23-19.53.36:557][581]TextureStreamingBuild: Display: Compiling optional shaders took 0.467 seconds.
[2020.09.23-19.53.36:589][581]LogUObjectHash: Compacting FUObjectHashTables data took   0.72ms
[2020.09.23-19.53.36:608][581]LogSavePackage: Moving 'D:/_DATA/Unreal Projects/VFXShowRoom/Saved/MIC_SplashEDCA03BF4011600845FC5EAF9A404F11.tmp' to 'D:/_DATA/Unreal Projects/VFXShowRoom/Content/ShowRoom/DurendalUltimate/MIC_Splash.uasset'
[2020.09.23-19.53.36:625][581]AssetCheck: New page: Asset Save: MIC_Splash
[2020.09.23-19.53.36:625][581]LogContentValidation: Display: Validating MaterialInstanceConstant /Game/ShowRoom/DurendalUltimate/MIC_Splash.MIC_Splash
[2020.09.23-19.53.42:124][888]Cmd: OBJ SAVEPACKAGE PACKAGE="/Game/ShowRoom/DurendalUltimate/MIC_Splash" FILE="D:/_DATA/Unreal Projects/VFXShowRoom/Content/ShowRoom/DurendalUltimate/MIC_Splash.uasset" SILENT=true
[2020.09.23-19.53.42:154][888]LogUObjectHash: Compacting FUObjectHashTables data took   1.80ms
[2020.09.23-19.53.42:165][888]LogMaterial: Display: Missing cached shader map for material DebugViewMode MaterialTexCoordScale, compiling. 
[2020.09.23-19.53.42:453][888]LogShaderCompilers: Display: Worker (1/5): shaders left to compile 2
[2020.09.23-19.53.42:453][888]LogShaderCompilers: Display: Worker (2/5): shaders left to compile 1
[2020.09.23-19.53.42:454][888]TextureStreamingBuild: Display: Compiling optional shaders took 0.300 seconds.
[2020.09.23-19.53.42:482][888]LogUObjectHash: Compacting FUObjectHashTables data took   0.69ms
[2020.09.23-19.53.42:500][888]LogSavePackage: Moving 'D:/_DATA/Unreal Projects/VFXShowRoom/Saved/MIC_SplashC902816847C58FD46226C5961B6512EE.tmp' to 'D:/_DATA/Unreal Projects/VFXShowRoom/Content/ShowRoom/DurendalUltimate/MIC_Splash.uasset'
[2020.09.23-19.53.42:516][888]AssetCheck: New page: Asset Save: MIC_Splash
[2020.09.23-19.53.42:516][888]LogContentValidation: Display: Validating MaterialInstanceConstant /Game/ShowRoom/DurendalUltimate/MIC_Splash.MIC_Splash
[2020.09.23-19.53.54:696][587]Cmd: OBJ SAVEPACKAGE PACKAGE="/Game/ShowRoom/DurendalUltimate/PS_Spear_Explosion" FILE="D:/_DATA/Unreal Projects/VFXShowRoom/Content/ShowRoom/DurendalUltimate/PS_Spear_Explosion.uasset" SILENT=true
[2020.09.23-19.53.54:733][587]LogSavePackage: Moving 'D:/_DATA/Unreal Projects/VFXShowRoom/Saved/PS_Spear_Explosion2A7EC77341B0B7B553301787E8F40D07.tmp' to 'D:/_DATA/Unreal Projects/VFXShowRoom/Content/ShowRoom/DurendalUltimate/PS_Spear_Explosion.uasset'
[2020.09.23-19.53.54:762][587]AssetCheck: New page: Asset Save: PS_Spear_Explosion
[2020.09.23-19.53.54:762][587]LogContentValidation: Display: Validating ParticleSystem /Game/ShowRoom/DurendalUltimate/PS_Spear_Explosion.PS_Spear_Explosion
[2020.09.23-19.54.26:490][436]Cmd: OBJ SAVEPACKAGE PACKAGE="/Game/ShowRoom/DurendalUltimate/PS_Spear_Explosion" FILE="D:/_DATA/Unreal Projects/VFXShowRoom/Content/ShowRoom/DurendalUltimate/PS_Spear_Explosion.uasset" SILENT=true
[2020.09.23-19.54.26:528][436]LogSavePackage: Moving 'D:/_DATA/Unreal Projects/VFXShowRoom/Saved/PS_Spear_Explosion9EA745DA4B72189E422A7FBCCE99F78A.tmp' to 'D:/_DATA/Unreal Projects/VFXShowRoom/Content/ShowRoom/DurendalUltimate/PS_Spear_Explosion.uasset'
[2020.09.23-19.54.26:557][436]AssetCheck: New page: Asset Save: PS_Spear_Explosion
[2020.09.23-19.54.26:557][436]LogContentValidation: Display: Validating ParticleSystem /Game/ShowRoom/DurendalUltimate/PS_Spear_Explosion.PS_Spear_Explosion
[2020.09.23-19.54.57:889][284]Cmd: OBJ SAVEPACKAGE PACKAGE="/Game/ShowRoom/DurendalUltimate/PS_Spear_Explosion" FILE="D:/_DATA/Unreal Projects/VFXShowRoom/Content/ShowRoom/DurendalUltimate/PS_Spear_Explosion.uasset" SILENT=true
[2020.09.23-19.54.57:923][284]LogSavePackage: Moving 'D:/_DATA/Unreal Projects/VFXShowRoom/Saved/PS_Spear_Explosion8E3C7705424EDAC7AB95D6A2C6861286.tmp' to 'D:/_DATA/Unreal Projects/VFXShowRoom/Content/ShowRoom/DurendalUltimate/PS_Spear_Explosion.uasset'
[2020.09.23-19.54.57:948][284]AssetCheck: New page: Asset Save: PS_Spear_Explosion
[2020.09.23-19.54.57:949][284]LogContentValidation: Display: Validating ParticleSystem /Game/ShowRoom/DurendalUltimate/PS_Spear_Explosion.PS_Spear_Explosion
[2020.09.23-19.54.59:188][354]LogContentBrowser: Verbose: The majority of assets in the view are of type: AnimSequence
[2020.09.23-19.55.12:402][134]Cmd: OBJ SAVEPACKAGE PACKAGE="/Game/ShowRoom/DurendalUltimate/MIC_Splash" FILE="D:/_DATA/Unreal Projects/VFXShowRoom/Content/ShowRoom/DurendalUltimate/MIC_Splash.uasset" SILENT=true
[2020.09.23-19.55.12:416][134]LogSavePackage: Moving 'D:/_DATA/Unreal Projects/VFXShowRoom/Saved/MIC_SplashC1FFF0D44C3A77BE34C415BF85C1B8CF.tmp' to 'D:/_DATA/Unreal Projects/VFXShowRoom/Content/ShowRoom/DurendalUltimate/MIC_Splash.uasset'
[2020.09.23-19.55.12:433][134]AssetCheck: New page: Asset Save: MIC_Splash
[2020.09.23-19.55.12:434][134]LogContentValidation: Display: Validating MaterialInstanceConstant /Game/ShowRoom/DurendalUltimate/MIC_Splash.MIC_Splash
[2020.09.23-19.57.14:967][713]Cmd: OBJ SAVEPACKAGE PACKAGE="/Game/ShowRoom/DurendalUltimate/PS_Spear_Explosion" FILE="D:/_DATA/Unreal Projects/VFXShowRoom/Content/ShowRoom/DurendalUltimate/PS_Spear_Explosion.uasset" SILENT=true
[2020.09.23-19.57.15:002][713]LogSavePackage: Moving 'D:/_DATA/Unreal Projects/VFXShowRoom/Saved/PS_Spear_Explosion45C8424D4F146C39FB68F0A6ACE79B37.tmp' to 'D:/_DATA/Unreal Projects/VFXShowRoom/Content/ShowRoom/DurendalUltimate/PS_Spear_Explosion.uasset'
[2020.09.23-19.57.15:035][713]AssetCheck: New page: Asset Save: PS_Spear_Explosion
[2020.09.23-19.57.15:036][713]LogContentValidation: Display: Validating ParticleSystem /Game/ShowRoom/DurendalUltimate/PS_Spear_Explosion.PS_Spear_Explosion
[2020.09.23-19.57.43:729][414]LogSlate: Window 'Color Picker' being destroyed
[2020.09.23-19.58.03:215][552]Cmd: OBJ SAVEPACKAGE PACKAGE="/Game/ShowRoom/DurendalUltimate/PS_Spear_Explosion" FILE="D:/_DATA/Unreal Projects/VFXShowRoom/Content/ShowRoom/DurendalUltimate/PS_Spear_Explosion.uasset" SILENT=true
[2020.09.23-19.58.03:253][552]LogSavePackage: Moving 'D:/_DATA/Unreal Projects/VFXShowRoom/Saved/PS_Spear_Explosion6560C1874AA4F9200293F18755D2AB1A.tmp' to 'D:/_DATA/Unreal Projects/VFXShowRoom/Content/ShowRoom/DurendalUltimate/PS_Spear_Explosion.uasset'
[2020.09.23-19.58.03:275][552]AssetCheck: New page: Asset Save: PS_Spear_Explosion
[2020.09.23-19.58.03:275][552]LogContentValidation: Display: Validating ParticleSystem /Game/ShowRoom/DurendalUltimate/PS_Spear_Explosion.PS_Spear_Explosion
[2020.09.23-19.58.09:316][905]LogTemp: Repeating last play command: Selected Viewport
[2020.09.23-19.58.09:329][905]LogBlueprintUserMessages: Early PlayInEditor Detection: Level '/Game/ShowRoom/DurendalUltimate/Map02_DurendalUltimate.Map02_DurendalUltimate:PersistentLevel' has LevelScriptBlueprint '/Game/ShowRoom/DurendalUltimate/Map02_DurendalUltimate.Map02_DurendalUltimate:PersistentLevel.Map02_DurendalUltimate' with GeneratedClass '/Game/ShowRoom/DurendalUltimate/Map02_DurendalUltimate.Map02_DurendalUltimate_C' with ClassGeneratedBy '/Game/ShowRoom/DurendalUltimate/Map02_DurendalUltimate.Map02_DurendalUltimate:PersistentLevel.Map02_DurendalUltimate'
[2020.09.23-19.58.09:329][905]LogPlayLevel: PlayLevel: No blueprints needed recompiling
[2020.09.23-19.58.09:329][905]PIE: New page: PIE session: Map02_DurendalUltimate (Sep 24, 2020, 1:58:09 AM)
[2020.09.23-19.58.09:331][905]LogOnline: OSS: Creating online subsystem instance for: NULL
[2020.09.23-19.58.09:332][905]LogOnline: OSS: TryLoadSubsystemAndSetDefault: Loaded subsystem for module [NULL]
[2020.09.23-19.58.09:332][905]LogPlayLevel: Creating play world package: /Game/ShowRoom/DurendalUltimate/UEDPIE_0_Map02_DurendalUltimate
[2020.09.23-19.58.09:339][905]LogPlayLevel: PIE: StaticDuplicateObject took: (0.006415s)
[2020.09.23-19.58.09:340][905]LogAIModule: Creating AISystem for world Map02_DurendalUltimate
[2020.09.23-19.58.09:341][905]LogPlayLevel: PIE: World Init took: (0.002033s)
[2020.09.23-19.58.09:341][905]LogPlayLevel: PIE: Created PIE world by copying editor world from /Game/ShowRoom/DurendalUltimate/Map02_DurendalUltimate.Map02_DurendalUltimate to /Game/ShowRoom/DurendalUltimate/UEDPIE_0_Map02_DurendalUltimate.Map02_DurendalUltimate (0.008781s)
[2020.09.23-19.58.09:368][905]LogUObjectHash: Compacting FUObjectHashTables data took   2.05ms
[2020.09.23-19.58.09:370][905]LogAudioMixer: Display: Audio Mixer Platform Settings:
[2020.09.23-19.58.09:370][905]LogAudioMixer: Display: 	Sample Rate:						  48000
[2020.09.23-19.58.09:370][905]LogAudioMixer: Display: 	Callback Buffer Frame Size Requested: 1024
[2020.09.23-19.58.09:370][905]LogAudioMixer: Display: 	Callback Buffer Frame Size To Use:	  1024
[2020.09.23-19.58.09:370][905]LogAudioMixer: Display: 	Number of buffers to queue:			  2
[2020.09.23-19.58.09:370][905]LogAudioMixer: Display: 	Max Channels (voices):				  32
[2020.09.23-19.58.09:370][905]LogAudioMixer: Display: 	Number of Async Source Workers:		  0
[2020.09.23-19.58.09:370][905]LogAudio: Display: AudioDevice MaxSources: 32
[2020.09.23-19.58.09:371][905]LogAudio: Display: Using built-in audio occlusion.
[2020.09.23-19.58.09:371][905]LogAudioMixer: Display: Initializing audio mixer.
[2020.09.23-19.58.09:386][905]LogAudioMixer: Display: Audio Device Output Speaker Info:
[2020.09.23-19.58.09:386][905]LogAudioMixer: Display: Name: Speakers (Conexant SmartAudio HD)
[2020.09.23-19.58.09:386][905]LogAudioMixer: Display: Is Default: Yes
[2020.09.23-19.58.09:386][905]LogAudioMixer: Display: Sample Rate: 48000
[2020.09.23-19.58.09:386][905]LogAudioMixer: Display: Channel Count Used: 2
[2020.09.23-19.58.09:386][905]LogAudioMixer: Display: Device Channel Count: 2
[2020.09.23-19.58.09:386][905]LogAudioMixer: Display: Channel Order:
[2020.09.23-19.58.09:386][905]LogAudioMixer: Display: 0: FrontLeft
[2020.09.23-19.58.09:386][905]LogAudioMixer: Display: 1: FrontRight
[2020.09.23-19.58.09:518][905]LogAudioMixer: Display: Using Audio Device Speakers (Conexant SmartAudio HD)
[2020.09.23-19.58.09:520][905]LogInit: FAudioDevice initialized.
[2020.09.23-19.58.09:532][905]LogLoad: Game class is 'GameMode'
[2020.09.23-19.58.09:535][905]LogWorld: Bringing World /Game/ShowRoom/DurendalUltimate/UEDPIE_0_Map02_DurendalUltimate.Map02_DurendalUltimate up for play (max tick rate 60) at 2020.09.23-22.58.09
[2020.09.23-19.58.09:535][905]LogWorld: Bringing up level for play took: 0.001742
[2020.09.23-19.58.09:535][905]LogOnline: OSS: Creating online subsystem instance for: :Context_11
[2020.09.23-19.58.09:539][905]LogContentBrowser: Native class hierarchy updated for 'MovieSceneCapture' in 0.0004 seconds. Added 20 classes and 0 folders.
[2020.09.23-19.58.09:539][905]LogGameMode: Display: Match State Changed from EnteringMap to WaitingToStart
[2020.09.23-19.58.09:539][905]LogGameState: Match State Changed from EnteringMap to WaitingToStart
[2020.09.23-19.58.09:539][905]LogGameMode: Display: Match State Changed from WaitingToStart to InProgress
[2020.09.23-19.58.09:540][905]LogGameState: Match State Changed from WaitingToStart to InProgress
[2020.09.23-19.58.09:540][905]PIE: Play in editor start time for /Game/ShowRoom/DurendalUltimate/UEDPIE_0_Map02_DurendalUltimate 0.782
[2020.09.23-19.58.09:561][905]LogSlate: Window 'Color Picker' being destroyed
[2020.09.23-19.58.09:566][905]LogBlueprintUserMessages: Late PlayInEditor Detection: Level '/Game/ShowRoom/DurendalUltimate/Map02_DurendalUltimate.Map02_DurendalUltimate:PersistentLevel' has LevelScriptBlueprint '/Game/ShowRoom/DurendalUltimate/Map02_DurendalUltimate.Map02_DurendalUltimate:PersistentLevel.Map02_DurendalUltimate' with GeneratedClass '/Game/ShowRoom/DurendalUltimate/Map02_DurendalUltimate.Map02_DurendalUltimate_C' with ClassGeneratedBy '/Game/ShowRoom/DurendalUltimate/Map02_DurendalUltimate.Map02_DurendalUltimate:PersistentLevel.Map02_DurendalUltimate'
[2020.09.23-19.58.10:445][947]LogBlueprintUserMessages: [Map02_DurendalUltimate_C_0] Right
[2020.09.23-19.58.15:854][272]LogAudioMixer: Display: No commands were queued while flushing the source manager.
[2020.09.23-19.58.15:855][272]LogAudioMixer: Display: No commands were queued while flushing the source manager.
[2020.09.23-19.58.15:855][272]LogBlueprintUserMessages: Early EndPlayMap Detection: Level '/Game/ShowRoom/DurendalUltimate/Map02_DurendalUltimate.Map02_DurendalUltimate:PersistentLevel' has LevelScriptBlueprint '/Game/ShowRoom/DurendalUltimate/Map02_DurendalUltimate.Map02_DurendalUltimate:PersistentLevel.Map02_DurendalUltimate' with GeneratedClass '/Game/ShowRoom/DurendalUltimate/Map02_DurendalUltimate.Map02_DurendalUltimate_C' with ClassGeneratedBy '/Game/ShowRoom/DurendalUltimate/Map02_DurendalUltimate.Map02_DurendalUltimate:PersistentLevel.Map02_DurendalUltimate'
[2020.09.23-19.58.15:855][272]LogSlate: Updating window title bar state: overlay mode, drag disabled, window buttons hidden, title bar hidden
[2020.09.23-19.58.15:855][272]LogWorld: BeginTearingDown for /Game/ShowRoom/DurendalUltimate/UEDPIE_0_Map02_DurendalUltimate
[2020.09.23-19.58.15:856][272]LogAudioMixer: Display: No commands were queued while flushing the source manager.
[2020.09.23-19.58.15:856][272]LogWorld: UWorld::CleanupWorld for Map02_DurendalUltimate, bSessionEnded=true, bCleanupResources=true
[2020.09.23-19.58.15:856][272]LogSlate: InvalidateAllWidgets triggered.  All widgets were invalidated
[2020.09.23-19.58.15:866][272]LogPlayLevel: Display: Shutting down PIE online subsystems
[2020.09.23-19.58.15:866][272]LogBlueprintUserMessages: Late EndPlayMap Detection: Level '/Game/ShowRoom/DurendalUltimate/Map02_DurendalUltimate.Map02_DurendalUltimate:PersistentLevel' has LevelScriptBlueprint '/Game/ShowRoom/DurendalUltimate/Map02_DurendalUltimate.Map02_DurendalUltimate:PersistentLevel.Map02_DurendalUltimate' with GeneratedClass '/Game/ShowRoom/DurendalUltimate/Map02_DurendalUltimate.Map02_DurendalUltimate_C' with ClassGeneratedBy '/Game/ShowRoom/DurendalUltimate/Map02_DurendalUltimate.Map02_DurendalUltimate:PersistentLevel.Map02_DurendalUltimate'
[2020.09.23-19.58.15:870][272]LogSlate: InvalidateAllWidgets triggered.  All widgets were invalidated
[2020.09.23-19.58.15:898][272]LogAudioMixer: Display: No commands were queued while flushing the source manager.
[2020.09.23-19.58.15:902][272]LogSlate: Updating window title bar state: overlay mode, drag disabled, window buttons hidden, title bar hidden
[2020.09.23-19.58.15:907][272]LogUObjectHash: Compacting FUObjectHashTables data took   2.79ms
[2020.09.23-19.58.15:987][274]LogPlayLevel: Display: Destroying online subsystem :Context_11
[2020.09.23-19.58.23:818][718]Cmd: OBJ SAVEPACKAGE PACKAGE="/Game/ShowRoom/DurendalUltimate/T_FX_Splash_M" FILE="D:/_DATA/Unreal Projects/VFXShowRoom/Content/ShowRoom/DurendalUltimate/T_FX_Splash_M.uasset" SILENT=true
[2020.09.23-19.58.23:838][718]LogSavePackage: Moving 'D:/_DATA/Unreal Projects/VFXShowRoom/Saved/T_FX_Splash_MCD60C78B4EDAF351B91470A2CDF06CCA.tmp' to 'D:/_DATA/Unreal Projects/VFXShowRoom/Content/ShowRoom/DurendalUltimate/T_FX_Splash_M.uasset'
[2020.09.23-19.58.23:845][718]Cmd: OBJ SAVEPACKAGE PACKAGE="/Game/ShowRoom/DurendalUltimate/T_FX_Splash_A" FILE="D:/_DATA/Unreal Projects/VFXShowRoom/Content/ShowRoom/DurendalUltimate/T_FX_Splash_A.uasset" SILENT=true
[2020.09.23-19.58.23:861][718]LogSavePackage: Moving 'D:/_DATA/Unreal Projects/VFXShowRoom/Saved/T_FX_Splash_AC667F7EB48A6C104E2BCB1AF31FEAD44.tmp' to 'D:/_DATA/Unreal Projects/VFXShowRoom/Content/ShowRoom/DurendalUltimate/T_FX_Splash_A.uasset'
[2020.09.23-19.58.23:891][718]AssetCheck: New page: Asset Save: multiple assets
[2020.09.23-19.58.23:891][718]LogContentValidation: Display: Validating Texture2D /Game/ShowRoom/DurendalUltimate/T_FX_Splash_M.T_FX_Splash_M
[2020.09.23-19.58.23:891][718]LogContentValidation: Display: Validating Texture2D /Game/ShowRoom/DurendalUltimate/T_FX_Splash_A.T_FX_Splash_A
[2020.09.23-19.58.28:006][917]LogUObjectHash: Compacting FUObjectHashTables data took   1.63ms
[2020.09.23-20.18.49:704][963]Cmd: OBJ SAVEPACKAGE PACKAGE="/Game/ShowRoom/DurendalUltimate/PS_Spear_Explosion" FILE="D:/_DATA/Unreal Projects/VFXShowRoom/Content/ShowRoom/DurendalUltimate/PS_Spear_Explosion.uasset" SILENT=true
[2020.09.23-20.18.49:740][963]LogSavePackage: Moving 'D:/_DATA/Unreal Projects/VFXShowRoom/Saved/PS_Spear_Explosion9CDC118848752C1FCDD34A8D5F1303C3.tmp' to 'D:/_DATA/Unreal Projects/VFXShowRoom/Content/ShowRoom/DurendalUltimate/PS_Spear_Explosion.uasset'
[2020.09.23-20.18.49:761][963]AssetCheck: New page: Asset Save: PS_Spear_Explosion
[2020.09.23-20.18.49:761][963]LogContentValidation: Display: Validating ParticleSystem /Game/ShowRoom/DurendalUltimate/PS_Spear_Explosion.PS_Spear_Explosion
[2020.09.23-20.19.40:730][983]LogSlate: Prevented a slow task dialog from being summoned while a context menu was open
[2020.09.23-20.21.39:146][  8]Cmd: OBJ SAVEPACKAGE PACKAGE="/Game/ShowRoom/DurendalUltimate/PS_Spear_Explosion" FILE="D:/_DATA/Unreal Projects/VFXShowRoom/Content/ShowRoom/DurendalUltimate/PS_Spear_Explosion.uasset" SILENT=true
[2020.09.23-20.21.39:182][  8]LogSavePackage: Moving 'D:/_DATA/Unreal Projects/VFXShowRoom/Saved/PS_Spear_ExplosionEF40B3094FD24C1FAB180A9C305D1E71.tmp' to 'D:/_DATA/Unreal Projects/VFXShowRoom/Content/ShowRoom/DurendalUltimate/PS_Spear_Explosion.uasset'
[2020.09.23-20.21.39:212][  8]AssetCheck: New page: Asset Save: PS_Spear_Explosion
[2020.09.23-20.21.39:212][  8]LogContentValidation: Display: Validating ParticleSystem /Game/ShowRoom/DurendalUltimate/PS_Spear_Explosion.PS_Spear_Explosion
[2020.09.23-20.25.28:000][559]LogTemp: Repeating last play command: Selected Viewport
[2020.09.23-20.25.28:011][559]LogBlueprintUserMessages: Early PlayInEditor Detection: Level '/Game/ShowRoom/DurendalUltimate/Map02_DurendalUltimate.Map02_DurendalUltimate:PersistentLevel' has LevelScriptBlueprint '/Game/ShowRoom/DurendalUltimate/Map02_DurendalUltimate.Map02_DurendalUltimate:PersistentLevel.Map02_DurendalUltimate' with GeneratedClass '/Game/ShowRoom/DurendalUltimate/Map02_DurendalUltimate.Map02_DurendalUltimate_C' with ClassGeneratedBy '/Game/ShowRoom/DurendalUltimate/Map02_DurendalUltimate.Map02_DurendalUltimate:PersistentLevel.Map02_DurendalUltimate'
[2020.09.23-20.25.28:012][559]LogPlayLevel: PlayLevel: No blueprints needed recompiling
[2020.09.23-20.25.28:012][559]PIE: New page: PIE session: Map02_DurendalUltimate (Sep 24, 2020, 2:25:28 AM)
[2020.09.23-20.25.28:012][559]LogPlayLevel: Creating play world package: /Game/ShowRoom/DurendalUltimate/UEDPIE_0_Map02_DurendalUltimate
[2020.09.23-20.25.28:018][559]LogPlayLevel: PIE: StaticDuplicateObject took: (0.006369s)
[2020.09.23-20.25.28:020][559]LogAIModule: Creating AISystem for world Map02_DurendalUltimate
[2020.09.23-20.25.28:021][559]LogPlayLevel: PIE: World Init took: (0.002212s)
[2020.09.23-20.25.28:021][559]LogPlayLevel: PIE: Created PIE world by copying editor world from /Game/ShowRoom/DurendalUltimate/Map02_DurendalUltimate.Map02_DurendalUltimate to /Game/ShowRoom/DurendalUltimate/UEDPIE_0_Map02_DurendalUltimate.Map02_DurendalUltimate (0.008884s)
[2020.09.23-20.25.28:048][559]LogUObjectHash: Compacting FUObjectHashTables data took   1.67ms
[2020.09.23-20.25.28:049][559]LogAudioMixer: Display: Audio Mixer Platform Settings:
[2020.09.23-20.25.28:049][559]LogAudioMixer: Display: 	Sample Rate:						  48000
[2020.09.23-20.25.28:049][559]LogAudioMixer: Display: 	Callback Buffer Frame Size Requested: 1024
[2020.09.23-20.25.28:049][559]LogAudioMixer: Display: 	Callback Buffer Frame Size To Use:	  1024
[2020.09.23-20.25.28:049][559]LogAudioMixer: Display: 	Number of buffers to queue:			  2
[2020.09.23-20.25.28:049][559]LogAudioMixer: Display: 	Max Channels (voices):				  32
[2020.09.23-20.25.28:049][559]LogAudioMixer: Display: 	Number of Async Source Workers:		  0
[2020.09.23-20.25.28:049][559]LogAudio: Display: AudioDevice MaxSources: 32
[2020.09.23-20.25.28:050][559]LogAudio: Display: Using built-in audio occlusion.
[2020.09.23-20.25.28:050][559]LogAudioMixer: Display: Initializing audio mixer.
[2020.09.23-20.25.28:067][559]LogAudioMixer: Display: Audio Device Output Speaker Info:
[2020.09.23-20.25.28:067][559]LogAudioMixer: Display: Name: Speakers (Conexant SmartAudio HD)
[2020.09.23-20.25.28:067][559]LogAudioMixer: Display: Is Default: Yes
[2020.09.23-20.25.28:067][559]LogAudioMixer: Display: Sample Rate: 48000
[2020.09.23-20.25.28:067][559]LogAudioMixer: Display: Channel Count Used: 2
[2020.09.23-20.25.28:067][559]LogAudioMixer: Display: Device Channel Count: 2
[2020.09.23-20.25.28:067][559]LogAudioMixer: Display: Channel Order:
[2020.09.23-20.25.28:067][559]LogAudioMixer: Display: 0: FrontLeft
[2020.09.23-20.25.28:067][559]LogAudioMixer: Display: 1: FrontRight
[2020.09.23-20.25.28:197][559]LogAudioMixer: Display: Using Audio Device Speakers (Conexant SmartAudio HD)
[2020.09.23-20.25.28:199][559]LogInit: FAudioDevice initialized.
[2020.09.23-20.25.28:206][559]LogLoad: Game class is 'GameMode'
[2020.09.23-20.25.28:209][559]LogWorld: Bringing World /Game/ShowRoom/DurendalUltimate/UEDPIE_0_Map02_DurendalUltimate.Map02_DurendalUltimate up for play (max tick rate 60) at 2020.09.23-23.25.28
[2020.09.23-20.25.28:209][559]LogWorld: Bringing up level for play took: 0.001578
[2020.09.23-20.25.28:209][559]LogOnline: OSS: Creating online subsystem instance for: :Context_13
[2020.09.23-20.25.28:211][559]LogGameMode: Display: Match State Changed from EnteringMap to WaitingToStart
[2020.09.23-20.25.28:211][559]LogGameState: Match State Changed from EnteringMap to WaitingToStart
[2020.09.23-20.25.28:211][559]LogGameMode: Display: Match State Changed from WaitingToStart to InProgress
[2020.09.23-20.25.28:212][559]LogGameState: Match State Changed from WaitingToStart to InProgress
[2020.09.23-20.25.28:212][559]PIE: Play in editor start time for /Game/ShowRoom/DurendalUltimate/UEDPIE_0_Map02_DurendalUltimate -0.545
[2020.09.23-20.25.28:212][559]LogBlueprintUserMessages: Late PlayInEditor Detection: Level '/Game/ShowRoom/DurendalUltimate/Map02_DurendalUltimate.Map02_DurendalUltimate:PersistentLevel' has LevelScriptBlueprint '/Game/ShowRoom/DurendalUltimate/Map02_DurendalUltimate.Map02_DurendalUltimate:PersistentLevel.Map02_DurendalUltimate' with GeneratedClass '/Game/ShowRoom/DurendalUltimate/Map02_DurendalUltimate.Map02_DurendalUltimate_C' with ClassGeneratedBy '/Game/ShowRoom/DurendalUltimate/Map02_DurendalUltimate.Map02_DurendalUltimate:PersistentLevel.Map02_DurendalUltimate'
[2020.09.23-20.25.29:928][650]LogBlueprintUserMessages: [Map02_DurendalUltimate_C_0] Right
[2020.09.23-20.25.32:407][799]LogAudioMixer: Display: No commands were queued while flushing the source manager.
[2020.09.23-20.25.32:407][799]LogAudioMixer: Display: No commands were queued while flushing the source manager.
[2020.09.23-20.25.32:407][799]LogBlueprintUserMessages: Early EndPlayMap Detection: Level '/Game/ShowRoom/DurendalUltimate/Map02_DurendalUltimate.Map02_DurendalUltimate:PersistentLevel' has LevelScriptBlueprint '/Game/ShowRoom/DurendalUltimate/Map02_DurendalUltimate.Map02_DurendalUltimate:PersistentLevel.Map02_DurendalUltimate' with GeneratedClass '/Game/ShowRoom/DurendalUltimate/Map02_DurendalUltimate.Map02_DurendalUltimate_C' with ClassGeneratedBy '/Game/ShowRoom/DurendalUltimate/Map02_DurendalUltimate.Map02_DurendalUltimate:PersistentLevel.Map02_DurendalUltimate'
[2020.09.23-20.25.32:407][799]LogSlate: Updating window title bar state: overlay mode, drag disabled, window buttons hidden, title bar hidden
[2020.09.23-20.25.32:408][799]LogWorld: BeginTearingDown for /Game/ShowRoom/DurendalUltimate/UEDPIE_0_Map02_DurendalUltimate
[2020.09.23-20.25.32:408][799]LogAudioMixer: Display: No commands were queued while flushing the source manager.
[2020.09.23-20.25.32:408][799]LogWorld: UWorld::CleanupWorld for Map02_DurendalUltimate, bSessionEnded=true, bCleanupResources=true
[2020.09.23-20.25.32:408][799]LogSlate: InvalidateAllWidgets triggered.  All widgets were invalidated
[2020.09.23-20.25.32:416][799]LogPlayLevel: Display: Shutting down PIE online subsystems
[2020.09.23-20.25.32:416][799]LogBlueprintUserMessages: Late EndPlayMap Detection: Level '/Game/ShowRoom/DurendalUltimate/Map02_DurendalUltimate.Map02_DurendalUltimate:PersistentLevel' has LevelScriptBlueprint '/Game/ShowRoom/DurendalUltimate/Map02_DurendalUltimate.Map02_DurendalUltimate:PersistentLevel.Map02_DurendalUltimate' with GeneratedClass '/Game/ShowRoom/DurendalUltimate/Map02_DurendalUltimate.Map02_DurendalUltimate_C' with ClassGeneratedBy '/Game/ShowRoom/DurendalUltimate/Map02_DurendalUltimate.Map02_DurendalUltimate:PersistentLevel.Map02_DurendalUltimate'
[2020.09.23-20.25.32:419][799]LogSlate: InvalidateAllWidgets triggered.  All widgets were invalidated
[2020.09.23-20.25.32:446][799]LogAudioMixer: Display: No commands were queued while flushing the source manager.
[2020.09.23-20.25.32:450][799]LogSlate: Updating window title bar state: overlay mode, drag disabled, window buttons hidden, title bar hidden
[2020.09.23-20.25.32:453][799]LogUObjectHash: Compacting FUObjectHashTables data took   1.47ms
[2020.09.23-20.25.32:547][801]LogPlayLevel: Display: Destroying online subsystem :Context_13
[2020.09.23-20.26.38:398][687]Cmd: OBJ SAVEPACKAGE PACKAGE="/Game/ShowRoom/DurendalUltimate/PS_Spear_Explosion" FILE="D:/_DATA/Unreal Projects/VFXShowRoom/Content/ShowRoom/DurendalUltimate/PS_Spear_Explosion.uasset" SILENT=true
[2020.09.23-20.26.38:435][687]LogSavePackage: Moving 'D:/_DATA/Unreal Projects/VFXShowRoom/Saved/PS_Spear_ExplosionB3DAC7F04C65740970C363AF73916328.tmp' to 'D:/_DATA/Unreal Projects/VFXShowRoom/Content/ShowRoom/DurendalUltimate/PS_Spear_Explosion.uasset'
[2020.09.23-20.26.38:461][687]AssetCheck: New page: Asset Save: PS_Spear_Explosion
[2020.09.23-20.26.38:461][687]LogContentValidation: Display: Validating ParticleSystem /Game/ShowRoom/DurendalUltimate/PS_Spear_Explosion.PS_Spear_Explosion
[2020.09.23-20.26.54:825][646]Cmd: OBJ SAVEPACKAGE PACKAGE="/Game/ShowRoom/DurendalUltimate/MIC_Splash" FILE="D:/_DATA/Unreal Projects/VFXShowRoom/Content/ShowRoom/DurendalUltimate/MIC_Splash.uasset" SILENT=true
[2020.09.23-20.26.54:838][646]LogSavePackage: Moving 'D:/_DATA/Unreal Projects/VFXShowRoom/Saved/MIC_Splash02E9F5624DF77D0BB3283E944D3456EC.tmp' to 'D:/_DATA/Unreal Projects/VFXShowRoom/Content/ShowRoom/DurendalUltimate/MIC_Splash.uasset'
[2020.09.23-20.26.56:185][646]LogRHI: Error: SyncInterval 0
[2020.09.23-20.26.56:185][646]LogRHI: Error: SwapChainDesc.BufferDesc.Width 648
[2020.09.23-20.26.56:185][646]LogRHI: Error: SwapChainDesc.BufferDesc.Height 97
[2020.09.23-20.26.56:185][646]LogRHI: Error: SwapChainDesc.BufferDesc.RefreshRate.Numerator 0
[2020.09.23-20.26.56:185][646]LogRHI: Error: SwapChainDesc.BufferDesc.RefreshRate.Denominator 0
[2020.09.23-20.26.56:185][646]LogRHI: Error: SwapChainDesc.BufferDesc.Format 24
[2020.09.23-20.26.56:185][646]LogRHI: Error: SwapChainDesc.BufferDesc.ScanlineOrdering 0
[2020.09.23-20.26.56:185][646]LogRHI: Error: SwapChainDesc.BufferDesc.Scaling 0
[2020.09.23-20.26.56:185][646]LogRHI: Error: SwapChainDesc.SampleDesc.Count 1
[2020.09.23-20.26.56:185][646]LogRHI: Error: SwapChainDesc.SampleDesc.Quality 0
[2020.09.23-20.26.56:185][646]LogRHI: Error: SwapChainDesc.BufferUsage 48
[2020.09.23-20.26.56:185][646]LogRHI: Error: SwapChainDesc.BufferCount 2
[2020.09.23-20.26.56:185][646]LogRHI: Error: SwapChainDesc.OutputWindow 0000000000170452
[2020.09.23-20.26.56:185][646]LogRHI: Error: SwapChainDesc.Windowed true
[2020.09.23-20.26.56:185][646]LogRHI: Error: SwapChainDesc.SwapEffect 4
[2020.09.23-20.26.56:185][646]LogRHI: Error: SwapChainDesc.Flags 2050
[2020.09.23-20.26.56:185][646]LogD3D11RHI: Error: Result failed 
 at D:/Build/++UE4/Sync/Engine/Source/Runtime/Windows/D3D11RHI/Private/D3D11Viewport.cpp:389 
 with error DXGI_ERROR_DEVICE_REMOVED 00000000
[2020.09.23-20.26.56:185][646]LogD3D11RHI: [Aftermath] GDynamicRHI=000002BAA27960C0, GDX11NVAfterMathEnabled=0, Result=0xFFFFFFFF, bDeviceActive=0
[2020.09.23-20.26.56:186][646]LogWindows: Windows GetLastError: The operation completed successfully. (0)
[2020.09.23-20.27.00:754][646]LogThreadingWindows: Error: Runnable thread RenderThread 13 crashed.
[2020.09.23-20.27.00:754][646]LogOutputDevice: Warning: 

Script Stack (0 frames):

[2020.09.23-20.27.00:754][646]LogWindows: Windows GetLastError: The operation completed successfully. (0)
[2020.09.23-20.27.00:754][646]LogWindows: Error: HandleError re-entered.
[2020.09.23-20.27.00:754][646]LogWindows: FPlatformMisc::RequestExit(1)
[2020.09.23-20.27.00:754][646]LogCore: Engine exit requested (reason: Win RequestExit)
[2020.09.23-20.27.00:754][646]LogOutputDevice: Warning: 

Script Stack (0 frames):

[2020.09.23-20.27.00:754][646]LogWindows: Error: === Critical error: ===
[2020.09.23-20.27.00:754][646]LogWindows: Error: 
[2020.09.23-20.27.00:754][646]LogWindows: Error: Fatal error: [File:D:/Build/++UE4/Sync/Engine/Source/Runtime/RenderCore/Private/RenderingThread.cpp] [Line: 853] 
[2020.09.23-20.27.00:754][646]LogWindows: Error: Rendering thread exception:
[2020.09.23-20.27.00:754][646]LogWindows: Error: Fatal error: [File:D:/Build/++UE4/Sync/Engine/Source/Runtime/Windows/D3D11RHI/Private/D3D11Util.cpp] [Line: 198] 
[2020.09.23-20.27.00:754][646]LogWindows: Error: Unreal Engine is exiting due to D3D device being lost. (Error: 0x0 - 'S_OK')
[2020.09.23-20.27.00:754][646]LogWindows: Error: 
[2020.09.23-20.27.00:754][646]LogWindows: Error: 
[2020.09.23-20.27.00:754][646]LogWindows: Error: Unhandled Exception: 0x00008000
[2020.09.23-20.27.00:754][646]LogWindows: Error: 
[2020.09.23-20.27.00:754][646]LogWindows: Error: [Callstack] 0x00007ffb4fa23b29 KERNELBASE.dll!UnknownFunction []
[2020.09.23-20.27.00:754][646]LogWindows: Error: [Callstack] 0x00007ffad5ccc166 UE4Editor-Core.dll!UnknownFunction []
[2020.09.23-20.27.00:754][646]LogWindows: Error: [Callstack] 0x00007ffad5ccdc51 UE4Editor-Core.dll!UnknownFunction []
[2020.09.23-20.27.00:755][646]LogWindows: Error: [Callstack] 0x00007ffad5a82c7d UE4Editor-Core.dll!UnknownFunction []
[2020.09.23-20.27.00:755][646]LogWindows: Error: [Callstack] 0x00007ffb16a813e9 UE4Editor-D3D11RHI.dll!UnknownFunction []
[2020.09.23-20.27.00:755][646]LogWindows: Error: [Callstack] 0x00007ffb16a85bbf UE4Editor-D3D11RHI.dll!UnknownFunction []
[2020.09.23-20.27.00:755][646]LogWindows: Error: [Callstack] 0x00007ffb16a67549 UE4Editor-D3D11RHI.dll!UnknownFunction []
[2020.09.23-20.27.00:755][646]LogWindows: Error: [Callstack] 0x00007ffb16a66912 UE4Editor-D3D11RHI.dll!UnknownFunction []
[2020.09.23-20.27.00:755][646]LogWindows: Error: [Callstack] 0x00007ffb16a72b9d UE4Editor-D3D11RHI.dll!UnknownFunction []
[2020.09.23-20.27.00:755][646]LogWindows: Error: [Callstack] 0x00007ffb167eb920 UE4Editor-RHI.dll!UnknownFunction []
[2020.09.23-20.27.00:755][646]LogWindows: Error: [Callstack] 0x00007ffb167eeff0 UE4Editor-RHI.dll!UnknownFunction []
[2020.09.23-20.27.00:755][646]LogWindows: Error: [Callstack] 0x00007ffb167eeacf UE4Editor-RHI.dll!UnknownFunction []
[2020.09.23-20.27.00:755][646]LogWindows: Error: [Callstack] 0x00007ffb167efc8b UE4Editor-RHI.dll!UnknownFunction []
[2020.09.23-20.27.00:755][646]LogWindows: Error: [Callstack] 0x00007ffb167e2162 UE4Editor-RHI.dll!UnknownFunction []
[2020.09.23-20.27.00:755][646]LogWindows: Error: [Callstack] 0x00007ffb1697765a UE4Editor-SlateRHIRenderer.dll!UnknownFunction []
[2020.09.23-20.27.00:755][646]LogWindows: Error: [Callstack] 0x00007ffb1696c8ac UE4Editor-SlateRHIRenderer.dll!UnknownFunction []
[2020.09.23-20.27.00:755][646]LogWindows: Error: [Callstack] 0x00007ffb1697f60c UE4Editor-SlateRHIRenderer.dll!UnknownFunction []
[2020.09.23-20.27.00:755][646]LogWindows: Error: [Callstack] 0x00007ffad5859ff2 UE4Editor-Core.dll!UnknownFunction []
[2020.09.23-20.27.00:755][646]LogWindows: Error: [Callstack] 0x00007ffad585a393 UE4Editor-Core.dll!UnknownFunction []
[2020.09.23-20.27.00:755][646]LogWindows: Error: [Callstack] 0x00007ffae9eb5391 UE4Editor-RenderCore.dll!UnknownFunction []
[2020.09.23-20.27.00:755][646]LogWindows: Error: [Callstack] 0x00007ffae9ebe254 UE4Editor-RenderCore.dll!UnknownFunction []
[2020.09.23-20.27.00:755][646]LogWindows: Error: [Callstack] 0x00007ffad5cd32ef UE4Editor-Core.dll!UnknownFunction []
[2020.09.23-20.27.00:755][646]LogWindows: Error: [Callstack] 0x00007ffad5cd2f94 UE4Editor-Core.dll!UnknownFunction []
[2020.09.23-20.27.00:755][646]LogWindows: Error: [Callstack] 0x00007ffb50347bd4 KERNEL32.DLL!UnknownFunction []
[2020.09.23-20.27.00:755][646]LogWindows: Error: [Callstack] 0x00007ffb51d2ce51 ntdll.dll!UnknownFunction []
[2020.09.23-20.27.00:781][646]LogExit: Executing StaticShutdownAfterError
[2020.09.23-20.27.00:781][646]LogWindows: FPlatformMisc::RequestExit(1)
[2020.09.23-20.27.00:781][646]LogCore: Engine exit requested (reason: Win RequestExit; note: exit was already requested)
[2020.09.23-20.27.00:819][646]Log file closed, 09/23/20 23:27:00
