Log file open, 10/26/20 01:29:09
LogWindows: Failed to load 'aqProf.dll' (GetLastError=126)
LogWindows: File 'aqProf.dll' does not exist
LogWindows: Failed to load 'VtuneApi.dll' (GetLastError=126)
LogWindows: File 'VtuneApi.dll' does not exist
LogWindows: Failed to load 'VtuneApi32e.dll' (GetLastError=126)
LogWindows: File 'VtuneApi32e.dll' does not exist
LogConsoleResponse: Display: Failed to find resolution value strings in scalability ini. Falling back to default.
LogInit: Display: Running engine for game: VFXSHOWROOM
LogPlatformFile: Not using cached read wrapper
LogTaskGraph: Started task graph with 5 named threads and 23 total threads with 3 sets of task threads.
LogStats: Stats thread started at 0.116384
LogD3D11RHI: Loaded GFSDK_Aftermath_Lib.x64.dll
LogICUInternationalization: ICU TimeZone Detection - Raw Offset: +2:00, Platform Override: ''
LogPluginManager: Mounting plugin Paper2D
LogPluginManager: Mounting plugin AISupport
LogPluginManager: Mounting plugin LightPropagationVolume
LogPluginManager: Mounting plugin ActorLayerUtilities
LogPluginManager: Mounting plugin AnimationSharing
LogPluginManager: Mounting plugin CLionSourceCodeAccess
LogPluginManager: Mounting plugin CodeLiteSourceCodeAccess
LogPluginManager: Mounting plugin GitSourceControl
LogPluginManager: Mounting plugin KDevelopSourceCodeAccess
LogPluginManager: Mounting plugin NullSourceCodeAccess
LogPluginManager: Mounting plugin PerforceSourceControl
LogPluginManager: Mounting plugin PlasticSourceControl
LogPluginManager: Mounting plugin SubversionSourceControl
LogPluginManager: Mounting plugin UObjectPlugin
LogPluginManager: Mounting plugin VisualStudioCodeSourceCodeAccess
LogPluginManager: Mounting plugin VisualStudioSourceCodeAccess
LogPluginManager: Mounting plugin XCodeSourceCodeAccess
LogPluginManager: Mounting plugin AssetManagerEditor
LogPluginManager: Mounting plugin CryptoKeys
LogPluginManager: Mounting plugin CurveEditorTools
LogPluginManager: Mounting plugin DataValidation
LogPluginManager: Mounting plugin FacialAnimation
LogPluginManager: Mounting plugin GameplayTagsEditor
LogPluginManager: Mounting plugin MacGraphicsSwitching
LogPluginManager: Mounting plugin MaterialAnalyzer
LogPluginManager: Mounting plugin MobileLauncherProfileWizard
LogPluginManager: Mounting plugin PluginBrowser
LogPluginManager: Mounting plugin SpeedTreeImporter
LogPluginManager: Mounting plugin DatasmithContent
LogPluginManager: Mounting plugin VariantManagerContent
LogPluginManager: Mounting plugin AlembicImporter
LogPluginManager: Mounting plugin AutomationUtils
LogPluginManager: Mounting plugin BackChannel
LogPluginManager: Mounting plugin CharacterAI
LogPluginManager: Mounting plugin GeometryCache
LogPluginManager: Mounting plugin PlatformCrypto
LogPluginManager: Mounting plugin ProxyLODPlugin
LogPluginManager: Mounting plugin SkeletalReduction
LogPluginManager: Mounting plugin Niagara
LogPluginManager: Mounting plugin NiagaraExtras
LogPluginManager: Mounting plugin MagicLeap
LogPluginManager: Mounting plugin MagicLeapMedia
LogPluginManager: Mounting plugin MLSDK
LogPluginManager: Mounting plugin BlueprintJson
LogPluginManager: Mounting plugin AndroidMedia
LogPluginManager: Mounting plugin AvfMedia
LogPluginManager: Mounting plugin ImgMedia
LogPluginManager: Mounting plugin MediaCompositing
LogPluginManager: Mounting plugin MediaPlayerEditor
LogPluginManager: Mounting plugin WebMMedia
LogPluginManager: Mounting plugin WmfMedia
LogPluginManager: Mounting plugin TcpMessaging
LogPluginManager: Mounting plugin UdpMessaging
LogPluginManager: Mounting plugin ActorSequence
LogPluginManager: Mounting plugin LevelSequenceEditor
LogPluginManager: Mounting plugin MatineeToLevelSequence
LogPluginManager: Mounting plugin NetcodeUnitTest
LogPluginManager: Mounting plugin NUTUnrealEngine4
LogPluginManager: Mounting plugin OnlineSubsystemGooglePlay
LogPluginManager: Mounting plugin OnlineSubsystemIOS
LogPluginManager: Mounting plugin OnlineSubsystem
LogPluginManager: Mounting plugin OnlineSubsystemNull
LogPluginManager: Mounting plugin OnlineSubsystemUtils
LogPluginManager: Mounting plugin LauncherChunkInstaller
LogPluginManager: Mounting plugin AndroidDeviceProfileSelector
LogPluginManager: Mounting plugin AndroidMoviePlayer
LogPluginManager: Mounting plugin AndroidPermission
LogPluginManager: Mounting plugin AppleImageUtils
LogPluginManager: Mounting plugin AppleMoviePlayer
LogPluginManager: Mounting plugin ArchVisCharacter
LogPluginManager: Mounting plugin AssetTags
LogPluginManager: Mounting plugin AudioCapture
LogPluginManager: Mounting plugin CableComponent
LogPluginManager: Mounting plugin CustomMeshComponent
LogPluginManager: Mounting plugin EditableMesh
LogPluginManager: Mounting plugin ExampleDeviceProfileSelector
LogPluginManager: Mounting plugin GoogleCloudMessaging
LogPluginManager: Mounting plugin IOSDeviceProfileSelector
LogPluginManager: Mounting plugin LinuxDeviceProfileSelector
LogPluginManager: Mounting plugin LocationServicesBPLibrary
LogPluginManager: Mounting plugin MobilePatchingUtils
LogPluginManager: Mounting plugin OculusVR
LogPluginManager: Mounting plugin PhysXVehicles
LogPluginManager: Mounting plugin PostSplashScreen
LogPluginManager: Mounting plugin ProceduralMeshComponent
LogPluginManager: Mounting plugin RuntimePhysXCooking
LogPluginManager: Mounting plugin SignificanceManager
LogPluginManager: Mounting plugin SteamVR
LogPluginManager: Mounting plugin WebMMoviePlayer
LogPluginManager: Mounting plugin WindowsMoviePlayer
LogPluginManager: Mounting plugin ScreenshotTools
LogInit: Using libcurl 7.55.1-DEV
LogInit:  - built for x86_64-pc-win32
LogInit:  - supports SSL with OpenSSL/1.1.1
LogInit:  - supports HTTP deflate (compression) using libz 1.2.8
LogInit:  - other features:
LogInit:      CURL_VERSION_SSL
LogInit:      CURL_VERSION_LIBZ
LogInit:      CURL_VERSION_IPV6
LogInit:      CURL_VERSION_ASYNCHDNS
LogInit:      CURL_VERSION_LARGEFILE
LogInit:      CURL_VERSION_IDN
LogInit:  CurlRequestOptions (configurable via config and command line):
LogInit:  - bVerifyPeer = true  - Libcurl will verify peer certificate
LogInit:  - bUseHttpProxy = false  - Libcurl will NOT use HTTP proxy
LogInit:  - bDontReuseConnections = false  - Libcurl will reuse connections
LogInit:  - MaxHostConnections = 16  - Libcurl will limit the number of connections to a host
LogInit:  - LocalHostAddr = Default
LogInit:  - BufferSize = 65536
LogOnline: OSS: Creating online subsystem instance for: NULL
LogInit: WinSock: version 1.1 (2.2), MaxSocks=32767, MaxUdp=65467
LogOnline: OSS: TryLoadSubsystemAndSetDefault: Loaded subsystem for module [NULL]
LogInit: Build: ++UE4+Release-4.24-CL-11590370
LogInit: Engine Version: 4.24.3-11590370+++UE4+Release-4.24
LogInit: Compatible Engine Version: 4.24.0-10570792+++UE4+Release-4.24
LogInit: Net CL: 10570792
LogInit: OS: Windows 10 (Release 1903) (), CPU: Intel(R) Core(TM) i7-6700HQ CPU @ 2.60GHz, GPU: Intel(R) HD Graphics 530
LogInit: Compiled (64-bit): Feb 24 2020 15:39:18
LogInit: Compiled with Visual C++: 19.16.27032.01
LogInit: Build Configuration: Development
LogInit: Branch Name: ++UE4+Release-4.24
LogInit: Command Line: 
LogInit: Base Directory: C:/Program Files/Epic Games/UE_4.24/Engine/Binaries/Win64/
LogInit: Installed Engine Build: 1
LogDevObjectVersion: Number of dev versions registered: 25
LogDevObjectVersion:   Dev-Blueprints (B0D832E4-1F89-4F0D-ACCF-7EB736FD4AA2): 10
LogDevObjectVersion:   Dev-Build (E1C64328-A22C-4D53-A36C-8E866417BD8C): 0
LogDevObjectVersion:   Dev-Core (375EC13C-06E4-48FB-B500-84F0262A717E): 3
LogDevObjectVersion:   Dev-Editor (E4B068ED-F494-42E9-A231-DA0B2E46BB41): 37
LogDevObjectVersion:   Dev-Framework (CFFC743F-43B0-4480-9391-14DF171D2073): 36
LogDevObjectVersion:   Dev-Mobile (B02B49B5-BB20-44E9-A304-32B752E40360): 2
LogDevObjectVersion:   Dev-Networking (A4E4105C-59A1-49B5-A7C5-40C4547EDFEE): 0
LogDevObjectVersion:   Dev-Online (39C831C9-5AE6-47DC-9A44-9C173E1C8E7C): 0
LogDevObjectVersion:   Dev-Physics (78F01B33-EBEA-4F98-B9B4-84EACCB95AA2): 2
LogDevObjectVersion:   Dev-Platform (6631380F-2D4D-43E0-8009-CF276956A95A): 0
LogDevObjectVersion:   Dev-Rendering (12F88B9F-8875-4AFC-A67C-D90C383ABD29): 36
LogDevObjectVersion:   Dev-Sequencer (7B5AE74C-D270-4C10-A958-57980B212A5A): 11
LogDevObjectVersion:   Dev-VR (D7296918-1DD6-4BDD-9DE2-64A83CC13884): 2
LogDevObjectVersion:   Dev-LoadTimes (C2A15278-BFE7-4AFE-6C17-90FF531DF755): 1
LogDevObjectVersion:   Private-Geometry (6EACA3D4-40EC-4CC1-B786-8BED09428FC5): 3
LogDevObjectVersion:   Dev-AnimPhys (29E575DD-E0A3-4627-9D10-D276232CDCEA): 17
LogDevObjectVersion:   Dev-Anim (AF43A65D-7FD3-4947-9873-3E8ED9C1BB05): 2
LogDevObjectVersion:   Dev-ReflectionCapture (6B266CEC-1EC7-4B8F-A30B-E4D90942FC07): 1
LogDevObjectVersion:   Dev-Automation (0DF73D61-A23F-47EA-B727-89E90C41499A): 1
LogDevObjectVersion:   FortniteMain (601D1886-AC64-4F84-AA16-D3DE0DEAC7D6): 31
LogDevObjectVersion:   Dev-Enterprise (9DFFBCD6-494F-0158-E221-12823C92A888): 8
LogDevObjectVersion:   Dev-Niagara (F2AED0AC-9AFE-416F-8664-AA7FFA26D6FC): 1
LogDevObjectVersion:   Dev-Destruction (174F1F0B-B4C6-45A5-B13F-2EE8D0FB917D): 9
LogDevObjectVersion:   Dev-Physics-Ext (35F94A83-E258-406C-A318-09F59610247C): 8
LogDevObjectVersion:   Dev-CineCamera (B2E18506-4273-CFC2-A54E-F4BB758BBA07): 1
LogInit: Presizing for max 25165824 objects, including 0 objects not considered by GC, pre-allocating 0 bytes for permanent pool.
LogInit: Object subsystem initialized
LogConfig: Setting CVar [[con.DebugEarlyDefault:1]]
LogConfig: Setting CVar [[r.setres:1280x720]]
[2020.10.25-23.29.10:050][  0]LogConfig: Setting CVar [[r.VSync:0]]
[2020.10.25-23.29.10:050][  0]LogConfig: Setting CVar [[r.RHICmdBypass:0]]
[2020.10.25-23.29.10:050][  0]LogConfig: Applying CVar settings from Section [/Script/Engine.RendererSettings] File [D:/_DATA/Unreal Projects/VFXShowRoom/Saved/Config/Windows/Engine.ini]
[2020.10.25-23.29.10:050][  0]LogConfig: Setting CVar [[r.GPUCrashDebugging:0]]
[2020.10.25-23.29.10:050][  0]LogConfig: Applying CVar settings from Section [/Script/Engine.RendererOverrideSettings] File [D:/_DATA/Unreal Projects/VFXShowRoom/Saved/Config/Windows/Engine.ini]
[2020.10.25-23.29.10:050][  0]LogConfig: Applying CVar settings from Section [/Script/Engine.StreamingSettings] File [D:/_DATA/Unreal Projects/VFXShowRoom/Saved/Config/Windows/Engine.ini]
[2020.10.25-23.29.10:050][  0]LogConfig: Setting CVar [[s.MinBulkDataSizeForAsyncLoading:131072]]
[2020.10.25-23.29.10:050][  0]LogConfig: Setting CVar [[s.AsyncLoadingThreadEnabled:0]]
[2020.10.25-23.29.10:050][  0]LogConfig: Setting CVar [[s.EventDrivenLoaderEnabled:1]]
[2020.10.25-23.29.10:051][  0]LogConfig: Setting CVar [[s.WarnIfTimeLimitExceeded:0]]
[2020.10.25-23.29.10:051][  0]LogConfig: Setting CVar [[s.TimeLimitExceededMultiplier:1.5]]
[2020.10.25-23.29.10:051][  0]LogConfig: Setting CVar [[s.TimeLimitExceededMinTime:0.005]]
[2020.10.25-23.29.10:051][  0]LogConfig: Setting CVar [[s.UseBackgroundLevelStreaming:1]]
[2020.10.25-23.29.10:051][  0]LogConfig: Setting CVar [[s.PriorityAsyncLoadingExtraTime:15.0]]
[2020.10.25-23.29.10:051][  0]LogConfig: Setting CVar [[s.LevelStreamingActorsUpdateTimeLimit:5.0]]
[2020.10.25-23.29.10:051][  0]LogConfig: Setting CVar [[s.PriorityLevelStreamingActorsUpdateExtraTime:5.0]]
[2020.10.25-23.29.10:051][  0]LogConfig: Setting CVar [[s.LevelStreamingComponentsRegistrationGranularity:10]]
[2020.10.25-23.29.10:051][  0]LogConfig: Setting CVar [[s.UnregisterComponentsTimeLimit:1.0]]
[2020.10.25-23.29.10:051][  0]LogConfig: Setting CVar [[s.LevelStreamingComponentsUnregistrationGranularity:5]]
[2020.10.25-23.29.10:051][  0]LogConfig: Setting CVar [[s.FlushStreamingOnExit:1]]
[2020.10.25-23.29.10:051][  0]LogConfig: Applying CVar settings from Section [/Script/Engine.GarbageCollectionSettings] File [D:/_DATA/Unreal Projects/VFXShowRoom/Saved/Config/Windows/Engine.ini]
[2020.10.25-23.29.10:051][  0]LogConfig: Setting CVar [[gc.MaxObjectsNotConsideredByGC:1]]
[2020.10.25-23.29.10:051][  0]LogConfig: Setting CVar [[gc.SizeOfPermanentObjectPool:0]]
[2020.10.25-23.29.10:051][  0]LogConfig: Setting CVar [[gc.FlushStreamingOnGC:0]]
[2020.10.25-23.29.10:051][  0]LogConfig: Setting CVar [[gc.NumRetriesBeforeForcingGC:10]]
[2020.10.25-23.29.10:051][  0]LogConfig: Setting CVar [[gc.AllowParallelGC:1]]
[2020.10.25-23.29.10:051][  0]LogConfig: Setting CVar [[gc.TimeBetweenPurgingPendingKillObjects:61.1]]
[2020.10.25-23.29.10:051][  0]LogConfig: Setting CVar [[gc.MaxObjectsInEditor:25165824]]
[2020.10.25-23.29.10:051][  0]LogConfig: Setting CVar [[gc.IncrementalBeginDestroyEnabled:1]]
[2020.10.25-23.29.10:051][  0]LogConfig: Setting CVar [[gc.CreateGCClusters:1]]
[2020.10.25-23.29.10:051][  0]LogConfig: Setting CVar [[gc.MinGCClusterSize:5]]
[2020.10.25-23.29.10:051][  0]LogConfig: Setting CVar [[gc.ActorClusteringEnabled:0]]
[2020.10.25-23.29.10:051][  0]LogConfig: Setting CVar [[gc.BlueprintClusteringEnabled:0]]
[2020.10.25-23.29.10:051][  0]LogConfig: Setting CVar [[gc.UseDisregardForGCOnDedicatedServers:0]]
[2020.10.25-23.29.10:051][  0]LogConfig: Applying CVar settings from Section [/Script/Engine.NetworkSettings] File [D:/_DATA/Unreal Projects/VFXShowRoom/Saved/Config/Windows/Engine.ini]
[2020.10.25-23.29.10:051][  0]LogConfig: Applying CVar settings from Section [/Script/UnrealEd.CookerSettings] File [D:/_DATA/Unreal Projects/VFXShowRoom/Saved/Config/Windows/Engine.ini]
[2020.10.25-23.29.10:054][  0]LogConfig: Applying CVar settings from Section [ViewDistanceQuality@3] File [D:/_DATA/Unreal Projects/VFXShowRoom/Saved/Config/Windows/Scalability.ini]
[2020.10.25-23.29.10:054][  0]LogConfig: Setting CVar [[r.SkeletalMeshLODBias:0]]
[2020.10.25-23.29.10:054][  0]LogConfig: Setting CVar [[r.ViewDistanceScale:1.0]]
[2020.10.25-23.29.10:054][  0]LogConfig: Applying CVar settings from Section [AntiAliasingQuality@3] File [D:/_DATA/Unreal Projects/VFXShowRoom/Saved/Config/Windows/Scalability.ini]
[2020.10.25-23.29.10:054][  0]LogConfig: Setting CVar [[r.PostProcessAAQuality:4]]
[2020.10.25-23.29.10:054][  0]LogConfig: Applying CVar settings from Section [ShadowQuality@3] File [D:/_DATA/Unreal Projects/VFXShowRoom/Saved/Config/Windows/Scalability.ini]
[2020.10.25-23.29.10:054][  0]LogConfig: Setting CVar [[r.LightFunctionQuality:1]]
[2020.10.25-23.29.10:054][  0]LogConfig: Setting CVar [[r.ShadowQuality:5]]
[2020.10.25-23.29.10:054][  0]LogConfig: Setting CVar [[r.Shadow.CSM.MaxCascades:10]]
[2020.10.25-23.29.10:054][  0]LogConfig: Setting CVar [[r.Shadow.MaxResolution:2048]]
[2020.10.25-23.29.10:054][  0]LogConfig: Setting CVar [[r.Shadow.MaxCSMResolution:2048]]
[2020.10.25-23.29.10:054][  0]LogConfig: Setting CVar [[r.Shadow.RadiusThreshold:0.01]]
[2020.10.25-23.29.10:054][  0]LogConfig: Setting CVar [[r.Shadow.DistanceScale:1.0]]
[2020.10.25-23.29.10:054][  0]LogConfig: Setting CVar [[r.Shadow.CSM.TransitionScale:1.0]]
[2020.10.25-23.29.10:055][  0]LogConfig: Setting CVar [[r.Shadow.PreShadowResolutionFactor:1.0]]
[2020.10.25-23.29.10:055][  0]LogConfig: Setting CVar [[r.DistanceFieldShadowing:1]]
[2020.10.25-23.29.10:055][  0]LogConfig: Setting CVar [[r.DistanceFieldAO:1]]
[2020.10.25-23.29.10:055][  0]LogConfig: Setting CVar [[r.AOQuality:2]]
[2020.10.25-23.29.10:055][  0]LogConfig: Setting CVar [[r.VolumetricFog:1]]
[2020.10.25-23.29.10:055][  0]LogConfig: Setting CVar [[r.VolumetricFog.GridPixelSize:8]]
[2020.10.25-23.29.10:055][  0]LogConfig: Setting CVar [[r.VolumetricFog.GridSizeZ:128]]
[2020.10.25-23.29.10:055][  0]LogConfig: Setting CVar [[r.VolumetricFog.HistoryMissSupersampleCount:4]]
[2020.10.25-23.29.10:055][  0]LogConfig: Setting CVar [[r.LightMaxDrawDistanceScale:1]]
[2020.10.25-23.29.10:055][  0]LogConfig: Setting CVar [[r.CapsuleShadows:1]]
[2020.10.25-23.29.10:055][  0]LogConfig: Applying CVar settings from Section [PostProcessQuality@3] File [D:/_DATA/Unreal Projects/VFXShowRoom/Saved/Config/Windows/Scalability.ini]
[2020.10.25-23.29.10:055][  0]LogConfig: Setting CVar [[r.MotionBlurQuality:4]]
[2020.10.25-23.29.10:055][  0]LogConfig: Setting CVar [[r.AmbientOcclusionMipLevelFactor:0.4]]
[2020.10.25-23.29.10:055][  0]LogConfig: Setting CVar [[r.AmbientOcclusionMaxQuality:100]]
[2020.10.25-23.29.10:055][  0]LogConfig: Setting CVar [[r.AmbientOcclusionLevels:-1]]
[2020.10.25-23.29.10:055][  0]LogConfig: Setting CVar [[r.AmbientOcclusionRadiusScale:1.0]]
[2020.10.25-23.29.10:055][  0]LogConfig: Setting CVar [[r.DepthOfFieldQuality:2]]
[2020.10.25-23.29.10:055][  0]LogConfig: Setting CVar [[r.RenderTargetPoolMin:400]]
[2020.10.25-23.29.10:055][  0]LogConfig: Setting CVar [[r.LensFlareQuality:2]]
[2020.10.25-23.29.10:055][  0]LogConfig: Setting CVar [[r.SceneColorFringeQuality:1]]
[2020.10.25-23.29.10:055][  0]LogConfig: Setting CVar [[r.EyeAdaptationQuality:2]]
[2020.10.25-23.29.10:055][  0]LogConfig: Setting CVar [[r.BloomQuality:5]]
[2020.10.25-23.29.10:055][  0]LogConfig: Setting CVar [[r.FastBlurThreshold:100]]
[2020.10.25-23.29.10:055][  0]LogConfig: Setting CVar [[r.Upscale.Quality:3]]
[2020.10.25-23.29.10:055][  0]LogConfig: Setting CVar [[r.Tonemapper.GrainQuantization:1]]
[2020.10.25-23.29.10:055][  0]LogConfig: Setting CVar [[r.LightShaftQuality:1]]
[2020.10.25-23.29.10:055][  0]LogConfig: Setting CVar [[r.Filter.SizeScale:1]]
[2020.10.25-23.29.10:055][  0]LogConfig: Setting CVar [[r.Tonemapper.Quality:5]]
[2020.10.25-23.29.10:055][  0]LogConfig: Setting CVar [[r.DOF.Gather.AccumulatorQuality:1        ; higher gathering accumulator quality]]
[2020.10.25-23.29.10:056][  0]LogConfig: Setting CVar [[r.DOF.Gather.PostfilterMethod:1          ; Median3x3 postfilering method]]
[2020.10.25-23.29.10:056][  0]LogConfig: Setting CVar [[r.DOF.Gather.EnableBokehSettings:0       ; no bokeh simulation when gathering]]
[2020.10.25-23.29.10:056][  0]LogConfig: Setting CVar [[r.DOF.Gather.RingCount:4                 ; medium number of samples when gathering]]
[2020.10.25-23.29.10:056][  0]LogConfig: Setting CVar [[r.DOF.Scatter.ForegroundCompositing:1    ; additive foreground scattering]]
[2020.10.25-23.29.10:056][  0]LogConfig: Setting CVar [[r.DOF.Scatter.BackgroundCompositing:2    ; additive background scattering]]
[2020.10.25-23.29.10:056][  0]LogConfig: Setting CVar [[r.DOF.Scatter.EnableBokehSettings:1      ; bokeh simulation when scattering]]
[2020.10.25-23.29.10:056][  0]LogConfig: Setting CVar [[r.DOF.Scatter.MaxSpriteRatio:0.1         ; only a maximum of 10% of scattered bokeh]]
[2020.10.25-23.29.10:056][  0]LogConfig: Setting CVar [[r.DOF.Recombine.Quality:1                ; cheap slight out of focus]]
[2020.10.25-23.29.10:056][  0]LogConfig: Setting CVar [[r.DOF.Recombine.EnableBokehSettings:0    ; no bokeh simulation on slight out of focus]]
[2020.10.25-23.29.10:056][  0]LogConfig: Setting CVar [[r.DOF.TemporalAAQuality:1                ; more stable temporal accumulation]]
[2020.10.25-23.29.10:056][  0]LogConfig: Setting CVar [[r.DOF.Kernel.MaxForegroundRadius:0.025]]
[2020.10.25-23.29.10:056][  0]LogConfig: Setting CVar [[r.DOF.Kernel.MaxBackgroundRadius:0.025]]
[2020.10.25-23.29.10:056][  0]LogConfig: Applying CVar settings from Section [TextureQuality@3] File [D:/_DATA/Unreal Projects/VFXShowRoom/Saved/Config/Windows/Scalability.ini]
[2020.10.25-23.29.10:056][  0]LogConfig: Setting CVar [[r.Streaming.MipBias:0]]
[2020.10.25-23.29.10:056][  0]LogConfig: Setting CVar [[r.Streaming.AmortizeCPUToGPUCopy:0]]
[2020.10.25-23.29.10:056][  0]LogConfig: Setting CVar [[r.Streaming.MaxNumTexturesToStreamPerFrame:0]]
[2020.10.25-23.29.10:056][  0]LogConfig: Setting CVar [[r.Streaming.Boost:1]]
[2020.10.25-23.29.10:056][  0]LogConfig: Setting CVar [[r.MaxAnisotropy:8]]
[2020.10.25-23.29.10:056][  0]LogConfig: Setting CVar [[r.VT.MaxAnisotropy:8]]
[2020.10.25-23.29.10:056][  0]LogConfig: Setting CVar [[r.Streaming.LimitPoolSizeToVRAM:0]]
[2020.10.25-23.29.10:056][  0]LogConfig: Setting CVar [[r.Streaming.PoolSize:1000]]
[2020.10.25-23.29.10:056][  0]LogConfig: Setting CVar [[r.Streaming.MaxEffectiveScreenSize:0]]
[2020.10.25-23.29.10:056][  0]LogConfig: Applying CVar settings from Section [EffectsQuality@3] File [D:/_DATA/Unreal Projects/VFXShowRoom/Saved/Config/Windows/Scalability.ini]
[2020.10.25-23.29.10:056][  0]LogConfig: Setting CVar [[r.TranslucencyLightingVolumeDim:64]]
[2020.10.25-23.29.10:056][  0]LogConfig: Setting CVar [[r.RefractionQuality:2]]
[2020.10.25-23.29.10:057][  0]LogConfig: Setting CVar [[r.SSR.Quality:3]]
[2020.10.25-23.29.10:057][  0]LogConfig: Setting CVar [[r.SSR.HalfResSceneColor:0]]
[2020.10.25-23.29.10:057][  0]LogConfig: Setting CVar [[r.SceneColorFormat:4]]
[2020.10.25-23.29.10:057][  0]LogConfig: Setting CVar [[r.DetailMode:2]]
[2020.10.25-23.29.10:057][  0]LogConfig: Setting CVar [[r.TranslucencyVolumeBlur:1]]
[2020.10.25-23.29.10:057][  0]LogConfig: Setting CVar [[r.MaterialQualityLevel:1 ; High quality]]
[2020.10.25-23.29.10:057][  0]LogConfig: Setting CVar [[r.SSS.Scale:1]]
[2020.10.25-23.29.10:057][  0]LogConfig: Setting CVar [[r.SSS.SampleSet:2]]
[2020.10.25-23.29.10:057][  0]LogConfig: Setting CVar [[r.SSS.Quality:1]]
[2020.10.25-23.29.10:057][  0]LogConfig: Setting CVar [[r.SSS.HalfRes:1]]
[2020.10.25-23.29.10:057][  0]LogConfig: Setting CVar [[r.SSGI.Quality:3]]
[2020.10.25-23.29.10:057][  0]LogConfig: Setting CVar [[r.EmitterSpawnRateScale:1.0]]
[2020.10.25-23.29.10:057][  0]LogConfig: Setting CVar [[r.ParticleLightQuality:2]]
[2020.10.25-23.29.10:057][  0]LogConfig: Setting CVar [[r.SkyAtmosphere.AerialPerspectiveLUT.FastApplyOnOpaque:1 ; Always have FastSkyLUT 1 in this case to avoid wrong sky]]
[2020.10.25-23.29.10:057][  0]LogConfig: Setting CVar [[r.SkyAtmosphere.AerialPerspectiveLUT.SampleCountPerSlice:1]]
[2020.10.25-23.29.10:057][  0]LogConfig: Setting CVar [[r.SkyAtmosphere.AerialPerspectiveLUT.DepthResolution:16.0]]
[2020.10.25-23.29.10:057][  0]LogConfig: Setting CVar [[r.SkyAtmosphere.FastSkyLUT:1]]
[2020.10.25-23.29.10:057][  0]LogConfig: Setting CVar [[r.SkyAtmosphere.FastSkyLUT.SampleCountMin:4.0]]
[2020.10.25-23.29.10:057][  0]LogConfig: Setting CVar [[r.SkyAtmosphere.FastSkyLUT.SampleCountMax:32.0]]
[2020.10.25-23.29.10:057][  0]LogConfig: Setting CVar [[r.SkyAtmosphere.SampleCountMin:4.0]]
[2020.10.25-23.29.10:057][  0]LogConfig: Setting CVar [[r.SkyAtmosphere.SampleCountMax:32.0]]
[2020.10.25-23.29.10:057][  0]LogConfig: Setting CVar [[r.SkyAtmosphere.TransmittanceLUT.UseSmallFormat:0]]
[2020.10.25-23.29.10:058][  0]LogConfig: Setting CVar [[r.SkyAtmosphere.TransmittanceLUT.SampleCount:10.0]]
[2020.10.25-23.29.10:058][  0]LogConfig: Setting CVar [[r.SkyAtmosphere.MultiScatteringLUT.SampleCount:15.0]]
[2020.10.25-23.29.10:058][  0]LogConfig: Applying CVar settings from Section [FoliageQuality@3] File [D:/_DATA/Unreal Projects/VFXShowRoom/Saved/Config/Windows/Scalability.ini]
[2020.10.25-23.29.10:058][  0]LogConfig: Setting CVar [[foliage.DensityScale:1.0]]
[2020.10.25-23.29.10:058][  0]LogConfig: Setting CVar [[grass.DensityScale:1.0]]
[2020.10.25-23.29.10:058][  0]LogConfig: Applying CVar settings from Section [ShadingQuality@3] File [D:/_DATA/Unreal Projects/VFXShowRoom/Saved/Config/Windows/Scalability.ini]
[2020.10.25-23.29.10:058][  0]LogConfig: Setting CVar [[r.HairStrands.SkyLighting.SampleCount:16]]
[2020.10.25-23.29.10:058][  0]LogConfig: Setting CVar [[r.HairStrands.SkyLighting.JitterIntegration:0]]
[2020.10.25-23.29.10:058][  0]LogConfig: Setting CVar [[r.HairStrands.SkyAO.SampleCount:16]]
[2020.10.25-23.29.10:058][  0]LogInit: Selected Device Profile: [Windows]
[2020.10.25-23.29.10:058][  0]LogInit: Applying CVar settings loaded from the selected device profile: [Windows]
[2020.10.25-23.29.10:081][  0]LogHAL: Display: Platform has ~ 16 GB [17039900672 / 17179869184 / 16], which maps to Larger [LargestMinGB=32, LargerMinGB=12, DefaultMinGB=8, SmallerMinGB=6, SmallestMinGB=0)
[2020.10.25-23.29.10:081][  0]LogInit: Going up to parent DeviceProfile []
[2020.10.25-23.29.10:082][  0]LogConfig: Applying CVar settings from Section [ViewDistanceQuality@2] File [D:/_DATA/Unreal Projects/VFXShowRoom/Saved/Config/Windows/Scalability.ini]
[2020.10.25-23.29.10:082][  0]LogConfig: Setting CVar [[r.SkeletalMeshLODBias:0]]
[2020.10.25-23.29.10:082][  0]LogConfig: Setting CVar [[r.ViewDistanceScale:0.8]]
[2020.10.25-23.29.10:082][  0]LogConfig: Applying CVar settings from Section [AntiAliasingQuality@2] File [D:/_DATA/Unreal Projects/VFXShowRoom/Saved/Config/Windows/Scalability.ini]
[2020.10.25-23.29.10:082][  0]LogConfig: Setting CVar [[r.PostProcessAAQuality:3]]
[2020.10.25-23.29.10:082][  0]LogConfig: Applying CVar settings from Section [ShadowQuality@2] File [D:/_DATA/Unreal Projects/VFXShowRoom/Saved/Config/Windows/Scalability.ini]
[2020.10.25-23.29.10:082][  0]LogConfig: Setting CVar [[r.LightFunctionQuality:1]]
[2020.10.25-23.29.10:082][  0]LogConfig: Setting CVar [[r.ShadowQuality:5]]
[2020.10.25-23.29.10:082][  0]LogConfig: Setting CVar [[r.Shadow.CSM.MaxCascades:4]]
[2020.10.25-23.29.10:082][  0]LogConfig: Setting CVar [[r.Shadow.MaxResolution:1024]]
[2020.10.25-23.29.10:082][  0]LogConfig: Setting CVar [[r.Shadow.MaxCSMResolution:2048]]
[2020.10.25-23.29.10:082][  0]LogConfig: Setting CVar [[r.Shadow.RadiusThreshold:0.04]]
[2020.10.25-23.29.10:082][  0]LogConfig: Setting CVar [[r.Shadow.DistanceScale:0.85]]
[2020.10.25-23.29.10:082][  0]LogConfig: Setting CVar [[r.Shadow.CSM.TransitionScale:0.8]]
[2020.10.25-23.29.10:082][  0]LogConfig: Setting CVar [[r.Shadow.PreShadowResolutionFactor:0.5]]
[2020.10.25-23.29.10:082][  0]LogConfig: Setting CVar [[r.DistanceFieldShadowing:1]]
[2020.10.25-23.29.10:082][  0]LogConfig: Setting CVar [[r.DistanceFieldAO:1]]
[2020.10.25-23.29.10:082][  0]LogConfig: Setting CVar [[r.AOQuality:1]]
[2020.10.25-23.29.10:082][  0]LogConfig: Setting CVar [[r.VolumetricFog:1]]
[2020.10.25-23.29.10:082][  0]LogConfig: Setting CVar [[r.VolumetricFog.GridPixelSize:16]]
[2020.10.25-23.29.10:082][  0]LogConfig: Setting CVar [[r.VolumetricFog.GridSizeZ:64]]
[2020.10.25-23.29.10:082][  0]LogConfig: Setting CVar [[r.VolumetricFog.HistoryMissSupersampleCount:4]]
[2020.10.25-23.29.10:082][  0]LogConfig: Setting CVar [[r.LightMaxDrawDistanceScale:1]]
[2020.10.25-23.29.10:082][  0]LogConfig: Setting CVar [[r.CapsuleShadows:1]]
[2020.10.25-23.29.10:082][  0]LogConfig: Applying CVar settings from Section [PostProcessQuality@2] File [D:/_DATA/Unreal Projects/VFXShowRoom/Saved/Config/Windows/Scalability.ini]
[2020.10.25-23.29.10:082][  0]LogConfig: Setting CVar [[r.MotionBlurQuality:3]]
[2020.10.25-23.29.10:082][  0]LogConfig: Setting CVar [[r.AmbientOcclusionMipLevelFactor:0.6]]
[2020.10.25-23.29.10:082][  0]LogConfig: Setting CVar [[r.AmbientOcclusionMaxQuality:100]]
[2020.10.25-23.29.10:082][  0]LogConfig: Setting CVar [[r.AmbientOcclusionLevels:-1]]
[2020.10.25-23.29.10:082][  0]LogConfig: Setting CVar [[r.AmbientOcclusionRadiusScale:1.5]]
[2020.10.25-23.29.10:082][  0]LogConfig: Setting CVar [[r.DepthOfFieldQuality:2]]
[2020.10.25-23.29.10:082][  0]LogConfig: Setting CVar [[r.RenderTargetPoolMin:400]]
[2020.10.25-23.29.10:082][  0]LogConfig: Setting CVar [[r.LensFlareQuality:2]]
[2020.10.25-23.29.10:082][  0]LogConfig: Setting CVar [[r.SceneColorFringeQuality:1]]
[2020.10.25-23.29.10:083][  0]LogConfig: Setting CVar [[r.EyeAdaptationQuality:2]]
[2020.10.25-23.29.10:083][  0]LogConfig: Setting CVar [[r.BloomQuality:5]]
[2020.10.25-23.29.10:083][  0]LogConfig: Setting CVar [[r.FastBlurThreshold:3]]
[2020.10.25-23.29.10:083][  0]LogConfig: Setting CVar [[r.Upscale.Quality:2]]
[2020.10.25-23.29.10:083][  0]LogConfig: Setting CVar [[r.Tonemapper.GrainQuantization:1]]
[2020.10.25-23.29.10:083][  0]LogConfig: Setting CVar [[r.LightShaftQuality:1]]
[2020.10.25-23.29.10:083][  0]LogConfig: Setting CVar [[r.Filter.SizeScale:0.8]]
[2020.10.25-23.29.10:083][  0]LogConfig: Setting CVar [[r.Tonemapper.Quality:5]]
[2020.10.25-23.29.10:083][  0]LogConfig: Setting CVar [[r.DOF.Gather.AccumulatorQuality:0        ; lower gathering accumulator quality]]
[2020.10.25-23.29.10:083][  0]LogConfig: Setting CVar [[r.DOF.Gather.PostfilterMethod:2          ; Max3x3 postfilering method]]
[2020.10.25-23.29.10:083][  0]LogConfig: Setting CVar [[r.DOF.Gather.EnableBokehSettings:0       ; no bokeh simulation when gathering]]
[2020.10.25-23.29.10:083][  0]LogConfig: Setting CVar [[r.DOF.Gather.RingCount:4                 ; medium number of samples when gathering]]
[2020.10.25-23.29.10:083][  0]LogConfig: Setting CVar [[r.DOF.Scatter.ForegroundCompositing:1    ; additive foreground scattering]]
[2020.10.25-23.29.10:083][  0]LogConfig: Setting CVar [[r.DOF.Scatter.BackgroundCompositing:1    ; no background occlusion]]
[2020.10.25-23.29.10:083][  0]LogConfig: Setting CVar [[r.DOF.Scatter.EnableBokehSettings:0      ; no bokeh simulation when scattering]]
[2020.10.25-23.29.10:083][  0]LogConfig: Setting CVar [[r.DOF.Scatter.MaxSpriteRatio:0.04        ; only a maximum of 4% of scattered bokeh]]
[2020.10.25-23.29.10:083][  0]LogConfig: Setting CVar [[r.DOF.Recombine.Quality:0                ; no slight out of focus]]
[2020.10.25-23.29.10:083][  0]LogConfig: Setting CVar [[r.DOF.TemporalAAQuality:0                ; faster temporal accumulation]]
[2020.10.25-23.29.10:083][  0]LogConfig: Setting CVar [[r.DOF.Kernel.MaxForegroundRadius:0.012   ; required because of AccumulatorQuality=0]]
[2020.10.25-23.29.10:083][  0]LogConfig: Setting CVar [[r.DOF.Kernel.MaxBackgroundRadius:0.012   ; required because of AccumulatorQuality=0]]
[2020.10.25-23.29.10:083][  0]LogConfig: Applying CVar settings from Section [TextureQuality@2] File [D:/_DATA/Unreal Projects/VFXShowRoom/Saved/Config/Windows/Scalability.ini]
[2020.10.25-23.29.10:083][  0]LogConfig: Setting CVar [[r.Streaming.MipBias:0]]
[2020.10.25-23.29.10:083][  0]LogConfig: Setting CVar [[r.Streaming.AmortizeCPUToGPUCopy:0]]
[2020.10.25-23.29.10:083][  0]LogConfig: Setting CVar [[r.Streaming.MaxNumTexturesToStreamPerFrame:0]]
[2020.10.25-23.29.10:083][  0]LogConfig: Setting CVar [[r.Streaming.Boost:1]]
[2020.10.25-23.29.10:084][  0]LogConfig: Setting CVar [[r.MaxAnisotropy:4]]
[2020.10.25-23.29.10:084][  0]LogConfig: Setting CVar [[r.VT.MaxAnisotropy:8]]
[2020.10.25-23.29.10:084][  0]LogConfig: Setting CVar [[r.Streaming.LimitPoolSizeToVRAM:1]]
[2020.10.25-23.29.10:084][  0]LogConfig: Setting CVar [[r.Streaming.PoolSize:800]]
[2020.10.25-23.29.10:084][  0]LogConfig: Setting CVar [[r.Streaming.MaxEffectiveScreenSize:0]]
[2020.10.25-23.29.10:084][  0]LogConfig: Applying CVar settings from Section [EffectsQuality@2] File [D:/_DATA/Unreal Projects/VFXShowRoom/Saved/Config/Windows/Scalability.ini]
[2020.10.25-23.29.10:084][  0]LogConfig: Setting CVar [[r.TranslucencyLightingVolumeDim:48]]
[2020.10.25-23.29.10:084][  0]LogConfig: Setting CVar [[r.RefractionQuality:2]]
[2020.10.25-23.29.10:084][  0]LogConfig: Setting CVar [[r.SSR.Quality:2]]
[2020.10.25-23.29.10:084][  0]LogConfig: Setting CVar [[r.SSR.HalfResSceneColor:1]]
[2020.10.25-23.29.10:084][  0]LogConfig: Setting CVar [[r.SceneColorFormat:3]]
[2020.10.25-23.29.10:084][  0]LogConfig: Setting CVar [[r.DetailMode:1]]
[2020.10.25-23.29.10:084][  0]LogConfig: Setting CVar [[r.TranslucencyVolumeBlur:1]]
[2020.10.25-23.29.10:084][  0]LogConfig: Setting CVar [[r.MaterialQualityLevel:1 ; High quality]]
[2020.10.25-23.29.10:084][  0]LogConfig: Setting CVar [[r.SSS.Scale:1]]
[2020.10.25-23.29.10:084][  0]LogConfig: Setting CVar [[r.SSS.SampleSet:1]]
[2020.10.25-23.29.10:084][  0]LogConfig: Setting CVar [[r.SSS.Quality:-1]]
[2020.10.25-23.29.10:084][  0]LogConfig: Setting CVar [[r.SSS.HalfRes:1]]
[2020.10.25-23.29.10:084][  0]LogConfig: Setting CVar [[r.SSGI.Quality:2]]
[2020.10.25-23.29.10:084][  0]LogConfig: Setting CVar [[r.EmitterSpawnRateScale:0.5]]
[2020.10.25-23.29.10:084][  0]LogConfig: Setting CVar [[r.ParticleLightQuality:1]]
[2020.10.25-23.29.10:084][  0]LogConfig: Setting CVar [[r.SkyAtmosphere.AerialPerspectiveLUT.FastApplyOnOpaque:1 ; Always have FastSkyLUT 1 in this case to avoid wrong sky]]
[2020.10.25-23.29.10:084][  0]LogConfig: Setting CVar [[r.SkyAtmosphere.AerialPerspectiveLUT.SampleCountPerSlice:1]]
[2020.10.25-23.29.10:084][  0]LogConfig: Setting CVar [[r.SkyAtmosphere.AerialPerspectiveLUT.DepthResolution:16.0]]
[2020.10.25-23.29.10:084][  0]LogConfig: Setting CVar [[r.SkyAtmosphere.FastSkyLUT:1]]
[2020.10.25-23.29.10:084][  0]LogConfig: Setting CVar [[r.SkyAtmosphere.FastSkyLUT.SampleCountMin:4.0]]
[2020.10.25-23.29.10:084][  0]LogConfig: Setting CVar [[r.SkyAtmosphere.FastSkyLUT.SampleCountMax:32.0]]
[2020.10.25-23.29.10:084][  0]LogConfig: Setting CVar [[r.SkyAtmosphere.SampleCountMin:4.0]]
[2020.10.25-23.29.10:084][  0]LogConfig: Setting CVar [[r.SkyAtmosphere.SampleCountMax:32.0]]
[2020.10.25-23.29.10:084][  0]LogConfig: Setting CVar [[r.SkyAtmosphere.TransmittanceLUT.UseSmallFormat:0]]
[2020.10.25-23.29.10:084][  0]LogConfig: Setting CVar [[r.SkyAtmosphere.TransmittanceLUT.SampleCount:10.0]]
[2020.10.25-23.29.10:084][  0]LogConfig: Setting CVar [[r.SkyAtmosphere.MultiScatteringLUT.SampleCount:15.0]]
[2020.10.25-23.29.10:084][  0]LogConfig: Applying CVar settings from Section [FoliageQuality@2] File [D:/_DATA/Unreal Projects/VFXShowRoom/Saved/Config/Windows/Scalability.ini]
[2020.10.25-23.29.10:084][  0]LogConfig: Setting CVar [[foliage.DensityScale:0.8]]
[2020.10.25-23.29.10:084][  0]LogConfig: Setting CVar [[grass.DensityScale:0.8]]
[2020.10.25-23.29.10:084][  0]LogConfig: Applying CVar settings from Section [ShadingQuality@2] File [D:/_DATA/Unreal Projects/VFXShowRoom/Saved/Config/Windows/Scalability.ini]
[2020.10.25-23.29.10:084][  0]LogConfig: Setting CVar [[r.HairStrands.SkyLighting.SampleCount:16]]
[2020.10.25-23.29.10:085][  0]LogConfig: Setting CVar [[r.HairStrands.SkyLighting.JitterIntegration:0]]
[2020.10.25-23.29.10:085][  0]LogConfig: Setting CVar [[r.HairStrands.SkyAO.SampleCount:16]]
[2020.10.25-23.29.10:085][  0]LogConfig: Applying CVar settings from Section [Startup] File [../../../Engine/Config/ConsoleVariables.ini]
[2020.10.25-23.29.10:085][  0]LogConfig: Setting CVar [[net.UseAdaptiveNetUpdateFrequency:0]]
[2020.10.25-23.29.10:085][  0]LogConfig: Setting CVar [[p.chaos.AllowCreatePhysxBodies:1]]
[2020.10.25-23.29.10:085][  0]LogConfig: Setting CVar [[fx.SkipVectorVMBackendOptimizations:1]]
[2020.10.25-23.29.10:085][  0]LogConfig: Applying CVar settings from Section [ConsoleVariables] File [D:/_DATA/Unreal Projects/VFXShowRoom/Saved/Config/Windows/Engine.ini]
[2020.10.25-23.29.10:085][  0]LogInit: Computer: PYRATHGAMINGPC
[2020.10.25-23.29.10:085][  0]LogInit: User: Gameolic3
[2020.10.25-23.29.10:085][  0]LogInit: CPU Page size=4096, Cores=4
[2020.10.25-23.29.10:085][  0]LogInit: High frequency timer resolution =10.000000 MHz
[2020.10.25-23.29.10:085][  0]LogMemory: Memory total: Physical=15.9GB (16GB approx)
[2020.10.25-23.29.10:085][  0]LogMemory: Platform Memory Stats for Windows
[2020.10.25-23.29.10:086][  0]LogMemory: Process Physical Memory: 106.22 MB used, 106.23 MB peak
[2020.10.25-23.29.10:086][  0]LogMemory: Process Virtual Memory: 101.07 MB used, 101.08 MB peak
[2020.10.25-23.29.10:086][  0]LogMemory: Physical Memory: 7368.10 MB used,  8882.42 MB free, 16250.52 MB total
[2020.10.25-23.29.10:086][  0]LogMemory: Virtual Memory: 5104.16 MB used,  134212624.00 MB free, 134217728.00 MB total
[2020.10.25-23.29.10:092][  0]LogWindows: WindowsPlatformFeatures enabled
[2020.10.25-23.29.10:155][  0]LogInit: Using OS detected language (en-US).
[2020.10.25-23.29.10:155][  0]LogInit: Using OS detected locale (en-US).
[2020.10.25-23.29.10:156][  0]LogTextLocalizationManager: No specific localization for 'en-US' exists, so the 'en' localization will be used.
[2020.10.25-23.29.10:357][  0]LogInit: Setting process to per monitor DPI aware
[2020.10.25-23.29.10:397][  0]LogSlate: New Slate User Created.  User Index 0, Is Virtual User: 0
[2020.10.25-23.29.10:398][  0]LogSlate: Slate User Registered.  User Index 0, Is Virtual User: 0
[2020.10.25-23.29.10:676][  0]LogHMD: Failed to initialize OpenVR with code 110
[2020.10.25-23.29.10:676][  0]LogD3D11RHI: D3D11 min allowed feature level: 11_0
[2020.10.25-23.29.10:676][  0]LogD3D11RHI: D3D11 max allowed feature level: 11_0
[2020.10.25-23.29.10:676][  0]LogD3D11RHI: D3D11 adapters:
[2020.10.25-23.29.10:772][  0]LogD3D11RHI:    0. 'NVIDIA GeForce GTX 960M' (Feature Level 11_0)
[2020.10.25-23.29.10:773][  0]LogD3D11RHI:       2010/0/8125 MB DedicatedVideo/DedicatedSystem/SharedSystem, Outputs:1, VendorId:0x10de
[2020.10.25-23.29.10:781][  0]LogD3D11RHI:    1. 'Intel(R) HD Graphics 530' (Feature Level 11_0)
[2020.10.25-23.29.10:781][  0]LogD3D11RHI:       128/0/8125 MB DedicatedVideo/DedicatedSystem/SharedSystem, Outputs:0, VendorId:0x8086
[2020.10.25-23.29.10:785][  0]LogD3D11RHI:    2. 'Microsoft Basic Render Driver' (Feature Level 11_0)
[2020.10.25-23.29.10:785][  0]LogD3D11RHI:       0/0/8125 MB DedicatedVideo/DedicatedSystem/SharedSystem, Outputs:0, VendorId:0x1414
[2020.10.25-23.29.10:785][  0]LogD3D11RHI: Chosen D3D11 Adapter: 0
[2020.10.25-23.29.10:793][  0]LogD3D11RHI: Creating new Direct3DDevice
[2020.10.25-23.29.10:793][  0]LogD3D11RHI:     GPU DeviceId: 0x139b (for the marketing name, search the web for "GPU Device Id")
[2020.10.25-23.29.10:794][  0]LogWindows: EnumDisplayDevices:
[2020.10.25-23.29.10:794][  0]LogWindows:    0. 'Intel(R) HD Graphics 530' (P:1 D:1)
[2020.10.25-23.29.10:794][  0]LogWindows:    1. 'Intel(R) HD Graphics 530' (P:0 D:0)
[2020.10.25-23.29.10:795][  0]LogWindows:    2. 'Intel(R) HD Graphics 530' (P:0 D:0)
[2020.10.25-23.29.10:795][  0]LogWindows: DebugString: PrimaryIsNotTheChoosenAdapter PrimaryIsNotTheChoosenAdapter PrimaryIsNotTheChoosenAdapter FoundDriverCount:0 
[2020.10.25-23.29.10:795][  0]LogD3D11RHI:     Adapter Name: NVIDIA GeForce GTX 960M
[2020.10.25-23.29.10:795][  0]LogD3D11RHI:   Driver Version: Unknown (internal:Unknown, unified:Unknown)
[2020.10.25-23.29.10:795][  0]LogD3D11RHI:      Driver Date: Unknown
[2020.10.25-23.29.10:795][  0]LogRHI: Texture pool is 1407 MB (70% of 2010 MB)
[2020.10.25-23.29.10:848][  0]LogD3D11RHI: RHI has support for 64 bit atomics
[2020.10.25-23.29.10:848][  0]LogD3D11RHI: Async texture creation enabled
[2020.10.25-23.29.10:865][  0]LogD3D11RHI: GPU Timing Frequency: 1000.000000 (Debug: 2 1)
[2020.10.25-23.29.11:343][  0]LogTargetPlatformManager: Display: Loaded TargetPlatform 'AllDesktop'
[2020.10.25-23.29.11:383][  0]LogTargetPlatformManager: Display: Loaded TargetPlatform 'Android'
[2020.10.25-23.29.11:383][  0]LogTargetPlatformManager: Display: Loaded TargetPlatform 'Android_ASTC'
[2020.10.25-23.29.11:383][  0]LogTargetPlatformManager: Display: Loaded TargetPlatform 'Android_ATC'
[2020.10.25-23.29.11:383][  0]LogTargetPlatformManager: Display: Loaded TargetPlatform 'Android_DXT'
[2020.10.25-23.29.11:383][  0]LogTargetPlatformManager: Display: Loaded TargetPlatform 'Android_ETC1'
[2020.10.25-23.29.11:383][  0]LogTargetPlatformManager: Display: Loaded TargetPlatform 'Android_ETC1a'
[2020.10.25-23.29.11:383][  0]LogTargetPlatformManager: Display: Loaded TargetPlatform 'Android_ETC2'
[2020.10.25-23.29.11:383][  0]LogTargetPlatformManager: Display: Loaded TargetPlatform 'Android_PVRTC'
[2020.10.25-23.29.11:383][  0]LogTargetPlatformManager: Display: Loaded TargetPlatform 'AndroidClient'
[2020.10.25-23.29.11:383][  0]LogTargetPlatformManager: Display: Loaded TargetPlatform 'Android_ASTCClient'
[2020.10.25-23.29.11:383][  0]LogTargetPlatformManager: Display: Loaded TargetPlatform 'Android_ATCClient'
[2020.10.25-23.29.11:383][  0]LogTargetPlatformManager: Display: Loaded TargetPlatform 'Android_DXTClient'
[2020.10.25-23.29.11:383][  0]LogTargetPlatformManager: Display: Loaded TargetPlatform 'Android_ETC1Client'
[2020.10.25-23.29.11:383][  0]LogTargetPlatformManager: Display: Loaded TargetPlatform 'Android_ETC1aClient'
[2020.10.25-23.29.11:383][  0]LogTargetPlatformManager: Display: Loaded TargetPlatform 'Android_ETC2Client'
[2020.10.25-23.29.11:383][  0]LogTargetPlatformManager: Display: Loaded TargetPlatform 'Android_PVRTCClient'
[2020.10.25-23.29.11:384][  0]LogTargetPlatformManager: Display: Loaded TargetPlatform 'Android_Multi'
[2020.10.25-23.29.11:384][  0]LogTargetPlatformManager: Display: Loaded TargetPlatform 'Android_MultiClient'
[2020.10.25-23.29.11:407][  0]LogTargetPlatformManager: Display: Loaded TargetPlatform 'IOSClient'
[2020.10.25-23.29.11:407][  0]LogTargetPlatformManager: Display: Loaded TargetPlatform 'IOS'
[2020.10.25-23.29.11:415][  0]LogTargetPlatformManager: Display: Loaded TargetPlatform 'LinuxNoEditor'
[2020.10.25-23.29.11:423][  0]LogTargetPlatformManager: Display: Loaded TargetPlatform 'LinuxClient'
[2020.10.25-23.29.11:433][  0]LogTargetPlatformManager: Display: Loaded TargetPlatform 'LinuxServer'
[2020.10.25-23.29.11:441][  0]LogTargetPlatformManager: Display: Loaded TargetPlatform 'LinuxAArch64NoEditor'
[2020.10.25-23.29.11:450][  0]LogTargetPlatformManager: Display: Loaded TargetPlatform 'LinuxAArch64Client'
[2020.10.25-23.29.11:458][  0]LogTargetPlatformManager: Display: Loaded TargetPlatform 'LinuxAArch64Server'
[2020.10.25-23.29.11:490][  0]LogTargetPlatformManager: Display: Loaded TargetPlatform 'Lumin'
[2020.10.25-23.29.11:490][  0]LogTargetPlatformManager: Display: Loaded TargetPlatform 'LuminClient'
[2020.10.25-23.29.11:504][  0]LogTargetPlatformManager: Display: Loaded TargetPlatform 'TVOSClient'
[2020.10.25-23.29.11:505][  0]LogTargetPlatformManager: Display: Loaded TargetPlatform 'TVOS'
[2020.10.25-23.29.11:513][  0]LogTargetPlatformManager: Display: Loaded TargetPlatform 'WindowsNoEditor'
[2020.10.25-23.29.11:522][  0]LogTargetPlatformManager: Display: Loaded TargetPlatform 'Windows'
[2020.10.25-23.29.11:531][  0]LogTargetPlatformManager: Display: Loaded TargetPlatform 'WindowsClient'
[2020.10.25-23.29.11:539][  0]LogTargetPlatformManager: Display: Loaded TargetPlatform 'WindowsServer'
[2020.10.25-23.29.11:539][  0]LogTargetPlatformManager: Display: Building Assets For Windows
[2020.10.25-23.29.11:543][  0]LogAudioDebug: Display: Lib vorbis DLL was dynamically loaded.
[2020.10.25-23.29.11:571][  0]LogShaderCompilers: Guid format shader working directory is 13 characters bigger than the processId version (D:/_DATA/Unreal Projects/VFXShowRoom/Intermediate/Shaders/WorkingDirectory/14556/).
[2020.10.25-23.29.11:572][  0]LogShaderCompilers: Cleaned the shader compiler working directory 'C:/Users/Gameolic3/AppData/Local/Temp/UnrealShaderWorkingDir/D5E187764526A50343FA85B03CEAB776/'.
[2020.10.25-23.29.11:572][  0]LogXGEController: Cannot use XGE Controller as Incredibuild is not installed on this machine.
[2020.10.25-23.29.11:572][  0]LogShaderCompilers: Cannot use XGE Shader Compiler as Incredibuild is not installed on this machine.
[2020.10.25-23.29.11:572][  0]LogShaderCompilers: Display: Using Local Shader Compiler.
[2020.10.25-23.29.12:758][  0]LogDerivedDataCache: Display: Max Cache Size: 512 MB
[2020.10.25-23.29.12:842][  0]LogDerivedDataCache: Loaded boot cache 0.09s 91MB C:/Users/Gameolic3/AppData/Local/UnrealEngine/4.24/DerivedDataCache/Boot.ddc.
[2020.10.25-23.29.12:843][  0]LogDerivedDataCache: Display: Loaded Boot cache: C:/Users/Gameolic3/AppData/Local/UnrealEngine/4.24/DerivedDataCache/Boot.ddc
[2020.10.25-23.29.12:843][  0]LogDerivedDataCache: FDerivedDataBackendGraph:  Pak pak cache file D:/_DATA/Unreal Projects/VFXShowRoom/DerivedDataCache/DDC.ddp not found, will not use a pak cache.
[2020.10.25-23.29.12:843][  0]LogDerivedDataCache: Unable to find inner node Pak for hierarchical cache Hierarchy.
[2020.10.25-23.29.12:843][  0]LogDerivedDataCache: FDerivedDataBackendGraph:  CompressedPak pak cache file D:/_DATA/Unreal Projects/VFXShowRoom/DerivedDataCache/Compressed.ddp not found, will not use a pak cache.
[2020.10.25-23.29.12:843][  0]LogDerivedDataCache: Unable to find inner node CompressedPak for hierarchical cache Hierarchy.
[2020.10.25-23.29.12:859][  0]LogDerivedDataCache: Display: Pak cache opened for reading ../../../Engine/DerivedDataCache/Compressed.ddp.
[2020.10.25-23.29.12:860][  0]LogDerivedDataCache: FDerivedDataBackendGraph:  EnterprisePak pak cache file ../../../Enterprise/DerivedDataCache/Compressed.ddp not found, will not use a pak cache.
[2020.10.25-23.29.12:860][  0]LogDerivedDataCache: Unable to find inner node EnterprisePak for hierarchical cache Hierarchy.
[2020.10.25-23.29.12:861][  0]LogDerivedDataCache: Using Local data cache path C:/Users/Gameolic3/AppData/Local/UnrealEngine/Common/DerivedDataCache: Writable
[2020.10.25-23.29.12:861][  0]LogDerivedDataCache: Shared data cache path not found in *engine.ini, will not use an Shared cache.
[2020.10.25-23.29.12:861][  0]LogDerivedDataCache: Unable to find inner node Shared for hierarchical cache Hierarchy.
[2020.10.25-23.29.12:902][  0]LogMaterial: Verifying Global Shaders for PCD3D_SM5
[2020.10.25-23.29.12:905][  0]LogSlate: Using FreeType 2.10.0
[2020.10.25-23.29.12:905][  0]LogSlate: SlateFontServices - WITH_FREETYPE: 1, WITH_HARFBUZZ: 1
[2020.10.25-23.29.12:987][  0]LogAssetRegistry: FAssetRegistry took 0.0035 seconds to start up
[2020.10.25-23.29.13:508][  0]LogInit: Selected Device Profile: [Windows]
[2020.10.25-23.29.13:736][  0]LogMeshReduction: Using QuadricMeshReduction for automatic static mesh reduction
[2020.10.25-23.29.13:736][  0]LogMeshReduction: Using SimplygonMeshReduction for automatic skeletal mesh reduction
[2020.10.25-23.29.13:736][  0]LogMeshReduction: Using ProxyLODMeshReduction for automatic mesh merging
[2020.10.25-23.29.13:736][  0]LogMeshReduction: No distributed automatic mesh merging module available
[2020.10.25-23.29.13:736][  0]LogMeshMerging: No distributed automatic mesh merging module available
[2020.10.25-23.29.13:753][  0]LogNetVersion: VFXSHOWROOM 1.0.0, NetCL: 10570792, EngineNetVer: 13, GameNetVer: 0 (Checksum: 3410049785)
[2020.10.25-23.29.15:272][  0]LogPackageLocalizationCache: Processed 12 localized package path(s) for 1 prioritized culture(s) in 0.056817 seconds
[2020.10.25-23.29.15:280][  0]LogUObjectArray: 46775 objects as part of root set at end of initial load.
[2020.10.25-23.29.15:281][  0]LogUObjectAllocator: 8142024 out of 0 bytes used by permanent object pool.
[2020.10.25-23.29.15:281][  0]LogUObjectArray: CloseDisregardForGC: 0/0 objects in disregard for GC pool
[2020.10.25-23.29.16:785][  0]LogTcpMessaging: Initializing TcpMessaging bridge
[2020.10.25-23.29.16:791][  0]LogUdpMessaging: Initializing bridge on interface 0.0.0.0:0 to multicast group 230.0.0.1:6666.
[2020.10.25-23.29.16:975][  0]SourceControl: Source control is disabled
[2020.10.25-23.29.19:649][  0]LogAndroidPermission: UAndroidPermissionCallbackProxy::GetInstance
[2020.10.25-23.29.19:665][  0]LogAudioCaptureCore: Display: No Audio Capture implementations found. Audio input will be silent.
[2020.10.25-23.29.19:665][  0]LogAudioCaptureCore: Display: No Audio Capture implementations found. Audio input will be silent.
[2020.10.25-23.29.19:806][  0]LogOcInput: OculusInput pre-init called
[2020.10.25-23.29.19:817][  0]LogWindows: Failed to load 'OVRPlugin.dll' (GetLastError=126)
[2020.10.25-23.29.19:817][  0]LogWindows: File 'OVRPlugin.dll' does not exist
[2020.10.25-23.29.19:919][  0]LogEngine: Initializing Engine...
[2020.10.25-23.29.19:920][  0]LogHMD: Failed to initialize OpenVR with code 110
[2020.10.25-23.29.19:921][  0]LogStats: UGameplayTagsManager::InitializeManager -  0.000 s
[2020.10.25-23.29.20:456][  0]LogInit: Initializing FReadOnlyCVARCache
[2020.10.25-23.29.20:468][  0]LogAIModule: Creating AISystem for world Untitled
[2020.10.25-23.29.20:499][  0]LogAudioMixer: Display: Audio Mixer Platform Settings:
[2020.10.25-23.29.20:499][  0]LogAudioMixer: Display: 	Sample Rate:						  48000
[2020.10.25-23.29.20:499][  0]LogAudioMixer: Display: 	Callback Buffer Frame Size Requested: 1024
[2020.10.25-23.29.20:499][  0]LogAudioMixer: Display: 	Callback Buffer Frame Size To Use:	  1024
[2020.10.25-23.29.20:499][  0]LogAudioMixer: Display: 	Number of buffers to queue:			  2
[2020.10.25-23.29.20:499][  0]LogAudioMixer: Display: 	Max Channels (voices):				  32
[2020.10.25-23.29.20:499][  0]LogAudioMixer: Display: 	Number of Async Source Workers:		  0
[2020.10.25-23.29.20:499][  0]LogAudio: Display: AudioDevice MaxSources: 32
[2020.10.25-23.29.20:501][  0]LogAudio: Display: Using built-in audio occlusion.
[2020.10.25-23.29.20:501][  0]LogAudioMixer: Display: Initializing audio mixer.
[2020.10.25-23.29.20:533][  0]LogAudioMixer: Display: Audio Device Output Speaker Info:
[2020.10.25-23.29.20:533][  0]LogAudioMixer: Display: Name: Speakers (Conexant SmartAudio HD)
[2020.10.25-23.29.20:533][  0]LogAudioMixer: Display: Is Default: Yes
[2020.10.25-23.29.20:534][  0]LogAudioMixer: Display: Sample Rate: 48000
[2020.10.25-23.29.20:534][  0]LogAudioMixer: Display: Channel Count Used: 2
[2020.10.25-23.29.20:534][  0]LogAudioMixer: Display: Device Channel Count: 2
[2020.10.25-23.29.20:534][  0]LogAudioMixer: Display: Channel Order:
[2020.10.25-23.29.20:534][  0]LogAudioMixer: Display: 0: FrontLeft
[2020.10.25-23.29.20:534][  0]LogAudioMixer: Display: 1: FrontRight
[2020.10.25-23.29.20:692][  0]LogAudioMixer: Display: Using Audio Device Speakers (Conexant SmartAudio HD)
[2020.10.25-23.29.20:701][  0]LogInit: FAudioDevice initialized.
[2020.10.25-23.29.20:702][  0]LogNetVersion: Set ProjectVersion to 1.0.0.0. Version Checksum will be recalculated on next use.
[2020.10.25-23.29.20:856][  0]LogDerivedDataCache: Saved boot cache 0.15s 91MB C:/Users/Gameolic3/AppData/Local/UnrealEngine/4.24/DerivedDataCache/Boot.ddc.
[2020.10.25-23.29.20:857][  0]LogInit: Texture streaming: Enabled
[2020.10.25-23.29.20:875][  0]LogEngineSessionManager: EngineSessionManager initialized
[2020.10.25-23.29.20:876][  0]LogEditorSessionSummary: Verbose: Initializing EditorSessionSummaryWriter for editor session tracking
[2020.10.25-23.29.20:891][  0]LogEditorSessionSummary: EditorSessionSummaryWriter initialized
[2020.10.25-23.29.20:944][  0]LogInit: Transaction tracking system initialized
[2020.10.25-23.29.20:959][  0]BlueprintLog: New page: Editor Load
[2020.10.25-23.29.21:010][  0]LocalizationService: Localization service is disabled
[2020.10.25-23.29.21:940][  0]LogCook: Display: Max memory allowance for cook 16384mb min free memory 0mb
[2020.10.25-23.29.21:941][  0]LogCook: Display: Mobile HDR setting 1
[2020.10.25-23.29.23:028][  0]LogFileCache: Scanning file cache for directory 'D:/_DATA/Unreal Projects/VFXShowRoom/Content/' took 0.60s
[2020.10.25-23.29.23:077][  0]Cmd: MAP LOAD FILE="D:/_DATA/Unreal Projects/VFXShowRoom/Content/ShowRoom/Level/ShowRoom.umap" TEMPLATE=0 SHOWPROGRESS=1 FEATURELEVEL=3
[2020.10.25-23.29.23:129][  0]LightingResults: New page: Lighting Build
[2020.10.25-23.29.23:131][  0]LogWorld: UWorld::CleanupWorld for Untitled, bSessionEnded=true, bCleanupResources=true
[2020.10.25-23.29.23:131][  0]LogSlate: InvalidateAllWidgets triggered.  All widgets were invalidated
[2020.10.25-23.29.23:132][  0]MapCheck: New page: Map Check
[2020.10.25-23.29.23:132][  0]LightingResults: New page: Lighting Build
[2020.10.25-23.29.23:170][  0]LogUObjectHash: Compacting FUObjectHashTables data took   2.25ms
[2020.10.25-23.29.26:785][  0]LogAIModule: Creating AISystem for world ShowRoom
[2020.10.25-23.29.26:901][  0]LogEditorServer: Finished looking for orphan Actors (0.000 secs)
[2020.10.25-23.29.26:948][  0]LogUObjectHash: Compacting FUObjectHashTables data took   4.68ms
[2020.10.25-23.29.26:950][  0]Cmd: MAP CHECKDEP NOCLEARLOG
[2020.10.25-23.29.26:951][  0]MapCheck: Map check complete: 0 Error(s), 0 Warning(s), took 0.125ms to complete.
[2020.10.25-23.29.26:951][  0]LogFileHelpers: Loading map 'ShowRoom' took 3.875
[2020.10.25-23.29.27:537][  0]LogSlate: Updating window title bar state: overlay mode, drag disabled, window buttons hidden, title bar hidden
[2020.10.25-23.29.27:552][  0]LogSlate: Updating window title bar state: overlay mode, drag disabled, window buttons hidden, title bar hidden
[2020.10.25-23.29.27:562][  0]LogSlate: Updating window title bar state: overlay mode, drag disabled, window buttons hidden, title bar hidden
[2020.10.25-23.29.27:575][  0]LogSlate: Updating window title bar state: overlay mode, drag disabled, window buttons hidden, title bar hidden
[2020.10.25-23.29.27:669][  0]LogCollectionManager: Loaded 0 collections in 0.002861 seconds
[2020.10.25-23.29.27:837][  0]LogFileCache: Scanning file cache for directory 'D:/_DATA/Unreal Projects/VFXShowRoom/Saved/Collections/' took 0.00s
[2020.10.25-23.29.27:837][  0]LogFileCache: Scanning file cache for directory 'D:/_DATA/Unreal Projects/VFXShowRoom/Content/Developers/Gameolic3/Collections/' took 0.00s
[2020.10.25-23.29.27:837][  0]LogFileCache: Scanning file cache for directory 'D:/_DATA/Unreal Projects/VFXShowRoom/Content/Collections/' took 0.00s
[2020.10.25-23.29.27:837][  0]LogContentBrowser: Native class hierarchy populated in 0.0128 seconds. Added 3166 classes and 738 folders.
[2020.10.25-23.29.27:896][  0]LogContentBrowser: Native class hierarchy updated for 'WidgetCarousel' in 0.0005 seconds. Added 0 classes and 0 folders.
[2020.10.25-23.29.30:660][  0]LogContentBrowser: Native class hierarchy updated for 'AddContentDialog' in 0.0004 seconds. Added 0 classes and 0 folders.
[2020.10.25-23.29.30:854][  0]LogContentBrowser: Native class hierarchy updated for 'SceneOutliner' in 0.0003 seconds. Added 2 classes and 3 folders.
[2020.10.25-23.29.31:559][  0]LogContentBrowser: Native class hierarchy updated for 'WorldBrowser' in 0.0003 seconds. Added 2 classes and 3 folders.
[2020.10.25-23.29.31:628][  0]LogSlate: Took 0.000360 seconds to synchronously load lazily loaded font '../../../Engine/Content/Slate/Fonts/Roboto-Regular.ttf' (155K)
[2020.10.25-23.29.31:632][  0]LogSlate: Took 0.000487 seconds to synchronously load lazily loaded font '../../../Engine/Content/Slate/Fonts/Roboto-Bold.ttf' (160K)
[2020.10.25-23.29.31:651][  0]LogSlate: Took 0.013131 seconds to synchronously load lazily loaded font '../../../Engine/Content/Editor/Slate/Fonts/FontAwesome.ttf' (139K)
[2020.10.25-23.29.32:003][  0]LogRenderer: Reallocating scene render targets to support 1212x512 Format 9 NumSamples 1 (Frame:1).
[2020.10.25-23.29.32:256][  0]LogContentBrowser: Native class hierarchy updated for 'HierarchicalLODOutliner' in 0.0004 seconds. Added 0 classes and 0 folders.
[2020.10.25-23.29.32:257][  0]LogLoad: (Engine Initialization) Total time: 25.19 seconds
[2020.10.25-23.29.32:257][  0]LogLoad: (Engine Initialization) Total Blueprint compile time: 0.00 seconds
[2020.10.25-23.29.32:564][  0]LogContentStreaming: Texture pool size now 800 MB
[2020.10.25-23.29.32:686][  0]LogSlate: Took 0.015162 seconds to synchronously load lazily loaded font '../../../Engine/Content/Slate/Fonts/Roboto-Light.ttf' (167K)
[2020.10.25-23.29.32:795][  1]LogFileCache: Retrieving MD5 hashes for directory 'D:/_DATA/Unreal Projects/VFXShowRoom/Content/' took 0.52s
[2020.10.25-23.29.33:358][  4]LogAssetRegistry: Asset discovery search completed in 20.3725 seconds
[2020.10.25-23.29.33:365][  4]LogCollectionManager: Fixed up redirectors for 0 collections in 0.000018 seconds (updated 0 objects)
[2020.10.25-23.30.26:896][466]LogSlate: Took 0.000291 seconds to synchronously load lazily loaded font '../../../Engine/Content/Slate/Fonts/Roboto-Light.ttf' (167K)
[2020.10.25-23.30.32:631][466]LogNiagaraEditor: Verbose: '/Game/ShowRoom/SpectramancerUltimate/FX_StraightSlash' Precompile took 0.220939 sec.
[2020.10.25-23.30.33:297][466]LogNiagaraEditor: Verbose: '/Game/ShowRoom/SpectramancerUltimate/FX_CloneDash' Precompile took 0.306874 sec.
[2020.10.25-23.30.33:700][466]LogNiagaraEditor: Verbose: '/Game/ShowRoom/SpectramancerUltimate/FX_CurvedSlash' Precompile took 0.216816 sec.
[2020.10.25-23.30.34:419][466]LogNiagaraEditor: Verbose: '/Game/ShowRoom/SpectramancerUltimate/FX_HitImpact' Precompile took 0.305116 sec.
[2020.10.25-23.30.35:429][466]LogNiagaraEditor: Verbose: '/Game/ShowRoom/SpectramancerUltimate/FX_Spectramancer_Explosion' Precompile took 0.600825 sec.
[2020.10.25-23.30.36:213][466]LogAIModule: Creating AISystem for world Map_SpectramancerUltimate
[2020.10.25-23.30.36:248][466]LogAssetEditorSubsystem: Opening Asset editor for World /Game/ShowRoom/SpectramancerUltimate/Map/Map_SpectramancerUltimate.Map_SpectramancerUltimate
[2020.10.25-23.30.36:502][466]LogUObjectHash: Compacting FUObjectHashTables data took   7.02ms
[2020.10.25-23.30.36:504][466]Cmd: MAP LOAD FILE="D:/_DATA/Unreal Projects/VFXShowRoom/Content/ShowRoom/SpectramancerUltimate/Map/Map_SpectramancerUltimate.umap" TEMPLATE=0 SHOWPROGRESS=1 FEATURELEVEL=3
[2020.10.25-23.30.36:508][466]LightingResults: New page: Lighting Build
[2020.10.25-23.30.36:509][466]LoadErrors: New page: Loading map: Map_SpectramancerUltimate.umap
[2020.10.25-23.30.36:523][466]LogWorld: UWorld::CleanupWorld for ShowRoom, bSessionEnded=true, bCleanupResources=true
[2020.10.25-23.30.36:523][466]LogSlate: InvalidateAllWidgets triggered.  All widgets were invalidated
[2020.10.25-23.30.36:532][466]MapCheck: New page: Map Check
[2020.10.25-23.30.36:532][466]LightingResults: New page: Lighting Build
[2020.10.25-23.30.36:587][466]LogUObjectHash: Compacting FUObjectHashTables data took   3.83ms
[2020.10.25-23.30.36:900][466]LogEditorServer: Finished looking for orphan Actors (0.000 secs)
[2020.10.25-23.30.36:944][466]LogUObjectHash: Compacting FUObjectHashTables data took   4.47ms
[2020.10.25-23.30.37:006][466]Cmd: MAP CHECKDEP NOCLEARLOG
[2020.10.25-23.30.37:006][466]MapCheck: Map check complete: 0 Error(s), 0 Warning(s), took 0.083ms to complete.
[2020.10.25-23.30.37:006][466]LogFileHelpers: Loading map 'Map_SpectramancerUltimate' took 0.503
[2020.10.25-23.30.40:060][668]SourceControl: fatal: C:/Program Files/Epic Games/UE_4.24/Engine/Content: 'C:/Program Files/Epic Games/UE_4.24/Engine/Content' is outside repository at 'D:/_DATA/Unreal Projects/VFXShowRoom'
[2020.10.25-23.30.45:757][668]LogSlate: Window 'Submit Files' being destroyed
[2020.10.25-23.30.50:737][668]LogSourceControl: commit successful: [master a09b848] mouhaha
[2020.10.25-23.30.51:055][668]SourceControl: [master a09b848] mouhaha
[2020.10.25-23.30.51:055][668]SourceControl:  11 files changed, 0 insertions(+), 0 deletions(-)
[2020.10.25-23.30.51:055][668]SourceControl:  delete mode 100644 Content/ShowRoom/SpectramancerUltimate/Animation/Spectramancer_Anim.uasset
[2020.10.25-23.30.51:055][668]SourceControl:  rewrite Content/ShowRoom/SpectramancerUltimate/MAT_CurvedSlash.uasset (93%)
[2020.10.25-23.30.51:055][668]SourceControl:  rewrite Content/ShowRoom/SpectramancerUltimate/MDL_SpectramancerAnimation_Anim.uasset (81%)
[2020.10.25-23.30.51:071][668]SourceControl: Commited [master a09b848] mouhaha.
[2020.10.25-23.30.54:121][958]LogUObjectHash: Compacting FUObjectHashTables data took   2.66ms
[2020.10.25-23.30.54:223][958]LogSlate: Window 'VFXSHOWROOM - Unreal Editor' being destroyed
[2020.10.25-23.30.54:224][958]LogWindowsTextInputMethodSystem: Display: IME system now deactivated.
[2020.10.25-23.30.54:521][959]Cmd: QUIT_EDITOR
[2020.10.25-23.30.54:521][959]LogCore: Engine exit requested (reason: UUnrealEdEngine::CloseEditor())
[2020.10.25-23.30.54:539][959]LogCore: Engine exit requested (reason: EngineExit() was called; note: exit was already requested)
[2020.10.25-23.30.54:539][959]LogAudioMixer: Display: No commands were queued while flushing the source manager.
[2020.10.25-23.30.54:573][959]LogExit: Preparing to exit.
[2020.10.25-23.30.55:030][959]LogDemo: Cleaned up 0 splitscreen connections with owner deletion
[2020.10.25-23.30.55:054][959]LogWorld: UWorld::CleanupWorld for None, bSessionEnded=true, bCleanupResources=true
[2020.10.25-23.30.55:055][959]LogExit: Editor shut down
[2020.10.25-23.30.55:055][959]LogExit: Transaction tracking system shut down
[2020.10.25-23.30.55:461][959]LogExit: Object subsystem successfully closed.
[2020.10.25-23.30.55:480][959]LogShaderCompilers: Display: Shaders left to compile 0
[2020.10.25-23.30.55:517][959]LogModuleManager: Shutting down and abandoning module HierarchicalLODOutliner (714)
[2020.10.25-23.30.55:517][959]LogModuleManager: Shutting down and abandoning module SceneOutliner (710)
[2020.10.25-23.30.55:517][959]LogModuleManager: Shutting down and abandoning module AddContentDialog (708)
[2020.10.25-23.30.55:532][959]LogModuleManager: Shutting down and abandoning module WidgetCarousel (707)
[2020.10.25-23.30.55:532][959]LogModuleManager: Shutting down and abandoning module EditorWidgets (704)
[2020.10.25-23.30.55:532][959]LogModuleManager: Shutting down and abandoning module CollectionManager (702)
[2020.10.25-23.30.55:532][959]LogModuleManager: Shutting down and abandoning module StatsViewer (700)
[2020.10.25-23.30.55:532][959]LogModuleManager: Shutting down and abandoning module VirtualTexturingEditor (698)
[2020.10.25-23.30.55:532][959]LogModuleManager: Shutting down and abandoning module FoliageEdit (696)
[2020.10.25-23.30.55:532][959]LogModuleManager: Shutting down and abandoning module LandscapeEditor (694)
[2020.10.25-23.30.55:533][959]LogModuleManager: Shutting down and abandoning module MeshPaintMode (692)
[2020.10.25-23.30.55:533][959]LogModuleManager: Shutting down and abandoning module SceneDepthPickerMode (690)
[2020.10.25-23.30.55:533][959]LogModuleManager: Shutting down and abandoning module ActorPickerMode (688)
[2020.10.25-23.30.55:533][959]LogModuleManager: Shutting down and abandoning module GeometryMode (686)
[2020.10.25-23.30.55:533][959]LogModuleManager: Shutting down and abandoning module TextureAlignMode (684)
[2020.10.25-23.30.55:533][959]LogModuleManager: Shutting down and abandoning module BspMode (682)
[2020.10.25-23.30.55:533][959]LogModuleManager: Shutting down and abandoning module PIEPreviewDeviceProfileSelector (680)
[2020.10.25-23.30.55:533][959]LogModuleManager: Shutting down and abandoning module SequenceRecorderSections (678)
[2020.10.25-23.30.55:533][959]LogModuleManager: Shutting down and abandoning module AutomationWorker (676)
[2020.10.25-23.30.55:533][959]LogModuleManager: Shutting down and abandoning module SteamVREditor (674)
[2020.10.25-23.30.55:533][959]LogModuleManager: Shutting down and abandoning module OculusMR (672)
[2020.10.25-23.30.55:533][959]LogModuleManager: Shutting down and abandoning module AudioCaptureEditor (670)
[2020.10.25-23.30.55:533][959]LogModuleManager: Shutting down and abandoning module MatineeToLevelSequence (668)
[2020.10.25-23.30.55:533][959]LogModuleManager: Shutting down and abandoning module LevelSequenceEditor (666)
[2020.10.25-23.30.55:533][959]LogModuleManager: Shutting down and abandoning module PlacementMode (665)
[2020.10.25-23.30.55:533][959]LogModuleManager: Shutting down and abandoning module MaterialEditor (664)
[2020.10.25-23.30.55:533][959]LogModuleManager: Shutting down and abandoning module ActorSequenceEditor (660)
[2020.10.25-23.30.55:533][959]LogModuleManager: Shutting down and abandoning module WmfMediaFactory (658)
[2020.10.25-23.30.55:533][959]LogModuleManager: Shutting down and abandoning module WmfMediaEditor (656)
[2020.10.25-23.30.55:533][959]LogModuleManager: Shutting down and abandoning module WebMMediaFactory (654)
[2020.10.25-23.30.55:533][959]LogModuleManager: Shutting down and abandoning module WebMMediaEditor (652)
[2020.10.25-23.30.55:533][959]LogModuleManager: Shutting down and abandoning module WebMMedia (650)
[2020.10.25-23.30.55:534][959]LogModuleManager: Shutting down and abandoning module MediaPlayerEditor (648)
[2020.10.25-23.30.55:534][959]LogModuleManager: Shutting down and abandoning module MediaCompositingEditor (646)
[2020.10.25-23.30.55:534][959]LogModuleManager: Shutting down and abandoning module SequenceRecorder (645)
[2020.10.25-23.30.55:534][959]LogModuleManager: Shutting down and abandoning module OpenExrWrapper (642)
[2020.10.25-23.30.55:534][959]LogModuleManager: Shutting down and abandoning module ImgMediaFactory (640)
[2020.10.25-23.30.55:534][959]LogModuleManager: Shutting down and abandoning module ImgMediaEditor (638)
[2020.10.25-23.30.55:534][959]LogModuleManager: Shutting down and abandoning module AvfMediaFactory (636)
[2020.10.25-23.30.55:534][959]LogModuleManager: Shutting down and abandoning module AvfMediaEditor (634)
[2020.10.25-23.30.55:534][959]LogModuleManager: Shutting down and abandoning module AndroidMediaFactory (632)
[2020.10.25-23.30.55:534][959]LogModuleManager: Shutting down and abandoning module AndroidMediaEditor (630)
[2020.10.25-23.30.55:534][959]LogModuleManager: Shutting down and abandoning module MagicLeapMediaCodecFactory (628)
[2020.10.25-23.30.55:534][959]LogModuleManager: Shutting down and abandoning module MagicLeapMediaFactory (626)
[2020.10.25-23.30.55:534][959]LogModuleManager: Shutting down and abandoning module MagicLeapMediaEditor (624)
[2020.10.25-23.30.55:534][959]LogModuleManager: Shutting down and abandoning module CharacterAI (622)
[2020.10.25-23.30.55:535][959]LogModuleManager: Shutting down and abandoning module SmartSnapping (620)
[2020.10.25-23.30.55:535][959]LogModuleManager: Shutting down and abandoning module SessionServices (618)
[2020.10.25-23.30.55:535][959]LogModuleManager: Shutting down and abandoning module MeshPaint (616)
[2020.10.25-23.30.55:535][959]LogModuleManager: Shutting down and abandoning module ViewportSnapping (614)
[2020.10.25-23.30.55:535][959]LogModuleManager: Shutting down and abandoning module ViewportInteraction (612)
[2020.10.25-23.30.55:535][959]LogModuleManager: Shutting down and abandoning module ClothPainter (610)
[2020.10.25-23.30.55:535][959]LogModuleManager: Shutting down and abandoning module SkeletalMeshEditor (609)
[2020.10.25-23.30.55:535][959]LogModuleManager: Shutting down and abandoning module LogVisualizer (606)
[2020.10.25-23.30.55:535][959]LogModuleManager: Shutting down and abandoning module IntroTutorials (604)
[2020.10.25-23.30.55:535][959]LogModuleManager: Shutting down and abandoning module GameProjectGeneration (603)
[2020.10.25-23.30.55:535][959]LogModuleManager: Shutting down and abandoning module LuminPlatformEditor (600)
[2020.10.25-23.30.55:535][959]LogModuleManager: Shutting down and abandoning module IOSPlatformEditor (598)
[2020.10.25-23.30.55:536][959]LogModuleManager: Shutting down and abandoning module AndroidPlatformEditor (596)
[2020.10.25-23.30.55:536][959]LogModuleManager: Shutting down and abandoning module AndroidDeviceDetection (595)
[2020.10.25-23.30.56:109][959]LogModuleManager: Shutting down and abandoning module WindowsPlatformEditor (592)
[2020.10.25-23.30.56:109][959]LogModuleManager: Shutting down and abandoning module LuminRuntimeSettings (590)
[2020.10.25-23.30.56:109][959]LogModuleManager: Shutting down and abandoning module IOSRuntimeSettings (588)
[2020.10.25-23.30.56:109][959]LogModuleManager: Shutting down and abandoning module AndroidRuntimeSettings (586)
[2020.10.25-23.30.56:109][959]LogModuleManager: Shutting down and abandoning module EditorInteractiveToolsFramework (584)
[2020.10.25-23.30.56:109][959]LogModuleManager: Shutting down and abandoning module TimeManagementEditor (582)
[2020.10.25-23.30.56:109][959]LogModuleManager: Shutting down and abandoning module InputBindingEditor (580)
[2020.10.25-23.30.56:109][959]LogModuleManager: Shutting down and abandoning module MergeActors (578)
[2020.10.25-23.30.56:109][959]LogModuleManager: Shutting down and abandoning module LocalizationDashboard (576)
[2020.10.25-23.30.56:109][959]LogModuleManager: Shutting down and abandoning module LocalizationService (575)
[2020.10.25-23.30.56:110][959]LogModuleManager: Shutting down and abandoning module HardwareTargeting (572)
[2020.10.25-23.30.56:110][959]LogModuleManager: Shutting down and abandoning module DeviceProfileEditor (570)
[2020.10.25-23.30.56:110][959]LogModuleManager: Shutting down and abandoning module UndoHistory (568)
[2020.10.25-23.30.56:110][959]LogModuleManager: Shutting down and abandoning module XmlParser (566)
[2020.10.25-23.30.56:110][959]LogModuleManager: Shutting down and abandoning module Blutility (564)
[2020.10.25-23.30.56:110][959]LogModuleManager: Shutting down and abandoning module ProjectSettingsViewer (562)
[2020.10.25-23.30.56:110][959]LogModuleManager: Shutting down and abandoning module ProjectTargetPlatformEditor (561)
[2020.10.25-23.30.56:110][959]LogModuleManager: Shutting down and abandoning module EditorSettingsViewer (558)
[2020.10.25-23.30.56:110][959]LogModuleManager: Shutting down and abandoning module SettingsEditor (556)
[2020.10.25-23.30.56:110][959]LogModuleManager: Shutting down and abandoning module ProjectLauncher (554)
[2020.10.25-23.30.56:110][959]LogModuleManager: Shutting down and abandoning module SessionFrontend (552)
[2020.10.25-23.30.56:110][959]LogModuleManager: Shutting down and abandoning module ProfilerClient (550)
[2020.10.25-23.30.56:110][959]LogModuleManager: Shutting down and abandoning module DeviceManager (548)
[2020.10.25-23.30.56:110][959]LogModuleManager: Shutting down and abandoning module TargetDeviceServices (547)
[2020.10.25-23.30.56:143][959]LogModuleManager: Shutting down and abandoning module AutomationController (544)
[2020.10.25-23.30.56:143][959]LogModuleManager: Shutting down and abandoning module AutomationWindow (542)
[2020.10.25-23.30.56:143][959]LogModuleManager: Shutting down and abandoning module Layers (540)
[2020.10.25-23.30.56:143][959]LogModuleManager: Shutting down and abandoning module ComponentVisualizers (538)
[2020.10.25-23.30.56:143][959]LogModuleManager: Shutting down and abandoning module DetailCustomizations (536)
[2020.10.25-23.30.56:143][959]LogModuleManager: Shutting down and abandoning module PackagesDialog (534)
[2020.10.25-23.30.56:143][959]LogModuleManager: Shutting down and abandoning module AnimationBlueprintEditor (532)
[2020.10.25-23.30.56:143][959]LogModuleManager: Shutting down and abandoning module Persona (530)
[2020.10.25-23.30.56:143][959]LogModuleManager: Shutting down and abandoning module AdvancedPreviewScene (529)
[2020.10.25-23.30.56:143][959]LogModuleManager: Shutting down and abandoning module AnimGraph (527)
[2020.10.25-23.30.56:143][959]LogModuleManager: Shutting down and abandoning module Kismet (524)
[2020.10.25-23.30.56:152][959]LogModuleManager: Shutting down and abandoning module KismetWidgets (523)
[2020.10.25-23.30.56:152][959]LogModuleManager: Shutting down and abandoning module GraphEditor (520)
[2020.10.25-23.30.56:153][959]LogModuleManager: Shutting down and abandoning module StructViewer (518)
[2020.10.25-23.30.56:153][959]LogModuleManager: Shutting down and abandoning module ClassViewer (516)
[2020.10.25-23.30.56:153][959]LogModuleManager: Shutting down and abandoning module Toolbox (514)
[2020.10.25-23.30.56:153][959]LogModuleManager: Shutting down and abandoning module ModuleUI (512)
[2020.10.25-23.30.56:153][959]LogModuleManager: Shutting down and abandoning module OutputLog (510)
[2020.10.25-23.30.56:153][959]LogModuleManager: Shutting down and abandoning module GammaUI (508)
[2020.10.25-23.30.56:153][959]LogModuleManager: Shutting down and abandoning module Documentation (506)
[2020.10.25-23.30.56:153][959]LogModuleManager: Shutting down and abandoning module ToolMenus (504)
[2020.10.25-23.30.56:153][959]LogModuleManager: Shutting down and abandoning module LiveCoding (502)
[2020.10.25-23.30.56:153][959]LogModuleManager: Shutting down and abandoning module LevelSequence (500)
[2020.10.25-23.30.56:153][959]LogModuleManager: Shutting down and abandoning module MovieSceneTracks (498)
[2020.10.25-23.30.56:153][959]LogModuleManager: Shutting down and abandoning module MovieScene (496)
[2020.10.25-23.30.56:153][959]LogModuleManager: Shutting down and abandoning module StreamingPauseRendering (494)
[2020.10.25-23.30.56:153][959]LogModuleManager: Shutting down and abandoning module LauncherPlatform (492)
[2020.10.25-23.30.56:153][959]LogModuleManager: Shutting down and abandoning module AnalyticsET (490)
[2020.10.25-23.30.56:154][959]LogModuleManager: Shutting down and abandoning module PortalServices (488)
[2020.10.25-23.30.56:154][959]LogModuleManager: Shutting down and abandoning module PortalRpc (486)
[2020.10.25-23.30.56:154][959]LogModuleManager: Shutting down and abandoning module MessagingRpc (484)
[2020.10.25-23.30.56:154][959]LogModuleManager: Shutting down and abandoning module AudioMixerXAudio2 (482)
[2020.10.25-23.30.56:154][959]LogModuleManager: Shutting down and abandoning module AIModule (480)
[2020.10.25-23.30.56:154][959]LogModuleManager: Shutting down and abandoning module GameplayDebugger (479)
[2020.10.25-23.30.56:154][959]LogModuleManager: Shutting down and abandoning module AITestSuite (477)
[2020.10.25-23.30.56:154][959]LogModuleManager: Shutting down and abandoning module NavigationSystem (475)
[2020.10.25-23.30.56:154][959]LogModuleManager: Shutting down and abandoning module ImageWriteQueue (472)
[2020.10.25-23.30.56:160][959]LogModuleManager: Shutting down and abandoning module ProfilerService (470)
[2020.10.25-23.30.56:283][959]LogModuleManager: Shutting down and abandoning module TaskGraph (468)
[2020.10.25-23.30.56:283][959]LogModuleManager: Shutting down and abandoning module ScreenshotTools (466)
[2020.10.25-23.30.56:283][959]LogModuleManager: Shutting down and abandoning module ProceduralMeshComponentEditor (464)
[2020.10.25-23.30.56:283][959]LogModuleManager: Shutting down and abandoning module ProceduralMeshComponent (462)
[2020.10.25-23.30.56:283][959]LogModuleManager: Shutting down and abandoning module OculusEditor (460)
[2020.10.25-23.30.56:283][959]LogModuleManager: Shutting down and abandoning module OculusInput (458)
[2020.10.25-23.30.56:283][959]LogModuleManager: Shutting down and abandoning module MobilePatchingUtils (456)
[2020.10.25-23.30.56:283][959]LogModuleManager: Shutting down and abandoning module EditableMesh (454)
[2020.10.25-23.30.56:283][959]LogModuleManager: Shutting down and abandoning module CustomMeshComponent (452)
[2020.10.25-23.30.56:283][959]LogModuleManager: Shutting down and abandoning module CableComponent (450)
[2020.10.25-23.30.56:283][959]LogModuleManager: Shutting down and abandoning module AudioCapture (448)
[2020.10.25-23.30.56:283][959]LogModuleManager: Shutting down and abandoning module AudioCaptureRtAudio (447)
[2020.10.25-23.30.56:283][959]LogModuleManager: Shutting down and abandoning module AssetTags (444)
[2020.10.25-23.30.56:283][959]LogModuleManager: Shutting down and abandoning module ArchVisCharacter (442)
[2020.10.25-23.30.56:283][959]LogModuleManager: Shutting down and abandoning module AppleImageUtilsBlueprintSupport (440)
[2020.10.25-23.30.56:283][959]LogModuleManager: Shutting down and abandoning module AppleImageUtils (438)
[2020.10.25-23.30.56:283][959]LogModuleManager: Shutting down and abandoning module AndroidPermission (436)
[2020.10.25-23.30.56:284][959]LogModuleManager: Shutting down and abandoning module NUTUnrealEngine4 (434)
[2020.10.25-23.30.56:284][959]LogModuleManager: Shutting down and abandoning module NetcodeUnitTest (432)
[2020.10.25-23.30.56:284][959]LogModuleManager: Shutting down and abandoning module MediaCompositing (430)
[2020.10.25-23.30.56:284][959]LogModuleManager: Shutting down and abandoning module ImgMedia (428)
[2020.10.25-23.30.56:284][959]LogModuleManager: Shutting down and abandoning module MagicLeapHelperVulkan (426)
[2020.10.25-23.30.56:284][959]LogModuleManager: Shutting down and abandoning module MagicLeapHelperOpenGL (424)
[2020.10.25-23.30.56:284][959]LogModuleManager: Shutting down and abandoning module MagicLeapAudio (422)
[2020.10.25-23.30.56:284][959]LogModuleManager: Shutting down and abandoning module NiagaraEditorWidgets (420)
[2020.10.25-23.30.56:313][959]LogModuleManager: Shutting down and abandoning module GeometryCacheTracks (418)
[2020.10.25-23.30.56:313][959]LogModuleManager: Shutting down and abandoning module GeometryCacheSequencer (416)
[2020.10.25-23.30.56:313][959]LogModuleManager: Shutting down and abandoning module BackChannel (414)
[2020.10.25-23.30.56:313][959]LogModuleManager: Shutting down and abandoning module AutomationUtilsEditor (412)
[2020.10.25-23.30.56:313][959]LogModuleManager: Shutting down and abandoning module AutomationUtils (410)
[2020.10.25-23.30.56:313][959]LogModuleManager: Shutting down and abandoning module AlembicImporter (408)
[2020.10.25-23.30.56:313][959]LogModuleManager: Shutting down and abandoning module AlembicLibrary (407)
[2020.10.25-23.30.56:313][959]LogModuleManager: Shutting down and abandoning module GeometryCache (406)
[2020.10.25-23.30.56:313][959]LogModuleManager: Shutting down and abandoning module GeometryCacheEd (405)
[2020.10.25-23.30.56:313][959]LogModuleManager: Shutting down and abandoning module VariantManagerContentEditor (400)
[2020.10.25-23.30.56:313][959]LogModuleManager: Shutting down and abandoning module DatasmithContentEditor (398)
[2020.10.25-23.30.56:313][959]LogModuleManager: Shutting down and abandoning module SpeedTreeImporter (396)
[2020.10.25-23.30.56:313][959]LogModuleManager: Shutting down and abandoning module PluginBrowser (394)
[2020.10.25-23.30.56:313][959]LogModuleManager: Shutting down and abandoning module MobileLauncherProfileWizard (392)
[2020.10.25-23.30.56:313][959]LogModuleManager: Shutting down and abandoning module MaterialAnalyzer (390)
[2020.10.25-23.30.56:313][959]LogModuleManager: Shutting down and abandoning module CurveEditorTools (388)
[2020.10.25-23.30.56:313][959]LogModuleManager: Shutting down and abandoning module CryptoKeysOpenSSL (386)
[2020.10.25-23.30.56:313][959]LogModuleManager: Shutting down and abandoning module CryptoKeys (384)
[2020.10.25-23.30.56:314][959]LogModuleManager: Shutting down and abandoning module VisualStudioSourceCodeAccess (382)
[2020.10.25-23.30.56:314][959]LogModuleManager: Shutting down and abandoning module VisualStudioCodeSourceCodeAccess (380)
[2020.10.25-23.30.56:314][959]LogModuleManager: Shutting down and abandoning module UObjectPlugin (378)
[2020.10.25-23.30.56:314][959]LogModuleManager: Shutting down and abandoning module SubversionSourceControl (376)
[2020.10.25-23.30.56:314][959]LogModuleManager: Shutting down and abandoning module PlasticSourceControl (374)
[2020.10.25-23.30.56:314][959]LogModuleManager: Shutting down and abandoning module PerforceSourceControl (372)
[2020.10.25-23.30.56:314][959]LogModuleManager: Shutting down and abandoning module GitSourceControl (370)
[2020.10.25-23.30.56:314][959]LogModuleManager: Shutting down and abandoning module SourceControl (369)
[2020.10.25-23.30.56:314][959]LogModuleManager: Shutting down and abandoning module CLionSourceCodeAccess (366)
[2020.10.25-23.30.56:314][959]LogModuleManager: Shutting down and abandoning module AnimationSharingEd (364)
[2020.10.25-23.30.56:314][959]LogModuleManager: Shutting down and abandoning module ActorLayerUtilitiesEditor (362)
[2020.10.25-23.30.56:314][959]LogModuleManager: Shutting down and abandoning module ActorLayerUtilities (360)
[2020.10.25-23.30.56:314][959]LogModuleManager: Shutting down and abandoning module LightPropagationVolumeEditor (358)
[2020.10.25-23.30.56:314][959]LogModuleManager: Shutting down and abandoning module PaperTiledImporter (356)
[2020.10.25-23.30.56:314][959]LogModuleManager: Shutting down and abandoning module PaperSpriteSheetImporter (354)
[2020.10.25-23.30.56:314][959]LogModuleManager: Shutting down and abandoning module Paper2DEditor (352)
[2020.10.25-23.30.56:314][959]LogModuleManager: Shutting down and abandoning module SignificanceManager (350)
[2020.10.25-23.30.56:314][959]LogModuleManager: Shutting down and abandoning module RuntimePhysXCooking (348)
[2020.10.25-23.30.56:314][959]LogModuleManager: Shutting down and abandoning module PhysXVehiclesEditor (346)
[2020.10.25-23.30.56:314][959]LogModuleManager: Shutting down and abandoning module LocationServicesBPLibrary (342)
[2020.10.25-23.30.56:314][959]LogModuleManager: Shutting down and abandoning module ActorSequence (340)
[2020.10.25-23.30.56:314][959]LogModuleManager: Shutting down and abandoning module UdpMessaging (338)
[2020.10.25-23.30.56:416][959]LogModuleManager: Shutting down and abandoning module TcpMessaging (336)
[2020.10.25-23.30.56:516][959]LogModuleManager: Shutting down and abandoning module BlueprintJson (334)
[2020.10.25-23.30.56:516][959]LogModuleManager: Shutting down and abandoning module MagicLeapPrivileges (332)
[2020.10.25-23.30.56:516][959]LogModuleManager: Shutting down and abandoning module MagicLeapPlanes (330)
[2020.10.25-23.30.56:516][959]LogMagicLeapPlanes: Planes tracker already destroyed.
[2020.10.25-23.30.56:516][959]LogModuleManager: Shutting down and abandoning module MagicLeapIdentity (328)
[2020.10.25-23.30.56:516][959]LogModuleManager: Shutting down and abandoning module MagicLeapSecureStorage (326)
[2020.10.25-23.30.56:516][959]LogModuleManager: Shutting down and abandoning module MagicLeapImageTracker (324)
[2020.10.25-23.30.56:516][959]LogModuleManager: Shutting down and abandoning module MagicLeapHandTracking (322)
[2020.10.25-23.30.56:516][959]LogModuleManager: Shutting down and abandoning module MagicLeapHandMeshing (320)
[2020.10.25-23.30.56:516][959]LogModuleManager: Shutting down and abandoning module MagicLeapEyeTracker (318)
[2020.10.25-23.30.56:516][959]LogModuleManager: Shutting down and abandoning module MagicLeapController (316)
[2020.10.25-23.30.56:536][959]LogSlate: Slate User Destroyed.  User Index 0, Is Virtual User: 0
[2020.10.25-23.30.56:536][959]LogModuleManager: Shutting down and abandoning module MagicLeapARPin (314)
[2020.10.25-23.30.56:536][959]LogModuleManager: Shutting down and abandoning module MagicLeapAR (312)
[2020.10.25-23.30.56:536][959]LogModuleManager: Shutting down and abandoning module AugmentedReality (311)
[2020.10.25-23.30.56:536][959]LogModuleManager: Shutting down and abandoning module NiagaraAnimNotifies (308)
[2020.10.25-23.30.56:536][959]LogModuleManager: Shutting down and abandoning module Niagara (306)
[2020.10.25-23.30.56:536][959]LogModuleManager: Shutting down and abandoning module NiagaraEditor (305)
[2020.10.25-23.30.56:537][959]LogModuleManager: Shutting down and abandoning module NiagaraCore (302)
[2020.10.25-23.30.56:537][959]LogModuleManager: Shutting down and abandoning module GameplayTagsEditor (300)
[2020.10.25-23.30.56:537][959]LogModuleManager: Shutting down and abandoning module FacialAnimationEditor (298)
[2020.10.25-23.30.56:537][959]LogModuleManager: Shutting down and abandoning module FacialAnimation (296)
[2020.10.25-23.30.56:537][959]LogModuleManager: Shutting down and abandoning module DataValidation (294)
[2020.10.25-23.30.56:537][959]LogModuleManager: Shutting down and abandoning module AssetManagerEditor (292)
[2020.10.25-23.30.56:537][959]LogModuleManager: Shutting down and abandoning module LevelEditor (291)
[2020.10.25-23.30.56:539][959]LogModuleManager: Shutting down and abandoning module PixelInspectorModule (290)
[2020.10.25-23.30.56:539][959]LogModuleManager: Shutting down and abandoning module CommonMenuExtensions (288)
[2020.10.25-23.30.56:539][959]LogModuleManager: Shutting down and abandoning module MainFrame (286)
[2020.10.25-23.30.56:539][959]LogModuleManager: Shutting down and abandoning module HotReload (285)
[2020.10.25-23.30.56:539][959]LogModuleManager: Shutting down and abandoning module ContentBrowser (281)
[2020.10.25-23.30.56:541][959]LogModuleManager: Shutting down and abandoning module TreeMap (279)
[2020.10.25-23.30.56:541][959]LogModuleManager: Shutting down and abandoning module AnimationSharing (276)
[2020.10.25-23.30.56:541][959]LogModuleManager: Shutting down and abandoning module LightPropagationVolumeRuntime (274)
[2020.10.25-23.30.56:541][959]LogModuleManager: Shutting down and abandoning module Paper2D (272)
[2020.10.25-23.30.56:541][959]LogModuleManager: Shutting down and abandoning module WindowsMoviePlayer (270)
[2020.10.25-23.30.56:544][959]LogModuleManager: Shutting down and abandoning module WebMMoviePlayer (268)
[2020.10.25-23.30.56:544][959]LogModuleManager: Shutting down and abandoning module NetworkReplayStreaming (266)
[2020.10.25-23.30.56:545][959]LogModuleManager: Shutting down and abandoning module PacketHandler (264)
[2020.10.25-23.30.56:545][959]LogModuleManager: Shutting down and abandoning module ClothingSystemEditor (262)
[2020.10.25-23.30.56:545][959]LogModuleManager: Shutting down and abandoning module ClothingSystemRuntimeNv (260)
[2020.10.25-23.30.56:545][959]LogModuleManager: Shutting down and abandoning module MediaAssets (258)
[2020.10.25-23.30.56:545][959]LogModuleManager: Shutting down and abandoning module Overlay (256)
[2020.10.25-23.30.56:545][959]LogModuleManager: Shutting down and abandoning module OverlayEditor (255)
[2020.10.25-23.30.56:545][959]LogModuleManager: Shutting down and abandoning module VREditor (252)
[2020.10.25-23.30.56:545][959]LogModuleManager: Shutting down and abandoning module StringTableEditor (250)
[2020.10.25-23.30.56:545][959]LogModuleManager: Shutting down and abandoning module GameplayTasksEditor (248)
[2020.10.25-23.30.56:545][959]LogModuleManager: Shutting down and abandoning module BehaviorTreeEditor (246)
[2020.10.25-23.30.56:545][959]LogModuleManager: Shutting down and abandoning module FunctionalTesting (244)
[2020.10.25-23.30.56:545][959]LogModuleManager: Shutting down and abandoning module CollisionAnalyzer (242)
[2020.10.25-23.30.56:545][959]LogModuleManager: Shutting down and abandoning module WorkspaceMenuStructure (241)
[2020.10.25-23.30.56:545][959]LogModuleManager: Shutting down and abandoning module UMG (238)
[2020.10.25-23.30.56:545][959]LogModuleManager: Shutting down and abandoning module UMGEditor (237)
[2020.10.25-23.30.56:545][959]LogModuleManager: Shutting down and abandoning module MessageLog (235)
[2020.10.25-23.30.56:545][959]LogModuleManager: Shutting down and abandoning module SlateReflector (230)
[2020.10.25-23.30.56:545][959]LogModuleManager: Shutting down and abandoning module Slate (228)
[2020.10.25-23.30.56:545][959]LogModuleManager: Shutting down and abandoning module SlateCore (226)
[2020.10.25-23.30.56:546][959]LogModuleManager: Shutting down and abandoning module LandscapeEditorUtilities (224)
[2020.10.25-23.30.56:546][959]LogModuleManager: Shutting down and abandoning module UnrealEd (222)
[2020.10.25-23.30.56:546][959]LogModuleManager: Shutting down and abandoning module MRMesh (220)
[2020.10.25-23.30.56:546][959]LogModuleManager: Shutting down and abandoning module SourceCodeAccess (218)
[2020.10.25-23.30.56:546][959]LogModuleManager: Shutting down and abandoning module HeadMountedDisplay (216)
[2020.10.25-23.30.56:546][959]LogModuleManager: Shutting down and abandoning module XAudio2 (214)
[2020.10.25-23.30.56:546][959]LogModuleManager: Shutting down and abandoning module Networking (212)
[2020.10.25-23.30.56:546][959]LogModuleManager: Shutting down and abandoning module Core (210)
[2020.10.25-23.30.56:546][959]LogModuleManager: Shutting down and abandoning module MovieSceneTools (208)
[2020.10.25-23.30.56:546][959]LogModuleManager: Shutting down and abandoning module CurveEditor (207)
[2020.10.25-23.30.56:546][959]LogModuleManager: Shutting down and abandoning module Sequencer (205)
[2020.10.25-23.30.56:546][959]LogModuleManager: Shutting down and abandoning module EditorStyle (204)
[2020.10.25-23.30.56:547][959]LogModuleManager: Shutting down and abandoning module KismetCompiler (200)
[2020.10.25-23.30.56:547][959]LogModuleManager: Shutting down and abandoning module MeshUtilities (198)
[2020.10.25-23.30.56:547][959]LogModuleManager: Shutting down and abandoning module MeshMergeUtilities (197)
[2020.10.25-23.30.56:547][959]LogModuleManager: Shutting down and abandoning module MeshReductionInterface (196)
[2020.10.25-23.30.56:547][959]LogModuleManager: Shutting down and abandoning module MeshBoneReduction (195)
[2020.10.25-23.30.56:547][959]LogModuleManager: Shutting down and abandoning module SkeletalMeshReduction (193)
[2020.10.25-23.30.56:547][959]LogModuleManager: Shutting down and abandoning module ProxyLODMeshReduction (191)
[2020.10.25-23.30.56:547][959]LogModuleManager: Shutting down and abandoning module QuadricMeshReduction (189)
[2020.10.25-23.30.56:547][959]LogModuleManager: Shutting down and abandoning module MaterialBaking (185)
[2020.10.25-23.30.56:547][959]LogModuleManager: Shutting down and abandoning module NullInstallBundleManager (180)
[2020.10.25-23.30.56:547][959]LogModuleManager: Shutting down and abandoning module DerivedDataCache (178)
[2020.10.25-23.30.56:547][959]LogDerivedDataCache: Shutdown
[2020.10.25-23.30.56:547][959]LogModuleManager: Shutting down and abandoning module XGEController (176)
[2020.10.25-23.30.56:547][959]LogModuleManager: Shutting down and abandoning module TargetPlatform (174)
[2020.10.25-23.30.56:547][959]LogModuleManager: Shutting down and abandoning module VulkanShaderFormat (173)
[2020.10.25-23.30.56:547][959]LogModuleManager: Shutting down and abandoning module ShaderFormatVectorVM (171)
[2020.10.25-23.30.56:548][959]LogModuleManager: Shutting down and abandoning module ShaderFormatOpenGL (169)
[2020.10.25-23.30.56:548][959]LogModuleManager: Shutting down and abandoning module ShaderFormatD3D (167)
[2020.10.25-23.30.56:548][959]LogModuleManager: Shutting down and abandoning module MetalShaderFormat (165)
[2020.10.25-23.30.56:548][959]LogModuleManager: Shutting down and abandoning module TextureFormatUncompressed (163)
[2020.10.25-23.30.56:548][959]LogModuleManager: Shutting down and abandoning module TextureFormatPVR (161)
[2020.10.25-23.30.56:548][959]LogModuleManager: Shutting down and abandoning module TextureFormatDXT (159)
[2020.10.25-23.30.56:548][959]LogModuleManager: Shutting down and abandoning module TextureFormatIntelISPCTexComp (157)
[2020.10.25-23.30.56:548][959]LogModuleManager: Shutting down and abandoning module TextureFormatASTC (155)
[2020.10.25-23.30.56:548][959]LogModuleManager: Shutting down and abandoning module ImageWrapper (154)
[2020.10.25-23.30.56:548][959]LogModuleManager: Shutting down and abandoning module TextureFormatAndroid (151)
[2020.10.25-23.30.56:548][959]LogModuleManager: Shutting down and abandoning module AudioFormatOpus (149)
[2020.10.25-23.30.56:548][959]LogModuleManager: Shutting down and abandoning module AudioFormatOgg (147)
[2020.10.25-23.30.56:548][959]LogModuleManager: Shutting down and abandoning module AudioFormatADPCM (145)
[2020.10.25-23.30.56:548][959]LogModuleManager: Shutting down and abandoning module WindowsServerTargetPlatform (143)
[2020.10.25-23.30.56:548][959]LogModuleManager: Shutting down and abandoning module WindowsClientTargetPlatform (141)
[2020.10.25-23.30.56:548][959]LogModuleManager: Shutting down and abandoning module WindowsTargetPlatform (139)
[2020.10.25-23.30.56:548][959]LogModuleManager: Shutting down and abandoning module WindowsNoEditorTargetPlatform (137)
[2020.10.25-23.30.56:548][959]LogModuleManager: Shutting down and abandoning module TVOSTargetPlatform (135)
[2020.10.25-23.30.56:549][959]LogModuleManager: Shutting down and abandoning module LuminTargetPlatform (133)
[2020.10.25-23.30.56:550][959]LogModuleManager: Shutting down and abandoning module LinuxAArch64ServerTargetPlatform (131)
[2020.10.25-23.30.56:550][959]LogModuleManager: Shutting down and abandoning module LinuxAArch64ClientTargetPlatform (129)
[2020.10.25-23.30.56:550][959]LogModuleManager: Shutting down and abandoning module LinuxAArch64NoEditorTargetPlatform (127)
[2020.10.25-23.30.56:550][959]LogModuleManager: Shutting down and abandoning module LinuxServerTargetPlatform (125)
[2020.10.25-23.30.56:550][959]LogModuleManager: Shutting down and abandoning module LinuxClientTargetPlatform (123)
[2020.10.25-23.30.56:550][959]LogModuleManager: Shutting down and abandoning module LinuxNoEditorTargetPlatform (121)
[2020.10.25-23.30.56:550][959]LogModuleManager: Shutting down and abandoning module Messaging (119)
[2020.10.25-23.30.56:550][959]LogModuleManager: Shutting down and abandoning module IOSTargetPlatform (117)
[2020.10.25-23.30.56:551][959]LogModuleManager: Shutting down and abandoning module AndroidTargetPlatform (115)
[2020.10.25-23.30.56:557][959]LogModuleManager: Shutting down and abandoning module AllDesktopTargetPlatform (113)
[2020.10.25-23.30.56:557][959]LogModuleManager: Shutting down and abandoning module InputCore (110)
[2020.10.25-23.30.56:557][959]LogModuleManager: Shutting down and abandoning module Settings (108)
[2020.10.25-23.30.56:557][959]LogModuleManager: Shutting down and abandoning module DirectoryWatcher (106)
[2020.10.25-23.30.56:558][959]LogModuleManager: Shutting down and abandoning module PhysXCooking (104)
[2020.10.25-23.30.56:558][959]LogModuleManager: Shutting down and abandoning module ChaosSolvers (102)
[2020.10.25-23.30.56:558][959]LogModuleManager: Shutting down and abandoning module FieldSystemEngine (101)
[2020.10.25-23.30.56:558][959]LogModuleManager: Shutting down and abandoning module Chaos (98)
[2020.10.25-23.30.56:558][959]LogModuleManager: Shutting down and abandoning module WindowsPlatformFeatures (96)
[2020.10.25-23.30.56:558][959]LogModuleManager: Shutting down and abandoning module GameplayMediaEncoder (95)
[2020.10.25-23.30.56:558][959]LogModuleManager: Shutting down and abandoning module SteamVRInputDevice (92)
[2020.10.25-23.30.56:558][959]LogModuleManager: Shutting down and abandoning module SteamVRInput (90)
[2020.10.25-23.30.56:559][959]LogModuleManager: Shutting down and abandoning module SteamVR (88)
[2020.10.25-23.30.56:559][959]LogHMD: Freeing OpenVRDLLHandle.
[2020.10.25-23.30.56:559][959]LogModuleManager: Shutting down and abandoning module OculusHMD (86)
[2020.10.25-23.30.56:559][959]LogModuleManager: Shutting down and abandoning module ExampleDeviceProfileSelector (84)
[2020.10.25-23.30.56:559][959]LogModuleManager: Shutting down and abandoning module LauncherChunkInstaller (82)
[2020.10.25-23.30.56:559][959]LogModuleManager: Shutting down and abandoning module OnlineBlueprintSupport (80)
[2020.10.25-23.30.56:559][959]LogModuleManager: Shutting down and abandoning module OnlineSubsystem (76)
[2020.10.25-23.30.56:561][959]LogModuleManager: Shutting down and abandoning module XMPP (71)
[2020.10.25-23.30.56:561][959]LogModuleManager: Shutting down and abandoning module WebSockets (70)
[2020.10.25-23.30.56:588][959]LogModuleManager: Shutting down and abandoning module HTTP (67)
[2020.10.25-23.30.56:588][959]LogHttp: Display: Http module shutting down, but needs to wait on 1 outstanding Http requests:
[2020.10.25-23.30.56:588][959]LogHttp: Display: 	verb=[POST] url=[https://datarouter.ol.epicgames.com/datarouter/api/v1/public/data?SessionID=%7BFD791C81-44C8-849B-A8B1-299CE4567DDE%7D&AppID=UEEditor.Rocket.Release&AppVersion=4.24.3-11590370%2B%2B%2BUE4%2BRelease-4.24&UserID=c0996ac74db2db2a3cd008a1e4068677%7Cce4013bc54634e2f98df38d6ecc95cbf%7C1d16e0e6-e065-4948-a1ea-c35f005e2fb1&AppEnvironment=datacollector-binary&UploadType=eteventstream] refs=[1] status=Processing
[2020.10.25-23.30.56:600][959]LogModuleManager: Shutting down and abandoning module SSL (66)
[2020.10.25-23.30.56:601][959]LogModuleManager: Shutting down and abandoning module WmfMedia (62)
[2020.10.25-23.30.56:604][959]LogModuleManager: Shutting down and abandoning module Media (61)
[2020.10.25-23.30.56:605][959]LogModuleManager: Shutting down and abandoning module MagicLeap (58)
[2020.10.25-23.30.56:605][959]LogModuleManager: Shutting down and abandoning module NiagaraVertexFactories (56)
[2020.10.25-23.30.56:605][959]LogModuleManager: Shutting down and abandoning module NiagaraShader (54)
[2020.10.25-23.30.56:608][959]LogModuleManager: Shutting down and abandoning module VariantManagerContent (52)
[2020.10.25-23.30.56:608][959]LogModuleManager: Shutting down and abandoning module DatasmithContent (50)
[2020.10.25-23.30.56:610][959]LogModuleManager: Shutting down and abandoning module AISupportModule (48)
[2020.10.25-23.30.56:610][959]LogModuleManager: Shutting down and abandoning module DesktopPlatform (46)
[2020.10.25-23.30.56:610][959]LogModuleManager: Shutting down and abandoning module PlatformCryptoOpenSSL (44)
[2020.10.25-23.30.56:611][959]LogModuleManager: Shutting down and abandoning module PlatformCryptoTypes (42)
[2020.10.25-23.30.56:611][959]LogModuleManager: Shutting down and abandoning module PlatformCrypto (40)
[2020.10.25-23.30.56:611][959]LogModuleManager: Shutting down and abandoning module AnimationModifiers (38)
[2020.10.25-23.30.56:611][959]LogModuleManager: Shutting down and abandoning module PropertyEditor (37)
[2020.10.25-23.30.56:611][959]LogModuleManager: Shutting down and abandoning module AudioEditor (34)
[2020.10.25-23.30.56:611][959]LogModuleManager: Shutting down and abandoning module TextureCompressor (32)
[2020.10.25-23.30.56:611][959]LogModuleManager: Shutting down and abandoning module RenderCore (30)
[2020.10.25-23.30.56:611][959]LogModuleManager: Shutting down and abandoning module Landscape (28)
[2020.10.25-23.30.56:612][959]LogModuleManager: Shutting down and abandoning module SlateRHIRenderer (26)
[2020.10.25-23.30.56:614][959]LogModuleManager: Shutting down and abandoning module OpenGLDrv (24)
[2020.10.25-23.30.56:614][959]LogModuleManager: Shutting down and abandoning module D3D11RHI (22)
[2020.10.25-23.30.56:614][959]LogModuleManager: Shutting down and abandoning module AnimGraphRuntime (20)
[2020.10.25-23.30.56:614][959]LogModuleManager: Shutting down and abandoning module Renderer (18)
[2020.10.25-23.30.56:614][959]LogModuleManager: Shutting down and abandoning module Engine (16)
[2020.10.25-23.30.56:614][959]LogModuleManager: Shutting down and abandoning module CoreUObject (14)
[2020.10.25-23.30.56:614][959]LogModuleManager: Shutting down and abandoning module NetworkFile (12)
[2020.10.25-23.30.56:614][959]LogModuleManager: Shutting down and abandoning module CookedIterativeFile (10)
[2020.10.25-23.30.56:614][959]LogModuleManager: Shutting down and abandoning module StreamingFile (8)
[2020.10.25-23.30.56:614][959]LogModuleManager: Shutting down and abandoning module SandboxFile (6)
[2020.10.25-23.30.56:615][959]LogModuleManager: Shutting down and abandoning module PakFile (4)
[2020.10.25-23.30.56:615][959]LogModuleManager: Shutting down and abandoning module RSA (3)
[2020.10.25-23.30.56:616][959]LogD3D11RHI: Shutdown
[2020.10.25-23.30.56:616][959]LogD3D11RHI: CleanupD3DDevice
[2020.10.25-23.30.56:630][959]LogExit: Exiting.
[2020.10.25-23.30.56:712][959]Log file closed, 10/26/20 01:30:56
